Log file open, 01/24/19 20:46:50
LogWindows: Failed to load 'aqProf.dll' (GetLastError=126)
LogWindows: File 'aqProf.dll' does not exist
LogWindows: Failed to load 'VtuneApi.dll' (GetLastError=126)
LogWindows: File 'VtuneApi.dll' does not exist
LogWindows: Failed to load 'VtuneApi32e.dll' (GetLastError=126)
LogWindows: File 'VtuneApi32e.dll' does not exist
LogConsoleResponse: Display: Failed to find resolution value strings in scalability ini. Falling back to default.
LogInit: Display: Running engine for game: HunterMage
LogPakFile: Registered encryption key '00000000000000000000000000000000': 0 pak files mounted, 0 remain pending
LogPlatformFile: Not using cached read wrapper
LogTaskGraph: Started task graph with 5 named threads and 71 total threads with 3 sets of task threads.
LogStats: Stats thread started at 0.825791
LogD3D11RHI: Loaded GFSDK_Aftermath_Lib.x64.dll
LogICUInternationalization: ICU TimeZone Detection - Raw Offset: -5:00, Platform Override: ''
LogPluginManager: Mounting plugin Paper2D
LogPluginManager: Mounting plugin AISupport
LogPluginManager: Mounting plugin LightPropagationVolume
LogPluginManager: Mounting plugin ActorLayerUtilities
LogPluginManager: Mounting plugin CLionSourceCodeAccess
LogPluginManager: Mounting plugin CodeLiteSourceCodeAccess
LogPluginManager: Mounting plugin GitSourceControl
LogPluginManager: Mounting plugin KDevelopSourceCodeAccess
LogPluginManager: Mounting plugin NullSourceCodeAccess
LogPluginManager: Mounting plugin PerforceSourceControl
LogPluginManager: Mounting plugin SubversionSourceControl
LogPluginManager: Mounting plugin UObjectPlugin
LogPluginManager: Mounting plugin VisualStudioCodeSourceCodeAccess
LogPluginManager: Mounting plugin VisualStudioSourceCodeAccess
LogPluginManager: Mounting plugin XCodeSourceCodeAccess
LogPluginManager: Mounting plugin AssetManagerEditor
LogPluginManager: Mounting plugin CryptoKeys
LogPluginManager: Mounting plugin DataValidation
LogPluginManager: Mounting plugin FacialAnimation
LogPluginManager: Mounting plugin GameplayTagsEditor
LogPluginManager: Mounting plugin MacGraphicsSwitching
LogPluginManager: Mounting plugin MeshEditor
LogPluginManager: Mounting plugin MobileLauncherProfileWizard
LogPluginManager: Mounting plugin PluginBrowser
LogPluginManager: Mounting plugin SpeedTreeImporter
LogPluginManager: Mounting plugin DatasmithContent
LogPluginManager: Mounting plugin VariantManagerContent
LogPluginManager: Mounting plugin AlembicImporter
LogPluginManager: Mounting plugin AppleImageUtils
LogPluginManager: Mounting plugin AppleVision
LogPluginManager: Mounting plugin BackChannel
LogPluginManager: Mounting plugin CharacterAI
LogPluginManager: Mounting plugin GeometryCache
LogPluginManager: Mounting plugin HTML5Networking
LogPluginManager: Mounting plugin ProxyLODPlugin
LogPluginManager: Mounting plugin MagicLeap
LogPluginManager: Mounting plugin MagicLeapMedia
LogPluginManager: Mounting plugin AndroidMedia
LogPluginManager: Mounting plugin AvfMedia
LogPluginManager: Mounting plugin ImgMedia
LogPluginManager: Mounting plugin LinearTimecode
LogPluginManager: Mounting plugin MediaCompositing
LogPluginManager: Mounting plugin MediaPlayerEditor
LogPluginManager: Mounting plugin WebMMedia
LogPluginManager: Mounting plugin WmfMedia
LogPluginManager: Mounting plugin TcpMessaging
LogPluginManager: Mounting plugin UdpMessaging
LogPluginManager: Mounting plugin ActorSequence
LogPluginManager: Mounting plugin LevelSequenceEditor
LogPluginManager: Mounting plugin MatineeToLevelSequence
LogPluginManager: Mounting plugin NetcodeUnitTest
LogPluginManager: Mounting plugin NUTUnrealEngine4
LogPluginManager: Mounting plugin OnlineSubsystemGooglePlay
LogPluginManager: Mounting plugin OnlineSubsystemIOS
LogPluginManager: Mounting plugin OnlineSubsystem
LogPluginManager: Mounting plugin OnlineSubsystemNull
LogPluginManager: Mounting plugin OnlineSubsystemUtils
LogPluginManager: Mounting plugin LauncherChunkInstaller
LogPluginManager: Mounting plugin AndroidDeviceProfileSelector
LogPluginManager: Mounting plugin AndroidMoviePlayer
LogPluginManager: Mounting plugin AndroidPermission
LogPluginManager: Mounting plugin AppleMoviePlayer
LogPluginManager: Mounting plugin ArchVisCharacter
LogPluginManager: Mounting plugin AudioCapture
LogPluginManager: Mounting plugin CableComponent
LogPluginManager: Mounting plugin CustomMeshComponent
LogPluginManager: Mounting plugin EditableMesh
LogPluginManager: Mounting plugin ExampleDeviceProfileSelector
LogPluginManager: Mounting plugin Firebase
LogPluginManager: Mounting plugin GoogleCloudMessaging
LogPluginManager: Mounting plugin IOSDeviceProfileSelector
LogPluginManager: Mounting plugin LinuxDeviceProfileSelector
LogPluginManager: Mounting plugin LocationServicesBPLibrary
LogPluginManager: Mounting plugin MobilePatchingUtils
LogPluginManager: Mounting plugin OculusVR
LogPluginManager: Mounting plugin PhysXVehicles
LogPluginManager: Mounting plugin ProceduralMeshComponent
LogPluginManager: Mounting plugin RuntimePhysXCooking
LogPluginManager: Mounting plugin SteamVR
LogPluginManager: Mounting plugin WebMMoviePlayer
LogPluginManager: Mounting plugin WindowsMoviePlayer
LogStreaming: Display: Took  0.115s to configure plugins.
LogInit: Warning: Incompatible or missing module: HunterMage
Running C:/Program Files/Epic Games/UE_4.21/Engine/Binaries/DotNET/UnrealBuildTool.exe Development Win64 -Project="C:/Users/Graphic/Documents/Hunter-Mage/source/HunterMage/HunterMage.uproject" -TargetType=Editor -Progress -NoHotReloadFromIDE
Creating makefile for HunterMageEditor (no existing makefile)
Using Visual Studio 2017 14.16.27023 toolchain (C:\Program Files (x86)\Microsoft Visual Studio\2017\Enterprise\VC\Tools\MSVC\14.16.27023) and Windows 10.0.17763.0 SDK (C:\Program Files (x86)\Windows Kits\10).
@progress push 5%
@progress pop
Building 8 actions with 24 processes...
  @progress 'Compiling C++ source code...' 0%
  @progress 'Compiling C++ source code...' 12%
  [1/8] PCLaunch.rc
  @progress 'Compiling C++ source code...' 25%
  [2/8] SharedPCH.Engine.cpp
  @progress 'Compiling C++ source code...' 38%
  [3/8] HunterMage.cpp
  @progress 'Compiling C++ source code...' 50%
  [4/8] MyActorComponent.cpp
  @progress 'Compiling C++ source code...' 62%
  [5/8] HunterMage.init.gen.cpp
  @progress 'Compiling C++ source code...' 75%
  [6/8] MyActorComponent.gen.cpp
  @progress 'Compiling C++ source code...' 88%
  [7/8] UE4Editor-HunterMage.lib
     Creating library C:\Users\Graphic\Documents\Hunter-Mage\source\HunterMage\Intermediate\Build\Win64\UE4Editor\Development\HunterMage\UE4Editor-HunterMage.lib and object C:\Users\Graphic\Documents\Hunter-Mage\source\HunterMage\Intermediate\Build\Win64\UE4Editor\Development\HunterMage\UE4Editor-HunterMage.exp
  @progress 'Compiling C++ source code...' 100%
  [8/8] UE4Editor-HunterMage.dll
     Creating library C:\Users\Graphic\Documents\Hunter-Mage\source\HunterMage\Intermediate\Build\Win64\UE4Editor\Development\HunterMage\UE4Editor-HunterMage.suppressed.lib and object C:\Users\Graphic\Documents\Hunter-Mage\source\HunterMage\Intermediate\Build\Win64\UE4Editor\Development\HunterMage\UE4Editor-HunterMage.suppressed.exp
Total build time: 37.20 seconds (Parallel executor: 31.87 seconds)
LogInit: Using libcurl 7.55.1-DEV
LogInit:  - built for x86_64-pc-win32
LogInit:  - supports SSL with OpenSSL/1.0.2h
LogInit:  - supports HTTP deflate (compression) using libz 1.2.8
LogInit:  - other features:
LogInit:      CURL_VERSION_SSL
LogInit:      CURL_VERSION_LIBZ
LogInit:      CURL_VERSION_IPV6
LogInit:      CURL_VERSION_ASYNCHDNS
LogInit:      CURL_VERSION_LARGEFILE
LogInit:      CURL_VERSION_IDN
LogInit:  CurlRequestOptions (configurable via config and command line):
LogInit:  - bVerifyPeer = true  - Libcurl will verify peer certificate
LogInit:  - bUseHttpProxy = false  - Libcurl will NOT use HTTP proxy
LogInit:  - bDontReuseConnections = false  - Libcurl will reuse connections
LogInit:  - MaxHostConnections = 16  - Libcurl will limit the number of connections to a host
LogInit:  - LocalHostAddr = Default
LogInit:  - BufferSize = 65536
LogInit: WinSock: version 1.1 (2.2), MaxSocks=32767, MaxUdp=65467
LogInit: Build: ++UE4+Release-4.21-CL-4753647
LogInit: Engine Version: 4.21.2-4753647+++UE4+Release-4.21
LogInit: Compatible Engine Version: 4.21.0-4541578+++UE4+Release-4.21
LogInit: Net CL: 4541578
LogInit: OS: Windows 10 (), CPU:       Intel(R) Xeon(R) CPU E5-2697 v2 @ 2.70GHz, GPU: AMD FirePro D700 (FireGL V)
LogInit: Compiled (64-bit): Jan 19 2019 02:07:31
LogInit: Compiled with Visual C++: 19.13.26129.00
LogInit: Build Configuration: Development
LogInit: Branch Name: ++UE4+Release-4.21
LogInit: Command Line: 
LogInit: Base Directory: C:/Program Files/Epic Games/UE_4.21/Engine/Binaries/Win64/
LogInit: Installed Engine Build: 1
LogDevObjectVersion: Number of dev versions registered: 22
LogDevObjectVersion:   Dev-Blueprints (B0D832E4-1F89-4F0D-ACCF-7EB736FD4AA2): 10
LogDevObjectVersion:   Dev-Build (E1C64328-A22C-4D53-A36C-8E866417BD8C): 0
LogDevObjectVersion:   Dev-Core (375EC13C-06E4-48FB-B500-84F0262A717E): 2
LogDevObjectVersion:   Dev-Editor (E4B068ED-F494-42E9-A231-DA0B2E46BB41): 26
LogDevObjectVersion:   Dev-Framework (CFFC743F-43B0-4480-9391-14DF171D2073): 34
LogDevObjectVersion:   Dev-Mobile (B02B49B5-BB20-44E9-A304-32B752E40360): 2
LogDevObjectVersion:   Dev-Networking (A4E4105C-59A1-49B5-A7C5-40C4547EDFEE): 0
LogDevObjectVersion:   Dev-Online (39C831C9-5AE6-47DC-9A44-9C173E1C8E7C): 0
LogDevObjectVersion:   Dev-Physics (78F01B33-EBEA-4F98-B9B4-84EACCB95AA2): 0
LogDevObjectVersion:   Dev-Platform (6631380F-2D4D-43E0-8009-CF276956A95A): 0
LogDevObjectVersion:   Dev-Rendering (12F88B9F-8875-4AFC-A67C-D90C383ABD29): 27
LogDevObjectVersion:   Dev-Sequencer (7B5AE74C-D270-4C10-A958-57980B212A5A): 9
LogDevObjectVersion:   Dev-VR (D7296918-1DD6-4BDD-9DE2-64A83CC13884): 2
LogDevObjectVersion:   Dev-LoadTimes (C2A15278-BFE7-4AFE-6C17-90FF531DF755): 1
LogDevObjectVersion:   Private-Geometry (6EACA3D4-40EC-4CC1-B786-8BED09428FC5): 3
LogDevObjectVersion:   Dev-AnimPhys (29E575DD-E0A3-4627-9D10-D276232CDCEA): 17
LogDevObjectVersion:   Dev-Anim (AF43A65D-7FD3-4947-9873-3E8ED9C1BB05): 2
LogDevObjectVersion:   Dev-ReflectionCapture (6B266CEC-1EC7-4B8F-A30B-E4D90942FC07): 1
LogDevObjectVersion:   Dev-Automation (0DF73D61-A23F-47EA-B727-89E90C41499A): 1
LogDevObjectVersion:   FortniteMain (601D1886-AC64-4F84-AA16-D3DE0DEAC7D6): 17
LogDevObjectVersion:   Dev-Enterprise (9DFFBCD6-494F-0158-E221-12823C92A888): 4
LogDevObjectVersion:   Dev-Niagara (F2AED0AC-9AFE-416F-8664-AA7FFA26D6FC): 1
LogStreaming: Display: Took  0.004s to delete old logs.
LogInit: Presizing for max 8388607 objects, including 0 objects not considered by GC, pre-allocating 0 bytes for permanent pool.
LogInit: Object subsystem initialized
LogConfig: Setting CVar [[con.DebugEarlyDefault:1]]
LogConfig: Setting CVar [[r.setres:1280x720]]
[2019.01.25-01.47.30:243][  0]LogConfig: Setting CVar [[r.VSync:0]]
[2019.01.25-01.47.30:243][  0]LogConfig: Setting CVar [[r.RHICmdBypass:0]]
[2019.01.25-01.47.30:243][  0]LogConfig: Applying CVar settings from Section [/Script/Engine.RendererSettings] File [C:/Users/Graphic/Documents/Hunter-Mage/source/HunterMage/Saved/Config/Windows/Engine.ini]
[2019.01.25-01.47.30:243][  0]LogConfig: Setting CVar [[r.GPUCrashDebugging:0]]
[2019.01.25-01.47.30:243][  0]LogConfig: Applying CVar settings from Section [/Script/Engine.RendererOverrideSettings] File [C:/Users/Graphic/Documents/Hunter-Mage/source/HunterMage/Saved/Config/Windows/Engine.ini]
[2019.01.25-01.47.30:243][  0]LogConfig: Applying CVar settings from Section [/Script/Engine.StreamingSettings] File [C:/Users/Graphic/Documents/Hunter-Mage/source/HunterMage/Saved/Config/Windows/Engine.ini]
[2019.01.25-01.47.30:243][  0]LogConfig: Setting CVar [[s.MinBulkDataSizeForAsyncLoading:131072]]
[2019.01.25-01.47.30:243][  0]LogConfig: Setting CVar [[s.AsyncLoadingThreadEnabled:0]]
[2019.01.25-01.47.30:243][  0]LogConfig: Setting CVar [[s.EventDrivenLoaderEnabled:1]]
[2019.01.25-01.47.30:243][  0]LogConfig: Setting CVar [[s.WarnIfTimeLimitExceeded:0]]
[2019.01.25-01.47.30:243][  0]LogConfig: Setting CVar [[s.TimeLimitExceededMultiplier:1.5]]
[2019.01.25-01.47.30:243][  0]LogConfig: Setting CVar [[s.TimeLimitExceededMinTime:0.005]]
[2019.01.25-01.47.30:243][  0]LogConfig: Setting CVar [[s.UseBackgroundLevelStreaming:1]]
[2019.01.25-01.47.30:243][  0]LogConfig: Setting CVar [[s.PriorityAsyncLoadingExtraTime:15.0]]
[2019.01.25-01.47.30:244][  0]LogConfig: Setting CVar [[s.LevelStreamingActorsUpdateTimeLimit:5.0]]
[2019.01.25-01.47.30:244][  0]LogConfig: Setting CVar [[s.PriorityLevelStreamingActorsUpdateExtraTime:5.0]]
[2019.01.25-01.47.30:244][  0]LogConfig: Setting CVar [[s.LevelStreamingComponentsRegistrationGranularity:10]]
[2019.01.25-01.47.30:244][  0]LogConfig: Setting CVar [[s.UnregisterComponentsTimeLimit:1.0]]
[2019.01.25-01.47.30:244][  0]LogConfig: Setting CVar [[s.LevelStreamingComponentsUnregistrationGranularity:5]]
[2019.01.25-01.47.30:244][  0]LogConfig: Applying CVar settings from Section [/Script/Engine.GarbageCollectionSettings] File [C:/Users/Graphic/Documents/Hunter-Mage/source/HunterMage/Saved/Config/Windows/Engine.ini]
[2019.01.25-01.47.30:244][  0]LogConfig: Setting CVar [[gc.MaxObjectsNotConsideredByGC:1]]
[2019.01.25-01.47.30:244][  0]LogConfig: Setting CVar [[gc.SizeOfPermanentObjectPool:0]]
[2019.01.25-01.47.30:244][  0]LogConfig: Setting CVar [[gc.FlushStreamingOnGC:0]]
[2019.01.25-01.47.30:244][  0]LogConfig: Setting CVar [[gc.NumRetriesBeforeForcingGC:10]]
[2019.01.25-01.47.30:244][  0]LogConfig: Setting CVar [[gc.AllowParallelGC:1]]
[2019.01.25-01.47.30:244][  0]LogConfig: Setting CVar [[gc.TimeBetweenPurgingPendingKillObjects:61.1]]
[2019.01.25-01.47.30:244][  0]LogConfig: Setting CVar [[gc.MaxObjectsInEditor:8388607]]
[2019.01.25-01.47.30:244][  0]LogConfig: Setting CVar [[gc.IncrementalBeginDestroyEnabled:1]]
[2019.01.25-01.47.30:244][  0]LogConfig: Setting CVar [[gc.CreateGCClusters:1]]
[2019.01.25-01.47.30:244][  0]LogConfig: Setting CVar [[gc.MergeGCClusters:0]]
[2019.01.25-01.47.30:244][  0]LogConfig: Setting CVar [[gc.MinGCClusterSize:5]]
[2019.01.25-01.47.30:244][  0]LogConfig: Setting CVar [[gc.ActorClusteringEnabled:0]]
[2019.01.25-01.47.30:244][  0]LogConfig: Setting CVar [[gc.BlueprintClusteringEnabled:0]]
[2019.01.25-01.47.30:244][  0]LogConfig: Setting CVar [[gc.UseDisregardForGCOnDedicatedServers:0]]
[2019.01.25-01.47.30:244][  0]LogConfig: Applying CVar settings from Section [/Script/Engine.NetworkSettings] File [C:/Users/Graphic/Documents/Hunter-Mage/source/HunterMage/Saved/Config/Windows/Engine.ini]
[2019.01.25-01.47.30:244][  0]LogConfig: Applying CVar settings from Section [/Script/UnrealEd.CookerSettings] File [C:/Users/Graphic/Documents/Hunter-Mage/source/HunterMage/Saved/Config/Windows/Engine.ini]
[2019.01.25-01.47.30:253][  0]LogConfig: Applying CVar settings from Section [ViewDistanceQuality@3] File [C:/Users/Graphic/Documents/Hunter-Mage/source/HunterMage/Saved/Config/Windows/Scalability.ini]
[2019.01.25-01.47.30:253][  0]LogConfig: Setting CVar [[r.SkeletalMeshLODBias:0]]
[2019.01.25-01.47.30:253][  0]LogConfig: Setting CVar [[r.ViewDistanceScale:1.0]]
[2019.01.25-01.47.30:253][  0]LogConfig: Applying CVar settings from Section [AntiAliasingQuality@3] File [C:/Users/Graphic/Documents/Hunter-Mage/source/HunterMage/Saved/Config/Windows/Scalability.ini]
[2019.01.25-01.47.30:253][  0]LogConfig: Setting CVar [[r.PostProcessAAQuality:4]]
[2019.01.25-01.47.30:253][  0]LogConfig: Applying CVar settings from Section [ShadowQuality@3] File [C:/Users/Graphic/Documents/Hunter-Mage/source/HunterMage/Saved/Config/Windows/Scalability.ini]
[2019.01.25-01.47.30:253][  0]LogConfig: Setting CVar [[r.LightFunctionQuality:1]]
[2019.01.25-01.47.30:253][  0]LogConfig: Setting CVar [[r.ShadowQuality:5]]
[2019.01.25-01.47.30:253][  0]LogConfig: Setting CVar [[r.Shadow.CSM.MaxCascades:10]]
[2019.01.25-01.47.30:253][  0]LogConfig: Setting CVar [[r.Shadow.MaxResolution:2048]]
[2019.01.25-01.47.30:253][  0]LogConfig: Setting CVar [[r.Shadow.MaxCSMResolution:2048]]
[2019.01.25-01.47.30:253][  0]LogConfig: Setting CVar [[r.Shadow.RadiusThreshold:0.01]]
[2019.01.25-01.47.30:253][  0]LogConfig: Setting CVar [[r.Shadow.DistanceScale:1.0]]
[2019.01.25-01.47.30:253][  0]LogConfig: Setting CVar [[r.Shadow.CSM.TransitionScale:1.0]]
[2019.01.25-01.47.30:253][  0]LogConfig: Setting CVar [[r.Shadow.PreShadowResolutionFactor:1.0]]
[2019.01.25-01.47.30:253][  0]LogConfig: Setting CVar [[r.DistanceFieldShadowing:1]]
[2019.01.25-01.47.30:253][  0]LogConfig: Setting CVar [[r.DistanceFieldAO:1]]
[2019.01.25-01.47.30:253][  0]LogConfig: Setting CVar [[r.AOQuality:2]]
[2019.01.25-01.47.30:253][  0]LogConfig: Setting CVar [[r.VolumetricFog:1]]
[2019.01.25-01.47.30:253][  0]LogConfig: Setting CVar [[r.VolumetricFog.GridPixelSize:8]]
[2019.01.25-01.47.30:253][  0]LogConfig: Setting CVar [[r.VolumetricFog.GridSizeZ:128]]
[2019.01.25-01.47.30:253][  0]LogConfig: Setting CVar [[r.VolumetricFog.HistoryMissSupersampleCount:4]]
[2019.01.25-01.47.30:253][  0]LogConfig: Setting CVar [[r.LightMaxDrawDistanceScale:1]]
[2019.01.25-01.47.30:253][  0]LogConfig: Setting CVar [[r.CapsuleShadows:1]]
[2019.01.25-01.47.30:253][  0]LogConfig: Applying CVar settings from Section [PostProcessQuality@3] File [C:/Users/Graphic/Documents/Hunter-Mage/source/HunterMage/Saved/Config/Windows/Scalability.ini]
[2019.01.25-01.47.30:254][  0]LogConfig: Setting CVar [[r.MotionBlurQuality:4]]
[2019.01.25-01.47.30:254][  0]LogConfig: Setting CVar [[r.AmbientOcclusionMipLevelFactor:0.4]]
[2019.01.25-01.47.30:254][  0]LogConfig: Setting CVar [[r.AmbientOcclusionMaxQuality:100]]
[2019.01.25-01.47.30:254][  0]LogConfig: Setting CVar [[r.AmbientOcclusionLevels:-1]]
[2019.01.25-01.47.30:254][  0]LogConfig: Setting CVar [[r.AmbientOcclusionRadiusScale:1.0]]
[2019.01.25-01.47.30:254][  0]LogConfig: Setting CVar [[r.DepthOfFieldQuality:2]]
[2019.01.25-01.47.30:254][  0]LogConfig: Setting CVar [[r.RenderTargetPoolMin:400]]
[2019.01.25-01.47.30:254][  0]LogConfig: Setting CVar [[r.LensFlareQuality:2]]
[2019.01.25-01.47.30:254][  0]LogConfig: Setting CVar [[r.SceneColorFringeQuality:1]]
[2019.01.25-01.47.30:254][  0]LogConfig: Setting CVar [[r.EyeAdaptationQuality:2]]
[2019.01.25-01.47.30:254][  0]LogConfig: Setting CVar [[r.BloomQuality:5]]
[2019.01.25-01.47.30:254][  0]LogConfig: Setting CVar [[r.FastBlurThreshold:100]]
[2019.01.25-01.47.30:254][  0]LogConfig: Setting CVar [[r.Upscale.Quality:3]]
[2019.01.25-01.47.30:254][  0]LogConfig: Setting CVar [[r.Tonemapper.GrainQuantization:1]]
[2019.01.25-01.47.30:254][  0]LogConfig: Setting CVar [[r.LightShaftQuality:1]]
[2019.01.25-01.47.30:254][  0]LogConfig: Setting CVar [[r.Filter.SizeScale:1]]
[2019.01.25-01.47.30:254][  0]LogConfig: Setting CVar [[r.Tonemapper.Quality:5]]
[2019.01.25-01.47.30:254][  0]LogConfig: Setting CVar [[r.DOF.Gather.AccumulatorQuality:1        ; higher gathering accumulator quality]]
[2019.01.25-01.47.30:254][  0]LogConfig: Setting CVar [[r.DOF.Gather.PostfilterMethod:1          ; Median3x3 postfilering method]]
[2019.01.25-01.47.30:254][  0]LogConfig: Setting CVar [[r.DOF.Gather.EnableBokehSettings:0       ; no bokeh simulation when gathering]]
[2019.01.25-01.47.30:254][  0]LogConfig: Setting CVar [[r.DOF.Gather.RingCount:4                 ; medium number of samples when gathering]]
[2019.01.25-01.47.30:254][  0]LogConfig: Setting CVar [[r.DOF.Scatter.ForegroundCompositing:1    ; additive foreground scattering]]
[2019.01.25-01.47.30:254][  0]LogConfig: Setting CVar [[r.DOF.Scatter.BackgroundCompositing:2    ; additive background scattering]]
[2019.01.25-01.47.30:254][  0]LogConfig: Setting CVar [[r.DOF.Scatter.EnableBokehSettings:1      ; bokeh simulation when scattering]]
[2019.01.25-01.47.30:254][  0]LogConfig: Setting CVar [[r.DOF.Scatter.MaxSpriteRatio:0.1         ; only a maximum of 10% of scattered bokeh]]
[2019.01.25-01.47.30:254][  0]LogConfig: Setting CVar [[r.DOF.Recombine.Quality:1                ; cheap slight out of focus]]
[2019.01.25-01.47.30:254][  0]LogConfig: Setting CVar [[r.DOF.Recombine.EnableBokehSettings:0    ; no bokeh simulation on slight out of focus]]
[2019.01.25-01.47.30:254][  0]LogConfig: Setting CVar [[r.DOF.TemporalAAQuality:1                ; more stable temporal accumulation]]
[2019.01.25-01.47.30:254][  0]LogConfig: Setting CVar [[r.DOF.Kernel.MaxForegroundRadius:0.025]]
[2019.01.25-01.47.30:254][  0]LogConfig: Setting CVar [[r.DOF.Kernel.MaxBackgroundRadius:0.025]]
[2019.01.25-01.47.30:254][  0]LogConfig: Applying CVar settings from Section [TextureQuality@3] File [C:/Users/Graphic/Documents/Hunter-Mage/source/HunterMage/Saved/Config/Windows/Scalability.ini]
[2019.01.25-01.47.30:254][  0]LogConfig: Setting CVar [[r.Streaming.MipBias:0]]
[2019.01.25-01.47.30:254][  0]LogConfig: Setting CVar [[r.Streaming.AmortizeCPUToGPUCopy:0]]
[2019.01.25-01.47.30:254][  0]LogConfig: Setting CVar [[r.Streaming.MaxNumTexturesToStreamPerFrame:0]]
[2019.01.25-01.47.30:254][  0]LogConfig: Setting CVar [[r.Streaming.Boost:1]]
[2019.01.25-01.47.30:254][  0]LogConfig: Setting CVar [[r.MaxAnisotropy:8]]
[2019.01.25-01.47.30:254][  0]LogConfig: Setting CVar [[r.Streaming.LimitPoolSizeToVRAM:0]]
[2019.01.25-01.47.30:254][  0]LogConfig: Setting CVar [[r.Streaming.PoolSize:1000]]
[2019.01.25-01.47.30:254][  0]LogConfig: Setting CVar [[r.Streaming.MaxEffectiveScreenSize:0]]
[2019.01.25-01.47.30:254][  0]LogConfig: Applying CVar settings from Section [EffectsQuality@3] File [C:/Users/Graphic/Documents/Hunter-Mage/source/HunterMage/Saved/Config/Windows/Scalability.ini]
[2019.01.25-01.47.30:254][  0]LogConfig: Setting CVar [[r.TranslucencyLightingVolumeDim:64]]
[2019.01.25-01.47.30:254][  0]LogConfig: Setting CVar [[r.RefractionQuality:2]]
[2019.01.25-01.47.30:254][  0]LogConfig: Setting CVar [[r.SSR.Quality:3]]
[2019.01.25-01.47.30:254][  0]LogConfig: Setting CVar [[r.SceneColorFormat:4]]
[2019.01.25-01.47.30:254][  0]LogConfig: Setting CVar [[r.DetailMode:2]]
[2019.01.25-01.47.30:254][  0]LogConfig: Setting CVar [[r.TranslucencyVolumeBlur:1]]
[2019.01.25-01.47.30:254][  0]LogConfig: Setting CVar [[r.MaterialQualityLevel:1 ; High quality]]
[2019.01.25-01.47.30:254][  0]LogConfig: Setting CVar [[r.SSS.Scale:1]]
[2019.01.25-01.47.30:254][  0]LogConfig: Setting CVar [[r.SSS.SampleSet:2]]
[2019.01.25-01.47.30:254][  0]LogConfig: Setting CVar [[r.SSS.Quality:1]]
[2019.01.25-01.47.30:254][  0]LogConfig: Setting CVar [[r.SSS.HalfRes:1]]
[2019.01.25-01.47.30:254][  0]LogConfig: Setting CVar [[r.EmitterSpawnRateScale:1.0]]
[2019.01.25-01.47.30:254][  0]LogConfig: Setting CVar [[r.ParticleLightQuality:2]]
[2019.01.25-01.47.30:254][  0]LogConfig: Applying CVar settings from Section [FoliageQuality@3] File [C:/Users/Graphic/Documents/Hunter-Mage/source/HunterMage/Saved/Config/Windows/Scalability.ini]
[2019.01.25-01.47.30:254][  0]LogConfig: Setting CVar [[foliage.DensityScale:1.0]]
[2019.01.25-01.47.30:254][  0]LogConfig: Setting CVar [[grass.DensityScale:1.0]]
[2019.01.25-01.47.30:254][  0]LogInit: Selected Device Profile: [Windows]
[2019.01.25-01.47.30:254][  0]LogInit: Applying CVar settings loaded from the selected device profile: [Windows]
[2019.01.25-01.47.30:277][  0]LogHAL: Display: Platform has ~ 32 GB [34329391104 / 34359738368 / 32], which maps to Largest [LargestMinGB=32, LargerMinGB=12, DefaultMinGB=8, SmallerMinGB=6, SmallestMinGB=0)
[2019.01.25-01.47.30:277][  0]LogConfig: Setting CVar [[r.Vulkan.UseRealUBs:1]]
[2019.01.25-01.47.30:277][  0]LogInit: Going up to parent DeviceProfile []
[2019.01.25-01.47.30:277][  0]LogConfig: Applying CVar settings from Section [ViewDistanceQuality@3] File [C:/Users/Graphic/Documents/Hunter-Mage/source/HunterMage/Saved/Config/Windows/Scalability.ini]
[2019.01.25-01.47.30:277][  0]LogConfig: Setting CVar [[r.SkeletalMeshLODBias:0]]
[2019.01.25-01.47.30:277][  0]LogConfig: Setting CVar [[r.ViewDistanceScale:1.0]]
[2019.01.25-01.47.30:277][  0]LogConfig: Applying CVar settings from Section [AntiAliasingQuality@3] File [C:/Users/Graphic/Documents/Hunter-Mage/source/HunterMage/Saved/Config/Windows/Scalability.ini]
[2019.01.25-01.47.30:277][  0]LogConfig: Setting CVar [[r.PostProcessAAQuality:4]]
[2019.01.25-01.47.30:277][  0]LogConfig: Applying CVar settings from Section [ShadowQuality@3] File [C:/Users/Graphic/Documents/Hunter-Mage/source/HunterMage/Saved/Config/Windows/Scalability.ini]
[2019.01.25-01.47.30:277][  0]LogConfig: Setting CVar [[r.LightFunctionQuality:1]]
[2019.01.25-01.47.30:277][  0]LogConfig: Setting CVar [[r.ShadowQuality:5]]
[2019.01.25-01.47.30:277][  0]LogConfig: Setting CVar [[r.Shadow.CSM.MaxCascades:10]]
[2019.01.25-01.47.30:277][  0]LogConfig: Setting CVar [[r.Shadow.MaxResolution:2048]]
[2019.01.25-01.47.30:277][  0]LogConfig: Setting CVar [[r.Shadow.MaxCSMResolution:2048]]
[2019.01.25-01.47.30:277][  0]LogConfig: Setting CVar [[r.Shadow.RadiusThreshold:0.01]]
[2019.01.25-01.47.30:277][  0]LogConfig: Setting CVar [[r.Shadow.DistanceScale:1.0]]
[2019.01.25-01.47.30:277][  0]LogConfig: Setting CVar [[r.Shadow.CSM.TransitionScale:1.0]]
[2019.01.25-01.47.30:277][  0]LogConfig: Setting CVar [[r.Shadow.PreShadowResolutionFactor:1.0]]
[2019.01.25-01.47.30:278][  0]LogConfig: Setting CVar [[r.DistanceFieldShadowing:1]]
[2019.01.25-01.47.30:278][  0]LogConfig: Setting CVar [[r.DistanceFieldAO:1]]
[2019.01.25-01.47.30:278][  0]LogConfig: Setting CVar [[r.AOQuality:2]]
[2019.01.25-01.47.30:278][  0]LogConfig: Setting CVar [[r.VolumetricFog:1]]
[2019.01.25-01.47.30:278][  0]LogConfig: Setting CVar [[r.VolumetricFog.GridPixelSize:8]]
[2019.01.25-01.47.30:278][  0]LogConfig: Setting CVar [[r.VolumetricFog.GridSizeZ:128]]
[2019.01.25-01.47.30:278][  0]LogConfig: Setting CVar [[r.VolumetricFog.HistoryMissSupersampleCount:4]]
[2019.01.25-01.47.30:278][  0]LogConfig: Setting CVar [[r.LightMaxDrawDistanceScale:1]]
[2019.01.25-01.47.30:278][  0]LogConfig: Setting CVar [[r.CapsuleShadows:1]]
[2019.01.25-01.47.30:278][  0]LogConfig: Applying CVar settings from Section [PostProcessQuality@3] File [C:/Users/Graphic/Documents/Hunter-Mage/source/HunterMage/Saved/Config/Windows/Scalability.ini]
[2019.01.25-01.47.30:278][  0]LogConfig: Setting CVar [[r.MotionBlurQuality:4]]
[2019.01.25-01.47.30:278][  0]LogConfig: Setting CVar [[r.AmbientOcclusionMipLevelFactor:0.4]]
[2019.01.25-01.47.30:278][  0]LogConfig: Setting CVar [[r.AmbientOcclusionMaxQuality:100]]
[2019.01.25-01.47.30:278][  0]LogConfig: Setting CVar [[r.AmbientOcclusionLevels:-1]]
[2019.01.25-01.47.30:278][  0]LogConfig: Setting CVar [[r.AmbientOcclusionRadiusScale:1.0]]
[2019.01.25-01.47.30:278][  0]LogConfig: Setting CVar [[r.DepthOfFieldQuality:2]]
[2019.01.25-01.47.30:278][  0]LogConfig: Setting CVar [[r.RenderTargetPoolMin:400]]
[2019.01.25-01.47.30:278][  0]LogConfig: Setting CVar [[r.LensFlareQuality:2]]
[2019.01.25-01.47.30:278][  0]LogConfig: Setting CVar [[r.SceneColorFringeQuality:1]]
[2019.01.25-01.47.30:278][  0]LogConfig: Setting CVar [[r.EyeAdaptationQuality:2]]
[2019.01.25-01.47.30:278][  0]LogConfig: Setting CVar [[r.BloomQuality:5]]
[2019.01.25-01.47.30:278][  0]LogConfig: Setting CVar [[r.FastBlurThreshold:100]]
[2019.01.25-01.47.30:278][  0]LogConfig: Setting CVar [[r.Upscale.Quality:3]]
[2019.01.25-01.47.30:278][  0]LogConfig: Setting CVar [[r.Tonemapper.GrainQuantization:1]]
[2019.01.25-01.47.30:278][  0]LogConfig: Setting CVar [[r.LightShaftQuality:1]]
[2019.01.25-01.47.30:278][  0]LogConfig: Setting CVar [[r.Filter.SizeScale:1]]
[2019.01.25-01.47.30:278][  0]LogConfig: Setting CVar [[r.Tonemapper.Quality:5]]
[2019.01.25-01.47.30:278][  0]LogConfig: Setting CVar [[r.DOF.Gather.AccumulatorQuality:1        ; higher gathering accumulator quality]]
[2019.01.25-01.47.30:278][  0]LogConfig: Setting CVar [[r.DOF.Gather.PostfilterMethod:1          ; Median3x3 postfilering method]]
[2019.01.25-01.47.30:278][  0]LogConfig: Setting CVar [[r.DOF.Gather.EnableBokehSettings:0       ; no bokeh simulation when gathering]]
[2019.01.25-01.47.30:278][  0]LogConfig: Setting CVar [[r.DOF.Gather.RingCount:4                 ; medium number of samples when gathering]]
[2019.01.25-01.47.30:278][  0]LogConfig: Setting CVar [[r.DOF.Scatter.ForegroundCompositing:1    ; additive foreground scattering]]
[2019.01.25-01.47.30:278][  0]LogConfig: Setting CVar [[r.DOF.Scatter.BackgroundCompositing:2    ; additive background scattering]]
[2019.01.25-01.47.30:278][  0]LogConfig: Setting CVar [[r.DOF.Scatter.EnableBokehSettings:1      ; bokeh simulation when scattering]]
[2019.01.25-01.47.30:278][  0]LogConfig: Setting CVar [[r.DOF.Scatter.MaxSpriteRatio:0.1         ; only a maximum of 10% of scattered bokeh]]
[2019.01.25-01.47.30:278][  0]LogConfig: Setting CVar [[r.DOF.Recombine.Quality:1                ; cheap slight out of focus]]
[2019.01.25-01.47.30:278][  0]LogConfig: Setting CVar [[r.DOF.Recombine.EnableBokehSettings:0    ; no bokeh simulation on slight out of focus]]
[2019.01.25-01.47.30:278][  0]LogConfig: Setting CVar [[r.DOF.TemporalAAQuality:1                ; more stable temporal accumulation]]
[2019.01.25-01.47.30:278][  0]LogConfig: Setting CVar [[r.DOF.Kernel.MaxForegroundRadius:0.025]]
[2019.01.25-01.47.30:278][  0]LogConfig: Setting CVar [[r.DOF.Kernel.MaxBackgroundRadius:0.025]]
[2019.01.25-01.47.30:278][  0]LogConfig: Applying CVar settings from Section [TextureQuality@3] File [C:/Users/Graphic/Documents/Hunter-Mage/source/HunterMage/Saved/Config/Windows/Scalability.ini]
[2019.01.25-01.47.30:278][  0]LogConfig: Setting CVar [[r.Streaming.MipBias:0]]
[2019.01.25-01.47.30:278][  0]LogConfig: Setting CVar [[r.Streaming.AmortizeCPUToGPUCopy:0]]
[2019.01.25-01.47.30:278][  0]LogConfig: Setting CVar [[r.Streaming.MaxNumTexturesToStreamPerFrame:0]]
[2019.01.25-01.47.30:278][  0]LogConfig: Setting CVar [[r.Streaming.Boost:1]]
[2019.01.25-01.47.30:278][  0]LogConfig: Setting CVar [[r.MaxAnisotropy:8]]
[2019.01.25-01.47.30:278][  0]LogConfig: Setting CVar [[r.Streaming.LimitPoolSizeToVRAM:0]]
[2019.01.25-01.47.30:278][  0]LogConfig: Setting CVar [[r.Streaming.PoolSize:1000]]
[2019.01.25-01.47.30:278][  0]LogConfig: Setting CVar [[r.Streaming.MaxEffectiveScreenSize:0]]
[2019.01.25-01.47.30:278][  0]LogConfig: Applying CVar settings from Section [EffectsQuality@3] File [C:/Users/Graphic/Documents/Hunter-Mage/source/HunterMage/Saved/Config/Windows/Scalability.ini]
[2019.01.25-01.47.30:278][  0]LogConfig: Setting CVar [[r.TranslucencyLightingVolumeDim:64]]
[2019.01.25-01.47.30:278][  0]LogConfig: Setting CVar [[r.RefractionQuality:2]]
[2019.01.25-01.47.30:278][  0]LogConfig: Setting CVar [[r.SSR.Quality:3]]
[2019.01.25-01.47.30:278][  0]LogConfig: Setting CVar [[r.SceneColorFormat:4]]
[2019.01.25-01.47.30:278][  0]LogConfig: Setting CVar [[r.DetailMode:2]]
[2019.01.25-01.47.30:278][  0]LogConfig: Setting CVar [[r.TranslucencyVolumeBlur:1]]
[2019.01.25-01.47.30:278][  0]LogConfig: Setting CVar [[r.MaterialQualityLevel:1 ; High quality]]
[2019.01.25-01.47.30:278][  0]LogConfig: Setting CVar [[r.SSS.Scale:1]]
[2019.01.25-01.47.30:278][  0]LogConfig: Setting CVar [[r.SSS.SampleSet:2]]
[2019.01.25-01.47.30:278][  0]LogConfig: Setting CVar [[r.SSS.Quality:1]]
[2019.01.25-01.47.30:278][  0]LogConfig: Setting CVar [[r.SSS.HalfRes:1]]
[2019.01.25-01.47.30:278][  0]LogConfig: Setting CVar [[r.EmitterSpawnRateScale:1.0]]
[2019.01.25-01.47.30:278][  0]LogConfig: Setting CVar [[r.ParticleLightQuality:2]]
[2019.01.25-01.47.30:278][  0]LogConfig: Applying CVar settings from Section [FoliageQuality@3] File [C:/Users/Graphic/Documents/Hunter-Mage/source/HunterMage/Saved/Config/Windows/Scalability.ini]
[2019.01.25-01.47.30:278][  0]LogConfig: Setting CVar [[foliage.DensityScale:1.0]]
[2019.01.25-01.47.30:278][  0]LogConfig: Setting CVar [[grass.DensityScale:1.0]]
[2019.01.25-01.47.30:278][  0]LogConfig: Applying CVar settings from Section [Startup] File [../../../Engine/Config/ConsoleVariables.ini]
[2019.01.25-01.47.30:279][  0]LogConfig: Setting CVar [[net.UseAdaptiveNetUpdateFrequency:0]]
[2019.01.25-01.47.30:279][  0]LogConfig: Applying CVar settings from Section [ConsoleVariables] File [C:/Users/Graphic/Documents/Hunter-Mage/source/HunterMage/Saved/Config/Windows/Engine.ini]
[2019.01.25-01.47.30:279][  0]LogInit: Computer: SJH607-09W
[2019.01.25-01.47.30:279][  0]LogInit: User: Graphic
[2019.01.25-01.47.30:279][  0]LogInit: CPU Page size=4096, Cores=12
[2019.01.25-01.47.30:279][  0]LogInit: High frequency timer resolution =2.636723 MHz
[2019.01.25-01.47.30:279][  0]LogMemory: Memory total: Physical=32.0GB (32GB approx)
[2019.01.25-01.47.30:279][  0]LogMemory: Platform Memory Stats for Windows
[2019.01.25-01.47.30:279][  0]LogMemory: Process Physical Memory: 110.56 MB used, 110.56 MB peak
[2019.01.25-01.47.30:279][  0]LogMemory: Process Virtual Memory: 94.04 MB used, 94.04 MB peak
[2019.01.25-01.47.30:279][  0]LogMemory: Physical Memory: 11959.65 MB used,  20779.41 MB free, 32739.06 MB total
[2019.01.25-01.47.30:279][  0]LogMemory: Virtual Memory: 4763.04 MB used,  134212968.00 MB free, 134217728.00 MB total
[2019.01.25-01.47.30:296][  0]LogInit: Using OS detected language (en-US).
[2019.01.25-01.47.30:296][  0]LogInit: Using OS detected locale (en-CA).
[2019.01.25-01.47.30:297][  0]LogTextLocalizationManager: No specific localization for 'en-US' exists, so the 'en' localization will be used.
[2019.01.25-01.47.30:722][  0]LogStreaming: Display: Took  0.426s to InitEngineTextLocalization.
[2019.01.25-01.47.30:722][  0]LogInit: Setting process to per monitor DPI aware
[2019.01.25-01.47.30:764][  0]LogSlate: New Slate User Created.  User Index 0, Is Virtual User: 0
[2019.01.25-01.47.30:764][  0]LogSlate: Slate User Registered.  User Index 0, Is Virtual User: 0
[2019.01.25-01.47.31:035][  0]LogHMD: Failed to initialize OpenVR with code 110
[2019.01.25-01.47.31:035][  0]LogD3D11RHI: D3D11 adapters:
[2019.01.25-01.47.31:061][  0]LogD3D11RHI:    0. 'AMD FirePro D700 (FireGL V)' (Feature Level 11_0)
[2019.01.25-01.47.31:061][  0]LogD3D11RHI:       6124/0/16369 MB DedicatedVideo/DedicatedSystem/SharedSystem, Outputs:2, VendorId:0x1002
[2019.01.25-01.47.31:063][  0]LogD3D11RHI:    1. 'Microsoft Basic Render Driver' (Feature Level 11_0)
[2019.01.25-01.47.31:063][  0]LogD3D11RHI:       0/0/16369 MB DedicatedVideo/DedicatedSystem/SharedSystem, Outputs:0, VendorId:0x1414
[2019.01.25-01.47.31:063][  0]LogD3D11RHI: Chosen D3D11 Adapter: 0
[2019.01.25-01.47.31:070][  0]LogD3D11RHI: Creating new Direct3DDevice
[2019.01.25-01.47.31:070][  0]LogD3D11RHI:     GPU DeviceId: 0x6798 (for the marketing name, search the web for "GPU Device Id")
[2019.01.25-01.47.31:070][  0]LogWindows: EnumDisplayDevices:
[2019.01.25-01.47.31:070][  0]LogWindows:    0. 'AMD FirePro D700 (FireGL V)' (P:1 D:1)
[2019.01.25-01.47.31:070][  0]LogWindows:    1. 'AMD FirePro D700 (FireGL V)' (P:0 D:1)
[2019.01.25-01.47.31:071][  0]LogWindows:    2. 'AMD FirePro D700 (FireGL V)' (P:0 D:0)
[2019.01.25-01.47.31:071][  0]LogWindows:    3. 'AMD FirePro D700 (FireGL V)' (P:0 D:0)
[2019.01.25-01.47.31:072][  0]LogWindows:    4. 'AMD FirePro D700 (FireGL V)' (P:0 D:0)
[2019.01.25-01.47.31:072][  0]LogWindows:    5. 'AMD FirePro D700 (FireGL V)' (P:0 D:0)
[2019.01.25-01.47.31:072][  0]LogWindows: DebugString: FoundDriverCount:6 
[2019.01.25-01.47.31:072][  0]LogD3D11RHI:     Adapter Name: AMD FirePro D700 (FireGL V)
[2019.01.25-01.47.31:072][  0]LogD3D11RHI:   Driver Version: Crimson ReLive 17.6 (internal:22.19.170.1536, unified:22.19.170.1536)
[2019.01.25-01.47.31:072][  0]LogD3D11RHI:      Driver Date: 7-20-2017
[2019.01.25-01.47.31:072][  0]LogRHI: Texture pool is 4287 MB (70% of 6124 MB)
[2019.01.25-01.47.31:216][  0]LogD3D11RHI: Async texture creation enabled
[2019.01.25-01.47.31:230][  0]LogD3D11RHI: GPU Timing Frequency: 27.000000 (Debug: 2 1)
[2019.01.25-01.47.31:561][  0]LogTemp: Display: Loaded TP AllDesktopTargetPlatform
[2019.01.25-01.47.31:577][  0]LogTemp: Display: Loaded TP MacClientTargetPlatform
[2019.01.25-01.47.31:594][  0]LogTemp: Display: Loaded TP MacNoEditorTargetPlatform
[2019.01.25-01.47.31:610][  0]LogTemp: Display: Loaded TP MacServerTargetPlatform
[2019.01.25-01.47.31:627][  0]LogTemp: Display: Loaded TP MacTargetPlatform
[2019.01.25-01.47.31:644][  0]LogTemp: Display: Loaded TP WindowsClientTargetPlatform
[2019.01.25-01.47.31:661][  0]LogTemp: Display: Loaded TP WindowsNoEditorTargetPlatform
[2019.01.25-01.47.31:678][  0]LogTemp: Display: Loaded TP WindowsServerTargetPlatform
[2019.01.25-01.47.31:685][  0]LogTemp: Display: Loaded TP WindowsTargetPlatform
[2019.01.25-01.47.31:778][  0]LogTemp: Display: Loaded TP AndroidTargetPlatform
[2019.01.25-01.47.31:778][  0]LogTemp: Display: Loaded TP AndroidTargetPlatform
[2019.01.25-01.47.31:778][  0]LogTemp: Display: Loaded TP AndroidTargetPlatform
[2019.01.25-01.47.31:778][  0]LogTemp: Display: Loaded TP AndroidTargetPlatform
[2019.01.25-01.47.31:778][  0]LogTemp: Display: Loaded TP AndroidTargetPlatform
[2019.01.25-01.47.31:778][  0]LogTemp: Display: Loaded TP AndroidTargetPlatform
[2019.01.25-01.47.31:778][  0]LogTemp: Display: Loaded TP AndroidTargetPlatform
[2019.01.25-01.47.31:778][  0]LogTemp: Display: Loaded TP AndroidTargetPlatform
[2019.01.25-01.47.31:778][  0]LogTemp: Display: Loaded TP AndroidTargetPlatform
[2019.01.25-01.47.31:778][  0]LogTemp: Display: Loaded TP AndroidTargetPlatform
[2019.01.25-01.47.31:778][  0]LogTemp: Display: Loaded TP AndroidTargetPlatform
[2019.01.25-01.47.31:778][  0]LogTemp: Display: Loaded TP AndroidTargetPlatform
[2019.01.25-01.47.31:778][  0]LogTemp: Display: Loaded TP AndroidTargetPlatform
[2019.01.25-01.47.31:778][  0]LogTemp: Display: Loaded TP AndroidTargetPlatform
[2019.01.25-01.47.31:778][  0]LogTemp: Display: Loaded TP AndroidTargetPlatform
[2019.01.25-01.47.31:778][  0]LogTemp: Display: Loaded TP AndroidTargetPlatform
[2019.01.25-01.47.31:778][  0]LogTemp: Display: Loaded TP AndroidTargetPlatform
[2019.01.25-01.47.31:778][  0]LogTemp: Display: Loaded TP AndroidTargetPlatform
[2019.01.25-01.47.31:780][  0]LogTemp: Display: Loaded TP HTML5TargetPlatform
[2019.01.25-01.47.31:847][  0]LogTemp: Display: Loaded TP IOSTargetPlatform
[2019.01.25-01.47.31:847][  0]LogTemp: Display: Loaded TP IOSTargetPlatform
[2019.01.25-01.47.31:878][  0]LogTemp: Display: Loaded TP TVOSTargetPlatform
[2019.01.25-01.47.31:878][  0]LogTemp: Display: Loaded TP TVOSTargetPlatform
[2019.01.25-01.47.31:894][  0]LogTemp: Display: Loaded TP LinuxClientTargetPlatform
[2019.01.25-01.47.31:914][  0]LogTemp: Display: Loaded TP LinuxNoEditorTargetPlatform
[2019.01.25-01.47.31:931][  0]LogTemp: Display: Loaded TP LinuxServerTargetPlatform
[2019.01.25-01.47.31:947][  0]LogTemp: Display: Loaded TP LinuxTargetPlatform
[2019.01.25-01.47.32:007][  0]LogTemp: Display: Loaded TP LuminTargetPlatform
[2019.01.25-01.47.32:008][  0]LogTemp: Display: Loaded TP LuminTargetPlatform
[2019.01.25-01.47.32:008][  0]LogTargetPlatformManager: Display: Building Assets For Windows
[2019.01.25-01.47.32:065][  0]LogShaderCompilers: Guid format shader working directory is -24 characters bigger than the processId version (../../../../../../Users/Graphic/Documents/Hunter-Mage/source/HunterMage/Intermediate/Shaders/WorkingDirectory/10944/).
[2019.01.25-01.47.32:065][  0]LogShaderCompilers: Cleaned the shader compiler working directory 'C:/Users/Graphic/AppData/Local/Temp/UnrealShaderWorkingDir/7A07E1754319C27B604402A9ADF98401/'.
[2019.01.25-01.47.32:068][  0]LogXGEController: Cleaning working directory: C:/Users/Graphic/AppData/Local/Temp/UnrealXGEWorkingDir/
[2019.01.25-01.47.32:068][  0]LogXGEController: Cannot use XGE Controller as Incredibuild is not installed on this machine.
[2019.01.25-01.47.32:068][  0]LogShaderCompilers: Cannot use XGE Shader Compiler as Incredibuild is not installed on this machine.
[2019.01.25-01.47.32:068][  0]LogShaderCompilers: Display: Using Local Shader Compiler.
[2019.01.25-01.47.32:758][  0]LogDerivedDataCache: Display: Max Cache Size: 512 MB
[2019.01.25-01.47.32:815][  0]LogDerivedDataCache: Loaded boot cache 0.06s 71MB C:/Users/Graphic/AppData/Local/UnrealEngine/4.21/DerivedDataCache/Boot.ddc.
[2019.01.25-01.47.32:815][  0]LogDerivedDataCache: Display: Loaded Boot cache: C:/Users/Graphic/AppData/Local/UnrealEngine/4.21/DerivedDataCache/Boot.ddc
[2019.01.25-01.47.32:815][  0]LogDerivedDataCache: FDerivedDataBackendGraph:  Pak pak cache file ../../../../../../Users/Graphic/Documents/Hunter-Mage/source/HunterMage/DerivedDataCache/DDC.ddp not found, will not use a pak cache.
[2019.01.25-01.47.32:815][  0]LogDerivedDataCache: Unable to find inner node Pak for hierarchical cache Hierarchy.
[2019.01.25-01.47.32:815][  0]LogDerivedDataCache: FDerivedDataBackendGraph:  CompressedPak pak cache file ../../../../../../Users/Graphic/Documents/Hunter-Mage/source/HunterMage/DerivedDataCache/Compressed.ddp not found, will not use a pak cache.
[2019.01.25-01.47.32:815][  0]LogDerivedDataCache: Unable to find inner node CompressedPak for hierarchical cache Hierarchy.
[2019.01.25-01.47.32:831][  0]LogDerivedDataCache: Display: Pak cache opened for reading ../../../Engine/DerivedDataCache/Compressed.ddp.
[2019.01.25-01.47.32:831][  0]LogDerivedDataCache: FDerivedDataBackendGraph:  EnterprisePak pak cache file ../../../Enterprise/DerivedDataCache/Compressed.ddp not found, will not use a pak cache.
[2019.01.25-01.47.32:831][  0]LogDerivedDataCache: Unable to find inner node EnterprisePak for hierarchical cache Hierarchy.
[2019.01.25-01.47.32:844][  0]LogDerivedDataCache: Using Local data cache path C:/Users/Graphic/AppData/Local/UnrealEngine/Common/DerivedDataCache: Writable
[2019.01.25-01.47.32:844][  0]LogDerivedDataCache: Shared data cache path not found in *engine.ini, will not use an Shared cache.
[2019.01.25-01.47.32:844][  0]LogDerivedDataCache: Unable to find inner node Shared for hierarchical cache Hierarchy.
[2019.01.25-01.47.32:873][  0]LogMaterial: Verifying Global Shaders for PCD3D_SM5
[2019.01.25-01.47.32:875][  0]LogSlate: Using FreeType 2.6.0
[2019.01.25-01.47.32:876][  0]LogSlate: SlateFontServices - WITH_FREETYPE: 1, WITH_HARFBUZZ: 1
[2019.01.25-01.47.32:976][  0]LogAssetRegistry: FAssetRegistry took 0.0367 seconds to start up
[2019.01.25-01.47.33:447][  0]LogInit: Selected Device Profile: [Windows]
[2019.01.25-01.47.33:637][  0]LogSimplygon: Simplygon DLL not present - disabling.
[2019.01.25-01.47.33:641][  0]LogMeshReduction: Using SimplygonSwarm for distributed automatic mesh merging
[2019.01.25-01.47.33:641][  0]LogMeshReduction: Using ProxyLODMeshReduction for automatic mesh merging
[2019.01.25-01.47.33:641][  0]LogMeshReduction: Using QuadricMeshReduction for automatic static mesh reduction
[2019.01.25-01.47.33:641][  0]LogMeshReduction: No automatic skeletal mesh reduction module available
[2019.01.25-01.47.33:656][  0]LogNetVersion: HunterMage 1.0.0, NetCL: 4541578, EngineNetVer: 5, GameNetVer: 0 (Checksum: 16553758)
[2019.01.25-01.47.34:365][  0]LogPackageLocalizationCache: Processed 11 localized package path(s) for 2 prioritized culture(s) in 0.119578 seconds
[2019.01.25-01.47.34:371][  0]LogUObjectArray: 39775 objects as part of root set at end of initial load.
[2019.01.25-01.47.34:371][  0]LogUObjectAllocator: 6914664 out of 0 bytes used by permanent object pool.
[2019.01.25-01.47.34:371][  0]LogUObjectArray: CloseDisregardForGC: 0/0 objects in disregard for GC pool
[2019.01.25-01.47.35:455][  0]LogTcpMessaging: Initializing TcpMessaging bridge
[2019.01.25-01.47.35:468][  0]LogUdpMessaging: Initializing bridge on interface 0.0.0.0:0 to multicast group 230.0.0.1:6666.
[2019.01.25-01.47.36:318][  0]SourceControl: Source control is disabled
[2019.01.25-01.47.36:318][  0]SourceControl: Source control is disabled
[2019.01.25-01.47.36:319][  0]SourceControl: Source control is disabled
[2019.01.25-01.47.36:320][  0]SourceControl: Source control is disabled
[2019.01.25-01.47.36:491][  0]LogAndroidPermission: UAndroidPermissionCallbackProxy::GetInstance
[2019.01.25-01.47.36:645][  0]LogOcInput: OculusInput pre-init called
[2019.01.25-01.47.36:791][  0]LogEngine: Initializing Engine...
[2019.01.25-01.47.36:792][  0]LogHMD: Failed to initialize OpenVR with code 110
[2019.01.25-01.47.36:793][  0]LogStats: UGameplayTagsManager::ConstructGameplayTagTree: ImportINI prefixes -  0.000 s
[2019.01.25-01.47.36:793][  0]LogStats: UGameplayTagsManager::ConstructGameplayTagTree: Construct from data asset -  0.000 s
[2019.01.25-01.47.36:793][  0]LogStats: UGameplayTagsManager::ConstructGameplayTagTree: ImportINI -  0.000 s
[2019.01.25-01.47.36:793][  0]LogStats: UGameplayTagsManager::ConstructGameplayTagTree: GameplayTagTreeChangedEvent.Broadcast -  0.000 s
[2019.01.25-01.47.37:091][  0]LogInit: Initializing FReadOnlyCVARCache
[2019.01.25-01.47.37:103][  0]LogAIModule: Creating AISystem for world Untitled
[2019.01.25-01.47.37:176][  0]LogInit: XAudio2 using 'Speakers (2- Display Audio)' : 2 channels at 48 kHz using 16 bits per sample (channel mask 0x3)
[2019.01.25-01.47.37:196][  0]LogInit: FAudioDevice initialized.
[2019.01.25-01.47.37:197][  0]LogNetVersion: Set ProjectVersion to 1.0.0.0. Version Checksum will be recalculated on next use.
[2019.01.25-01.47.37:252][  0]LogDerivedDataCache: Saved boot cache 0.06s 71MB C:/Users/Graphic/AppData/Local/UnrealEngine/4.21/DerivedDataCache/Boot.ddc.
[2019.01.25-01.47.37:257][  0]LogInit: Texture streaming: Enabled
[2019.01.25-01.47.37:274][  0]LogEngineSessionManager: EngineSessionManager initialized
[2019.01.25-01.47.37:291][  0]LogInit: Transaction tracking system initialized
[2019.01.25-01.47.37:313][  0]BlueprintLog: New page: Editor Load
[2019.01.25-01.47.37:397][  0]LocalizationService: Localization service is disabled
[2019.01.25-01.47.37:933][  0]LogFileCache: Scanning file cache for directory 'C:/Users/Graphic/Documents/Hunter-Mage/source/HunterMage/Content/' took 0.02s
[2019.01.25-01.47.37:933][  0]LogCook: Display: Max memory allowance for cook 16384mb min free memory 0mb
[2019.01.25-01.47.37:934][  0]LogCook: Display: Mobile HDR setting 1
[2019.01.25-01.47.37:934][  0]LogGameplayTags: Display: UGameplayTagsManager::DoneAddingNativeTags. DelegateIsBound: 0
[2019.01.25-01.47.37:934][  0]LogStats: UGameplayTagsManager::ConstructGameplayTagTree: ImportINI prefixes -  0.000 s
[2019.01.25-01.47.37:934][  0]LogStats: UGameplayTagsManager::ConstructGameplayTagTree: Construct from data asset -  0.000 s
[2019.01.25-01.47.37:934][  0]LogStats: UGameplayTagsManager::ConstructGameplayTagTree: ImportINI -  0.000 s
[2019.01.25-01.47.37:934][  0]LogStats: UGameplayTagsManager::ConstructGameplayTagTree: GameplayTagTreeChangedEvent.Broadcast -  0.000 s
[2019.01.25-01.47.38:094][  0]SourceControl: Source control is disabled
[2019.01.25-01.47.38:094][  0]Cmd: MAP LOAD FILE="../../../../../../Users/Graphic/Documents/Hunter-Mage/source/HunterMage/Content/ThirdPersonBP/Maps/ThirdPersonExampleMap.umap" TEMPLATE=0 SHOWPROGRESS=1 FEATURELEVEL=3
[2019.01.25-01.47.38:094][  0]LightingResults: New page: Lighting Build
[2019.01.25-01.47.38:097][  0]MapCheck: New page: Map Check
[2019.01.25-01.47.38:097][  0]LightingResults: New page: Lighting Build
[2019.01.25-01.47.39:251][  0]LogAIModule: Creating AISystem for world ThirdPersonExampleMap
[2019.01.25-01.47.39:265][  0]LogEditorServer: Finished looking for orphan Actors (0.000 secs)
[2019.01.25-01.47.39:306][  0]Cmd: MAP CHECKDEP NOCLEARLOG
[2019.01.25-01.47.39:307][  0]MapCheck: Map check complete: 0 Error(s), 0 Warning(s), took 0.192ms to complete.
[2019.01.25-01.47.39:307][  0]LogFileHelpers: Loading map 'ThirdPersonExampleMap' took 1.213
[2019.01.25-01.47.39:415][  0]LogSlate: Updating window title bar state: overlay mode, drag disabled, window buttons hidden, title bar hidden
[2019.01.25-01.47.39:424][  0]LogSlate: Updating window title bar state: overlay mode, drag disabled, window buttons hidden, title bar hidden
[2019.01.25-01.47.39:433][  0]LogSlate: Updating window title bar state: overlay mode, drag disabled, window buttons hidden, title bar hidden
[2019.01.25-01.47.39:443][  0]LogSlate: Updating window title bar state: overlay mode, drag disabled, window buttons hidden, title bar hidden
[2019.01.25-01.47.39:450][  0]LogCollectionManager: Loaded 0 collections in 0.001715 seconds
[2019.01.25-01.47.39:466][  0]LogFileCache: Scanning file cache for directory 'C:/Users/Graphic/Documents/Hunter-Mage/source/HunterMage/Saved/Collections/' took 0.01s
[2019.01.25-01.47.39:466][  0]LogFileCache: Scanning file cache for directory 'C:/Users/Graphic/Documents/Hunter-Mage/source/HunterMage/Content/Developers/Graphic/Collections/' took 0.00s
[2019.01.25-01.47.39:466][  0]LogFileCache: Scanning file cache for directory 'C:/Users/Graphic/Documents/Hunter-Mage/source/HunterMage/Content/Collections/' took 0.00s
[2019.01.25-01.47.39:467][  0]LogCollectionManager: Rebuilt the GUID cache for 0 collections in 0.000000 seconds
[2019.01.25-01.47.39:479][  0]LogContentBrowser: Native class hierarchy populated in 0.0124 seconds. Added 2652 classes and 622 folders.
[2019.01.25-01.47.39:486][  0]LogContentBrowser: Native class hierarchy updated for 'WidgetCarousel' in 0.0004 seconds. Added 0 classes and 0 folders.
[2019.01.25-01.47.39:488][  0]LogPakFile: Registered encryption key '00000000000000000000000000000000': 0 pak files mounted, 0 remain pending
[2019.01.25-01.47.39:488][  0]LogPakFile: Registered encryption key '00000000000000000000000000000000': 0 pak files mounted, 0 remain pending
[2019.01.25-01.47.39:489][  0]LogPakFile: Registered encryption key '00000000000000000000000000000000': 0 pak files mounted, 0 remain pending
[2019.01.25-01.47.39:490][  0]LogPakFile: Registered encryption key '00000000000000000000000000000000': 0 pak files mounted, 0 remain pending
[2019.01.25-01.47.39:490][  0]LogPakFile: Registered encryption key '00000000000000000000000000000000': 0 pak files mounted, 0 remain pending
[2019.01.25-01.47.39:490][  0]LogPakFile: Registered encryption key '00000000000000000000000000000000': 0 pak files mounted, 0 remain pending
[2019.01.25-01.47.39:490][  0]LogPakFile: Registered encryption key '00000000000000000000000000000000': 0 pak files mounted, 0 remain pending
[2019.01.25-01.47.39:492][  0]LogPakFile: Registered encryption key '00000000000000000000000000000000': 0 pak files mounted, 0 remain pending
[2019.01.25-01.47.39:492][  0]LogPakFile: Registered encryption key '00000000000000000000000000000000': 0 pak files mounted, 0 remain pending
[2019.01.25-01.47.39:492][  0]LogPakFile: Registered encryption key '00000000000000000000000000000000': 0 pak files mounted, 0 remain pending
[2019.01.25-01.47.39:492][  0]LogPakFile: Registered encryption key '00000000000000000000000000000000': 0 pak files mounted, 0 remain pending
[2019.01.25-01.47.39:493][  0]LogPakFile: Registered encryption key '00000000000000000000000000000000': 0 pak files mounted, 0 remain pending
[2019.01.25-01.47.39:493][  0]LogPakFile: Registered encryption key '00000000000000000000000000000000': 0 pak files mounted, 0 remain pending
[2019.01.25-01.47.39:494][  0]LogPakFile: Registered encryption key '00000000000000000000000000000000': 0 pak files mounted, 0 remain pending
[2019.01.25-01.47.39:495][  0]LogPakFile: Registered encryption key '00000000000000000000000000000000': 0 pak files mounted, 0 remain pending
[2019.01.25-01.47.39:495][  0]LogPakFile: Registered encryption key '00000000000000000000000000000000': 0 pak files mounted, 0 remain pending
[2019.01.25-01.47.39:496][  0]LogPakFile: Registered encryption key '00000000000000000000000000000000': 0 pak files mounted, 0 remain pending
[2019.01.25-01.47.39:497][  0]LogPakFile: Registered encryption key '00000000000000000000000000000000': 0 pak files mounted, 0 remain pending
[2019.01.25-01.47.39:497][  0]LogPakFile: Registered encryption key '00000000000000000000000000000000': 0 pak files mounted, 0 remain pending
[2019.01.25-01.47.39:498][  0]LogPakFile: Registered encryption key '00000000000000000000000000000000': 0 pak files mounted, 0 remain pending
[2019.01.25-01.47.39:498][  0]LogPakFile: Registered encryption key '00000000000000000000000000000000': 0 pak files mounted, 0 remain pending
[2019.01.25-01.47.39:499][  0]LogPakFile: Registered encryption key '00000000000000000000000000000000': 0 pak files mounted, 0 remain pending
[2019.01.25-01.47.39:500][  0]LogPakFile: Registered encryption key '00000000000000000000000000000000': 0 pak files mounted, 0 remain pending
[2019.01.25-01.47.39:500][  0]LogPakFile: Registered encryption key '00000000000000000000000000000000': 0 pak files mounted, 0 remain pending
[2019.01.25-01.47.39:501][  0]LogPakFile: Registered encryption key '00000000000000000000000000000000': 0 pak files mounted, 0 remain pending
[2019.01.25-01.47.39:502][  0]LogPakFile: Registered encryption key '00000000000000000000000000000000': 0 pak files mounted, 0 remain pending
[2019.01.25-01.47.39:538][  0]LogContentBrowser: Native class hierarchy updated for 'AddContentDialog' in 0.0004 seconds. Added 0 classes and 0 folders.
[2019.01.25-01.47.39:543][  0]LogContentBrowser: Native class hierarchy updated for 'SceneOutliner' in 0.0004 seconds. Added 1 classes and 2 folders.
[2019.01.25-01.47.39:576][  0]LogSlate: Took 0.000165 seconds to synchronously load lazily loaded font '../../../Engine/Content/Slate/Fonts/Roboto-Regular.ttf' (155K)
[2019.01.25-01.47.39:578][  0]LogSlate: Took 0.000153 seconds to synchronously load lazily loaded font '../../../Engine/Content/Slate/Fonts/Roboto-Bold.ttf' (160K)
[2019.01.25-01.47.39:586][  0]LogSlate: Took 0.000187 seconds to synchronously load lazily loaded font '../../../Engine/Content/Editor/Slate/Fonts/FontAwesome.ttf' (139K)
[2019.01.25-01.47.39:692][  0]LogRenderer: Reallocating scene render targets to support 1724x852 Format 10 NumSamples 1 (Frame:1).
[2019.01.25-01.47.39:868][  0]LogContentBrowser: Native class hierarchy updated for 'HierarchicalLODOutliner' in 0.0005 seconds. Added 0 classes and 0 folders.
[2019.01.25-01.47.39:868][  0]LogLoad: (Engine Initialization) Total time: 52.02 seconds
[2019.01.25-01.47.39:868][  0]LogLoad: (Engine Initialization) Total Blueprint compile time: 0.00 seconds
[2019.01.25-01.47.39:881][  0]LogWindowsTextInputMethodSystem: Display: IME system now deactivated.
[2019.01.25-01.47.39:882][  0]LogSlate: New Slate User Created.  User Index 1, Is Virtual User: 0
[2019.01.25-01.47.39:882][  0]LogSlate: Slate User Registered.  User Index 1, Is Virtual User: 0
[2019.01.25-01.47.39:882][  0]LogSlate: New Slate User Created.  User Index 2, Is Virtual User: 0
[2019.01.25-01.47.39:882][  0]LogSlate: Slate User Registered.  User Index 2, Is Virtual User: 0
[2019.01.25-01.47.39:882][  0]LogSlate: New Slate User Created.  User Index 3, Is Virtual User: 0
[2019.01.25-01.47.39:882][  0]LogSlate: Slate User Registered.  User Index 3, Is Virtual User: 0
[2019.01.25-01.47.39:929][  0]LogContentStreaming: Texture pool size now 1000 MB
[2019.01.25-01.47.40:174][  3]LogAssetRegistry: Asset discovery search completed in 7.2193 seconds
[2019.01.25-01.47.40:176][  3]LogCollectionManager: Rebuilt the object cache for 0 collections in 0.000001 seconds (found 0 objects)
[2019.01.25-01.47.40:176][  3]LogCollectionManager: Fixed up redirectors for 0 collections in 0.000067 seconds (updated 0 objects)
[2019.01.25-01.47.40:917][ 57]LogSlate: Took 0.000198 seconds to synchronously load lazily loaded font '../../../Engine/Content/Slate/Fonts/Roboto-Light.ttf' (167K)
[2019.01.25-01.47.49:079][661]LogSlate: FSceneViewport::OnFocusLost() reason 0
[2019.01.25-01.47.49:775][716]LogSlate: FSceneViewport::OnFocusLost() reason 0
[2019.01.25-01.47.51:624][864]LogTemp: Repeating last play command: Selected Viewport
[2019.01.25-01.47.51:648][864]LogBlueprintUserMessages: Early PlayInEditor Detection: Level '/Game/ThirdPersonBP/Maps/ThirdPersonExampleMap.ThirdPersonExampleMap:PersistentLevel' has LevelScriptBlueprint '/Game/ThirdPersonBP/Maps/ThirdPersonExampleMap.ThirdPersonExampleMap:PersistentLevel.ThirdPersonExampleMap' with GeneratedClass '/Game/ThirdPersonBP/Maps/ThirdPersonExampleMap.ThirdPersonExampleMap_C' with ClassGeneratedBy '/Game/ThirdPersonBP/Maps/ThirdPersonExampleMap.ThirdPersonExampleMap:PersistentLevel.ThirdPersonExampleMap'
[2019.01.25-01.47.51:648][864]LogPlayLevel: PlayLevel: No blueprints needed recompiling
[2019.01.25-01.47.51:648][864]PIE: New page: PIE session: ThirdPersonExampleMap (Jan 24, 2019, 3:47:51 PM)
[2019.01.25-01.47.51:661][864]LogPlayLevel: Creating play world package: /Game/ThirdPersonBP/Maps/UEDPIE_0_ThirdPersonExampleMap
[2019.01.25-01.47.51:682][864]LogPlayLevel: PIE: StaticDuplicateObject took: (0.021159s)
[2019.01.25-01.47.51:683][864]LogAIModule: Creating AISystem for world ThirdPersonExampleMap
[2019.01.25-01.47.51:683][864]LogPlayLevel: PIE: World Init took: (0.001038s)
[2019.01.25-01.47.51:684][864]LogPlayLevel: PIE: Created PIE world by copying editor world from /Game/ThirdPersonBP/Maps/ThirdPersonExampleMap.ThirdPersonExampleMap to /Game/ThirdPersonBP/Maps/UEDPIE_0_ThirdPersonExampleMap.ThirdPersonExampleMap (0.022516s)
[2019.01.25-01.47.51:782][864]LogInit: XAudio2 using 'Speakers (2- Display Audio)' : 2 channels at 48 kHz using 16 bits per sample (channel mask 0x3)
[2019.01.25-01.47.51:794][864]LogInit: FAudioDevice initialized.
[2019.01.25-01.47.51:852][864]LogLoad: Game class is 'ThirdPersonGameMode_C'
[2019.01.25-01.47.51:856][864]LogWorld: Bringing World /Game/ThirdPersonBP/Maps/UEDPIE_0_ThirdPersonExampleMap.ThirdPersonExampleMap up for play (max tick rate 0) at 2019.01.24-20.47.51
[2019.01.25-01.47.51:857][864]LogWorld: Bringing up level for play took: 0.003453
[2019.01.25-01.47.51:877][864]LogContentBrowser: Native class hierarchy updated for 'MovieSceneCapture' in 0.0006 seconds. Added 20 classes and 0 folders.
[2019.01.25-01.47.51:880][864]PIE: Play in editor start time for /Game/ThirdPersonBP/Maps/UEDPIE_0_ThirdPersonExampleMap -0.083
[2019.01.25-01.47.51:881][864]LogBlueprintUserMessages: Late PlayInEditor Detection: Level '/Game/ThirdPersonBP/Maps/ThirdPersonExampleMap.ThirdPersonExampleMap:PersistentLevel' has LevelScriptBlueprint '/Game/ThirdPersonBP/Maps/ThirdPersonExampleMap.ThirdPersonExampleMap:PersistentLevel.ThirdPersonExampleMap' with GeneratedClass '/Game/ThirdPersonBP/Maps/ThirdPersonExampleMap.ThirdPersonExampleMap_C' with ClassGeneratedBy '/Game/ThirdPersonBP/Maps/ThirdPersonExampleMap.ThirdPersonExampleMap:PersistentLevel.ThirdPersonExampleMap'
[2019.01.25-01.47.53:665][ 17]PIE: Warning: Invalid Simulate Options: Body (FireBall_C_0.Sphere Sphere) is set to simulate physics but Collision Enabled is incompatible
[2019.01.25-01.47.53:665][ 17]PIE: Warning: Invalid Simulate Options: Body (FireBall_C_0.Sphere Sphere) is set to simulate physics but Collision Enabled is incompatible
[2019.01.25-01.47.53:665][ 17]PIE: Warning: FireBall_C_0.Sphere Sphere has to have 'CollisionEnabled' set to 'Query and Physics' or 'Physics only' if you'd like to AddImpulse. 
[2019.01.25-01.47.53:667][ 17]PIE: Warning: FireBall_C_0.Sphere Sphere has to have 'CollisionEnabled' set to 'Query and Physics' or 'Physics only' if you'd like to AddImpulse. 
[2019.01.25-01.47.54:870][103]LogBlueprintUserMessages: [FireBall_C_0] Floor_1
[2019.01.25-01.47.56:151][212]LogBlueprintUserMessages: Early EndPlayMap Detection: Level '/Game/ThirdPersonBP/Maps/ThirdPersonExampleMap.ThirdPersonExampleMap:PersistentLevel' has LevelScriptBlueprint '/Game/ThirdPersonBP/Maps/ThirdPersonExampleMap.ThirdPersonExampleMap:PersistentLevel.ThirdPersonExampleMap' with GeneratedClass '/Game/ThirdPersonBP/Maps/ThirdPersonExampleMap.ThirdPersonExampleMap_C' with ClassGeneratedBy '/Game/ThirdPersonBP/Maps/ThirdPersonExampleMap.ThirdPersonExampleMap:PersistentLevel.ThirdPersonExampleMap'
[2019.01.25-01.47.56:152][212]LogSlate: Updating window title bar state: overlay mode, drag disabled, window buttons hidden, title bar hidden
[2019.01.25-01.47.56:190][212]LogPlayLevel: Display: Shutting down PIE online subsystems
[2019.01.25-01.47.56:191][212]LogBlueprintUserMessages: Late EndPlayMap Detection: Level '/Game/ThirdPersonBP/Maps/ThirdPersonExampleMap.ThirdPersonExampleMap:PersistentLevel' has LevelScriptBlueprint '/Game/ThirdPersonBP/Maps/ThirdPersonExampleMap.ThirdPersonExampleMap:PersistentLevel.ThirdPersonExampleMap' with GeneratedClass '/Game/ThirdPersonBP/Maps/ThirdPersonExampleMap.ThirdPersonExampleMap_C' with ClassGeneratedBy '/Game/ThirdPersonBP/Maps/ThirdPersonExampleMap.ThirdPersonExampleMap:PersistentLevel.ThirdPersonExampleMap'
[2019.01.25-01.47.56:229][212]LogSlate: Updating window title bar state: overlay mode, drag disabled, window buttons hidden, title bar hidden
[2019.01.25-01.47.56:236][212]LogSlate: FSceneViewport::OnFocusLost() reason 2
[2019.01.25-01.47.56:273][213]LogPlayLevel: Display: Destroying online subsystem :Context_1
