Log file open, 04/15/19 17:04:04
LogWindows: Failed to load 'aqProf.dll' (GetLastError=126)
LogWindows: File 'aqProf.dll' does not exist
LogWindows: Failed to load 'VtuneApi.dll' (GetLastError=126)
LogWindows: File 'VtuneApi.dll' does not exist
LogWindows: Failed to load 'VtuneApi32e.dll' (GetLastError=126)
LogWindows: File 'VtuneApi32e.dll' does not exist
LogConsoleResponse: Display: Failed to find resolution value strings in scalability ini. Falling back to default.
LogInit: Display: Running engine for game: HunterMage
LogPakFile: Registered encryption key '00000000000000000000000000000000': 0 pak files mounted, 0 remain pending
LogPlatformFile: Not using cached read wrapper
LogTaskGraph: Started task graph with 5 named threads and 71 total threads with 3 sets of task threads.
LogStats: Stats thread started at 0.823207
LogD3D11RHI: Loaded GFSDK_Aftermath_Lib.x64.dll
LogICUInternationalization: ICU TimeZone Detection - Raw Offset: -5:00, Platform Override: ''
LogPluginManager: Mounting plugin Paper2D
LogPluginManager: Mounting plugin AISupport
LogPluginManager: Mounting plugin LightPropagationVolume
LogPluginManager: Mounting plugin ActorLayerUtilities
LogPluginManager: Mounting plugin CLionSourceCodeAccess
LogPluginManager: Mounting plugin CodeLiteSourceCodeAccess
LogPluginManager: Mounting plugin GitSourceControl
LogPluginManager: Mounting plugin KDevelopSourceCodeAccess
LogPluginManager: Mounting plugin NullSourceCodeAccess
LogPluginManager: Mounting plugin PerforceSourceControl
LogPluginManager: Mounting plugin SubversionSourceControl
LogPluginManager: Mounting plugin UObjectPlugin
LogPluginManager: Mounting plugin VisualStudioCodeSourceCodeAccess
LogPluginManager: Mounting plugin VisualStudioSourceCodeAccess
LogPluginManager: Mounting plugin XCodeSourceCodeAccess
LogPluginManager: Mounting plugin AssetManagerEditor
LogPluginManager: Mounting plugin CryptoKeys
LogPluginManager: Mounting plugin DataValidation
LogPluginManager: Mounting plugin FacialAnimation
LogPluginManager: Mounting plugin GameplayTagsEditor
LogPluginManager: Mounting plugin MacGraphicsSwitching
LogPluginManager: Mounting plugin MeshEditor
LogPluginManager: Mounting plugin MobileLauncherProfileWizard
LogPluginManager: Mounting plugin PluginBrowser
LogPluginManager: Mounting plugin SpeedTreeImporter
LogPluginManager: Mounting plugin DatasmithContent
LogPluginManager: Mounting plugin VariantManagerContent
LogPluginManager: Mounting plugin AlembicImporter
LogPluginManager: Mounting plugin AppleImageUtils
LogPluginManager: Mounting plugin AppleVision
LogPluginManager: Mounting plugin BackChannel
LogPluginManager: Mounting plugin CharacterAI
LogPluginManager: Mounting plugin GeometryCache
LogPluginManager: Mounting plugin HTML5Networking
LogPluginManager: Mounting plugin ProxyLODPlugin
LogPluginManager: Mounting plugin MagicLeap
LogPluginManager: Mounting plugin MagicLeapMedia
LogPluginManager: Mounting plugin AndroidMedia
LogPluginManager: Mounting plugin AvfMedia
LogPluginManager: Mounting plugin ImgMedia
LogPluginManager: Mounting plugin LinearTimecode
LogPluginManager: Mounting plugin MediaCompositing
LogPluginManager: Mounting plugin MediaPlayerEditor
LogPluginManager: Mounting plugin WebMMedia
LogPluginManager: Mounting plugin WmfMedia
LogPluginManager: Mounting plugin TcpMessaging
LogPluginManager: Mounting plugin UdpMessaging
LogPluginManager: Mounting plugin ActorSequence
LogPluginManager: Mounting plugin LevelSequenceEditor
LogPluginManager: Mounting plugin MatineeToLevelSequence
LogPluginManager: Mounting plugin NetcodeUnitTest
LogPluginManager: Mounting plugin NUTUnrealEngine4
LogPluginManager: Mounting plugin OnlineSubsystemGooglePlay
LogPluginManager: Mounting plugin OnlineSubsystemIOS
LogPluginManager: Mounting plugin OnlineSubsystem
LogPluginManager: Mounting plugin OnlineSubsystemNull
LogPluginManager: Mounting plugin OnlineSubsystemUtils
LogPluginManager: Mounting plugin LauncherChunkInstaller
LogPluginManager: Mounting plugin AndroidDeviceProfileSelector
LogPluginManager: Mounting plugin AndroidMoviePlayer
LogPluginManager: Mounting plugin AndroidPermission
LogPluginManager: Mounting plugin AppleMoviePlayer
LogPluginManager: Mounting plugin ArchVisCharacter
LogPluginManager: Mounting plugin AudioCapture
LogPluginManager: Mounting plugin CableComponent
LogPluginManager: Mounting plugin CustomMeshComponent
LogPluginManager: Mounting plugin EditableMesh
LogPluginManager: Mounting plugin ExampleDeviceProfileSelector
LogPluginManager: Mounting plugin Firebase
LogPluginManager: Mounting plugin GoogleCloudMessaging
LogPluginManager: Mounting plugin IOSDeviceProfileSelector
LogPluginManager: Mounting plugin LinuxDeviceProfileSelector
LogPluginManager: Mounting plugin LocationServicesBPLibrary
LogPluginManager: Mounting plugin MobilePatchingUtils
LogPluginManager: Mounting plugin OculusVR
LogPluginManager: Mounting plugin PhysXVehicles
LogPluginManager: Mounting plugin ProceduralMeshComponent
LogPluginManager: Mounting plugin RuntimePhysXCooking
LogPluginManager: Mounting plugin SteamVR
LogPluginManager: Mounting plugin WebMMoviePlayer
LogPluginManager: Mounting plugin WindowsMoviePlayer
LogPluginManager: Mounting plugin DlgSystem
LogStreaming: Display: Took  0.059s to configure plugins.
LogInit: Using libcurl 7.55.1-DEV
LogInit:  - built for x86_64-pc-win32
LogInit:  - supports SSL with OpenSSL/1.0.2h
LogInit:  - supports HTTP deflate (compression) using libz 1.2.8
LogInit:  - other features:
LogInit:      CURL_VERSION_SSL
LogInit:      CURL_VERSION_LIBZ
LogInit:      CURL_VERSION_IPV6
LogInit:      CURL_VERSION_ASYNCHDNS
LogInit:      CURL_VERSION_LARGEFILE
LogInit:      CURL_VERSION_IDN
LogInit:  CurlRequestOptions (configurable via config and command line):
LogInit:  - bVerifyPeer = true  - Libcurl will verify peer certificate
LogInit:  - bUseHttpProxy = false  - Libcurl will NOT use HTTP proxy
LogInit:  - bDontReuseConnections = false  - Libcurl will reuse connections
LogInit:  - MaxHostConnections = 16  - Libcurl will limit the number of connections to a host
LogInit:  - LocalHostAddr = Default
LogInit:  - BufferSize = 65536
LogInit: WinSock: version 1.1 (2.2), MaxSocks=32767, MaxUdp=65467
LogInit: Build: ++UE4+Release-4.21-CL-4753647
LogInit: Engine Version: 4.21.2-4753647+++UE4+Release-4.21
LogInit: Compatible Engine Version: 4.21.0-4541578+++UE4+Release-4.21
LogInit: Net CL: 4541578
LogInit: OS: Windows 10 (), CPU:       Intel(R) Xeon(R) CPU E5-2697 v2 @ 2.70GHz, GPU: AMD FirePro D700 (FireGL V)
LogInit: Compiled (64-bit): Jan 19 2019 02:07:31
LogInit: Compiled with Visual C++: 19.13.26129.00
LogInit: Build Configuration: Development
LogInit: Branch Name: ++UE4+Release-4.21
LogInit: Command Line:  /Game/Maps/Cave_Map -game -PIEVIACONSOLE -ResX=1280 -ResY=720 -Multiprocess -messaging -SessionName="Play in Standalone Game" -windowed
LogInit: Base Directory: C:/Program Files/Epic Games/UE_4.21/Engine/Binaries/Win64/
LogInit: Installed Engine Build: 1
LogDevObjectVersion: Number of dev versions registered: 22
LogDevObjectVersion:   Dev-Blueprints (B0D832E4-1F89-4F0D-ACCF-7EB736FD4AA2): 10
LogDevObjectVersion:   Dev-Build (E1C64328-A22C-4D53-A36C-8E866417BD8C): 0
LogDevObjectVersion:   Dev-Core (375EC13C-06E4-48FB-B500-84F0262A717E): 2
LogDevObjectVersion:   Dev-Editor (E4B068ED-F494-42E9-A231-DA0B2E46BB41): 26
LogDevObjectVersion:   Dev-Framework (CFFC743F-43B0-4480-9391-14DF171D2073): 34
LogDevObjectVersion:   Dev-Mobile (B02B49B5-BB20-44E9-A304-32B752E40360): 2
LogDevObjectVersion:   Dev-Networking (A4E4105C-59A1-49B5-A7C5-40C4547EDFEE): 0
LogDevObjectVersion:   Dev-Online (39C831C9-5AE6-47DC-9A44-9C173E1C8E7C): 0
LogDevObjectVersion:   Dev-Physics (78F01B33-EBEA-4F98-B9B4-84EACCB95AA2): 0
LogDevObjectVersion:   Dev-Platform (6631380F-2D4D-43E0-8009-CF276956A95A): 0
LogDevObjectVersion:   Dev-Rendering (12F88B9F-8875-4AFC-A67C-D90C383ABD29): 27
LogDevObjectVersion:   Dev-Sequencer (7B5AE74C-D270-4C10-A958-57980B212A5A): 9
LogDevObjectVersion:   Dev-VR (D7296918-1DD6-4BDD-9DE2-64A83CC13884): 2
LogDevObjectVersion:   Dev-LoadTimes (C2A15278-BFE7-4AFE-6C17-90FF531DF755): 1
LogDevObjectVersion:   Private-Geometry (6EACA3D4-40EC-4CC1-B786-8BED09428FC5): 3
LogDevObjectVersion:   Dev-AnimPhys (29E575DD-E0A3-4627-9D10-D276232CDCEA): 17
LogDevObjectVersion:   Dev-Anim (AF43A65D-7FD3-4947-9873-3E8ED9C1BB05): 2
LogDevObjectVersion:   Dev-ReflectionCapture (6B266CEC-1EC7-4B8F-A30B-E4D90942FC07): 1
LogDevObjectVersion:   Dev-Automation (0DF73D61-A23F-47EA-B727-89E90C41499A): 1
LogDevObjectVersion:   FortniteMain (601D1886-AC64-4F84-AA16-D3DE0DEAC7D6): 17
LogDevObjectVersion:   Dev-Enterprise (9DFFBCD6-494F-0158-E221-12823C92A888): 4
LogDevObjectVersion:   Dev-Niagara (F2AED0AC-9AFE-416F-8664-AA7FFA26D6FC): 1
LogStreaming: Display: Took  0.001s to delete old logs.
LogInit: Presizing for max 8388607 objects, including 0 objects not considered by GC, pre-allocating 0 bytes for permanent pool.
LogInit: Object subsystem initialized
LogConfig: Setting CVar [[con.DebugEarlyDefault:1]]
LogConfig: Setting CVar [[r.setres:1280x720]]
[2019.04.15-21.04.05:217][  0]LogConfig: Setting CVar [[con.DebugEarlyDefault:1]]
[2019.04.15-21.04.05:217][  0]LogConfig: Setting CVar [[r.setres:1280x720]]
[2019.04.15-21.04.05:217][  0]LogConfig: Applying CVar settings from Section [/Script/Engine.RendererSettings] File [C:/Users/Graphic/Documents/Hunter-Mage/source/HunterMage/Saved/Config/Windows/Engine.ini]
[2019.04.15-21.04.05:217][  0]LogConfig: Setting CVar [[r.GPUCrashDebugging:0]]
[2019.04.15-21.04.05:217][  0]LogConfig: Applying CVar settings from Section [/Script/Engine.RendererOverrideSettings] File [C:/Users/Graphic/Documents/Hunter-Mage/source/HunterMage/Saved/Config/Windows/Engine.ini]
[2019.04.15-21.04.05:217][  0]LogConfig: Applying CVar settings from Section [/Script/Engine.StreamingSettings] File [C:/Users/Graphic/Documents/Hunter-Mage/source/HunterMage/Saved/Config/Windows/Engine.ini]
[2019.04.15-21.04.05:217][  0]LogConfig: Setting CVar [[s.MinBulkDataSizeForAsyncLoading:131072]]
[2019.04.15-21.04.05:218][  0]LogConfig: Setting CVar [[s.AsyncLoadingThreadEnabled:0]]
[2019.04.15-21.04.05:218][  0]LogConfig: Setting CVar [[s.EventDrivenLoaderEnabled:1]]
[2019.04.15-21.04.05:218][  0]LogConfig: Setting CVar [[s.WarnIfTimeLimitExceeded:0]]
[2019.04.15-21.04.05:218][  0]LogConfig: Setting CVar [[s.TimeLimitExceededMultiplier:1.5]]
[2019.04.15-21.04.05:218][  0]LogConfig: Setting CVar [[s.TimeLimitExceededMinTime:0.005]]
[2019.04.15-21.04.05:218][  0]LogConfig: Setting CVar [[s.UseBackgroundLevelStreaming:1]]
[2019.04.15-21.04.05:218][  0]LogConfig: Setting CVar [[s.PriorityAsyncLoadingExtraTime:15.0]]
[2019.04.15-21.04.05:218][  0]LogConfig: Setting CVar [[s.LevelStreamingActorsUpdateTimeLimit:5.0]]
[2019.04.15-21.04.05:218][  0]LogConfig: Setting CVar [[s.PriorityLevelStreamingActorsUpdateExtraTime:5.0]]
[2019.04.15-21.04.05:218][  0]LogConfig: Setting CVar [[s.LevelStreamingComponentsRegistrationGranularity:10]]
[2019.04.15-21.04.05:218][  0]LogConfig: Setting CVar [[s.UnregisterComponentsTimeLimit:1.0]]
[2019.04.15-21.04.05:218][  0]LogConfig: Setting CVar [[s.LevelStreamingComponentsUnregistrationGranularity:5]]
[2019.04.15-21.04.05:218][  0]LogConfig: Applying CVar settings from Section [/Script/Engine.GarbageCollectionSettings] File [C:/Users/Graphic/Documents/Hunter-Mage/source/HunterMage/Saved/Config/Windows/Engine.ini]
[2019.04.15-21.04.05:218][  0]LogConfig: Setting CVar [[gc.MaxObjectsNotConsideredByGC:1]]
[2019.04.15-21.04.05:218][  0]LogConfig: Setting CVar [[gc.SizeOfPermanentObjectPool:0]]
[2019.04.15-21.04.05:218][  0]LogConfig: Setting CVar [[gc.FlushStreamingOnGC:0]]
[2019.04.15-21.04.05:218][  0]LogConfig: Setting CVar [[gc.NumRetriesBeforeForcingGC:10]]
[2019.04.15-21.04.05:218][  0]LogConfig: Setting CVar [[gc.AllowParallelGC:1]]
[2019.04.15-21.04.05:218][  0]LogConfig: Setting CVar [[gc.TimeBetweenPurgingPendingKillObjects:61.1]]
[2019.04.15-21.04.05:218][  0]LogConfig: Setting CVar [[gc.MaxObjectsInEditor:8388607]]
[2019.04.15-21.04.05:218][  0]LogConfig: Setting CVar [[gc.IncrementalBeginDestroyEnabled:1]]
[2019.04.15-21.04.05:218][  0]LogConfig: Setting CVar [[gc.CreateGCClusters:1]]
[2019.04.15-21.04.05:218][  0]LogConfig: Setting CVar [[gc.MergeGCClusters:0]]
[2019.04.15-21.04.05:218][  0]LogConfig: Setting CVar [[gc.MinGCClusterSize:5]]
[2019.04.15-21.04.05:218][  0]LogConfig: Setting CVar [[gc.ActorClusteringEnabled:0]]
[2019.04.15-21.04.05:218][  0]LogConfig: Setting CVar [[gc.BlueprintClusteringEnabled:0]]
[2019.04.15-21.04.05:218][  0]LogConfig: Setting CVar [[gc.UseDisregardForGCOnDedicatedServers:0]]
[2019.04.15-21.04.05:218][  0]LogConfig: Applying CVar settings from Section [/Script/Engine.NetworkSettings] File [C:/Users/Graphic/Documents/Hunter-Mage/source/HunterMage/Saved/Config/Windows/Engine.ini]
[2019.04.15-21.04.05:218][  0]LogConfig: Applying CVar settings from Section [/Script/UnrealEd.CookerSettings] File [C:/Users/Graphic/Documents/Hunter-Mage/source/HunterMage/Saved/Config/Windows/Engine.ini]
[2019.04.15-21.04.05:228][  0]LogConfig: Applying CVar settings from Section [ViewDistanceQuality@3] File [C:/Users/Graphic/Documents/Hunter-Mage/source/HunterMage/Saved/Config/Windows/Scalability.ini]
[2019.04.15-21.04.05:228][  0]LogConfig: Setting CVar [[r.SkeletalMeshLODBias:0]]
[2019.04.15-21.04.05:228][  0]LogConfig: Setting CVar [[r.ViewDistanceScale:1.0]]
[2019.04.15-21.04.05:228][  0]LogConfig: Applying CVar settings from Section [AntiAliasingQuality@3] File [C:/Users/Graphic/Documents/Hunter-Mage/source/HunterMage/Saved/Config/Windows/Scalability.ini]
[2019.04.15-21.04.05:228][  0]LogConfig: Setting CVar [[r.PostProcessAAQuality:4]]
[2019.04.15-21.04.05:228][  0]LogConfig: Applying CVar settings from Section [ShadowQuality@3] File [C:/Users/Graphic/Documents/Hunter-Mage/source/HunterMage/Saved/Config/Windows/Scalability.ini]
[2019.04.15-21.04.05:228][  0]LogConfig: Setting CVar [[r.LightFunctionQuality:1]]
[2019.04.15-21.04.05:228][  0]LogConfig: Setting CVar [[r.ShadowQuality:5]]
[2019.04.15-21.04.05:228][  0]LogConfig: Setting CVar [[r.Shadow.CSM.MaxCascades:10]]
[2019.04.15-21.04.05:228][  0]LogConfig: Setting CVar [[r.Shadow.MaxResolution:2048]]
[2019.04.15-21.04.05:228][  0]LogConfig: Setting CVar [[r.Shadow.MaxCSMResolution:2048]]
[2019.04.15-21.04.05:228][  0]LogConfig: Setting CVar [[r.Shadow.RadiusThreshold:0.01]]
[2019.04.15-21.04.05:228][  0]LogConfig: Setting CVar [[r.Shadow.DistanceScale:1.0]]
[2019.04.15-21.04.05:228][  0]LogConfig: Setting CVar [[r.Shadow.CSM.TransitionScale:1.0]]
[2019.04.15-21.04.05:228][  0]LogConfig: Setting CVar [[r.Shadow.PreShadowResolutionFactor:1.0]]
[2019.04.15-21.04.05:228][  0]LogConfig: Setting CVar [[r.DistanceFieldShadowing:1]]
[2019.04.15-21.04.05:228][  0]LogConfig: Setting CVar [[r.DistanceFieldAO:1]]
[2019.04.15-21.04.05:228][  0]LogConfig: Setting CVar [[r.AOQuality:2]]
[2019.04.15-21.04.05:228][  0]LogConfig: Setting CVar [[r.VolumetricFog:1]]
[2019.04.15-21.04.05:228][  0]LogConfig: Setting CVar [[r.VolumetricFog.GridPixelSize:8]]
[2019.04.15-21.04.05:228][  0]LogConfig: Setting CVar [[r.VolumetricFog.GridSizeZ:128]]
[2019.04.15-21.04.05:228][  0]LogConfig: Setting CVar [[r.VolumetricFog.HistoryMissSupersampleCount:4]]
[2019.04.15-21.04.05:228][  0]LogConfig: Setting CVar [[r.LightMaxDrawDistanceScale:1]]
[2019.04.15-21.04.05:228][  0]LogConfig: Setting CVar [[r.CapsuleShadows:1]]
[2019.04.15-21.04.05:228][  0]LogConfig: Applying CVar settings from Section [PostProcessQuality@3] File [C:/Users/Graphic/Documents/Hunter-Mage/source/HunterMage/Saved/Config/Windows/Scalability.ini]
[2019.04.15-21.04.05:228][  0]LogConfig: Setting CVar [[r.MotionBlurQuality:4]]
[2019.04.15-21.04.05:228][  0]LogConfig: Setting CVar [[r.AmbientOcclusionMipLevelFactor:0.4]]
[2019.04.15-21.04.05:228][  0]LogConfig: Setting CVar [[r.AmbientOcclusionMaxQuality:100]]
[2019.04.15-21.04.05:228][  0]LogConfig: Setting CVar [[r.AmbientOcclusionLevels:-1]]
[2019.04.15-21.04.05:228][  0]LogConfig: Setting CVar [[r.AmbientOcclusionRadiusScale:1.0]]
[2019.04.15-21.04.05:228][  0]LogConfig: Setting CVar [[r.DepthOfFieldQuality:2]]
[2019.04.15-21.04.05:228][  0]LogConfig: Setting CVar [[r.RenderTargetPoolMin:400]]
[2019.04.15-21.04.05:228][  0]LogConfig: Setting CVar [[r.LensFlareQuality:2]]
[2019.04.15-21.04.05:228][  0]LogConfig: Setting CVar [[r.SceneColorFringeQuality:1]]
[2019.04.15-21.04.05:228][  0]LogConfig: Setting CVar [[r.EyeAdaptationQuality:2]]
[2019.04.15-21.04.05:229][  0]LogConfig: Setting CVar [[r.BloomQuality:5]]
[2019.04.15-21.04.05:229][  0]LogConfig: Setting CVar [[r.FastBlurThreshold:100]]
[2019.04.15-21.04.05:229][  0]LogConfig: Setting CVar [[r.Upscale.Quality:3]]
[2019.04.15-21.04.05:229][  0]LogConfig: Setting CVar [[r.Tonemapper.GrainQuantization:1]]
[2019.04.15-21.04.05:229][  0]LogConfig: Setting CVar [[r.LightShaftQuality:1]]
[2019.04.15-21.04.05:229][  0]LogConfig: Setting CVar [[r.Filter.SizeScale:1]]
[2019.04.15-21.04.05:229][  0]LogConfig: Setting CVar [[r.Tonemapper.Quality:5]]
[2019.04.15-21.04.05:229][  0]LogConfig: Setting CVar [[r.DOF.Gather.AccumulatorQuality:1        ; higher gathering accumulator quality]]
[2019.04.15-21.04.05:229][  0]LogConfig: Setting CVar [[r.DOF.Gather.PostfilterMethod:1          ; Median3x3 postfilering method]]
[2019.04.15-21.04.05:229][  0]LogConfig: Setting CVar [[r.DOF.Gather.EnableBokehSettings:0       ; no bokeh simulation when gathering]]
[2019.04.15-21.04.05:229][  0]LogConfig: Setting CVar [[r.DOF.Gather.RingCount:4                 ; medium number of samples when gathering]]
[2019.04.15-21.04.05:229][  0]LogConfig: Setting CVar [[r.DOF.Scatter.ForegroundCompositing:1    ; additive foreground scattering]]
[2019.04.15-21.04.05:229][  0]LogConfig: Setting CVar [[r.DOF.Scatter.BackgroundCompositing:2    ; additive background scattering]]
[2019.04.15-21.04.05:229][  0]LogConfig: Setting CVar [[r.DOF.Scatter.EnableBokehSettings:1      ; bokeh simulation when scattering]]
[2019.04.15-21.04.05:229][  0]LogConfig: Setting CVar [[r.DOF.Scatter.MaxSpriteRatio:0.1         ; only a maximum of 10% of scattered bokeh]]
[2019.04.15-21.04.05:229][  0]LogConfig: Setting CVar [[r.DOF.Recombine.Quality:1                ; cheap slight out of focus]]
[2019.04.15-21.04.05:229][  0]LogConfig: Setting CVar [[r.DOF.Recombine.EnableBokehSettings:0    ; no bokeh simulation on slight out of focus]]
[2019.04.15-21.04.05:229][  0]LogConfig: Setting CVar [[r.DOF.TemporalAAQuality:1                ; more stable temporal accumulation]]
[2019.04.15-21.04.05:229][  0]LogConfig: Setting CVar [[r.DOF.Kernel.MaxForegroundRadius:0.025]]
[2019.04.15-21.04.05:229][  0]LogConfig: Setting CVar [[r.DOF.Kernel.MaxBackgroundRadius:0.025]]
[2019.04.15-21.04.05:229][  0]LogConfig: Applying CVar settings from Section [TextureQuality@3] File [C:/Users/Graphic/Documents/Hunter-Mage/source/HunterMage/Saved/Config/Windows/Scalability.ini]
[2019.04.15-21.04.05:229][  0]LogConfig: Setting CVar [[r.Streaming.MipBias:0]]
[2019.04.15-21.04.05:229][  0]LogConfig: Setting CVar [[r.Streaming.AmortizeCPUToGPUCopy:0]]
[2019.04.15-21.04.05:229][  0]LogConfig: Setting CVar [[r.Streaming.MaxNumTexturesToStreamPerFrame:0]]
[2019.04.15-21.04.05:229][  0]LogConfig: Setting CVar [[r.Streaming.Boost:1]]
[2019.04.15-21.04.05:229][  0]LogConfig: Setting CVar [[r.MaxAnisotropy:8]]
[2019.04.15-21.04.05:229][  0]LogConfig: Setting CVar [[r.Streaming.LimitPoolSizeToVRAM:0]]
[2019.04.15-21.04.05:229][  0]LogConfig: Setting CVar [[r.Streaming.PoolSize:1000]]
[2019.04.15-21.04.05:229][  0]LogConfig: Setting CVar [[r.Streaming.MaxEffectiveScreenSize:0]]
[2019.04.15-21.04.05:229][  0]LogConfig: Applying CVar settings from Section [EffectsQuality@3] File [C:/Users/Graphic/Documents/Hunter-Mage/source/HunterMage/Saved/Config/Windows/Scalability.ini]
[2019.04.15-21.04.05:229][  0]LogConfig: Setting CVar [[r.TranslucencyLightingVolumeDim:64]]
[2019.04.15-21.04.05:229][  0]LogConfig: Setting CVar [[r.RefractionQuality:2]]
[2019.04.15-21.04.05:229][  0]LogConfig: Setting CVar [[r.SSR.Quality:3]]
[2019.04.15-21.04.05:229][  0]LogConfig: Setting CVar [[r.SceneColorFormat:4]]
[2019.04.15-21.04.05:229][  0]LogConfig: Setting CVar [[r.DetailMode:2]]
[2019.04.15-21.04.05:229][  0]LogConfig: Setting CVar [[r.TranslucencyVolumeBlur:1]]
[2019.04.15-21.04.05:229][  0]LogConfig: Setting CVar [[r.MaterialQualityLevel:1 ; High quality]]
[2019.04.15-21.04.05:229][  0]LogConfig: Setting CVar [[r.SSS.Scale:1]]
[2019.04.15-21.04.05:229][  0]LogConfig: Setting CVar [[r.SSS.SampleSet:2]]
[2019.04.15-21.04.05:229][  0]LogConfig: Setting CVar [[r.SSS.Quality:1]]
[2019.04.15-21.04.05:229][  0]LogConfig: Setting CVar [[r.SSS.HalfRes:1]]
[2019.04.15-21.04.05:229][  0]LogConfig: Setting CVar [[r.EmitterSpawnRateScale:1.0]]
[2019.04.15-21.04.05:229][  0]LogConfig: Setting CVar [[r.ParticleLightQuality:2]]
[2019.04.15-21.04.05:229][  0]LogConfig: Applying CVar settings from Section [FoliageQuality@3] File [C:/Users/Graphic/Documents/Hunter-Mage/source/HunterMage/Saved/Config/Windows/Scalability.ini]
[2019.04.15-21.04.05:229][  0]LogConfig: Setting CVar [[foliage.DensityScale:1.0]]
[2019.04.15-21.04.05:229][  0]LogConfig: Setting CVar [[grass.DensityScale:1.0]]
[2019.04.15-21.04.05:229][  0]LogInit: Selected Device Profile: [Windows]
[2019.04.15-21.04.05:229][  0]LogInit: Applying CVar settings loaded from the selected device profile: [Windows]
[2019.04.15-21.04.05:266][  0]LogHAL: Display: Platform has ~ 32 GB [34329387008 / 34359738368 / 32], which maps to Largest [LargestMinGB=32, LargerMinGB=12, DefaultMinGB=8, SmallerMinGB=6, SmallestMinGB=0)
[2019.04.15-21.04.05:266][  0]LogConfig: Setting CVar [[r.Vulkan.UseRealUBs:1]]
[2019.04.15-21.04.05:266][  0]LogInit: Going up to parent DeviceProfile []
[2019.04.15-21.04.05:266][  0]LogConfig: Applying CVar settings from Section [ViewDistanceQuality@3] File [C:/Users/Graphic/Documents/Hunter-Mage/source/HunterMage/Saved/Config/Windows/Scalability.ini]
[2019.04.15-21.04.05:266][  0]LogConfig: Setting CVar [[r.SkeletalMeshLODBias:0]]
[2019.04.15-21.04.05:266][  0]LogConfig: Setting CVar [[r.ViewDistanceScale:1.0]]
[2019.04.15-21.04.05:266][  0]LogConfig: Applying CVar settings from Section [AntiAliasingQuality@3] File [C:/Users/Graphic/Documents/Hunter-Mage/source/HunterMage/Saved/Config/Windows/Scalability.ini]
[2019.04.15-21.04.05:266][  0]LogConfig: Setting CVar [[r.PostProcessAAQuality:4]]
[2019.04.15-21.04.05:266][  0]LogConfig: Applying CVar settings from Section [ShadowQuality@3] File [C:/Users/Graphic/Documents/Hunter-Mage/source/HunterMage/Saved/Config/Windows/Scalability.ini]
[2019.04.15-21.04.05:266][  0]LogConfig: Setting CVar [[r.LightFunctionQuality:1]]
[2019.04.15-21.04.05:266][  0]LogConfig: Setting CVar [[r.ShadowQuality:5]]
[2019.04.15-21.04.05:266][  0]LogConfig: Setting CVar [[r.Shadow.CSM.MaxCascades:10]]
[2019.04.15-21.04.05:266][  0]LogConfig: Setting CVar [[r.Shadow.MaxResolution:2048]]
[2019.04.15-21.04.05:266][  0]LogConfig: Setting CVar [[r.Shadow.MaxCSMResolution:2048]]
[2019.04.15-21.04.05:266][  0]LogConfig: Setting CVar [[r.Shadow.RadiusThreshold:0.01]]
[2019.04.15-21.04.05:266][  0]LogConfig: Setting CVar [[r.Shadow.DistanceScale:1.0]]
[2019.04.15-21.04.05:266][  0]LogConfig: Setting CVar [[r.Shadow.CSM.TransitionScale:1.0]]
[2019.04.15-21.04.05:266][  0]LogConfig: Setting CVar [[r.Shadow.PreShadowResolutionFactor:1.0]]
[2019.04.15-21.04.05:266][  0]LogConfig: Setting CVar [[r.DistanceFieldShadowing:1]]
[2019.04.15-21.04.05:266][  0]LogConfig: Setting CVar [[r.DistanceFieldAO:1]]
[2019.04.15-21.04.05:266][  0]LogConfig: Setting CVar [[r.AOQuality:2]]
[2019.04.15-21.04.05:266][  0]LogConfig: Setting CVar [[r.VolumetricFog:1]]
[2019.04.15-21.04.05:266][  0]LogConfig: Setting CVar [[r.VolumetricFog.GridPixelSize:8]]
[2019.04.15-21.04.05:266][  0]LogConfig: Setting CVar [[r.VolumetricFog.GridSizeZ:128]]
[2019.04.15-21.04.05:266][  0]LogConfig: Setting CVar [[r.VolumetricFog.HistoryMissSupersampleCount:4]]
[2019.04.15-21.04.05:266][  0]LogConfig: Setting CVar [[r.LightMaxDrawDistanceScale:1]]
[2019.04.15-21.04.05:266][  0]LogConfig: Setting CVar [[r.CapsuleShadows:1]]
[2019.04.15-21.04.05:266][  0]LogConfig: Applying CVar settings from Section [PostProcessQuality@3] File [C:/Users/Graphic/Documents/Hunter-Mage/source/HunterMage/Saved/Config/Windows/Scalability.ini]
[2019.04.15-21.04.05:267][  0]LogConfig: Setting CVar [[r.MotionBlurQuality:4]]
[2019.04.15-21.04.05:267][  0]LogConfig: Setting CVar [[r.AmbientOcclusionMipLevelFactor:0.4]]
[2019.04.15-21.04.05:267][  0]LogConfig: Setting CVar [[r.AmbientOcclusionMaxQuality:100]]
[2019.04.15-21.04.05:267][  0]LogConfig: Setting CVar [[r.AmbientOcclusionLevels:-1]]
[2019.04.15-21.04.05:267][  0]LogConfig: Setting CVar [[r.AmbientOcclusionRadiusScale:1.0]]
[2019.04.15-21.04.05:267][  0]LogConfig: Setting CVar [[r.DepthOfFieldQuality:2]]
[2019.04.15-21.04.05:267][  0]LogConfig: Setting CVar [[r.RenderTargetPoolMin:400]]
[2019.04.15-21.04.05:267][  0]LogConfig: Setting CVar [[r.LensFlareQuality:2]]
[2019.04.15-21.04.05:267][  0]LogConfig: Setting CVar [[r.SceneColorFringeQuality:1]]
[2019.04.15-21.04.05:267][  0]LogConfig: Setting CVar [[r.EyeAdaptationQuality:2]]
[2019.04.15-21.04.05:267][  0]LogConfig: Setting CVar [[r.BloomQuality:5]]
[2019.04.15-21.04.05:267][  0]LogConfig: Setting CVar [[r.FastBlurThreshold:100]]
[2019.04.15-21.04.05:267][  0]LogConfig: Setting CVar [[r.Upscale.Quality:3]]
[2019.04.15-21.04.05:267][  0]LogConfig: Setting CVar [[r.Tonemapper.GrainQuantization:1]]
[2019.04.15-21.04.05:267][  0]LogConfig: Setting CVar [[r.LightShaftQuality:1]]
[2019.04.15-21.04.05:267][  0]LogConfig: Setting CVar [[r.Filter.SizeScale:1]]
[2019.04.15-21.04.05:267][  0]LogConfig: Setting CVar [[r.Tonemapper.Quality:5]]
[2019.04.15-21.04.05:267][  0]LogConfig: Setting CVar [[r.DOF.Gather.AccumulatorQuality:1        ; higher gathering accumulator quality]]
[2019.04.15-21.04.05:267][  0]LogConfig: Setting CVar [[r.DOF.Gather.PostfilterMethod:1          ; Median3x3 postfilering method]]
[2019.04.15-21.04.05:267][  0]LogConfig: Setting CVar [[r.DOF.Gather.EnableBokehSettings:0       ; no bokeh simulation when gathering]]
[2019.04.15-21.04.05:267][  0]LogConfig: Setting CVar [[r.DOF.Gather.RingCount:4                 ; medium number of samples when gathering]]
[2019.04.15-21.04.05:267][  0]LogConfig: Setting CVar [[r.DOF.Scatter.ForegroundCompositing:1    ; additive foreground scattering]]
[2019.04.15-21.04.05:267][  0]LogConfig: Setting CVar [[r.DOF.Scatter.BackgroundCompositing:2    ; additive background scattering]]
[2019.04.15-21.04.05:267][  0]LogConfig: Setting CVar [[r.DOF.Scatter.EnableBokehSettings:1      ; bokeh simulation when scattering]]
[2019.04.15-21.04.05:267][  0]LogConfig: Setting CVar [[r.DOF.Scatter.MaxSpriteRatio:0.1         ; only a maximum of 10% of scattered bokeh]]
[2019.04.15-21.04.05:267][  0]LogConfig: Setting CVar [[r.DOF.Recombine.Quality:1                ; cheap slight out of focus]]
[2019.04.15-21.04.05:267][  0]LogConfig: Setting CVar [[r.DOF.Recombine.EnableBokehSettings:0    ; no bokeh simulation on slight out of focus]]
[2019.04.15-21.04.05:267][  0]LogConfig: Setting CVar [[r.DOF.TemporalAAQuality:1                ; more stable temporal accumulation]]
[2019.04.15-21.04.05:267][  0]LogConfig: Setting CVar [[r.DOF.Kernel.MaxForegroundRadius:0.025]]
[2019.04.15-21.04.05:267][  0]LogConfig: Setting CVar [[r.DOF.Kernel.MaxBackgroundRadius:0.025]]
[2019.04.15-21.04.05:267][  0]LogConfig: Applying CVar settings from Section [TextureQuality@3] File [C:/Users/Graphic/Documents/Hunter-Mage/source/HunterMage/Saved/Config/Windows/Scalability.ini]
[2019.04.15-21.04.05:267][  0]LogConfig: Setting CVar [[r.Streaming.MipBias:0]]
[2019.04.15-21.04.05:267][  0]LogConfig: Setting CVar [[r.Streaming.AmortizeCPUToGPUCopy:0]]
[2019.04.15-21.04.05:267][  0]LogConfig: Setting CVar [[r.Streaming.MaxNumTexturesToStreamPerFrame:0]]
[2019.04.15-21.04.05:267][  0]LogConfig: Setting CVar [[r.Streaming.Boost:1]]
[2019.04.15-21.04.05:267][  0]LogConfig: Setting CVar [[r.MaxAnisotropy:8]]
[2019.04.15-21.04.05:267][  0]LogConfig: Setting CVar [[r.Streaming.LimitPoolSizeToVRAM:0]]
[2019.04.15-21.04.05:267][  0]LogConfig: Setting CVar [[r.Streaming.PoolSize:1000]]
[2019.04.15-21.04.05:267][  0]LogConfig: Setting CVar [[r.Streaming.MaxEffectiveScreenSize:0]]
[2019.04.15-21.04.05:267][  0]LogConfig: Applying CVar settings from Section [EffectsQuality@3] File [C:/Users/Graphic/Documents/Hunter-Mage/source/HunterMage/Saved/Config/Windows/Scalability.ini]
[2019.04.15-21.04.05:267][  0]LogConfig: Setting CVar [[r.TranslucencyLightingVolumeDim:64]]
[2019.04.15-21.04.05:267][  0]LogConfig: Setting CVar [[r.RefractionQuality:2]]
[2019.04.15-21.04.05:267][  0]LogConfig: Setting CVar [[r.SSR.Quality:3]]
[2019.04.15-21.04.05:267][  0]LogConfig: Setting CVar [[r.SceneColorFormat:4]]
[2019.04.15-21.04.05:267][  0]LogConfig: Setting CVar [[r.DetailMode:2]]
[2019.04.15-21.04.05:267][  0]LogConfig: Setting CVar [[r.TranslucencyVolumeBlur:1]]
[2019.04.15-21.04.05:267][  0]LogConfig: Setting CVar [[r.MaterialQualityLevel:1 ; High quality]]
[2019.04.15-21.04.05:267][  0]LogConfig: Setting CVar [[r.SSS.Scale:1]]
[2019.04.15-21.04.05:267][  0]LogConfig: Setting CVar [[r.SSS.SampleSet:2]]
[2019.04.15-21.04.05:267][  0]LogConfig: Setting CVar [[r.SSS.Quality:1]]
[2019.04.15-21.04.05:267][  0]LogConfig: Setting CVar [[r.SSS.HalfRes:1]]
[2019.04.15-21.04.05:267][  0]LogConfig: Setting CVar [[r.EmitterSpawnRateScale:1.0]]
[2019.04.15-21.04.05:267][  0]LogConfig: Setting CVar [[r.ParticleLightQuality:2]]
[2019.04.15-21.04.05:267][  0]LogConfig: Applying CVar settings from Section [FoliageQuality@3] File [C:/Users/Graphic/Documents/Hunter-Mage/source/HunterMage/Saved/Config/Windows/Scalability.ini]
[2019.04.15-21.04.05:267][  0]LogConfig: Setting CVar [[foliage.DensityScale:1.0]]
[2019.04.15-21.04.05:267][  0]LogConfig: Setting CVar [[grass.DensityScale:1.0]]
[2019.04.15-21.04.05:267][  0]LogConfig: Applying CVar settings from Section [Startup] File [../../../Engine/Config/ConsoleVariables.ini]
[2019.04.15-21.04.05:268][  0]LogConfig: Setting CVar [[net.UseAdaptiveNetUpdateFrequency:0]]
[2019.04.15-21.04.05:268][  0]LogConfig: Applying CVar settings from Section [ConsoleVariables] File [C:/Users/Graphic/Documents/Hunter-Mage/source/HunterMage/Saved/Config/Windows/Engine.ini]
[2019.04.15-21.04.05:268][  0]LogInit: Computer: SJH607-13W
[2019.04.15-21.04.05:268][  0]LogInit: User: Graphic
[2019.04.15-21.04.05:268][  0]LogInit: CPU Page size=4096, Cores=12
[2019.04.15-21.04.05:268][  0]LogInit: High frequency timer resolution =2.636718 MHz
[2019.04.15-21.04.05:268][  0]LogMemory: Memory total: Physical=32.0GB (32GB approx)
[2019.04.15-21.04.05:268][  0]LogMemory: Platform Memory Stats for Windows
[2019.04.15-21.04.05:268][  0]LogMemory: Process Physical Memory: 111.40 MB used, 113.24 MB peak
[2019.04.15-21.04.05:268][  0]LogMemory: Process Virtual Memory: 96.59 MB used, 96.59 MB peak
[2019.04.15-21.04.05:268][  0]LogMemory: Physical Memory: 13504.07 MB used,  19234.99 MB free, 32739.05 MB total
[2019.04.15-21.04.05:268][  0]LogMemory: Virtual Memory: 4719.89 MB used,  134213008.00 MB free, 134217728.00 MB total
[2019.04.15-21.04.05:284][  0]LogInit: Using OS detected language (en-US).
[2019.04.15-21.04.05:284][  0]LogInit: Using OS detected locale (en-US).
[2019.04.15-21.04.05:284][  0]LogTextLocalizationManager: No specific localization for 'en-US' exists, so the 'en' localization will be used.
[2019.04.15-21.04.05:741][  0]LogStreaming: Display: Took  0.458s to InitEngineTextLocalization.
[2019.04.15-21.04.05:775][  0]LogSlate: New Slate User Created.  User Index 0, Is Virtual User: 0
[2019.04.15-21.04.05:775][  0]LogSlate: Slate User Registered.  User Index 0, Is Virtual User: 0
[2019.04.15-21.04.05:791][  0]LogHMD: Failed to initialize OpenVR with code 110
[2019.04.15-21.04.05:791][  0]LogD3D11RHI: D3D11 adapters:
[2019.04.15-21.04.05:816][  0]LogD3D11RHI:    0. 'AMD FirePro D700 (FireGL V)' (Feature Level 11_0)
[2019.04.15-21.04.05:816][  0]LogD3D11RHI:       6124/0/16369 MB DedicatedVideo/DedicatedSystem/SharedSystem, Outputs:2, VendorId:0x1002
[2019.04.15-21.04.05:818][  0]LogD3D11RHI:    1. 'Microsoft Basic Render Driver' (Feature Level 11_0)
[2019.04.15-21.04.05:818][  0]LogD3D11RHI:       0/0/16369 MB DedicatedVideo/DedicatedSystem/SharedSystem, Outputs:0, VendorId:0x1414
[2019.04.15-21.04.05:818][  0]LogD3D11RHI: Chosen D3D11 Adapter: 0
[2019.04.15-21.04.05:825][  0]LogD3D11RHI: Creating new Direct3DDevice
[2019.04.15-21.04.05:825][  0]LogD3D11RHI:     GPU DeviceId: 0x6798 (for the marketing name, search the web for "GPU Device Id")
[2019.04.15-21.04.05:825][  0]LogWindows: EnumDisplayDevices:
[2019.04.15-21.04.05:826][  0]LogWindows:    0. 'AMD FirePro D700 (FireGL V)' (P:0 D:1)
[2019.04.15-21.04.05:826][  0]LogWindows:    1. 'AMD FirePro D700 (FireGL V)' (P:1 D:1)
[2019.04.15-21.04.05:826][  0]LogWindows:    2. 'AMD FirePro D700 (FireGL V)' (P:0 D:0)
[2019.04.15-21.04.05:827][  0]LogWindows:    3. 'AMD FirePro D700 (FireGL V)' (P:0 D:0)
[2019.04.15-21.04.05:827][  0]LogWindows:    4. 'AMD FirePro D700 (FireGL V)' (P:0 D:0)
[2019.04.15-21.04.05:827][  0]LogWindows:    5. 'AMD FirePro D700 (FireGL V)' (P:0 D:0)
[2019.04.15-21.04.05:828][  0]LogWindows: DebugString: FoundDriverCount:6 
[2019.04.15-21.04.05:828][  0]LogD3D11RHI:     Adapter Name: AMD FirePro D700 (FireGL V)
[2019.04.15-21.04.05:828][  0]LogD3D11RHI:   Driver Version: Crimson ReLive 17.6 (internal:22.19.170.1536, unified:22.19.170.1536)
[2019.04.15-21.04.05:828][  0]LogD3D11RHI:      Driver Date: 7-20-2017
[2019.04.15-21.04.05:828][  0]LogRHI: Texture pool is 4287 MB (70% of 6124 MB)
[2019.04.15-21.04.06:014][  0]LogD3D11RHI: Async texture creation enabled
[2019.04.15-21.04.06:028][  0]LogD3D11RHI: GPU Timing Frequency: 27.000000 (Debug: 2 1)
[2019.04.15-21.04.06:423][  0]LogTemp: Display: Loaded TP WindowsClientTargetPlatform
[2019.04.15-21.04.06:440][  0]LogTemp: Display: Loaded TP WindowsNoEditorTargetPlatform
[2019.04.15-21.04.06:456][  0]LogTemp: Display: Loaded TP WindowsServerTargetPlatform
[2019.04.15-21.04.06:473][  0]LogTemp: Display: Loaded TP WindowsTargetPlatform
[2019.04.15-21.04.06:473][  0]LogTargetPlatformManager: Display: Building Assets For Windows
[2019.04.15-21.04.06:531][  0]LogShaderCompilers: Guid format shader working directory is -24 characters bigger than the processId version (../../../../../../Users/Graphic/Documents/Hunter-Mage/source/HunterMage/Intermediate/Shaders/WorkingDirectory/22092/).
[2019.04.15-21.04.06:531][  0]LogShaderCompilers: Cleaned the shader compiler working directory 'C:/Users/Graphic/AppData/Local/Temp/UnrealShaderWorkingDir/54AB7B854AD03F616C8EB59CEC93ED35/'.
[2019.04.15-21.04.06:533][  0]LogXGEController: Cannot use XGE Controller as Incredibuild is not installed on this machine.
[2019.04.15-21.04.06:533][  0]LogShaderCompilers: Cannot use XGE Shader Compiler as Incredibuild is not installed on this machine.
[2019.04.15-21.04.06:533][  0]LogShaderCompilers: Display: Using Local Shader Compiler.
[2019.04.15-21.04.07:218][  0]LogDerivedDataCache: Display: Max Cache Size: 512 MB
[2019.04.15-21.04.07:273][  0]LogDerivedDataCache: Loaded boot cache 0.06s 71MB C:/Users/Graphic/AppData/Local/UnrealEngine/4.21/DerivedDataCache/Boot.ddc.
[2019.04.15-21.04.07:273][  0]LogDerivedDataCache: Display: Loaded Boot cache: C:/Users/Graphic/AppData/Local/UnrealEngine/4.21/DerivedDataCache/Boot.ddc
[2019.04.15-21.04.07:274][  0]LogDerivedDataCache: FDerivedDataBackendGraph:  Pak pak cache file ../../../../../../Users/Graphic/Documents/Hunter-Mage/source/HunterMage/DerivedDataCache/DDC.ddp not found, will not use a pak cache.
[2019.04.15-21.04.07:274][  0]LogDerivedDataCache: Unable to find inner node Pak for hierarchical cache Hierarchy.
[2019.04.15-21.04.07:274][  0]LogDerivedDataCache: FDerivedDataBackendGraph:  CompressedPak pak cache file ../../../../../../Users/Graphic/Documents/Hunter-Mage/source/HunterMage/DerivedDataCache/Compressed.ddp not found, will not use a pak cache.
[2019.04.15-21.04.07:274][  0]LogDerivedDataCache: Unable to find inner node CompressedPak for hierarchical cache Hierarchy.
[2019.04.15-21.04.07:289][  0]LogDerivedDataCache: Display: Pak cache opened for reading ../../../Engine/DerivedDataCache/Compressed.ddp.
[2019.04.15-21.04.07:290][  0]LogDerivedDataCache: FDerivedDataBackendGraph:  EnterprisePak pak cache file ../../../Enterprise/DerivedDataCache/Compressed.ddp not found, will not use a pak cache.
[2019.04.15-21.04.07:290][  0]LogDerivedDataCache: Unable to find inner node EnterprisePak for hierarchical cache Hierarchy.
[2019.04.15-21.04.07:302][  0]LogDerivedDataCache: Using Local data cache path C:/Users/Graphic/AppData/Local/UnrealEngine/Common/DerivedDataCache: Writable
[2019.04.15-21.04.07:302][  0]LogDerivedDataCache: Shared data cache path not found in *engine.ini, will not use an Shared cache.
[2019.04.15-21.04.07:302][  0]LogDerivedDataCache: Unable to find inner node Shared for hierarchical cache Hierarchy.
[2019.04.15-21.04.07:333][  0]LogMaterial: Verifying Global Shaders for PCD3D_SM5
[2019.04.15-21.04.07:338][  0]LogSlate: Using FreeType 2.6.0
[2019.04.15-21.04.07:338][  0]LogSlate: SlateFontServices - WITH_FREETYPE: 1, WITH_HARFBUZZ: 1
[2019.04.15-21.04.07:505][  0]LogInit: Using OS detected language (en-US).
[2019.04.15-21.04.07:505][  0]LogInit: Using OS detected locale (en-US).
[2019.04.15-21.04.07:505][  0]LogTextLocalizationManager: No localization for 'en-US' exists, so 'en' will be used for the language.
[2019.04.15-21.04.07:505][  0]LogTextLocalizationManager: No localization for 'en-US' exists, so 'en' will be used for the locale.
[2019.04.15-21.04.07:506][  0]LogSlate: FontCache flush requested. Reason: Culture for localization was changed
[2019.04.15-21.04.07:506][  0]LogSlate: FontCache flush requested. Reason: Culture for localization was changed
[2019.04.15-21.04.07:895][  0]LogStreaming: Display: Took  0.389s to InitGameTextLocalization.
[2019.04.15-21.04.07:903][  0]LogAssetRegistry: FAssetRegistry took 0.0049 seconds to start up
[2019.04.15-21.04.08:193][  0]LogPackageLocalizationCache: Processed 12 localized package path(s) for 1 prioritized culture(s) in 0.012124 seconds
[2019.04.15-21.04.10:894][  0]LogInit: Selected Device Profile: [Windows]
[2019.04.15-21.04.11:069][  0]LogSimplygon: Simplygon DLL not present - disabling.
[2019.04.15-21.04.11:073][  0]LogMeshReduction: Using SimplygonSwarm for distributed automatic mesh merging
[2019.04.15-21.04.11:073][  0]LogMeshReduction: Using ProxyLODMeshReduction for automatic mesh merging
[2019.04.15-21.04.11:073][  0]LogMeshReduction: Using QuadricMeshReduction for automatic static mesh reduction
[2019.04.15-21.04.11:073][  0]LogMeshReduction: No automatic skeletal mesh reduction module available
[2019.04.15-21.04.11:085][  0]LogNetVersion: HunterMage 1.0.0, NetCL: 4541578, EngineNetVer: 5, GameNetVer: 0 (Checksum: 16553758)
[2019.04.15-21.04.11:763][  0]LogMoviePlayer: Initializing movie player
[2019.04.15-21.04.11:905][  0]LogTcpMessaging: Initializing TcpMessaging bridge
[2019.04.15-21.04.11:918][  0]LogUdpMessaging: Initializing bridge on interface 0.0.0.0:0 to multicast group 230.0.0.1:6666.
[2019.04.15-21.04.12:017][  0]LogDlgSystem: Verbose: Creating new DlgGuid = `0A4A7DF44F6B6AC5368680845122B0B1` for Dialogue = `/Script/DlgSystem.Default__DlgDialogue` because of new created Dialogue.
[2019.04.15-21.04.12:017][  0]LogDlgSystem: Verbose: Started DlgSystemModule
[2019.04.15-21.04.12:023][  0]LogDlgSystemEditor: Verbose: Started DlgSystemEditorModule
[2019.04.15-21.04.12:039][  0]SourceControl: Source control is disabled
[2019.04.15-21.04.12:039][  0]SourceControl: Source control is disabled
[2019.04.15-21.04.12:040][  0]SourceControl: Source control is disabled
[2019.04.15-21.04.12:181][  0]LogAndroidPermission: UAndroidPermissionCallbackProxy::GetInstance
[2019.04.15-21.04.12:500][  0]LogOcInput: OculusInput pre-init called
[2019.04.15-21.04.12:509][  0]LogUObjectArray: 43996 objects as part of root set at end of initial load.
[2019.04.15-21.04.12:509][  0]LogUObjectAllocator: 7733936 out of 0 bytes used by permanent object pool.
[2019.04.15-21.04.12:509][  0]LogUObjectArray: CloseDisregardForGC: 0/0 objects in disregard for GC pool
[2019.04.15-21.04.12:653][  0]LogEngine: Initializing Engine...
[2019.04.15-21.04.12:654][  0]LogHMD: Failed to initialize OpenVR with code 110
[2019.04.15-21.04.12:666][  0]LogStats: UGameplayTagsManager::ConstructGameplayTagTree: ImportINI prefixes -  0.000 s
[2019.04.15-21.04.12:666][  0]LogStats: UGameplayTagsManager::ConstructGameplayTagTree: Construct from data asset -  0.000 s
[2019.04.15-21.04.12:666][  0]LogStats: UGameplayTagsManager::ConstructGameplayTagTree: ImportINI -  0.000 s
[2019.04.15-21.04.12:666][  0]LogStats: UGameplayTagsManager::ConstructGameplayTagTree: GameplayTagTreeChangedEvent.Broadcast -  0.000 s
[2019.04.15-21.04.12:924][  0]LogInit: Initializing FReadOnlyCVARCache
[2019.04.15-21.04.13:032][  0]LogInit: XAudio2 using 'Headphones (Cirrus Logic CS4208 (AB 120))' : 2 channels at 48 kHz using 32 bits per sample (channel mask 0x3)
[2019.04.15-21.04.13:057][  0]LogInit: FAudioDevice initialized.
[2019.04.15-21.04.13:069][  0]LogNetVersion: Set ProjectVersion to 1.0.0.0. Version Checksum will be recalculated on next use.
[2019.04.15-21.04.13:077][  0]LogInit: Texture streaming: Enabled
[2019.04.15-21.04.13:280][  0]LogSlate: Updating window title bar state: overlay mode, drag disabled, window buttons hidden, title bar hidden
[2019.04.15-21.04.13:280][  0]LogInit: Display: Game Engine Initialized.
[2019.04.15-21.04.13:280][  0]LogGameplayTags: Display: UGameplayTagsManager::DoneAddingNativeTags. DelegateIsBound: 0
[2019.04.15-21.04.13:280][  0]LogStats: UGameplayTagsManager::ConstructGameplayTagTree: ImportINI prefixes -  0.000 s
[2019.04.15-21.04.13:280][  0]LogStats: UGameplayTagsManager::ConstructGameplayTagTree: Construct from data asset -  0.000 s
[2019.04.15-21.04.13:280][  0]LogStats: UGameplayTagsManager::ConstructGameplayTagTree: ImportINI -  0.000 s
[2019.04.15-21.04.13:280][  0]LogStats: UGameplayTagsManager::ConstructGameplayTagTree: GameplayTagTreeChangedEvent.Broadcast -  0.000 s
[2019.04.15-21.04.13:280][  0]LogDlgSystemEditor: Verbose: DlgSystemEditorModule::HandleOnPostEngineInit
[2019.04.15-21.04.33:284][  0]LogAssetRegistry: Warning: C:\Users\Graphic\Documents\Hunter-Mage\source\HunterMage\Content\ParagonRampage\Characters\Maps\Lighting_Background.umap: Package has invalid export /Game/ParagonRampage/Characters/Maps/Lighting_Background_BuiltData.Lighting_Background_BuiltData, resave source package!
[2019.04.15-21.04.37:335][  0]LogDlgSystem: Verbose: Creating graph for Dialogue = `/Game/TopDownCPP/Blueprints/DlgMrCube.DlgMrCube`
[2019.04.15-21.04.37:335][  0]LogDlgSystem: Verbose: Creating new DlgGuid = `65D5CAF749E446ED78F65FA597BE0A9F` for Dialogue = `/Game/TopDownCPP/Blueprints/DlgMrCube.DlgMrCube` because of new created Dialogue.
[2019.04.15-21.04.40:347][  0]LogDlgSystem: Verbose: Creating graph for Dialogue = `/Game/TopDownCPP/Blueprints/DlgMrCube2.DlgMrCube2`
[2019.04.15-21.04.40:348][  0]LogDlgSystem: Verbose: Creating new DlgGuid = `965ABF4C40CDE5209435D191081DBCEF` for Dialogue = `/Game/TopDownCPP/Blueprints/DlgMrCube2.DlgMrCube2` because of new created Dialogue.
[2019.04.15-21.04.40:353][  0]LogDlgSystem: Verbose: Creating graph for Dialogue = `/Game/TopDownCPP/Blueprints/DlgMrCube3.DlgMrCube3`
[2019.04.15-21.04.40:353][  0]LogDlgSystem: Verbose: Creating new DlgGuid = `4A64FEFD4FD01794157E7FA0ABA33A91` for Dialogue = `/Game/TopDownCPP/Blueprints/DlgMrCube3.DlgMrCube3` because of new created Dialogue.
[2019.04.15-21.04.40:358][  0]LogDlgSystem: Verbose: Creating graph for Dialogue = `/Game/TopDownCPP/Blueprints/DlgMrCube4.DlgMrCube4`
[2019.04.15-21.04.40:358][  0]LogDlgSystem: Verbose: Creating new DlgGuid = `E1214F354ADB73CC60EFECA1FC837773` for Dialogue = `/Game/TopDownCPP/Blueprints/DlgMrCube4.DlgMrCube4` because of new created Dialogue.
[2019.04.15-21.04.40:363][  0]LogDlgSystem: Verbose: Creating graph for Dialogue = `/DlgSystem/TestDialogue.TestDialogue`
[2019.04.15-21.04.40:363][  0]LogDlgSystem: Verbose: Creating new DlgGuid = `DA7901ED4F99A4B374ED079DECF38172` for Dialogue = `/DlgSystem/TestDialogue.TestDialogue` because of new created Dialogue.
[2019.04.15-21.04.40:365][  0]LogDlgSystem: Refreshing data for Dialogue = `/DlgSystem/TestDialogue.TestDialogue`
[2019.04.15-21.04.40:365][  0]LogDlgSystemEditor: Verbose: UDlgManager::LoadAllDialoguesIntoMemory loaded 0 Dialogues into Memory
[2019.04.15-21.04.40:382][  0]LogInit: Display: Starting Game.
[2019.04.15-21.04.40:382][  0]LogNet: Browse: /Game/Maps/Cave_Map?Name=Player
[2019.04.15-21.04.40:382][  0]LogDlgSystem: Verbose: PreLoadMap = /Game/Maps/Cave_Map. Clearing Dialogue History
[2019.04.15-21.04.40:382][  0]LogLoad: LoadMap: /Game/Maps/Cave_Map?Name=Player
[2019.04.15-21.04.45:231][  0]LogMaterial: Display: Missing cached shader map for material M_Rampage_Elemental_FireSplines, compiling. 
[2019.04.15-21.04.45:234][  0]LogMaterial: Warning: C:\Users\Graphic\Documents\Hunter-Mage\source\HunterMage\Content\ParagonRampage\Characters\Heroes\Rampage\Skins\Tier2\Elemental\Materials\M_Rampage_Elemental_FireSplines.uasset: Failed to compile Material for platform PCD3D_SM5, Default Material will be used in game.
[2019.04.15-21.04.45:234][  0]LogMaterial: 	Missing Material Function
[2019.04.15-21.04.46:057][  0]LogAIModule: Creating AISystem for world Cave_Map
[2019.04.15-21.04.46:772][  0]LogLoad: Game class is 'MageHunterGameMode_C'
[2019.04.15-21.04.46:773][  0]LogStreaming: Display: ULevelStreaming::RequestLevel(/Game/Maps/Cave_Map_Effects) is flushing async loading
[2019.04.15-21.04.46:773][  0]LogStreaming: Display: Flushing async loaders.
[2019.04.15-21.04.46:780][  0]LogStreaming: Display: ULevelStreaming::RequestLevel(/Game/Maps/Cave_Cine) is flushing async loading
[2019.04.15-21.04.46:849][  0]LogMaterial: Warning: Material /Game/StarterContent/Materials/M_Wood_Oak.M_Wood_Oak missing bUsedWithInstancedStaticMeshes=True! Default Material will be used in game.
[2019.04.15-21.04.46:849][  0]LogMaterial: Warning:      The material will recompile every editor launch until resaved.
[2019.04.15-21.04.46:860][  0]LogScript: Warning: Script Msg: Divide by zero detected: 100.000137 / 0
Script call stack:
	Function /Game/ParagonRampage/Characters/Heroes/Rampage/Rampage_AnimBlueprint.Rampage_AnimBlueprint_C:BlueprintUpdateAnimation
	Function /Game/ParagonRampage/Characters/Heroes/Rampage/Rampage_AnimBlueprint.Rampage_AnimBlueprint_C:ExecuteUbergraph_Rampage_AnimBlueprint

[2019.04.15-21.04.46:862][  0]LogScript: Warning: Script Msg: Divide by zero detected: 110.000145 / 0
Script call stack:
	Function /Game/ParagonGideon/Characters/Heroes/Gideon/Gideon_AnimBlueprint.Gideon_AnimBlueprint_C:BlueprintUpdateAnimation
	Function /Game/ParagonGideon/Characters/Heroes/Gideon/Gideon_AnimBlueprint.Gideon_AnimBlueprint_C:ExecuteUbergraph_Gideon_AnimBlueprint

[2019.04.15-21.04.46:866][  0]LogScript: Warning: Script Msg: Divide by zero detected: -179.999573 / 0
Script call stack:
	Function /Game/ParagonRampage/Characters/Heroes/Rampage/Rampage_AnimBlueprint.Rampage_AnimBlueprint_C:BlueprintUpdateAnimation
	Function /Game/ParagonRampage/Characters/Heroes/Rampage/Rampage_AnimBlueprint.Rampage_AnimBlueprint_C:ExecuteUbergraph_Rampage_AnimBlueprint

[2019.04.15-21.04.46:867][  0]LogScript: Warning: Script Msg: Divide by zero detected: 0.000000 / 0
Script call stack:
	Function /Game/ParagonRampage/Characters/Heroes/Rampage/Rampage_AnimBlueprint.Rampage_AnimBlueprint_C:BlueprintUpdateAnimation
	Function /Game/ParagonRampage/Characters/Heroes/Rampage/Rampage_AnimBlueprint.Rampage_AnimBlueprint_C:ExecuteUbergraph_Rampage_AnimBlueprint

[2019.04.15-21.04.46:949][  0]LogWorld: Bringing World /Game/Maps/Cave_Map.Cave_Map up for play (max tick rate 0) at 2019.04.15-17.04.46
[2019.04.15-21.04.46:968][  0]LogWorld: Bringing up level for play took: 0.183534
[2019.04.15-21.04.46:969][  0]LogGameMode: FindPlayerStart: PATHS NOT DEFINED or NO PLAYERSTART with positive rating
[2019.04.15-21.04.46:976][  0]LogBlueprintUserMessages: [aiCon_C_0] hhashdh
[2019.04.15-21.04.46:977][  0]LogLoad: Took 6.594283 seconds to LoadMap(/Game/Maps/Cave_Map)
[2019.04.15-21.04.47:059][  0]LogLoad: (Engine Initialization) Total time: 44.43 seconds
[2019.04.15-21.04.47:059][  0]LogLoad: (Engine Initialization) Total Blueprint compile time: 0.00 seconds
[2019.04.15-21.04.47:117][  0]LogRenderer: Reallocating scene render targets to support 1280x720 Format 10 NumSamples 1 (Frame:1).
[2019.04.15-21.04.47:528][  0]LogRenderer: Warning: Bokeh DOF algorithm is deprecated and will be removed. Consider using the Circle DOF method in post process settings.
[2019.04.15-21.04.47:562][  0]LogWindowsTextInputMethodSystem: Display: IME system now deactivated.
[2019.04.15-21.04.47:566][  0]LogContentStreaming: Texture pool size now 1000 MB
[2019.04.15-21.04.47:602][  0]LogAudio: Warning: Detected orphaned looping sound 'Effects_Music01'.
[2019.04.15-21.04.49:916][109]LogParticles: Warning: Particle Notify: Particle system is null for particle notify 'PlayParticleEffect' in anim: '/Game/ParagonRampage/Characters/Heroes/Rampage/Animations/LevelStart_Montage.LevelStart_Montage'
[2019.04.15-21.04.49:916][109]LogParticles: Warning: Particle Notify: Particle system is null for particle notify 'PlayParticleEffect' in anim: '/Game/ParagonRampage/Characters/Heroes/Rampage/Animations/LevelStart_Montage.LevelStart_Montage'
[2019.04.15-21.04.49:916][109]LogParticles: Warning: Particle Notify: Particle system is null for particle notify 'PlayParticleEffect' in anim: '/Game/ParagonRampage/Characters/Heroes/Rampage/Animations/LevelStart_Montage.LevelStart_Montage'
[2019.04.15-21.04.58:773][533]PIE: Warning: Invalid Simulate Options: Body (FireBall_C_0.Sphere Sphere) is set to simulate physics but Collision Enabled is incompatible
[2019.04.15-21.04.58:773][533]PIE: Warning: Invalid Simulate Options: Body (FireBall_C_0.Sphere Sphere) is set to simulate physics but Collision Enabled is incompatible
[2019.04.15-21.04.58:774][533]PIE: Warning: FireBall_C_0.Sphere Sphere has to have 'CollisionEnabled' set to 'Query and Physics' or 'Physics only' if you'd like to AddImpulse. 
[2019.04.15-21.05.00:193][597]PIE: Warning: Invalid Simulate Options: Body (FireBall_C_1.Sphere Sphere) is set to simulate physics but Collision Enabled is incompatible
[2019.04.15-21.05.00:193][597]PIE: Warning: Invalid Simulate Options: Body (FireBall_C_1.Sphere Sphere) is set to simulate physics but Collision Enabled is incompatible
[2019.04.15-21.05.00:193][597]PIE: Warning: FireBall_C_1.Sphere Sphere has to have 'CollisionEnabled' set to 'Query and Physics' or 'Physics only' if you'd like to AddImpulse. 
[2019.04.15-21.05.15:392][404]Set new viewmode: Lit_DetailLighting
[2019.04.15-21.05.17:277][507]PIE: Warning: Invalid Simulate Options: Body (FireBall_C_2.Sphere Sphere) is set to simulate physics but Collision Enabled is incompatible
[2019.04.15-21.05.17:277][507]PIE: Warning: Invalid Simulate Options: Body (FireBall_C_2.Sphere Sphere) is set to simulate physics but Collision Enabled is incompatible
[2019.04.15-21.05.17:277][507]PIE: Warning: FireBall_C_2.Sphere Sphere has to have 'CollisionEnabled' set to 'Query and Physics' or 'Physics only' if you'd like to AddImpulse. 
[2019.04.15-21.05.23:249][840]PIE: Warning: Invalid Simulate Options: Body (FireBall_C_3.Sphere Sphere) is set to simulate physics but Collision Enabled is incompatible
[2019.04.15-21.05.23:249][840]PIE: Warning: Invalid Simulate Options: Body (FireBall_C_3.Sphere Sphere) is set to simulate physics but Collision Enabled is incompatible
[2019.04.15-21.05.23:249][840]PIE: Warning: FireBall_C_3.Sphere Sphere has to have 'CollisionEnabled' set to 'Query and Physics' or 'Physics only' if you'd like to AddImpulse. 
[2019.04.15-21.05.25:005][923]PIE: Warning: Invalid Simulate Options: Body (FireBall_C_4.Sphere Sphere) is set to simulate physics but Collision Enabled is incompatible
[2019.04.15-21.05.25:005][923]PIE: Warning: Invalid Simulate Options: Body (FireBall_C_4.Sphere Sphere) is set to simulate physics but Collision Enabled is incompatible
[2019.04.15-21.05.25:006][923]PIE: Warning: FireBall_C_4.Sphere Sphere has to have 'CollisionEnabled' set to 'Query and Physics' or 'Physics only' if you'd like to AddImpulse. 
[2019.04.15-21.05.32:119][313]LogAudio: Warning: Detected orphaned looping sound 'Effects_Music01'.
[2019.04.15-21.05.34:952][488]LogBlueprintUserMessages: [rapidmoveto_C_0] X=0.000 Y=0.000 Z=0.000
[2019.04.15-21.05.35:935][549]LogBlueprintUserMessages: [AI_character1] Hello
[2019.04.15-21.05.38:855][730]LogBlueprintUserMessages: [GideonPlayerCharacter_2] its ya boi
[2019.04.15-21.05.38:855][730]LogBlueprintUserMessages: [AI_character1] SPAWN
[2019.04.15-21.05.39:347][760]LogBlueprintUserMessages: [GideonPlayerCharacter_2] its ya boi
[2019.04.15-21.05.39:347][760]LogBlueprintUserMessages: [AI_character1] SPAWN
[2019.04.15-21.05.39:917][794]LogBlueprintUserMessages: [GideonPlayerCharacter_2] its ya boi
[2019.04.15-21.05.39:917][794]LogBlueprintUserMessages: [AI_character1] SPAWN
[2019.04.15-21.05.40:427][824]LogBlueprintUserMessages: [GideonPlayerCharacter_2] its ya boi
[2019.04.15-21.05.40:429][824]LogBlueprintUserMessages: [AI_character1] SPAWN
[2019.04.15-21.05.40:994][857]LogBlueprintUserMessages: [GideonPlayerCharacter_2] its ya boi
[2019.04.15-21.05.40:995][857]LogBlueprintUserMessages: [AI_character1] SPAWN
[2019.04.15-21.05.41:236][871]Set new viewmode: Lit_DetailLighting
[2019.04.15-21.05.41:500][886]LogBlueprintUserMessages: [GideonPlayerCharacter_2] its ya boi
[2019.04.15-21.05.41:500][886]LogBlueprintUserMessages: [AI_character1] SPAWN
[2019.04.15-21.05.42:056][918]LogBlueprintUserMessages: [GideonPlayerCharacter_2] its ya boi
[2019.04.15-21.05.42:056][918]LogBlueprintUserMessages: [AI_character1] SPAWN
[2019.04.15-21.05.42:568][947]LogBlueprintUserMessages: [GideonPlayerCharacter_2] its ya boi
[2019.04.15-21.05.42:568][947]LogBlueprintUserMessages: [AI_character1] SPAWN
[2019.04.15-21.05.43:128][979]LogBlueprintUserMessages: [GideonPlayerCharacter_2] its ya boi
[2019.04.15-21.05.43:128][979]LogBlueprintUserMessages: [AI_character1] SPAWN
[2019.04.15-21.05.43:614][  4]LogSlate: Window 'HunterMage (64-bit Development PCD3D_SM5) ' being destroyed
[2019.04.15-21.05.43:614][  4]LogWindowsTextInputMethodSystem: Display: IME system now deactivated.
[2019.04.15-21.05.43:622][  4]LogSlate: Updating window title bar state: overlay mode, drag disabled, window buttons hidden, title bar hidden
[2019.04.15-21.05.43:622][  4]LogEngine: All Windows Closed
[2019.04.15-21.05.43:622][  4]LogWindows: FPlatformMisc::RequestExit(0)
[2019.04.15-21.05.43:716][  5]LogExit: Preparing to exit.
[2019.04.15-21.05.43:716][  5]LogMoviePlayer: Shutting down movie player
[2019.04.15-21.05.44:003][  5]LogSlate: Updating window title bar state: overlay mode, drag disabled, window buttons hidden, title bar hidden
[2019.04.15-21.05.44:133][  5]LogExit: Game engine shut down
[2019.04.15-21.05.44:258][  5]LogExit: Object subsystem successfully closed.
[2019.04.15-21.05.44:287][  5]LogShaderCompilers: Display: Shaders left to compile 0
[2019.04.15-21.05.44:300][  5]LogD3D11RHI: Shutdown
[2019.04.15-21.05.44:300][  5]LogD3D11RHI: CleanupD3DDevice
[2019.04.15-21.05.44:306][  5]LogD3D11RHI: ~FD3D11DynamicRHI
[2019.04.15-21.05.44:317][  5]LogModuleManager: Shutting down and abandoning module SequenceRecorderSections (388)
[2019.04.15-21.05.44:317][  5]LogModuleManager: Shutting down and abandoning module SequenceRecorder (386)
[2019.04.15-21.05.44:317][  5]LogModuleManager: Shutting down and abandoning module AutomationController (384)
[2019.04.15-21.05.44:317][  5]LogModuleManager: Shutting down and abandoning module AutomationWorker (382)
[2019.04.15-21.05.44:317][  5]LogModuleManager: Shutting down and abandoning module Voice (380)
[2019.04.15-21.05.44:317][  5]LogModuleManager: Shutting down and abandoning module AIModule (378)
[2019.04.15-21.05.44:317][  5]LogModuleManager: Shutting down and abandoning module AITestSuite (377)
[2019.04.15-21.05.44:317][  5]LogModuleManager: Shutting down and abandoning module NavigationSystem (375)
[2019.04.15-21.05.44:317][  5]LogModuleManager: Shutting down and abandoning module WmfMediaFactory (372)
[2019.04.15-21.05.44:317][  5]LogModuleManager: Shutting down and abandoning module WebMMediaFactory (370)
[2019.04.15-21.05.44:317][  5]LogModuleManager: Shutting down and abandoning module WebMMedia (368)
[2019.04.15-21.05.44:317][  5]LogModuleManager: Shutting down and abandoning module OpenExrWrapper (366)
[2019.04.15-21.05.44:317][  5]LogModuleManager: Shutting down and abandoning module ImgMediaFactory (364)
[2019.04.15-21.05.44:317][  5]LogModuleManager: Shutting down and abandoning module AvfMediaFactory (362)
[2019.04.15-21.05.44:317][  5]LogModuleManager: Shutting down and abandoning module MagicLeapCameraPreviewFactory (360)
[2019.04.15-21.05.44:317][  5]LogModuleManager: Shutting down and abandoning module MagicLeapMediaFactory (358)
[2019.04.15-21.05.44:317][  5]LogModuleManager: Shutting down and abandoning module CharacterAI (356)
[2019.04.15-21.05.44:317][  5]LogModuleManager: Shutting down and abandoning module SessionServices (354)
[2019.04.15-21.05.44:317][  5]LogModuleManager: Shutting down and abandoning module MovieSceneCapture (352)
[2019.04.15-21.05.44:317][  5]LogModuleManager: Shutting down and abandoning module MovieSceneTracks (350)
[2019.04.15-21.05.44:317][  5]LogModuleManager: Shutting down and abandoning module MovieScene (348)
[2019.04.15-21.05.44:317][  5]LogModuleManager: Shutting down and abandoning module StreamingPauseRendering (346)
[2019.04.15-21.05.44:317][  5]LogModuleManager: Shutting down and abandoning module PortalServices (344)
[2019.04.15-21.05.44:317][  5]LogModuleManager: Shutting down and abandoning module PortalRpc (342)
[2019.04.15-21.05.44:317][  5]LogModuleManager: Shutting down and abandoning module MessagingRpc (340)
[2019.04.15-21.05.44:317][  5]LogModuleManager: Shutting down and abandoning module ImageWriteQueue (338)
[2019.04.15-21.05.44:320][  5]LogModuleManager: Shutting down and abandoning module ProfilerService (336)
[2019.04.15-21.05.44:508][  5]LogModuleManager: Shutting down and abandoning module TaskGraph (334)
[2019.04.15-21.05.44:508][  5]LogModuleManager: Shutting down and abandoning module SteamVRController (332)
[2019.04.15-21.05.44:508][  5]LogModuleManager: Shutting down and abandoning module ProceduralMeshComponent (330)
[2019.04.15-21.05.44:508][  5]LogModuleManager: Shutting down and abandoning module OculusInput (328)
[2019.04.15-21.05.44:508][  5]LogModuleManager: Shutting down and abandoning module MobilePatchingUtils (326)
[2019.04.15-21.05.44:508][  5]LogModuleManager: Shutting down and abandoning module EditableMesh (324)
[2019.04.15-21.05.44:508][  5]LogModuleManager: Shutting down and abandoning module CustomMeshComponent (322)
[2019.04.15-21.05.44:508][  5]LogModuleManager: Shutting down and abandoning module CableComponent (320)
[2019.04.15-21.05.44:509][  5]LogModuleManager: Shutting down and abandoning module AudioCapture (318)
[2019.04.15-21.05.44:509][  5]LogModuleManager: Shutting down and abandoning module ArchVisCharacter (316)
[2019.04.15-21.05.44:509][  5]LogModuleManager: Shutting down and abandoning module AndroidPermission (314)
[2019.04.15-21.05.44:509][  5]LogModuleManager: Shutting down and abandoning module NUTUnrealEngine4 (312)
[2019.04.15-21.05.44:509][  5]LogModuleManager: Shutting down and abandoning module NetcodeUnitTest (310)
[2019.04.15-21.05.44:509][  5]LogModuleManager: Shutting down and abandoning module MediaCompositing (308)
[2019.04.15-21.05.44:509][  5]LogModuleManager: Shutting down and abandoning module LinearTimecode (306)
[2019.04.15-21.05.44:509][  5]LogModuleManager: Shutting down and abandoning module ImgMedia (304)
[2019.04.15-21.05.44:512][  5]LogModuleManager: Shutting down and abandoning module HTML5Networking (302)
[2019.04.15-21.05.44:512][  5]LogModuleManager: Shutting down and abandoning module GeometryCacheTracks (300)
[2019.04.15-21.05.44:512][  5]LogModuleManager: Shutting down and abandoning module GeometryCacheSequencer (299)
[2019.04.15-21.05.44:512][  5]LogModuleManager: Shutting down and abandoning module GeometryCache (296)
[2019.04.15-21.05.44:512][  5]LogModuleManager: Shutting down and abandoning module GeometryCacheEd (295)
[2019.04.15-21.05.44:512][  5]LogModuleManager: Shutting down and abandoning module BackChannel (292)
[2019.04.15-21.05.44:512][  5]LogModuleManager: Shutting down and abandoning module AppleVision (290)
[2019.04.15-21.05.44:512][  5]LogModuleManager: Shutting down and abandoning module AppleImageUtilsBlueprintSupport (288)
[2019.04.15-21.05.44:512][  5]LogModuleManager: Shutting down and abandoning module AppleImageUtils (286)
[2019.04.15-21.05.44:512][  5]LogModuleManager: Shutting down and abandoning module VariantManagerContent (284)
[2019.04.15-21.05.44:512][  5]LogModuleManager: Shutting down and abandoning module CryptoKeysOpenSSL (282)
[2019.04.15-21.05.44:512][  5]LogModuleManager: Shutting down and abandoning module CryptoKeys (280)
[2019.04.15-21.05.44:512][  5]LogModuleManager: Shutting down and abandoning module VisualStudioSourceCodeAccess (278)
[2019.04.15-21.05.44:512][  5]LogModuleManager: Shutting down and abandoning module HotReload (277)
[2019.04.15-21.05.44:512][  5]LogModuleManager: Shutting down and abandoning module DirectoryWatcher (276)
[2019.04.15-21.05.44:512][  5]LogModuleManager: Shutting down and abandoning module VisualStudioCodeSourceCodeAccess (272)
[2019.04.15-21.05.44:512][  5]LogModuleManager: Shutting down and abandoning module UObjectPlugin (270)
[2019.04.15-21.05.44:512][  5]LogModuleManager: Shutting down and abandoning module SubversionSourceControl (268)
[2019.04.15-21.05.44:512][  5]LogModuleManager: Shutting down and abandoning module PerforceSourceControl (266)
[2019.04.15-21.05.44:512][  5]LogModuleManager: Shutting down and abandoning module SourceControl (265)
[2019.04.15-21.05.44:512][  5]LogModuleManager: Shutting down and abandoning module CLionSourceCodeAccess (262)
[2019.04.15-21.05.44:512][  5]LogModuleManager: Shutting down and abandoning module ActorLayerUtilities (260)
[2019.04.15-21.05.44:512][  5]LogModuleManager: Shutting down and abandoning module HunterMage (258)
[2019.04.15-21.05.44:512][  5]LogModuleManager: Shutting down and abandoning module DlgSystemEditor (256)
[2019.04.15-21.05.44:513][  5]LogDlgSystemEditor: Verbose: Stopped DlgSystemEditorModule
[2019.04.15-21.05.44:513][  5]LogModuleManager: Shutting down and abandoning module DlgSystem (254)
[2019.04.15-21.05.44:513][  5]LogDlgSystem: Verbose: Stopped DlgSystemModule
[2019.04.15-21.05.44:513][  5]LogModuleManager: Shutting down and abandoning module GameplayDebugger (253)
[2019.04.15-21.05.44:513][  5]LogModuleManager: Shutting down and abandoning module RuntimePhysXCooking (250)
[2019.04.15-21.05.44:513][  5]LogModuleManager: Shutting down and abandoning module PhysXVehiclesEditor (248)
[2019.04.15-21.05.44:513][  5]LogModuleManager: Shutting down and abandoning module PhysXVehicles (246)
[2019.04.15-21.05.44:513][  5]LogModuleManager: Shutting down and abandoning module LocationServicesBPLibrary (244)
[2019.04.15-21.05.44:513][  5]LogModuleManager: Shutting down and abandoning module ActorSequence (242)
[2019.04.15-21.05.44:513][  5]LogModuleManager: Shutting down and abandoning module UdpMessaging (240)
[2019.04.15-21.05.44:614][  5]LogModuleManager: Shutting down and abandoning module TcpMessaging (238)
[2019.04.15-21.05.44:959][  5]LogModuleManager: Shutting down and abandoning module MagicLeapAudio (236)
[2019.04.15-21.05.44:959][  5]LogModuleManager: Shutting down and abandoning module GameplayTagsEditor (234)
[2019.04.15-21.05.44:959][  5]LogModuleManager: Shutting down and abandoning module FacialAnimation (232)
[2019.04.15-21.05.44:959][  5]LogModuleManager: Shutting down and abandoning module DataValidation (230)
[2019.04.15-21.05.44:959][  5]LogModuleManager: Shutting down and abandoning module AssetManagerEditor (228)
[2019.04.15-21.05.44:959][  5]LogModuleManager: Shutting down and abandoning module TreeMap (227)
[2019.04.15-21.05.44:959][  5]LogModuleManager: Shutting down and abandoning module LightPropagationVolumeRuntime (224)
[2019.04.15-21.05.44:960][  5]LogModuleManager: Shutting down and abandoning module AISupportModule (222)
[2019.04.15-21.05.44:960][  5]LogModuleManager: Shutting down and abandoning module Paper2D (220)
[2019.04.15-21.05.44:960][  5]LogModuleManager: Shutting down and abandoning module WindowsMoviePlayer (218)
[2019.04.15-21.05.44:960][  5]LogModuleManager: Shutting down and abandoning module WebMMoviePlayer (216)
[2019.04.15-21.05.44:960][  5]LogModuleManager: Shutting down and abandoning module WmfMedia (214)
[2019.04.15-21.05.44:960][  5]LogModuleManager: Shutting down and abandoning module Media (213)
[2019.04.15-21.05.44:966][  5]LogModuleManager: Shutting down and abandoning module PacketHandler (210)
[2019.04.15-21.05.44:966][  5]LogModuleManager: Shutting down and abandoning module ClothingSystemEditor (208)
[2019.04.15-21.05.44:966][  5]LogModuleManager: Shutting down and abandoning module ClothingSystemRuntime (206)
[2019.04.15-21.05.44:966][  5]LogModuleManager: Shutting down and abandoning module MediaAssets (204)
[2019.04.15-21.05.44:966][  5]LogModuleManager: Shutting down and abandoning module Overlay (202)
[2019.04.15-21.05.44:966][  5]LogModuleManager: Shutting down and abandoning module OverlayEditor (201)
[2019.04.15-21.05.44:966][  5]LogModuleManager: Shutting down and abandoning module VREditor (198)
[2019.04.15-21.05.44:966][  5]LogModuleManager: Shutting down and abandoning module StringTableEditor (196)
[2019.04.15-21.05.44:966][  5]LogModuleManager: Shutting down and abandoning module GameplayTasksEditor (194)
[2019.04.15-21.05.44:966][  5]LogModuleManager: Shutting down and abandoning module BehaviorTreeEditor (192)
[2019.04.15-21.05.44:966][  5]LogModuleManager: Shutting down and abandoning module FunctionalTesting (190)
[2019.04.15-21.05.44:966][  5]LogModuleManager: Shutting down and abandoning module CollisionAnalyzer (188)
[2019.04.15-21.05.44:966][  5]LogModuleManager: Shutting down and abandoning module WorkspaceMenuStructure (187)
[2019.04.15-21.05.44:966][  5]LogModuleManager: Shutting down and abandoning module UMG (184)
[2019.04.15-21.05.44:966][  5]LogModuleManager: Shutting down and abandoning module UMGEditor (183)
[2019.04.15-21.05.44:966][  5]LogModuleManager: Shutting down and abandoning module Sequencer (182)
[2019.04.15-21.05.44:966][  5]LogModuleManager: Shutting down and abandoning module MessageLog (179)
[2019.04.15-21.05.44:967][  5]LogModuleManager: Shutting down and abandoning module SlateReflector (174)
[2019.04.15-21.05.44:967][  5]LogModuleManager: Shutting down and abandoning module Slate (172)
[2019.04.15-21.05.44:967][  5]LogModuleManager: Shutting down and abandoning module EditorStyle (170)
[2019.04.15-21.05.44:968][  5]LogModuleManager: Shutting down and abandoning module MRMesh (168)
[2019.04.15-21.05.44:968][  5]LogModuleManager: Shutting down and abandoning module Messaging (166)
[2019.04.15-21.05.44:968][  5]LogModuleManager: Shutting down and abandoning module SourceCodeAccess (164)
[2019.04.15-21.05.44:968][  5]LogModuleManager: Shutting down and abandoning module HeadMountedDisplay (162)
[2019.04.15-21.05.44:968][  5]LogModuleManager: Shutting down and abandoning module XAudio2 (160)
[2019.04.15-21.05.44:968][  5]LogModuleManager: Shutting down and abandoning module Networking (158)
[2019.04.15-21.05.44:968][  5]LogModuleManager: Shutting down and abandoning module Core (156)
[2019.04.15-21.05.44:968][  5]LogModuleManager: Shutting down and abandoning module LevelSequence (154)
[2019.04.15-21.05.44:968][  5]LogModuleManager: Shutting down and abandoning module KismetCompiler (152)
[2019.04.15-21.05.44:968][  5]LogModuleManager: Shutting down and abandoning module MeshUtilities (150)
[2019.04.15-21.05.44:968][  5]LogModuleManager: Shutting down and abandoning module MeshMergeUtilities (149)
[2019.04.15-21.05.44:968][  5]LogModuleManager: Shutting down and abandoning module MeshReductionInterface (148)
[2019.04.15-21.05.44:968][  5]LogModuleManager: Shutting down and abandoning module SimplygonSwarm (147)
[2019.04.15-21.05.44:968][  5]LogModuleManager: Shutting down and abandoning module ProxyLODMeshReduction (145)
[2019.04.15-21.05.44:968][  5]LogModuleManager: Shutting down and abandoning module SimplygonMeshReduction (143)
[2019.04.15-21.05.44:969][  5]LogModuleManager: Shutting down and abandoning module QuadricMeshReduction (141)
[2019.04.15-21.05.44:969][  5]LogModuleManager: Shutting down and abandoning module MaterialBaking (137)
[2019.04.15-21.05.44:969][  5]LogModuleManager: Shutting down and abandoning module PIEPreviewDeviceProfileSelector (132)
[2019.04.15-21.05.44:969][  5]LogModuleManager: Shutting down and abandoning module DerivedDataCache (130)
[2019.04.15-21.05.45:418][  5]LogDerivedDataCache: Shutdown
[2019.04.15-21.05.45:419][  5]LogModuleManager: Shutting down and abandoning module XGEController (128)
[2019.04.15-21.05.45:419][  5]LogModuleManager: Shutting down and abandoning module TargetPlatform (126)
[2019.04.15-21.05.45:419][  5]LogModuleManager: Shutting down and abandoning module VulkanShaderFormat (125)
[2019.04.15-21.05.45:419][  5]LogModuleManager: Shutting down and abandoning module ShaderFormatVectorVM (123)
[2019.04.15-21.05.45:419][  5]LogModuleManager: Shutting down and abandoning module ShaderFormatOpenGL (121)
[2019.04.15-21.05.45:419][  5]LogModuleManager: Shutting down and abandoning module ShaderFormatD3D (119)
[2019.04.15-21.05.45:419][  5]LogModuleManager: Shutting down and abandoning module MetalShaderFormat (117)
[2019.04.15-21.05.45:419][  5]LogModuleManager: Shutting down and abandoning module TextureFormatUncompressed (115)
[2019.04.15-21.05.45:419][  5]LogModuleManager: Shutting down and abandoning module TextureFormatPVR (113)
[2019.04.15-21.05.45:419][  5]LogModuleManager: Shutting down and abandoning module TextureFormatDXT (111)
[2019.04.15-21.05.45:419][  5]LogModuleManager: Shutting down and abandoning module TextureFormatIntelISPCTexComp (109)
[2019.04.15-21.05.45:419][  5]LogModuleManager: Shutting down and abandoning module TextureFormatASTC (107)
[2019.04.15-21.05.45:419][  5]LogModuleManager: Shutting down and abandoning module ImageWrapper (106)
[2019.04.15-21.05.45:419][  5]LogModuleManager: Shutting down and abandoning module TextureFormatAndroid (103)
[2019.04.15-21.05.45:419][  5]LogModuleManager: Shutting down and abandoning module AudioFormatOpus (101)
[2019.04.15-21.05.45:419][  5]LogModuleManager: Shutting down and abandoning module AudioFormatOgg (99)
[2019.04.15-21.05.45:419][  5]LogModuleManager: Shutting down and abandoning module AudioFormatADPCM (97)
[2019.04.15-21.05.45:419][  5]LogModuleManager: Shutting down and abandoning module WindowsTargetPlatform (95)
[2019.04.15-21.05.45:419][  5]LogModuleManager: Shutting down and abandoning module WindowsServerTargetPlatform (93)
[2019.04.15-21.05.45:419][  5]LogModuleManager: Shutting down and abandoning module WindowsNoEditorTargetPlatform (91)
[2019.04.15-21.05.45:419][  5]LogModuleManager: Shutting down and abandoning module WindowsClientTargetPlatform (89)
[2019.04.15-21.05.45:419][  5]LogModuleManager: Shutting down and abandoning module InputCore (86)
[2019.04.15-21.05.45:419][  5]LogModuleManager: Shutting down and abandoning module Settings (84)
[2019.04.15-21.05.45:419][  5]LogModuleManager: Shutting down and abandoning module PhysXCooking (82)
[2019.04.15-21.05.45:419][  5]LogModuleManager: Shutting down and abandoning module SteamVR (80)
[2019.04.15-21.05.45:419][  5]LogHMD: Freeing OpenVRDLLHandle.
[2019.04.15-21.05.45:419][  5]LogModuleManager: Shutting down and abandoning module OculusHMD (78)
[2019.04.15-21.05.45:419][  5]LogModuleManager: Shutting down and abandoning module ExampleDeviceProfileSelector (76)
[2019.04.15-21.05.45:419][  5]LogModuleManager: Shutting down and abandoning module LauncherChunkInstaller (74)
[2019.04.15-21.05.45:419][  5]LogModuleManager: Shutting down and abandoning module OnlineBlueprintSupport (72)
[2019.04.15-21.05.45:419][  5]LogModuleManager: Shutting down and abandoning module OnlineSubsystem (68)
[2019.04.15-21.05.45:420][  5]LogModuleManager: Shutting down and abandoning module XMPP (63)
[2019.04.15-21.05.45:420][  5]LogModuleManager: Shutting down and abandoning module WebSockets (62)
[2019.04.15-21.05.45:422][  5]LogModuleManager: Shutting down and abandoning module HTTP (59)
[2019.04.15-21.05.45:450][  5]LogModuleManager: Shutting down and abandoning module SSL (58)
[2019.04.15-21.05.45:452][  5]LogModuleManager: Shutting down and abandoning module MagicLeapIdentity (54)
[2019.04.15-21.05.45:452][  5]LogModuleManager: Shutting down and abandoning module MagicLeapHelperVulkan (52)
[2019.04.15-21.05.45:452][  5]LogModuleManager: Shutting down and abandoning module MagicLeapHelperOpenGL (50)
[2019.04.15-21.05.45:452][  5]LogModuleManager: Shutting down and abandoning module MagicLeapSecureStorage (48)
[2019.04.15-21.05.45:452][  5]LogModuleManager: Shutting down and abandoning module MagicLeapHandTracking (46)
[2019.04.15-21.05.45:452][  5]LogModuleManager: Shutting down and abandoning module MagicLeapEyeTracker (44)
[2019.04.15-21.05.45:452][  5]LogModuleManager: Shutting down and abandoning module MagicLeapController (42)
[2019.04.15-21.05.45:452][  5]LogSlate: Slate User Destroyed.  User Index 0, Is Virtual User: 0
[2019.04.15-21.05.45:452][  5]LogModuleManager: Shutting down and abandoning module MagicLeap (40)
[2019.04.15-21.05.45:452][  5]LogModuleManager: Shutting down and abandoning module DatasmithContent (38)
[2019.04.15-21.05.45:453][  5]LogModuleManager: Shutting down and abandoning module AnimationModifiers (36)
[2019.04.15-21.05.45:453][  5]LogModuleManager: Shutting down and abandoning module PropertyEditor (35)
[2019.04.15-21.05.45:453][  5]LogModuleManager: Shutting down and abandoning module AudioEditor (32)
[2019.04.15-21.05.45:453][  5]LogModuleManager: Shutting down and abandoning module TextureCompressor (30)
[2019.04.15-21.05.45:453][  5]LogModuleManager: Shutting down and abandoning module ShaderCore (28)
[2019.04.15-21.05.45:453][  5]LogModuleManager: Shutting down and abandoning module Landscape (26)
[2019.04.15-21.05.45:453][  5]LogModuleManager: Shutting down and abandoning module SlateRHIRenderer (24)
[2019.04.15-21.05.45:453][  5]LogModuleManager: Shutting down and abandoning module OpenGLDrv (22)
[2019.04.15-21.05.45:453][  5]LogModuleManager: Shutting down and abandoning module D3D11RHI (20)
[2019.04.15-21.05.45:453][  5]LogModuleManager: Shutting down and abandoning module AnimGraphRuntime (18)
[2019.04.15-21.05.45:453][  5]LogModuleManager: Shutting down and abandoning module Renderer (16)
[2019.04.15-21.05.45:453][  5]LogModuleManager: Shutting down and abandoning module Engine (14)
[2019.04.15-21.05.45:453][  5]LogModuleManager: Shutting down and abandoning module CoreUObject (12)
[2019.04.15-21.05.45:453][  5]LogModuleManager: Shutting down and abandoning module NetworkFile (10)
[2019.04.15-21.05.45:453][  5]LogModuleManager: Shutting down and abandoning module CookedIterativeFile (8)
[2019.04.15-21.05.45:453][  5]LogModuleManager: Shutting down and abandoning module StreamingFile (6)
[2019.04.15-21.05.45:453][  5]LogModuleManager: Shutting down and abandoning module SandboxFile (4)
[2019.04.15-21.05.45:453][  5]LogModuleManager: Shutting down and abandoning module PakFile (2)
[2019.04.15-21.05.45:472][  5]LogExit: Exiting.
[2019.04.15-21.05.45:485][  5]Log file closed, 04/15/19 17:05:45
