Log file open, 01/30/19 21:00:30
LogWindows: Failed to load 'aqProf.dll' (GetLastError=126)
LogWindows: File 'aqProf.dll' does not exist
LogWindows: Failed to load 'VtuneApi.dll' (GetLastError=126)
LogWindows: File 'VtuneApi.dll' does not exist
LogWindows: Failed to load 'VtuneApi32e.dll' (GetLastError=126)
LogWindows: File 'VtuneApi32e.dll' does not exist
LogConsoleResponse: Display: Failed to find resolution value strings in scalability ini. Falling back to default.
LogInit: Display: Running engine for game: HunterMage
LogPakFile: Registered encryption key '00000000000000000000000000000000': 0 pak files mounted, 0 remain pending
LogPlatformFile: Not using cached read wrapper
LogTaskGraph: Started task graph with 5 named threads and 23 total threads with 3 sets of task threads.
LogStats: Stats thread started at 0.308911
LogD3D11RHI: Loaded GFSDK_Aftermath_Lib.x64.dll
LogICUInternationalization: ICU TimeZone Detection - Raw Offset: -5:00, Platform Override: ''
LogPluginManager: Mounting plugin Paper2D
LogPluginManager: Mounting plugin AISupport
LogPluginManager: Mounting plugin LightPropagationVolume
LogPluginManager: Mounting plugin ActorLayerUtilities
LogPluginManager: Mounting plugin CLionSourceCodeAccess
LogPluginManager: Mounting plugin CodeLiteSourceCodeAccess
LogPluginManager: Mounting plugin GitSourceControl
LogPluginManager: Mounting plugin KDevelopSourceCodeAccess
LogPluginManager: Mounting plugin NullSourceCodeAccess
LogPluginManager: Mounting plugin PerforceSourceControl
LogPluginManager: Mounting plugin SubversionSourceControl
LogPluginManager: Mounting plugin UObjectPlugin
LogPluginManager: Mounting plugin VisualStudioCodeSourceCodeAccess
LogPluginManager: Mounting plugin VisualStudioSourceCodeAccess
LogPluginManager: Mounting plugin XCodeSourceCodeAccess
LogPluginManager: Mounting plugin AssetManagerEditor
LogPluginManager: Mounting plugin CryptoKeys
LogPluginManager: Mounting plugin DataValidation
LogPluginManager: Mounting plugin FacialAnimation
LogPluginManager: Mounting plugin GameplayTagsEditor
LogPluginManager: Mounting plugin MacGraphicsSwitching
LogPluginManager: Mounting plugin MeshEditor
LogPluginManager: Mounting plugin MobileLauncherProfileWizard
LogPluginManager: Mounting plugin PluginBrowser
LogPluginManager: Mounting plugin SpeedTreeImporter
LogPluginManager: Mounting plugin DatasmithContent
LogPluginManager: Mounting plugin VariantManagerContent
LogPluginManager: Mounting plugin AlembicImporter
LogPluginManager: Mounting plugin AppleImageUtils
LogPluginManager: Mounting plugin AppleVision
LogPluginManager: Mounting plugin BackChannel
LogPluginManager: Mounting plugin CharacterAI
LogPluginManager: Mounting plugin GeometryCache
LogPluginManager: Mounting plugin HTML5Networking
LogPluginManager: Mounting plugin ProxyLODPlugin
LogPluginManager: Mounting plugin MagicLeap
LogPluginManager: Mounting plugin MagicLeapMedia
LogPluginManager: Mounting plugin AndroidMedia
LogPluginManager: Mounting plugin AvfMedia
LogPluginManager: Mounting plugin ImgMedia
LogPluginManager: Mounting plugin LinearTimecode
LogPluginManager: Mounting plugin MediaCompositing
LogPluginManager: Mounting plugin MediaPlayerEditor
LogPluginManager: Mounting plugin WebMMedia
LogPluginManager: Mounting plugin WmfMedia
LogPluginManager: Mounting plugin TcpMessaging
LogPluginManager: Mounting plugin UdpMessaging
LogPluginManager: Mounting plugin ActorSequence
LogPluginManager: Mounting plugin LevelSequenceEditor
LogPluginManager: Mounting plugin MatineeToLevelSequence
LogPluginManager: Mounting plugin NetcodeUnitTest
LogPluginManager: Mounting plugin NUTUnrealEngine4
LogPluginManager: Mounting plugin OnlineSubsystemGooglePlay
LogPluginManager: Mounting plugin OnlineSubsystemIOS
LogPluginManager: Mounting plugin OnlineSubsystem
LogPluginManager: Mounting plugin OnlineSubsystemNull
LogPluginManager: Mounting plugin OnlineSubsystemUtils
LogPluginManager: Mounting plugin LauncherChunkInstaller
LogPluginManager: Mounting plugin AndroidDeviceProfileSelector
LogPluginManager: Mounting plugin AndroidMoviePlayer
LogPluginManager: Mounting plugin AndroidPermission
LogPluginManager: Mounting plugin AppleMoviePlayer
LogPluginManager: Mounting plugin ArchVisCharacter
LogPluginManager: Mounting plugin AudioCapture
LogPluginManager: Mounting plugin CableComponent
LogPluginManager: Mounting plugin CustomMeshComponent
LogPluginManager: Mounting plugin EditableMesh
LogPluginManager: Mounting plugin ExampleDeviceProfileSelector
LogPluginManager: Mounting plugin Firebase
LogPluginManager: Mounting plugin GoogleCloudMessaging
LogPluginManager: Mounting plugin IOSDeviceProfileSelector
LogPluginManager: Mounting plugin LinuxDeviceProfileSelector
LogPluginManager: Mounting plugin LocationServicesBPLibrary
LogPluginManager: Mounting plugin MobilePatchingUtils
LogPluginManager: Mounting plugin OculusVR
LogPluginManager: Mounting plugin PhysXVehicles
LogPluginManager: Mounting plugin ProceduralMeshComponent
LogPluginManager: Mounting plugin RuntimePhysXCooking
LogPluginManager: Mounting plugin SteamVR
LogPluginManager: Mounting plugin WebMMoviePlayer
LogPluginManager: Mounting plugin WindowsMoviePlayer
LogStreaming: Display: Took  0.117s to configure plugins.
LogInit: Using libcurl 7.55.1-DEV
LogInit:  - built for x86_64-pc-win32
LogInit:  - supports SSL with OpenSSL/1.0.2h
LogInit:  - supports HTTP deflate (compression) using libz 1.2.8
LogInit:  - other features:
LogInit:      CURL_VERSION_SSL
LogInit:      CURL_VERSION_LIBZ
LogInit:      CURL_VERSION_IPV6
LogInit:      CURL_VERSION_ASYNCHDNS
LogInit:      CURL_VERSION_LARGEFILE
LogInit:      CURL_VERSION_IDN
LogInit:  CurlRequestOptions (configurable via config and command line):
LogInit:  - bVerifyPeer = true  - Libcurl will verify peer certificate
LogInit:  - bUseHttpProxy = false  - Libcurl will NOT use HTTP proxy
LogInit:  - bDontReuseConnections = false  - Libcurl will reuse connections
LogInit:  - MaxHostConnections = 16  - Libcurl will limit the number of connections to a host
LogInit:  - LocalHostAddr = Default
LogInit:  - BufferSize = 65536
LogInit: WinSock: version 1.1 (2.2), MaxSocks=32767, MaxUdp=65467
LogInit: Build: ++UE4+Release-4.21-CL-4753647
LogInit: Engine Version: 4.21.2-4753647+++UE4+Release-4.21
LogInit: Compatible Engine Version: 4.21.0-4541578+++UE4+Release-4.21
LogInit: Net CL: 4541578
LogInit: OS: Windows 10 (), CPU: Intel(R) Core(TM) i7-4770S CPU @ 3.10GHz, GPU: NVIDIA GeForce GT 750M
LogInit: Compiled (64-bit): Jan 19 2019 02:07:31
LogInit: Compiled with Visual C++: 19.13.26129.00
LogInit: Build Configuration: Development
LogInit: Branch Name: ++UE4+Release-4.21
LogInit: Command Line: 
LogInit: Base Directory: C:/Program Files/Epic Games/UE_4.21/Engine/Binaries/Win64/
LogInit: Installed Engine Build: 1
LogDevObjectVersion: Number of dev versions registered: 22
LogDevObjectVersion:   Dev-Blueprints (B0D832E4-1F89-4F0D-ACCF-7EB736FD4AA2): 10
LogDevObjectVersion:   Dev-Build (E1C64328-A22C-4D53-A36C-8E866417BD8C): 0
LogDevObjectVersion:   Dev-Core (375EC13C-06E4-48FB-B500-84F0262A717E): 2
LogDevObjectVersion:   Dev-Editor (E4B068ED-F494-42E9-A231-DA0B2E46BB41): 26
LogDevObjectVersion:   Dev-Framework (CFFC743F-43B0-4480-9391-14DF171D2073): 34
LogDevObjectVersion:   Dev-Mobile (B02B49B5-BB20-44E9-A304-32B752E40360): 2
LogDevObjectVersion:   Dev-Networking (A4E4105C-59A1-49B5-A7C5-40C4547EDFEE): 0
LogDevObjectVersion:   Dev-Online (39C831C9-5AE6-47DC-9A44-9C173E1C8E7C): 0
LogDevObjectVersion:   Dev-Physics (78F01B33-EBEA-4F98-B9B4-84EACCB95AA2): 0
LogDevObjectVersion:   Dev-Platform (6631380F-2D4D-43E0-8009-CF276956A95A): 0
LogDevObjectVersion:   Dev-Rendering (12F88B9F-8875-4AFC-A67C-D90C383ABD29): 27
LogDevObjectVersion:   Dev-Sequencer (7B5AE74C-D270-4C10-A958-57980B212A5A): 9
LogDevObjectVersion:   Dev-VR (D7296918-1DD6-4BDD-9DE2-64A83CC13884): 2
LogDevObjectVersion:   Dev-LoadTimes (C2A15278-BFE7-4AFE-6C17-90FF531DF755): 1
LogDevObjectVersion:   Private-Geometry (6EACA3D4-40EC-4CC1-B786-8BED09428FC5): 3
LogDevObjectVersion:   Dev-AnimPhys (29E575DD-E0A3-4627-9D10-D276232CDCEA): 17
LogDevObjectVersion:   Dev-Anim (AF43A65D-7FD3-4947-9873-3E8ED9C1BB05): 2
LogDevObjectVersion:   Dev-ReflectionCapture (6B266CEC-1EC7-4B8F-A30B-E4D90942FC07): 1
LogDevObjectVersion:   Dev-Automation (0DF73D61-A23F-47EA-B727-89E90C41499A): 1
LogDevObjectVersion:   FortniteMain (601D1886-AC64-4F84-AA16-D3DE0DEAC7D6): 17
LogDevObjectVersion:   Dev-Enterprise (9DFFBCD6-494F-0158-E221-12823C92A888): 4
LogDevObjectVersion:   Dev-Niagara (F2AED0AC-9AFE-416F-8664-AA7FFA26D6FC): 1
LogStreaming: Display: Took  0.002s to delete old logs.
LogInit: Presizing for max 8388607 objects, including 0 objects not considered by GC, pre-allocating 0 bytes for permanent pool.
LogInit: Object subsystem initialized
LogConfig: Setting CVar [[con.DebugEarlyDefault:1]]
LogConfig: Setting CVar [[r.setres:1280x720]]
[2019.01.31-02.00.30:794][  0]LogConfig: Setting CVar [[r.VSync:0]]
[2019.01.31-02.00.30:794][  0]LogConfig: Setting CVar [[r.RHICmdBypass:0]]
[2019.01.31-02.00.30:794][  0]LogConfig: Applying CVar settings from Section [/Script/Engine.RendererSettings] File [C:/Users/fatibees/Documents/Hunter-Mage/source/HunterMage/Saved/Config/Windows/Engine.ini]
[2019.01.31-02.00.30:794][  0]LogConfig: Setting CVar [[r.GPUCrashDebugging:0]]
[2019.01.31-02.00.30:794][  0]LogConfig: Applying CVar settings from Section [/Script/Engine.RendererOverrideSettings] File [C:/Users/fatibees/Documents/Hunter-Mage/source/HunterMage/Saved/Config/Windows/Engine.ini]
[2019.01.31-02.00.30:794][  0]LogConfig: Applying CVar settings from Section [/Script/Engine.StreamingSettings] File [C:/Users/fatibees/Documents/Hunter-Mage/source/HunterMage/Saved/Config/Windows/Engine.ini]
[2019.01.31-02.00.30:794][  0]LogConfig: Setting CVar [[s.MinBulkDataSizeForAsyncLoading:131072]]
[2019.01.31-02.00.30:794][  0]LogConfig: Setting CVar [[s.AsyncLoadingThreadEnabled:0]]
[2019.01.31-02.00.30:794][  0]LogConfig: Setting CVar [[s.EventDrivenLoaderEnabled:1]]
[2019.01.31-02.00.30:794][  0]LogConfig: Setting CVar [[s.WarnIfTimeLimitExceeded:0]]
[2019.01.31-02.00.30:794][  0]LogConfig: Setting CVar [[s.TimeLimitExceededMultiplier:1.5]]
[2019.01.31-02.00.30:794][  0]LogConfig: Setting CVar [[s.TimeLimitExceededMinTime:0.005]]
[2019.01.31-02.00.30:794][  0]LogConfig: Setting CVar [[s.UseBackgroundLevelStreaming:1]]
[2019.01.31-02.00.30:794][  0]LogConfig: Setting CVar [[s.PriorityAsyncLoadingExtraTime:15.0]]
[2019.01.31-02.00.30:794][  0]LogConfig: Setting CVar [[s.LevelStreamingActorsUpdateTimeLimit:5.0]]
[2019.01.31-02.00.30:794][  0]LogConfig: Setting CVar [[s.PriorityLevelStreamingActorsUpdateExtraTime:5.0]]
[2019.01.31-02.00.30:795][  0]LogConfig: Setting CVar [[s.LevelStreamingComponentsRegistrationGranularity:10]]
[2019.01.31-02.00.30:795][  0]LogConfig: Setting CVar [[s.UnregisterComponentsTimeLimit:1.0]]
[2019.01.31-02.00.30:795][  0]LogConfig: Setting CVar [[s.LevelStreamingComponentsUnregistrationGranularity:5]]
[2019.01.31-02.00.30:795][  0]LogConfig: Applying CVar settings from Section [/Script/Engine.GarbageCollectionSettings] File [C:/Users/fatibees/Documents/Hunter-Mage/source/HunterMage/Saved/Config/Windows/Engine.ini]
[2019.01.31-02.00.30:795][  0]LogConfig: Setting CVar [[gc.MaxObjectsNotConsideredByGC:1]]
[2019.01.31-02.00.30:795][  0]LogConfig: Setting CVar [[gc.SizeOfPermanentObjectPool:0]]
[2019.01.31-02.00.30:795][  0]LogConfig: Setting CVar [[gc.FlushStreamingOnGC:0]]
[2019.01.31-02.00.30:795][  0]LogConfig: Setting CVar [[gc.NumRetriesBeforeForcingGC:10]]
[2019.01.31-02.00.30:795][  0]LogConfig: Setting CVar [[gc.AllowParallelGC:1]]
[2019.01.31-02.00.30:795][  0]LogConfig: Setting CVar [[gc.TimeBetweenPurgingPendingKillObjects:61.1]]
[2019.01.31-02.00.30:795][  0]LogConfig: Setting CVar [[gc.MaxObjectsInEditor:8388607]]
[2019.01.31-02.00.30:795][  0]LogConfig: Setting CVar [[gc.IncrementalBeginDestroyEnabled:1]]
[2019.01.31-02.00.30:795][  0]LogConfig: Setting CVar [[gc.CreateGCClusters:1]]
[2019.01.31-02.00.30:795][  0]LogConfig: Setting CVar [[gc.MergeGCClusters:0]]
[2019.01.31-02.00.30:795][  0]LogConfig: Setting CVar [[gc.MinGCClusterSize:5]]
[2019.01.31-02.00.30:795][  0]LogConfig: Setting CVar [[gc.ActorClusteringEnabled:0]]
[2019.01.31-02.00.30:795][  0]LogConfig: Setting CVar [[gc.BlueprintClusteringEnabled:0]]
[2019.01.31-02.00.30:795][  0]LogConfig: Setting CVar [[gc.UseDisregardForGCOnDedicatedServers:0]]
[2019.01.31-02.00.30:795][  0]LogConfig: Applying CVar settings from Section [/Script/Engine.NetworkSettings] File [C:/Users/fatibees/Documents/Hunter-Mage/source/HunterMage/Saved/Config/Windows/Engine.ini]
[2019.01.31-02.00.30:795][  0]LogConfig: Applying CVar settings from Section [/Script/UnrealEd.CookerSettings] File [C:/Users/fatibees/Documents/Hunter-Mage/source/HunterMage/Saved/Config/Windows/Engine.ini]
[2019.01.31-02.00.30:798][  0]LogConfig: Applying CVar settings from Section [ViewDistanceQuality@3] File [C:/Users/fatibees/Documents/Hunter-Mage/source/HunterMage/Saved/Config/Windows/Scalability.ini]
[2019.01.31-02.00.30:798][  0]LogConfig: Setting CVar [[r.SkeletalMeshLODBias:0]]
[2019.01.31-02.00.30:798][  0]LogConfig: Setting CVar [[r.ViewDistanceScale:1.0]]
[2019.01.31-02.00.30:798][  0]LogConfig: Applying CVar settings from Section [AntiAliasingQuality@3] File [C:/Users/fatibees/Documents/Hunter-Mage/source/HunterMage/Saved/Config/Windows/Scalability.ini]
[2019.01.31-02.00.30:798][  0]LogConfig: Setting CVar [[r.PostProcessAAQuality:4]]
[2019.01.31-02.00.30:798][  0]LogConfig: Applying CVar settings from Section [ShadowQuality@3] File [C:/Users/fatibees/Documents/Hunter-Mage/source/HunterMage/Saved/Config/Windows/Scalability.ini]
[2019.01.31-02.00.30:798][  0]LogConfig: Setting CVar [[r.LightFunctionQuality:1]]
[2019.01.31-02.00.30:798][  0]LogConfig: Setting CVar [[r.ShadowQuality:5]]
[2019.01.31-02.00.30:798][  0]LogConfig: Setting CVar [[r.Shadow.CSM.MaxCascades:10]]
[2019.01.31-02.00.30:798][  0]LogConfig: Setting CVar [[r.Shadow.MaxResolution:2048]]
[2019.01.31-02.00.30:798][  0]LogConfig: Setting CVar [[r.Shadow.MaxCSMResolution:2048]]
[2019.01.31-02.00.30:798][  0]LogConfig: Setting CVar [[r.Shadow.RadiusThreshold:0.01]]
[2019.01.31-02.00.30:798][  0]LogConfig: Setting CVar [[r.Shadow.DistanceScale:1.0]]
[2019.01.31-02.00.30:798][  0]LogConfig: Setting CVar [[r.Shadow.CSM.TransitionScale:1.0]]
[2019.01.31-02.00.30:798][  0]LogConfig: Setting CVar [[r.Shadow.PreShadowResolutionFactor:1.0]]
[2019.01.31-02.00.30:798][  0]LogConfig: Setting CVar [[r.DistanceFieldShadowing:1]]
[2019.01.31-02.00.30:798][  0]LogConfig: Setting CVar [[r.DistanceFieldAO:1]]
[2019.01.31-02.00.30:798][  0]LogConfig: Setting CVar [[r.AOQuality:2]]
[2019.01.31-02.00.30:798][  0]LogConfig: Setting CVar [[r.VolumetricFog:1]]
[2019.01.31-02.00.30:798][  0]LogConfig: Setting CVar [[r.VolumetricFog.GridPixelSize:8]]
[2019.01.31-02.00.30:798][  0]LogConfig: Setting CVar [[r.VolumetricFog.GridSizeZ:128]]
[2019.01.31-02.00.30:798][  0]LogConfig: Setting CVar [[r.VolumetricFog.HistoryMissSupersampleCount:4]]
[2019.01.31-02.00.30:798][  0]LogConfig: Setting CVar [[r.LightMaxDrawDistanceScale:1]]
[2019.01.31-02.00.30:798][  0]LogConfig: Setting CVar [[r.CapsuleShadows:1]]
[2019.01.31-02.00.30:798][  0]LogConfig: Applying CVar settings from Section [PostProcessQuality@3] File [C:/Users/fatibees/Documents/Hunter-Mage/source/HunterMage/Saved/Config/Windows/Scalability.ini]
[2019.01.31-02.00.30:798][  0]LogConfig: Setting CVar [[r.MotionBlurQuality:4]]
[2019.01.31-02.00.30:798][  0]LogConfig: Setting CVar [[r.AmbientOcclusionMipLevelFactor:0.4]]
[2019.01.31-02.00.30:798][  0]LogConfig: Setting CVar [[r.AmbientOcclusionMaxQuality:100]]
[2019.01.31-02.00.30:798][  0]LogConfig: Setting CVar [[r.AmbientOcclusionLevels:-1]]
[2019.01.31-02.00.30:798][  0]LogConfig: Setting CVar [[r.AmbientOcclusionRadiusScale:1.0]]
[2019.01.31-02.00.30:798][  0]LogConfig: Setting CVar [[r.DepthOfFieldQuality:2]]
[2019.01.31-02.00.30:798][  0]LogConfig: Setting CVar [[r.RenderTargetPoolMin:400]]
[2019.01.31-02.00.30:798][  0]LogConfig: Setting CVar [[r.LensFlareQuality:2]]
[2019.01.31-02.00.30:798][  0]LogConfig: Setting CVar [[r.SceneColorFringeQuality:1]]
[2019.01.31-02.00.30:798][  0]LogConfig: Setting CVar [[r.EyeAdaptationQuality:2]]
[2019.01.31-02.00.30:798][  0]LogConfig: Setting CVar [[r.BloomQuality:5]]
[2019.01.31-02.00.30:798][  0]LogConfig: Setting CVar [[r.FastBlurThreshold:100]]
[2019.01.31-02.00.30:798][  0]LogConfig: Setting CVar [[r.Upscale.Quality:3]]
[2019.01.31-02.00.30:798][  0]LogConfig: Setting CVar [[r.Tonemapper.GrainQuantization:1]]
[2019.01.31-02.00.30:798][  0]LogConfig: Setting CVar [[r.LightShaftQuality:1]]
[2019.01.31-02.00.30:798][  0]LogConfig: Setting CVar [[r.Filter.SizeScale:1]]
[2019.01.31-02.00.30:798][  0]LogConfig: Setting CVar [[r.Tonemapper.Quality:5]]
[2019.01.31-02.00.30:798][  0]LogConfig: Setting CVar [[r.DOF.Gather.AccumulatorQuality:1        ; higher gathering accumulator quality]]
[2019.01.31-02.00.30:798][  0]LogConfig: Setting CVar [[r.DOF.Gather.PostfilterMethod:1          ; Median3x3 postfilering method]]
[2019.01.31-02.00.30:798][  0]LogConfig: Setting CVar [[r.DOF.Gather.EnableBokehSettings:0       ; no bokeh simulation when gathering]]
[2019.01.31-02.00.30:798][  0]LogConfig: Setting CVar [[r.DOF.Gather.RingCount:4                 ; medium number of samples when gathering]]
[2019.01.31-02.00.30:798][  0]LogConfig: Setting CVar [[r.DOF.Scatter.ForegroundCompositing:1    ; additive foreground scattering]]
[2019.01.31-02.00.30:798][  0]LogConfig: Setting CVar [[r.DOF.Scatter.BackgroundCompositing:2    ; additive background scattering]]
[2019.01.31-02.00.30:798][  0]LogConfig: Setting CVar [[r.DOF.Scatter.EnableBokehSettings:1      ; bokeh simulation when scattering]]
[2019.01.31-02.00.30:798][  0]LogConfig: Setting CVar [[r.DOF.Scatter.MaxSpriteRatio:0.1         ; only a maximum of 10% of scattered bokeh]]
[2019.01.31-02.00.30:798][  0]LogConfig: Setting CVar [[r.DOF.Recombine.Quality:1                ; cheap slight out of focus]]
[2019.01.31-02.00.30:798][  0]LogConfig: Setting CVar [[r.DOF.Recombine.EnableBokehSettings:0    ; no bokeh simulation on slight out of focus]]
[2019.01.31-02.00.30:798][  0]LogConfig: Setting CVar [[r.DOF.TemporalAAQuality:1                ; more stable temporal accumulation]]
[2019.01.31-02.00.30:798][  0]LogConfig: Setting CVar [[r.DOF.Kernel.MaxForegroundRadius:0.025]]
[2019.01.31-02.00.30:798][  0]LogConfig: Setting CVar [[r.DOF.Kernel.MaxBackgroundRadius:0.025]]
[2019.01.31-02.00.30:798][  0]LogConfig: Applying CVar settings from Section [TextureQuality@3] File [C:/Users/fatibees/Documents/Hunter-Mage/source/HunterMage/Saved/Config/Windows/Scalability.ini]
[2019.01.31-02.00.30:798][  0]LogConfig: Setting CVar [[r.Streaming.MipBias:0]]
[2019.01.31-02.00.30:798][  0]LogConfig: Setting CVar [[r.Streaming.AmortizeCPUToGPUCopy:0]]
[2019.01.31-02.00.30:798][  0]LogConfig: Setting CVar [[r.Streaming.MaxNumTexturesToStreamPerFrame:0]]
[2019.01.31-02.00.30:798][  0]LogConfig: Setting CVar [[r.Streaming.Boost:1]]
[2019.01.31-02.00.30:798][  0]LogConfig: Setting CVar [[r.MaxAnisotropy:8]]
[2019.01.31-02.00.30:798][  0]LogConfig: Setting CVar [[r.Streaming.LimitPoolSizeToVRAM:0]]
[2019.01.31-02.00.30:798][  0]LogConfig: Setting CVar [[r.Streaming.PoolSize:1000]]
[2019.01.31-02.00.30:798][  0]LogConfig: Setting CVar [[r.Streaming.MaxEffectiveScreenSize:0]]
[2019.01.31-02.00.30:799][  0]LogConfig: Applying CVar settings from Section [EffectsQuality@3] File [C:/Users/fatibees/Documents/Hunter-Mage/source/HunterMage/Saved/Config/Windows/Scalability.ini]
[2019.01.31-02.00.30:799][  0]LogConfig: Setting CVar [[r.TranslucencyLightingVolumeDim:64]]
[2019.01.31-02.00.30:799][  0]LogConfig: Setting CVar [[r.RefractionQuality:2]]
[2019.01.31-02.00.30:799][  0]LogConfig: Setting CVar [[r.SSR.Quality:3]]
[2019.01.31-02.00.30:799][  0]LogConfig: Setting CVar [[r.SceneColorFormat:4]]
[2019.01.31-02.00.30:799][  0]LogConfig: Setting CVar [[r.DetailMode:2]]
[2019.01.31-02.00.30:799][  0]LogConfig: Setting CVar [[r.TranslucencyVolumeBlur:1]]
[2019.01.31-02.00.30:799][  0]LogConfig: Setting CVar [[r.MaterialQualityLevel:1 ; High quality]]
[2019.01.31-02.00.30:799][  0]LogConfig: Setting CVar [[r.SSS.Scale:1]]
[2019.01.31-02.00.30:799][  0]LogConfig: Setting CVar [[r.SSS.SampleSet:2]]
[2019.01.31-02.00.30:799][  0]LogConfig: Setting CVar [[r.SSS.Quality:1]]
[2019.01.31-02.00.30:799][  0]LogConfig: Setting CVar [[r.SSS.HalfRes:1]]
[2019.01.31-02.00.30:799][  0]LogConfig: Setting CVar [[r.EmitterSpawnRateScale:1.0]]
[2019.01.31-02.00.30:799][  0]LogConfig: Setting CVar [[r.ParticleLightQuality:2]]
[2019.01.31-02.00.30:799][  0]LogConfig: Applying CVar settings from Section [FoliageQuality@3] File [C:/Users/fatibees/Documents/Hunter-Mage/source/HunterMage/Saved/Config/Windows/Scalability.ini]
[2019.01.31-02.00.30:799][  0]LogConfig: Setting CVar [[foliage.DensityScale:1.0]]
[2019.01.31-02.00.30:799][  0]LogConfig: Setting CVar [[grass.DensityScale:1.0]]
[2019.01.31-02.00.30:799][  0]LogInit: Selected Device Profile: [Windows]
[2019.01.31-02.00.30:799][  0]LogInit: Applying CVar settings loaded from the selected device profile: [Windows]
[2019.01.31-02.00.30:811][  0]LogHAL: Display: Platform has ~ 16 GB [17117216768 / 17179869184 / 16], which maps to Larger [LargestMinGB=32, LargerMinGB=12, DefaultMinGB=8, SmallerMinGB=6, SmallestMinGB=0)
[2019.01.31-02.00.30:811][  0]LogConfig: Setting CVar [[r.Vulkan.UseRealUBs:1]]
[2019.01.31-02.00.30:811][  0]LogInit: Going up to parent DeviceProfile []
[2019.01.31-02.00.30:811][  0]LogConfig: Applying CVar settings from Section [ViewDistanceQuality@3] File [C:/Users/fatibees/Documents/Hunter-Mage/source/HunterMage/Saved/Config/Windows/Scalability.ini]
[2019.01.31-02.00.30:811][  0]LogConfig: Setting CVar [[r.SkeletalMeshLODBias:0]]
[2019.01.31-02.00.30:811][  0]LogConfig: Setting CVar [[r.ViewDistanceScale:1.0]]
[2019.01.31-02.00.30:811][  0]LogConfig: Applying CVar settings from Section [AntiAliasingQuality@3] File [C:/Users/fatibees/Documents/Hunter-Mage/source/HunterMage/Saved/Config/Windows/Scalability.ini]
[2019.01.31-02.00.30:811][  0]LogConfig: Setting CVar [[r.PostProcessAAQuality:4]]
[2019.01.31-02.00.30:811][  0]LogConfig: Applying CVar settings from Section [ShadowQuality@3] File [C:/Users/fatibees/Documents/Hunter-Mage/source/HunterMage/Saved/Config/Windows/Scalability.ini]
[2019.01.31-02.00.30:811][  0]LogConfig: Setting CVar [[r.LightFunctionQuality:1]]
[2019.01.31-02.00.30:811][  0]LogConfig: Setting CVar [[r.ShadowQuality:5]]
[2019.01.31-02.00.30:811][  0]LogConfig: Setting CVar [[r.Shadow.CSM.MaxCascades:10]]
[2019.01.31-02.00.30:811][  0]LogConfig: Setting CVar [[r.Shadow.MaxResolution:2048]]
[2019.01.31-02.00.30:811][  0]LogConfig: Setting CVar [[r.Shadow.MaxCSMResolution:2048]]
[2019.01.31-02.00.30:811][  0]LogConfig: Setting CVar [[r.Shadow.RadiusThreshold:0.01]]
[2019.01.31-02.00.30:811][  0]LogConfig: Setting CVar [[r.Shadow.DistanceScale:1.0]]
[2019.01.31-02.00.30:811][  0]LogConfig: Setting CVar [[r.Shadow.CSM.TransitionScale:1.0]]
[2019.01.31-02.00.30:811][  0]LogConfig: Setting CVar [[r.Shadow.PreShadowResolutionFactor:1.0]]
[2019.01.31-02.00.30:811][  0]LogConfig: Setting CVar [[r.DistanceFieldShadowing:1]]
[2019.01.31-02.00.30:811][  0]LogConfig: Setting CVar [[r.DistanceFieldAO:1]]
[2019.01.31-02.00.30:811][  0]LogConfig: Setting CVar [[r.AOQuality:2]]
[2019.01.31-02.00.30:811][  0]LogConfig: Setting CVar [[r.VolumetricFog:1]]
[2019.01.31-02.00.30:811][  0]LogConfig: Setting CVar [[r.VolumetricFog.GridPixelSize:8]]
[2019.01.31-02.00.30:811][  0]LogConfig: Setting CVar [[r.VolumetricFog.GridSizeZ:128]]
[2019.01.31-02.00.30:811][  0]LogConfig: Setting CVar [[r.VolumetricFog.HistoryMissSupersampleCount:4]]
[2019.01.31-02.00.30:811][  0]LogConfig: Setting CVar [[r.LightMaxDrawDistanceScale:1]]
[2019.01.31-02.00.30:811][  0]LogConfig: Setting CVar [[r.CapsuleShadows:1]]
[2019.01.31-02.00.30:811][  0]LogConfig: Applying CVar settings from Section [PostProcessQuality@3] File [C:/Users/fatibees/Documents/Hunter-Mage/source/HunterMage/Saved/Config/Windows/Scalability.ini]
[2019.01.31-02.00.30:811][  0]LogConfig: Setting CVar [[r.MotionBlurQuality:4]]
[2019.01.31-02.00.30:811][  0]LogConfig: Setting CVar [[r.AmbientOcclusionMipLevelFactor:0.4]]
[2019.01.31-02.00.30:811][  0]LogConfig: Setting CVar [[r.AmbientOcclusionMaxQuality:100]]
[2019.01.31-02.00.30:811][  0]LogConfig: Setting CVar [[r.AmbientOcclusionLevels:-1]]
[2019.01.31-02.00.30:811][  0]LogConfig: Setting CVar [[r.AmbientOcclusionRadiusScale:1.0]]
[2019.01.31-02.00.30:811][  0]LogConfig: Setting CVar [[r.DepthOfFieldQuality:2]]
[2019.01.31-02.00.30:812][  0]LogConfig: Setting CVar [[r.RenderTargetPoolMin:400]]
[2019.01.31-02.00.30:812][  0]LogConfig: Setting CVar [[r.LensFlareQuality:2]]
[2019.01.31-02.00.30:812][  0]LogConfig: Setting CVar [[r.SceneColorFringeQuality:1]]
[2019.01.31-02.00.30:812][  0]LogConfig: Setting CVar [[r.EyeAdaptationQuality:2]]
[2019.01.31-02.00.30:812][  0]LogConfig: Setting CVar [[r.BloomQuality:5]]
[2019.01.31-02.00.30:812][  0]LogConfig: Setting CVar [[r.FastBlurThreshold:100]]
[2019.01.31-02.00.30:812][  0]LogConfig: Setting CVar [[r.Upscale.Quality:3]]
[2019.01.31-02.00.30:812][  0]LogConfig: Setting CVar [[r.Tonemapper.GrainQuantization:1]]
[2019.01.31-02.00.30:812][  0]LogConfig: Setting CVar [[r.LightShaftQuality:1]]
[2019.01.31-02.00.30:812][  0]LogConfig: Setting CVar [[r.Filter.SizeScale:1]]
[2019.01.31-02.00.30:812][  0]LogConfig: Setting CVar [[r.Tonemapper.Quality:5]]
[2019.01.31-02.00.30:812][  0]LogConfig: Setting CVar [[r.DOF.Gather.AccumulatorQuality:1        ; higher gathering accumulator quality]]
[2019.01.31-02.00.30:812][  0]LogConfig: Setting CVar [[r.DOF.Gather.PostfilterMethod:1          ; Median3x3 postfilering method]]
[2019.01.31-02.00.30:812][  0]LogConfig: Setting CVar [[r.DOF.Gather.EnableBokehSettings:0       ; no bokeh simulation when gathering]]
[2019.01.31-02.00.30:812][  0]LogConfig: Setting CVar [[r.DOF.Gather.RingCount:4                 ; medium number of samples when gathering]]
[2019.01.31-02.00.30:812][  0]LogConfig: Setting CVar [[r.DOF.Scatter.ForegroundCompositing:1    ; additive foreground scattering]]
[2019.01.31-02.00.30:812][  0]LogConfig: Setting CVar [[r.DOF.Scatter.BackgroundCompositing:2    ; additive background scattering]]
[2019.01.31-02.00.30:812][  0]LogConfig: Setting CVar [[r.DOF.Scatter.EnableBokehSettings:1      ; bokeh simulation when scattering]]
[2019.01.31-02.00.30:812][  0]LogConfig: Setting CVar [[r.DOF.Scatter.MaxSpriteRatio:0.1         ; only a maximum of 10% of scattered bokeh]]
[2019.01.31-02.00.30:812][  0]LogConfig: Setting CVar [[r.DOF.Recombine.Quality:1                ; cheap slight out of focus]]
[2019.01.31-02.00.30:812][  0]LogConfig: Setting CVar [[r.DOF.Recombine.EnableBokehSettings:0    ; no bokeh simulation on slight out of focus]]
[2019.01.31-02.00.30:812][  0]LogConfig: Setting CVar [[r.DOF.TemporalAAQuality:1                ; more stable temporal accumulation]]
[2019.01.31-02.00.30:812][  0]LogConfig: Setting CVar [[r.DOF.Kernel.MaxForegroundRadius:0.025]]
[2019.01.31-02.00.30:812][  0]LogConfig: Setting CVar [[r.DOF.Kernel.MaxBackgroundRadius:0.025]]
[2019.01.31-02.00.30:812][  0]LogConfig: Applying CVar settings from Section [TextureQuality@3] File [C:/Users/fatibees/Documents/Hunter-Mage/source/HunterMage/Saved/Config/Windows/Scalability.ini]
[2019.01.31-02.00.30:812][  0]LogConfig: Setting CVar [[r.Streaming.MipBias:0]]
[2019.01.31-02.00.30:812][  0]LogConfig: Setting CVar [[r.Streaming.AmortizeCPUToGPUCopy:0]]
[2019.01.31-02.00.30:812][  0]LogConfig: Setting CVar [[r.Streaming.MaxNumTexturesToStreamPerFrame:0]]
[2019.01.31-02.00.30:812][  0]LogConfig: Setting CVar [[r.Streaming.Boost:1]]
[2019.01.31-02.00.30:812][  0]LogConfig: Setting CVar [[r.MaxAnisotropy:8]]
[2019.01.31-02.00.30:812][  0]LogConfig: Setting CVar [[r.Streaming.LimitPoolSizeToVRAM:0]]
[2019.01.31-02.00.30:812][  0]LogConfig: Setting CVar [[r.Streaming.PoolSize:1000]]
[2019.01.31-02.00.30:812][  0]LogConfig: Setting CVar [[r.Streaming.MaxEffectiveScreenSize:0]]
[2019.01.31-02.00.30:812][  0]LogConfig: Applying CVar settings from Section [EffectsQuality@3] File [C:/Users/fatibees/Documents/Hunter-Mage/source/HunterMage/Saved/Config/Windows/Scalability.ini]
[2019.01.31-02.00.30:812][  0]LogConfig: Setting CVar [[r.TranslucencyLightingVolumeDim:64]]
[2019.01.31-02.00.30:812][  0]LogConfig: Setting CVar [[r.RefractionQuality:2]]
[2019.01.31-02.00.30:812][  0]LogConfig: Setting CVar [[r.SSR.Quality:3]]
[2019.01.31-02.00.30:812][  0]LogConfig: Setting CVar [[r.SceneColorFormat:4]]
[2019.01.31-02.00.30:812][  0]LogConfig: Setting CVar [[r.DetailMode:2]]
[2019.01.31-02.00.30:812][  0]LogConfig: Setting CVar [[r.TranslucencyVolumeBlur:1]]
[2019.01.31-02.00.30:812][  0]LogConfig: Setting CVar [[r.MaterialQualityLevel:1 ; High quality]]
[2019.01.31-02.00.30:812][  0]LogConfig: Setting CVar [[r.SSS.Scale:1]]
[2019.01.31-02.00.30:812][  0]LogConfig: Setting CVar [[r.SSS.SampleSet:2]]
[2019.01.31-02.00.30:812][  0]LogConfig: Setting CVar [[r.SSS.Quality:1]]
[2019.01.31-02.00.30:812][  0]LogConfig: Setting CVar [[r.SSS.HalfRes:1]]
[2019.01.31-02.00.30:812][  0]LogConfig: Setting CVar [[r.EmitterSpawnRateScale:1.0]]
[2019.01.31-02.00.30:812][  0]LogConfig: Setting CVar [[r.ParticleLightQuality:2]]
[2019.01.31-02.00.30:812][  0]LogConfig: Applying CVar settings from Section [FoliageQuality@3] File [C:/Users/fatibees/Documents/Hunter-Mage/source/HunterMage/Saved/Config/Windows/Scalability.ini]
[2019.01.31-02.00.30:812][  0]LogConfig: Setting CVar [[foliage.DensityScale:1.0]]
[2019.01.31-02.00.30:812][  0]LogConfig: Setting CVar [[grass.DensityScale:1.0]]
[2019.01.31-02.00.30:812][  0]LogConfig: Applying CVar settings from Section [Startup] File [../../../Engine/Config/ConsoleVariables.ini]
[2019.01.31-02.00.30:812][  0]LogConfig: Setting CVar [[net.UseAdaptiveNetUpdateFrequency:0]]
[2019.01.31-02.00.30:812][  0]LogConfig: Applying CVar settings from Section [ConsoleVariables] File [C:/Users/fatibees/Documents/Hunter-Mage/source/HunterMage/Saved/Config/Windows/Engine.ini]
[2019.01.31-02.00.30:812][  0]LogInit: Computer: DESKTOP-M0PTO0F
[2019.01.31-02.00.30:812][  0]LogInit: User: fatibees
[2019.01.31-02.00.30:812][  0]LogInit: CPU Page size=4096, Cores=4
[2019.01.31-02.00.30:812][  0]LogInit: High frequency timer resolution =3.020347 MHz
[2019.01.31-02.00.30:813][  0]LogMemory: Memory total: Physical=15.9GB (16GB approx)
[2019.01.31-02.00.30:813][  0]LogMemory: Platform Memory Stats for Windows
[2019.01.31-02.00.30:813][  0]LogMemory: Process Physical Memory: 103.02 MB used, 103.02 MB peak
[2019.01.31-02.00.30:813][  0]LogMemory: Process Virtual Memory: 85.71 MB used, 85.71 MB peak
[2019.01.31-02.00.30:813][  0]LogMemory: Physical Memory: 5581.03 MB used,  10743.22 MB free, 16324.25 MB total
[2019.01.31-02.00.30:813][  0]LogMemory: Virtual Memory: 4642.42 MB used,  134213088.00 MB free, 134217728.00 MB total
[2019.01.31-02.00.30:834][  0]LogInit: Using OS detected language (en-US).
[2019.01.31-02.00.30:834][  0]LogInit: Using OS detected locale (en-CA).
[2019.01.31-02.00.30:835][  0]LogTextLocalizationManager: No specific localization for 'en-US' exists, so the 'en' localization will be used.
[2019.01.31-02.00.31:235][  0]LogStreaming: Display: Took  0.401s to InitEngineTextLocalization.
[2019.01.31-02.00.31:235][  0]LogInit: Setting process to per monitor DPI aware
[2019.01.31-02.00.31:282][  0]LogSlate: New Slate User Created.  User Index 0, Is Virtual User: 0
[2019.01.31-02.00.31:282][  0]LogSlate: Slate User Registered.  User Index 0, Is Virtual User: 0
[2019.01.31-02.00.31:502][  0]LogHMD: Failed to initialize OpenVR with code 110
[2019.01.31-02.00.31:502][  0]LogD3D11RHI: D3D11 adapters:
[2019.01.31-02.00.31:561][  0]LogD3D11RHI:    0. 'NVIDIA GeForce GT 750M' (Feature Level 11_0)
[2019.01.31-02.00.31:561][  0]LogD3D11RHI:       995/0/8162 MB DedicatedVideo/DedicatedSystem/SharedSystem, Outputs:1, VendorId:0x10de
[2019.01.31-02.00.31:563][  0]LogD3D11RHI:    1. 'Microsoft Basic Render Driver' (Feature Level 11_0)
[2019.01.31-02.00.31:563][  0]LogD3D11RHI:       0/0/8162 MB DedicatedVideo/DedicatedSystem/SharedSystem, Outputs:0, VendorId:0x1414
[2019.01.31-02.00.31:563][  0]LogD3D11RHI: Chosen D3D11 Adapter: 0
[2019.01.31-02.00.31:570][  0]LogD3D11RHI: Creating new Direct3DDevice
[2019.01.31-02.00.31:570][  0]LogD3D11RHI:     GPU DeviceId: 0xfe9 (for the marketing name, search the web for "GPU Device Id")
[2019.01.31-02.00.31:570][  0]LogWindows: EnumDisplayDevices:
[2019.01.31-02.00.31:572][  0]LogWindows:    0. 'NVIDIA GeForce GT 750M' (P:1 D:1)
[2019.01.31-02.00.31:574][  0]LogWindows:    1. 'NVIDIA GeForce GT 750M' (P:0 D:0)
[2019.01.31-02.00.31:575][  0]LogWindows:    2. 'NVIDIA GeForce GT 750M' (P:0 D:0)
[2019.01.31-02.00.31:575][  0]LogWindows: DebugString: FoundDriverCount:3 
[2019.01.31-02.00.31:575][  0]LogD3D11RHI:     Adapter Name: NVIDIA GeForce GT 750M
[2019.01.31-02.00.31:575][  0]LogD3D11RHI:   Driver Version: 382.05 (internal:22.21.13.8205, unified:382.05)
[2019.01.31-02.00.31:575][  0]LogD3D11RHI:      Driver Date: 5-1-2017
[2019.01.31-02.00.31:575][  0]LogRHI: Texture pool is 696 MB (70% of 995 MB)
[2019.01.31-02.00.31:609][  0]LogD3D11RHI: Async texture creation enabled
[2019.01.31-02.00.31:622][  0]LogD3D11RHI: GPU Timing Frequency: 1000.000000 (Debug: 2 1)
[2019.01.31-02.00.32:086][  0]LogTemp: Display: Loaded TP AllDesktopTargetPlatform
[2019.01.31-02.00.32:101][  0]LogTemp: Display: Loaded TP MacClientTargetPlatform
[2019.01.31-02.00.32:115][  0]LogTemp: Display: Loaded TP MacNoEditorTargetPlatform
[2019.01.31-02.00.32:129][  0]LogTemp: Display: Loaded TP MacServerTargetPlatform
[2019.01.31-02.00.32:144][  0]LogTemp: Display: Loaded TP MacTargetPlatform
[2019.01.31-02.00.32:158][  0]LogTemp: Display: Loaded TP WindowsClientTargetPlatform
[2019.01.31-02.00.32:172][  0]LogTemp: Display: Loaded TP WindowsNoEditorTargetPlatform
[2019.01.31-02.00.32:187][  0]LogTemp: Display: Loaded TP WindowsServerTargetPlatform
[2019.01.31-02.00.32:196][  0]LogTemp: Display: Loaded TP WindowsTargetPlatform
[2019.01.31-02.00.32:282][  0]LogTemp: Display: Loaded TP AndroidTargetPlatform
[2019.01.31-02.00.32:282][  0]LogTemp: Display: Loaded TP AndroidTargetPlatform
[2019.01.31-02.00.32:282][  0]LogTemp: Display: Loaded TP AndroidTargetPlatform
[2019.01.31-02.00.32:282][  0]LogTemp: Display: Loaded TP AndroidTargetPlatform
[2019.01.31-02.00.32:282][  0]LogTemp: Display: Loaded TP AndroidTargetPlatform
[2019.01.31-02.00.32:282][  0]LogTemp: Display: Loaded TP AndroidTargetPlatform
[2019.01.31-02.00.32:282][  0]LogTemp: Display: Loaded TP AndroidTargetPlatform
[2019.01.31-02.00.32:282][  0]LogTemp: Display: Loaded TP AndroidTargetPlatform
[2019.01.31-02.00.32:282][  0]LogTemp: Display: Loaded TP AndroidTargetPlatform
[2019.01.31-02.00.32:282][  0]LogTemp: Display: Loaded TP AndroidTargetPlatform
[2019.01.31-02.00.32:282][  0]LogTemp: Display: Loaded TP AndroidTargetPlatform
[2019.01.31-02.00.32:282][  0]LogTemp: Display: Loaded TP AndroidTargetPlatform
[2019.01.31-02.00.32:282][  0]LogTemp: Display: Loaded TP AndroidTargetPlatform
[2019.01.31-02.00.32:282][  0]LogTemp: Display: Loaded TP AndroidTargetPlatform
[2019.01.31-02.00.32:282][  0]LogTemp: Display: Loaded TP AndroidTargetPlatform
[2019.01.31-02.00.32:282][  0]LogTemp: Display: Loaded TP AndroidTargetPlatform
[2019.01.31-02.00.32:282][  0]LogTemp: Display: Loaded TP AndroidTargetPlatform
[2019.01.31-02.00.32:282][  0]LogTemp: Display: Loaded TP AndroidTargetPlatform
[2019.01.31-02.00.32:284][  0]LogTemp: Display: Loaded TP HTML5TargetPlatform
[2019.01.31-02.00.32:351][  0]LogTemp: Display: Loaded TP IOSTargetPlatform
[2019.01.31-02.00.32:351][  0]LogTemp: Display: Loaded TP IOSTargetPlatform
[2019.01.31-02.00.32:375][  0]LogTemp: Display: Loaded TP TVOSTargetPlatform
[2019.01.31-02.00.32:375][  0]LogTemp: Display: Loaded TP TVOSTargetPlatform
[2019.01.31-02.00.32:388][  0]LogTemp: Display: Loaded TP LinuxClientTargetPlatform
[2019.01.31-02.00.32:402][  0]LogTemp: Display: Loaded TP LinuxNoEditorTargetPlatform
[2019.01.31-02.00.32:415][  0]LogTemp: Display: Loaded TP LinuxServerTargetPlatform
[2019.01.31-02.00.32:429][  0]LogTemp: Display: Loaded TP LinuxTargetPlatform
[2019.01.31-02.00.32:475][  0]LogTemp: Display: Loaded TP LuminTargetPlatform
[2019.01.31-02.00.32:475][  0]LogTemp: Display: Loaded TP LuminTargetPlatform
[2019.01.31-02.00.32:475][  0]LogTargetPlatformManager: Display: Building Assets For Windows
[2019.01.31-02.00.32:563][  0]LogShaderCompilers: Guid format shader working directory is -23 characters bigger than the processId version (../../../../../../Users/fatibees/Documents/Hunter-Mage/source/HunterMage/Intermediate/Shaders/WorkingDirectory/7084/).
[2019.01.31-02.00.32:563][  0]LogShaderCompilers: Cleaned the shader compiler working directory 'C:/Users/fatibees/AppData/Local/Temp/UnrealShaderWorkingDir/FC25441C472ADAD21D7B60BB40BF38BE/'.
[2019.01.31-02.00.32:567][  0]LogXGEController: Cleaning working directory: C:/Users/fatibees/AppData/Local/Temp/UnrealXGEWorkingDir/
[2019.01.31-02.00.32:567][  0]LogXGEController: Cannot use XGE Controller as Incredibuild is not installed on this machine.
[2019.01.31-02.00.32:567][  0]LogShaderCompilers: Cannot use XGE Shader Compiler as Incredibuild is not installed on this machine.
[2019.01.31-02.00.32:567][  0]LogShaderCompilers: Display: Using Local Shader Compiler.
[2019.01.31-02.00.33:096][  0]LogDerivedDataCache: Display: Max Cache Size: 512 MB
[2019.01.31-02.00.33:191][  0]LogDerivedDataCache: Loaded boot cache 0.09s 86MB C:/Users/fatibees/AppData/Local/UnrealEngine/4.21/DerivedDataCache/Boot.ddc.
[2019.01.31-02.00.33:191][  0]LogDerivedDataCache: Display: Loaded Boot cache: C:/Users/fatibees/AppData/Local/UnrealEngine/4.21/DerivedDataCache/Boot.ddc
[2019.01.31-02.00.33:191][  0]LogDerivedDataCache: FDerivedDataBackendGraph:  Pak pak cache file ../../../../../../Users/fatibees/Documents/Hunter-Mage/source/HunterMage/DerivedDataCache/DDC.ddp not found, will not use a pak cache.
[2019.01.31-02.00.33:191][  0]LogDerivedDataCache: Unable to find inner node Pak for hierarchical cache Hierarchy.
[2019.01.31-02.00.33:191][  0]LogDerivedDataCache: FDerivedDataBackendGraph:  CompressedPak pak cache file ../../../../../../Users/fatibees/Documents/Hunter-Mage/source/HunterMage/DerivedDataCache/Compressed.ddp not found, will not use a pak cache.
[2019.01.31-02.00.33:191][  0]LogDerivedDataCache: Unable to find inner node CompressedPak for hierarchical cache Hierarchy.
[2019.01.31-02.00.33:204][  0]LogDerivedDataCache: Display: Pak cache opened for reading ../../../Engine/DerivedDataCache/Compressed.ddp.
[2019.01.31-02.00.33:204][  0]LogDerivedDataCache: FDerivedDataBackendGraph:  EnterprisePak pak cache file ../../../Enterprise/DerivedDataCache/Compressed.ddp not found, will not use a pak cache.
[2019.01.31-02.00.33:204][  0]LogDerivedDataCache: Unable to find inner node EnterprisePak for hierarchical cache Hierarchy.
[2019.01.31-02.00.33:216][  0]LogDerivedDataCache: Using Local data cache path C:/Users/fatibees/AppData/Local/UnrealEngine/Common/DerivedDataCache: Writable
[2019.01.31-02.00.33:216][  0]LogDerivedDataCache: Shared data cache path not found in *engine.ini, will not use an Shared cache.
[2019.01.31-02.00.33:216][  0]LogDerivedDataCache: Unable to find inner node Shared for hierarchical cache Hierarchy.
[2019.01.31-02.00.33:239][  0]LogMaterial: Verifying Global Shaders for PCD3D_SM5
[2019.01.31-02.00.33:240][  0]LogSlate: Using FreeType 2.6.0
[2019.01.31-02.00.33:241][  0]LogSlate: SlateFontServices - WITH_FREETYPE: 1, WITH_HARFBUZZ: 1
[2019.01.31-02.00.33:332][  0]LogAssetRegistry: FAssetRegistry took 0.0332 seconds to start up
[2019.01.31-02.00.33:771][  0]LogInit: Selected Device Profile: [Windows]
[2019.01.31-02.00.33:933][  0]LogSimplygon: Simplygon DLL not present - disabling.
[2019.01.31-02.00.33:939][  0]LogMeshReduction: Using SimplygonSwarm for distributed automatic mesh merging
[2019.01.31-02.00.33:939][  0]LogMeshReduction: Using ProxyLODMeshReduction for automatic mesh merging
[2019.01.31-02.00.33:939][  0]LogMeshReduction: Using QuadricMeshReduction for automatic static mesh reduction
[2019.01.31-02.00.33:939][  0]LogMeshReduction: No automatic skeletal mesh reduction module available
[2019.01.31-02.00.33:953][  0]LogNetVersion: HunterMage 1.0.0, NetCL: 4541578, EngineNetVer: 5, GameNetVer: 0 (Checksum: 16553758)
[2019.01.31-02.00.34:542][  0]LogPackageLocalizationCache: Processed 11 localized package path(s) for 2 prioritized culture(s) in 0.115710 seconds
[2019.01.31-02.00.34:548][  0]LogUObjectArray: 39775 objects as part of root set at end of initial load.
[2019.01.31-02.00.34:548][  0]LogUObjectAllocator: 6914656 out of 0 bytes used by permanent object pool.
[2019.01.31-02.00.34:548][  0]LogUObjectArray: CloseDisregardForGC: 0/0 objects in disregard for GC pool
[2019.01.31-02.00.35:581][  0]LogTcpMessaging: Initializing TcpMessaging bridge
[2019.01.31-02.00.35:595][  0]LogUdpMessaging: Initializing bridge on interface 0.0.0.0:0 to multicast group 230.0.0.1:6666.
[2019.01.31-02.00.36:369][  0]SourceControl: Source control is disabled
[2019.01.31-02.00.36:369][  0]SourceControl: Source control is disabled
[2019.01.31-02.00.36:372][  0]SourceControl: Source control is disabled
[2019.01.31-02.00.36:373][  0]SourceControl: Source control is disabled
[2019.01.31-02.00.36:544][  0]LogAndroidPermission: UAndroidPermissionCallbackProxy::GetInstance
[2019.01.31-02.00.36:605][  0]LogOcInput: OculusInput pre-init called
[2019.01.31-02.00.36:742][  0]LogEngine: Initializing Engine...
[2019.01.31-02.00.36:743][  0]LogHMD: Failed to initialize OpenVR with code 110
[2019.01.31-02.00.36:744][  0]LogStats: UGameplayTagsManager::ConstructGameplayTagTree: ImportINI prefixes -  0.000 s
[2019.01.31-02.00.36:744][  0]LogStats: UGameplayTagsManager::ConstructGameplayTagTree: Construct from data asset -  0.000 s
[2019.01.31-02.00.36:744][  0]LogStats: UGameplayTagsManager::ConstructGameplayTagTree: ImportINI -  0.000 s
[2019.01.31-02.00.36:744][  0]LogStats: UGameplayTagsManager::ConstructGameplayTagTree: GameplayTagTreeChangedEvent.Broadcast -  0.000 s
[2019.01.31-02.00.36:985][  0]LogInit: Initializing FReadOnlyCVARCache
[2019.01.31-02.00.37:005][  0]LogAIModule: Creating AISystem for world Untitled
[2019.01.31-02.00.37:025][  0]LogInit: XAudio2 using 'Speakers (Cirrus Logic CS4206B (AB 06))' : 2 channels at 48 kHz using 32 bits per sample (channel mask 0x3)
[2019.01.31-02.00.37:053][  0]LogInit: FAudioDevice initialized.
[2019.01.31-02.00.37:053][  0]LogNetVersion: Set ProjectVersion to 1.0.0.0. Version Checksum will be recalculated on next use.
[2019.01.31-02.00.37:509][  0]LogDerivedDataCache: Saved boot cache 0.46s 86MB C:/Users/fatibees/AppData/Local/UnrealEngine/4.21/DerivedDataCache/Boot.ddc.
[2019.01.31-02.00.37:568][  0]LogInit: Texture streaming: Enabled
[2019.01.31-02.00.37:594][  0]LogEngineSessionManager: EngineSessionManager initialized
[2019.01.31-02.00.37:613][  0]LogInit: Transaction tracking system initialized
[2019.01.31-02.00.37:657][  0]BlueprintLog: New page: Editor Load
[2019.01.31-02.00.37:769][  0]LocalizationService: Localization service is disabled
[2019.01.31-02.00.38:269][  0]LogFileCache: Scanning file cache for directory 'C:/Users/fatibees/Documents/Hunter-Mage/source/HunterMage/Content/' took 0.02s
[2019.01.31-02.00.38:270][  0]LogCook: Display: Max memory allowance for cook 16384mb min free memory 0mb
[2019.01.31-02.00.38:270][  0]LogCook: Display: Mobile HDR setting 1
[2019.01.31-02.00.38:270][  0]LogGameplayTags: Display: UGameplayTagsManager::DoneAddingNativeTags. DelegateIsBound: 0
[2019.01.31-02.00.38:270][  0]LogStats: UGameplayTagsManager::ConstructGameplayTagTree: ImportINI prefixes -  0.000 s
[2019.01.31-02.00.38:270][  0]LogStats: UGameplayTagsManager::ConstructGameplayTagTree: Construct from data asset -  0.000 s
[2019.01.31-02.00.38:270][  0]LogStats: UGameplayTagsManager::ConstructGameplayTagTree: ImportINI -  0.000 s
[2019.01.31-02.00.38:270][  0]LogStats: UGameplayTagsManager::ConstructGameplayTagTree: GameplayTagTreeChangedEvent.Broadcast -  0.000 s
[2019.01.31-02.00.38:425][  0]SourceControl: Source control is disabled
[2019.01.31-02.00.38:425][  0]Cmd: MAP LOAD FILE="../../../../../../Users/fatibees/Documents/Hunter-Mage/source/HunterMage/Content/ThirdPersonBP/Maps/ThirdPersonExampleMap.umap" TEMPLATE=0 SHOWPROGRESS=1 FEATURELEVEL=3
[2019.01.31-02.00.38:426][  0]LightingResults: New page: Lighting Build
[2019.01.31-02.00.38:430][  0]MapCheck: New page: Map Check
[2019.01.31-02.00.38:430][  0]LightingResults: New page: Lighting Build
[2019.01.31-02.00.39:014][  0]LogAIModule: Creating AISystem for world ThirdPersonExampleMap
[2019.01.31-02.00.39:025][  0]LogEditorServer: Finished looking for orphan Actors (0.000 secs)
[2019.01.31-02.00.39:048][  0]Cmd: MAP CHECKDEP NOCLEARLOG
[2019.01.31-02.00.39:049][  0]MapCheck: Map check complete: 0 Error(s), 0 Warning(s), took 0.168ms to complete.
[2019.01.31-02.00.39:049][  0]LogFileHelpers: Loading map 'ThirdPersonExampleMap' took 0.624
[2019.01.31-02.00.39:194][  0]LogSlate: Updating window title bar state: overlay mode, drag disabled, window buttons hidden, title bar hidden
[2019.01.31-02.00.39:202][  0]LogSlate: Updating window title bar state: overlay mode, drag disabled, window buttons hidden, title bar hidden
[2019.01.31-02.00.39:209][  0]LogSlate: Updating window title bar state: overlay mode, drag disabled, window buttons hidden, title bar hidden
[2019.01.31-02.00.39:215][  0]LogSlate: Updating window title bar state: overlay mode, drag disabled, window buttons hidden, title bar hidden
[2019.01.31-02.00.39:225][  0]LogCollectionManager: Loaded 0 collections in 0.003066 seconds
[2019.01.31-02.00.39:243][  0]LogFileCache: Scanning file cache for directory 'C:/Users/fatibees/Documents/Hunter-Mage/source/HunterMage/Saved/Collections/' took 0.01s
[2019.01.31-02.00.39:243][  0]LogFileCache: Scanning file cache for directory 'C:/Users/fatibees/Documents/Hunter-Mage/source/HunterMage/Content/Developers/fatibees/Collections/' took 0.00s
[2019.01.31-02.00.39:243][  0]LogFileCache: Scanning file cache for directory 'C:/Users/fatibees/Documents/Hunter-Mage/source/HunterMage/Content/Collections/' took 0.00s
[2019.01.31-02.00.39:243][  0]LogCollectionManager: Rebuilt the GUID cache for 0 collections in 0.000001 seconds
[2019.01.31-02.00.39:252][  0]LogContentBrowser: Native class hierarchy populated in 0.0093 seconds. Added 2652 classes and 622 folders.
[2019.01.31-02.00.39:262][  0]LogContentBrowser: Native class hierarchy updated for 'WidgetCarousel' in 0.0004 seconds. Added 0 classes and 0 folders.
[2019.01.31-02.00.39:264][  0]LogPakFile: Registered encryption key '00000000000000000000000000000000': 0 pak files mounted, 0 remain pending
[2019.01.31-02.00.39:265][  0]LogPakFile: Registered encryption key '00000000000000000000000000000000': 0 pak files mounted, 0 remain pending
[2019.01.31-02.00.39:265][  0]LogPakFile: Registered encryption key '00000000000000000000000000000000': 0 pak files mounted, 0 remain pending
[2019.01.31-02.00.39:266][  0]LogPakFile: Registered encryption key '00000000000000000000000000000000': 0 pak files mounted, 0 remain pending
[2019.01.31-02.00.39:266][  0]LogPakFile: Registered encryption key '00000000000000000000000000000000': 0 pak files mounted, 0 remain pending
[2019.01.31-02.00.39:267][  0]LogPakFile: Registered encryption key '00000000000000000000000000000000': 0 pak files mounted, 0 remain pending
[2019.01.31-02.00.39:267][  0]LogPakFile: Registered encryption key '00000000000000000000000000000000': 0 pak files mounted, 0 remain pending
[2019.01.31-02.00.39:268][  0]LogPakFile: Registered encryption key '00000000000000000000000000000000': 0 pak files mounted, 0 remain pending
[2019.01.31-02.00.39:268][  0]LogPakFile: Registered encryption key '00000000000000000000000000000000': 0 pak files mounted, 0 remain pending
[2019.01.31-02.00.39:269][  0]LogPakFile: Registered encryption key '00000000000000000000000000000000': 0 pak files mounted, 0 remain pending
[2019.01.31-02.00.39:269][  0]LogPakFile: Registered encryption key '00000000000000000000000000000000': 0 pak files mounted, 0 remain pending
[2019.01.31-02.00.39:270][  0]LogPakFile: Registered encryption key '00000000000000000000000000000000': 0 pak files mounted, 0 remain pending
[2019.01.31-02.00.39:270][  0]LogPakFile: Registered encryption key '00000000000000000000000000000000': 0 pak files mounted, 0 remain pending
[2019.01.31-02.00.39:271][  0]LogPakFile: Registered encryption key '00000000000000000000000000000000': 0 pak files mounted, 0 remain pending
[2019.01.31-02.00.39:271][  0]LogPakFile: Registered encryption key '00000000000000000000000000000000': 0 pak files mounted, 0 remain pending
[2019.01.31-02.00.39:272][  0]LogPakFile: Registered encryption key '00000000000000000000000000000000': 0 pak files mounted, 0 remain pending
[2019.01.31-02.00.39:272][  0]LogPakFile: Registered encryption key '00000000000000000000000000000000': 0 pak files mounted, 0 remain pending
[2019.01.31-02.00.39:273][  0]LogPakFile: Registered encryption key '00000000000000000000000000000000': 0 pak files mounted, 0 remain pending
[2019.01.31-02.00.39:273][  0]LogPakFile: Registered encryption key '00000000000000000000000000000000': 0 pak files mounted, 0 remain pending
[2019.01.31-02.00.39:273][  0]LogPakFile: Registered encryption key '00000000000000000000000000000000': 0 pak files mounted, 0 remain pending
[2019.01.31-02.00.39:274][  0]LogPakFile: Registered encryption key '00000000000000000000000000000000': 0 pak files mounted, 0 remain pending
[2019.01.31-02.00.39:275][  0]LogPakFile: Registered encryption key '00000000000000000000000000000000': 0 pak files mounted, 0 remain pending
[2019.01.31-02.00.39:275][  0]LogPakFile: Registered encryption key '00000000000000000000000000000000': 0 pak files mounted, 0 remain pending
[2019.01.31-02.00.39:276][  0]LogPakFile: Registered encryption key '00000000000000000000000000000000': 0 pak files mounted, 0 remain pending
[2019.01.31-02.00.39:276][  0]LogPakFile: Registered encryption key '00000000000000000000000000000000': 0 pak files mounted, 0 remain pending
[2019.01.31-02.00.39:277][  0]LogPakFile: Registered encryption key '00000000000000000000000000000000': 0 pak files mounted, 0 remain pending
[2019.01.31-02.00.39:327][  0]LogContentBrowser: Native class hierarchy updated for 'AddContentDialog' in 0.0004 seconds. Added 0 classes and 0 folders.
[2019.01.31-02.00.39:334][  0]LogContentBrowser: Native class hierarchy updated for 'SceneOutliner' in 0.0004 seconds. Added 1 classes and 2 folders.
[2019.01.31-02.00.39:349][  0]LogSlate: Took 0.000221 seconds to synchronously load lazily loaded font '../../../Engine/Content/Slate/Fonts/Roboto-Regular.ttf' (155K)
[2019.01.31-02.00.39:352][  0]LogSlate: Took 0.000194 seconds to synchronously load lazily loaded font '../../../Engine/Content/Slate/Fonts/Roboto-Bold.ttf' (160K)
[2019.01.31-02.00.39:357][  0]LogSlate: Took 0.000212 seconds to synchronously load lazily loaded font '../../../Engine/Content/Editor/Slate/Fonts/FontAwesome.ttf' (139K)
[2019.01.31-02.00.39:455][  0]LogRenderer: Reallocating scene render targets to support 1208x576 Format 10 NumSamples 1 (Frame:1).
[2019.01.31-02.00.39:582][  0]LogSlate: FSceneViewport::OnFocusLost() reason 2
[2019.01.31-02.00.39:600][  0]LogSlate: Window 'Tutorials' being destroyed
[2019.01.31-02.00.39:634][  0]LogContentBrowser: Native class hierarchy updated for 'HierarchicalLODOutliner' in 0.0007 seconds. Added 0 classes and 0 folders.
[2019.01.31-02.00.39:634][  0]LogLoad: (Engine Initialization) Total time: 11.18 seconds
[2019.01.31-02.00.39:634][  0]LogLoad: (Engine Initialization) Total Blueprint compile time: 0.00 seconds
[2019.01.31-02.00.39:650][  0]LogWindowsTextInputMethodSystem: Display: IME system now deactivated.
[2019.01.31-02.00.39:710][  0]LogContentStreaming: Texture pool size now 1000 MB
[2019.01.31-02.00.39:948][  2]LogAssetRegistry: Asset discovery search completed in 6.6388 seconds
[2019.01.31-02.00.39:951][  2]LogCollectionManager: Rebuilt the object cache for 0 collections in 0.000000 seconds (found 0 objects)
[2019.01.31-02.00.39:951][  2]LogCollectionManager: Fixed up redirectors for 0 collections in 0.000071 seconds (updated 0 objects)
[2019.01.31-02.00.43:745][445]LogSlate: Took 0.000170 seconds to synchronously load lazily loaded font '../../../Engine/Content/Slate/Fonts/Roboto-Light.ttf' (167K)
[2019.01.31-02.00.59:193][290]LogSlate: FSceneViewport::OnFocusLost() reason 0
[2019.01.31-02.01.01:500][564]LogSlate: Took 0.000211 seconds to synchronously load lazily loaded font '../../../Engine/Content/Slate/Fonts/Roboto-Light.ttf' (167K)
[2019.01.31-02.01.01:519][564]LogLinker: Warning: Can't find file '/Game/Maps/mike_BuiltData'
[2019.01.31-02.01.01:519][564]LogLinker: Warning: Can't find file for asset '/Game/Maps/mike_BuiltData' while loading ../../../../../../Users/fatibees/Documents/Hunter-Mage/source/HunterMage/Content/Maps/mike.umap.
[2019.01.31-02.01.01:519][564]LoadErrors: Error: /Game/Maps/mike : Can't find file for asset. /Game/Maps/mike_BuiltData
[2019.01.31-02.01.01:543][564]LogLinker: Warning: Can't find file '/Game/Maps/mike_BuiltData'
[2019.01.31-02.01.01:543][564]LogLinker: Warning: Can't find file for asset '/Game/Maps/mike_BuiltData' while loading ../../../../../../Users/fatibees/Documents/Hunter-Mage/source/HunterMage/Content/Maps/mike.umap.
[2019.01.31-02.01.01:550][564]LogLinker: Warning: Can't find file '/Game/Maps/mike_BuiltData'
[2019.01.31-02.01.01:550][564]LogLinker: Warning: Can't find file for asset '/Game/Maps/mike_BuiltData' while loading NULL.
[2019.01.31-02.01.01:551][564]LogLinker: Warning: Can't find file '/Game/Maps/mike_BuiltData'
[2019.01.31-02.01.01:551][564]LogLinker: Warning: Can't find file for asset '/Game/Maps/mike_BuiltData' while loading NULL.
[2019.01.31-02.01.01:655][564]LogLinker: Warning: Can't find file '/Game/Maps/mike_BuiltData'
[2019.01.31-02.01.01:655][564]LoadErrors: Failed to load /Game/Maps/mike_BuiltData.mike_BuiltData Referenced by PersistentLevel
[2019.01.31-02.01.01:655][564]LogLinker: Warning: Can't find file for asset '/Game/Maps/mike_BuiltData' while loading NULL.
[2019.01.31-02.01.01:784][564]LogTexture: Display: Building textures: Texture2D_1 (BGRA8, 64X64)
[2019.01.31-02.01.01:784][564]LogTexture: Display: Building textures: Texture2D_10 (BGRA8, 64X64)
[2019.01.31-02.01.01:785][564]LogTexture: Display: Building textures: Texture2D_11 (BGRA8, 64X64)
[2019.01.31-02.01.01:785][564]LogTexture: Display: Building textures: Texture2D_12 (BGRA8, 64X64)
[2019.01.31-02.01.01:785][564]LogTexture: Display: Building textures: Texture2D_13 (BGRA8, 64X64)
[2019.01.31-02.01.01:785][564]LogTexture: Display: Building textures: Texture2D_0 (BGRA8, 512X512)
[2019.01.31-02.01.01:785][564]LogTexture: Display: Building textures: Texture2D_15 (BGRA8, 64X64)
[2019.01.31-02.01.01:785][564]LogTexture: Display: Building textures: Texture2D_17 (BGRA8, 64X64)
[2019.01.31-02.01.01:785][564]LogTexture: Display: Building textures: Texture2D_14 (BGRA8, 64X64)
[2019.01.31-02.01.01:785][564]LogTexture: Display: Building textures: Texture2D_16 (BGRA8, 64X64)
[2019.01.31-02.01.01:785][564]LogTexture: Display: Building textures: Texture2D_18 (BGRA8, 64X64)
[2019.01.31-02.01.01:785][564]LogTexture: Display: Building textures: Texture2D_19 (BGRA8, 64X64)
[2019.01.31-02.01.01:785][564]LogTexture: Display: Building textures: Texture2D_20 (BGRA8, 64X64)
[2019.01.31-02.01.01:785][564]LogTexture: Display: Building textures: Texture2D_2 (BGRA8, 64X64)
[2019.01.31-02.01.01:785][564]LogTexture: Display: Building textures: Texture2D_22 (BGRA8, 64X64)
[2019.01.31-02.01.01:785][564]LogTexture: Display: Building textures: Texture2D_21 (BGRA8, 64X64)
[2019.01.31-02.01.01:785][564]LogTexture: Display: Building textures: Texture2D_24 (BGRA8, 64X64)
[2019.01.31-02.01.01:785][564]LogTexture: Display: Building textures: Texture2D_23 (BGRA8, 64X64)
[2019.01.31-02.01.01:785][564]LogTexture: Display: Building textures: Texture2D_25 (BGRA8, 64X64)
[2019.01.31-02.01.01:785][564]LogTexture: Display: Building textures: Texture2D_28 (BGRA8, 64X64)
[2019.01.31-02.01.01:785][564]LogTexture: Display: Building textures: Texture2D_29 (BGRA8, 64X64)
[2019.01.31-02.01.01:785][564]LogTexture: Display: Building textures: Texture2D_3 (BGRA8, 64X64)
[2019.01.31-02.01.01:785][564]LogTexture: Display: Building textures: Texture2D_26 (BGRA8, 64X64)
[2019.01.31-02.01.01:785][564]LogTexture: Display: Building textures: Texture2D_27 (BGRA8, 64X64)
[2019.01.31-02.01.01:785][564]LogTexture: Display: Building textures: Texture2D_30 (BGRA8, 64X64)
[2019.01.31-02.01.01:785][564]LogTexture: Display: Building textures: Texture2D_31 (BGRA8, 64X64)
[2019.01.31-02.01.01:785][564]LogTexture: Display: Building textures: Texture2D_32 (BGRA8, 64X64)
[2019.01.31-02.01.01:785][564]LogTexture: Display: Building textures: Texture2D_33 (BGRA8, 64X64)
[2019.01.31-02.01.01:785][564]LogTexture: Display: Building textures: Texture2D_34 (BGRA8, 64X64)
[2019.01.31-02.01.01:785][564]LogTexture: Display: Building textures: Texture2D_35 (BGRA8, 64X64)
[2019.01.31-02.01.01:785][564]LogTexture: Display: Building textures: Texture2D_36 (BGRA8, 64X64)
[2019.01.31-02.01.01:785][564]LogTexture: Display: Building textures: Texture2D_37 (BGRA8, 64X64)
[2019.01.31-02.01.01:785][564]LogTexture: Display: Building textures: Texture2D_38 (BGRA8, 64X64)
[2019.01.31-02.01.01:785][564]LogTexture: Display: Building textures: Texture2D_39 (BGRA8, 64X64)
[2019.01.31-02.01.01:785][564]LogTexture: Display: Building textures: Texture2D_4 (BGRA8, 64X64)
[2019.01.31-02.01.01:785][564]LogTexture: Display: Building textures: Texture2D_40 (BGRA8, 64X64)
[2019.01.31-02.01.01:785][564]LogTexture: Display: Building textures: Texture2D_41 (BGRA8, 64X64)
[2019.01.31-02.01.01:785][564]LogTexture: Display: Building textures: Texture2D_42 (BGRA8, 64X64)
[2019.01.31-02.01.01:785][564]LogTexture: Display: Building textures: Texture2D_43 (BGRA8, 64X64)
[2019.01.31-02.01.01:785][564]LogTexture: Display: Building textures: Texture2D_44 (BGRA8, 64X64)
[2019.01.31-02.01.01:785][564]LogTexture: Display: Building textures: Texture2D_45 (BGRA8, 64X64)
[2019.01.31-02.01.01:785][564]LogTexture: Display: Building textures: Texture2D_46 (BGRA8, 64X64)
[2019.01.31-02.01.01:785][564]LogTexture: Display: Building textures: Texture2D_47 (BGRA8, 64X64)
[2019.01.31-02.01.01:785][564]LogTexture: Display: Building textures: Texture2D_48 (BGRA8, 64X64)
[2019.01.31-02.01.01:785][564]LogTexture: Display: Building textures: Texture2D_5 (BGRA8, 64X64)
[2019.01.31-02.01.01:785][564]LogTexture: Display: Building textures: Texture2D_50 (BGRA8, 64X64)
[2019.01.31-02.01.01:785][564]LogTexture: Display: Building textures: Texture2D_49 (BGRA8, 64X64)
[2019.01.31-02.01.01:785][564]LogTexture: Display: Building textures: Texture2D_51 (BGRA8, 64X64)
[2019.01.31-02.01.01:785][564]LogTexture: Display: Building textures: Texture2D_53 (BGRA8, 64X64)
[2019.01.31-02.01.01:785][564]LogTexture: Display: Building textures: Texture2D_56 (BGRA8, 64X64)
[2019.01.31-02.01.01:786][564]LogTexture: Display: Building textures: Texture2D_55 (BGRA8, 64X64)
[2019.01.31-02.01.01:786][564]LogTexture: Display: Building textures: Texture2D_57 (BGRA8, 64X64)
[2019.01.31-02.01.01:786][564]LogTexture: Display: Building textures: Texture2D_58 (BGRA8, 64X64)
[2019.01.31-02.01.01:786][564]LogTexture: Display: Building textures: Texture2D_59 (BGRA8, 64X64)
[2019.01.31-02.01.01:786][564]LogTexture: Display: Building textures: Texture2D_6 (BGRA8, 64X64)
[2019.01.31-02.01.01:786][564]LogTexture: Display: Building textures: Texture2D_60 (BGRA8, 64X64)
[2019.01.31-02.01.01:786][564]LogTexture: Display: Building textures: Texture2D_61 (BGRA8, 64X64)
[2019.01.31-02.01.01:786][564]LogTexture: Display: Building textures: Texture2D_62 (BGRA8, 64X64)
[2019.01.31-02.01.01:786][564]LogTexture: Display: Building textures: Texture2D_54 (BGRA8, 64X64)
[2019.01.31-02.01.01:786][564]LogTexture: Display: Building textures: Texture2D_63 (BGRA8, 64X64)
[2019.01.31-02.01.01:786][564]LogTexture: Display: Building textures: Texture2D_64 (BGRA8, 64X64)
[2019.01.31-02.01.01:786][564]LogTexture: Display: Building textures: Texture2D_7 (BGRA8, 64X64)
[2019.01.31-02.01.01:786][564]LogTexture: Display: Building textures: Texture2D_52 (BGRA8, 64X64)
[2019.01.31-02.01.01:786][564]LogTexture: Display: Building textures: Texture2D_8 (BGRA8, 64X64)
[2019.01.31-02.01.01:786][564]LogTexture: Display: Building textures: Texture2D_9 (BGRA8, 64X64)
[2019.01.31-02.01.01:786][564]LogMaterial: Display: Missing cached shader map for material M_Tech_Hex_Tile_Pulse, compiling. 
[2019.01.31-02.01.01:936][564]LogShaderCompilers: Display: Shaders left to compile 59
[2019.01.31-02.01.01:936][564]LogShaderCompilers: Display: Shaders left to compile 49
[2019.01.31-02.01.01:936][564]LogShaderCompilers: Display: Shaders left to compile 39
[2019.01.31-02.01.01:936][564]LogShaderCompilers: Display: Shaders left to compile 29
[2019.01.31-02.01.01:936][564]LogMaterial: Display: Missing cached shader map for material M_Rock_Sandstone_2Sided, compiling. 
[2019.01.31-02.01.02:010][564]LogStaticMesh: Building static mesh Floor_400x400...
[2019.01.31-02.01.02:100][564]LogStaticMesh: Built static mesh [0.09s] /Game/StarterContent/Architecture/Floor_400x400.Floor_400x400
[2019.01.31-02.01.02:321][564]LogStaticMesh: Building static mesh Stalagmite_Small...
[2019.01.31-02.01.02:334][564]LogStaticMesh: Built static mesh [0.01s] /Game/Meshes/Stalagmite_Small.Stalagmite_Small
[2019.01.31-02.01.02:633][564]LogMaterial: Display: Missing cached shader map for material M_Rock_Sandstone_2Sided, compiling. 
[2019.01.31-02.01.02:745][564]LogMaterial: Display: Missing cached shader map for material M_Rock_Sandstone, compiling. 
[2019.01.31-02.01.02:869][564]LogMaterial: Display: Missing cached shader map for material M_Basic_Floor, compiling. 
[2019.01.31-02.01.02:923][564]LogAIModule: Creating AISystem for world mike
[2019.01.31-02.01.02:944][564]LogMaterial: Warning: Material /Game/StarterContent/Materials/M_Rock_Sandstone.M_Rock_Sandstone needed to have new flag set bUsedWithInstancedStaticMeshes !
[2019.01.31-02.01.02:984][564]LogMaterial: Display: Missing cached shader map for material M_Rock_Sandstone, compiling. 
[2019.01.31-02.01.03:013][564]MapCheck: Warning: M_Rock_Sandstone Material /Game/StarterContent/Materials/M_Rock_Sandstone.M_Rock_Sandstone was missing the usage flag bUsedWithInstancedStaticMeshes. If the material asset is not re-saved, it may not render correctly when run outside the editor. Fix
[2019.01.31-02.01.03:307][564]LogMaterial: Display: Missing cached shader map for material M_Rock_Sandstone, compiling. 
[2019.01.31-02.01.03:353][564]LogAssetEditorManager: Opening Asset editor for World /Game/Maps/mike.mike
[2019.01.31-02.01.03:465][564]Cmd: MAP LOAD FILE="../../../../../../Users/fatibees/Documents/Hunter-Mage/source/HunterMage/Content/Maps/mike.umap" TEMPLATE=0 SHOWPROGRESS=1 FEATURELEVEL=3
[2019.01.31-02.01.03:465][564]LightingResults: New page: Lighting Build
[2019.01.31-02.01.03:466][564]LoadErrors: New page: Loading map: mike.umap
[2019.01.31-02.01.03:466][564]MapCheck: New page: Map Check
[2019.01.31-02.01.03:466][564]LightingResults: New page: Lighting Build
[2019.01.31-02.01.03:672][564]LogEditorServer: Finished looking for orphan Actors (0.000 secs)
[2019.01.31-02.01.03:945][564]Cmd: MAP CHECKDEP NOCLEARLOG
[2019.01.31-02.01.03:951][564]MapCheck: Map check complete: 0 Error(s), 0 Warning(s), took 5.458ms to complete.
[2019.01.31-02.01.03:951][564]LogFileHelpers: Loading map 'mike' took 0.487
[2019.01.31-02.01.10:058][955]LogShaderCompilers: Display: Shaders left to compile 365
[2019.01.31-02.01.11:113][ 27]LogShaderCompilers: Display: Shaders left to compile 355
[2019.01.31-02.01.11:581][ 59]LogShaderCompilers: Display: Shaders left to compile 345
[2019.01.31-02.01.11:802][ 74]LogShaderCompilers: Display: Shaders left to compile 335
[2019.01.31-02.01.13:646][200]LogShaderCompilers: Display: Shaders left to compile 325
[2019.01.31-02.01.14:157][235]LogShaderCompilers: Display: Shaders left to compile 315
[2019.01.31-02.01.14:900][286]LogShaderCompilers: Display: Shaders left to compile 305
[2019.01.31-02.01.15:491][326]LogShaderCompilers: Display: Shaders left to compile 295
[2019.01.31-02.01.17:142][439]LogShaderCompilers: Display: Shaders left to compile 285
[2019.01.31-02.01.17:523][465]LogShaderCompilers: Display: Shaders left to compile 275
[2019.01.31-02.01.17:847][487]LogShaderCompilers: Display: Shaders left to compile 265
[2019.01.31-02.01.19:604][606]LogShaderCompilers: Display: Shaders left to compile 255
[2019.01.31-02.01.19:751][616]LogShaderCompilers: Display: Shaders left to compile 245
[2019.01.31-02.01.21:529][737]LogShaderCompilers: Display: Shaders left to compile 235
[2019.01.31-02.01.21:542][738]LogShaderCompilers: Display: Shaders left to compile 225
[2019.01.31-02.01.22:976][835]LogShaderCompilers: Display: Shaders left to compile 215
[2019.01.31-02.01.24:008][905]LogShaderCompilers: Display: Shaders left to compile 205
[2019.01.31-02.01.25:006][971]LogShaderCompilers: Display: Shaders left to compile 195
[2019.01.31-02.01.26:011][ 37]LogShaderCompilers: Display: Shaders left to compile 185
[2019.01.31-02.01.26:224][ 51]LogShaderCompilers: Display: Shaders left to compile 175
[2019.01.31-02.01.27:409][129]LogShaderCompilers: Display: Shaders left to compile 165
[2019.01.31-02.01.29:026][235]LogShaderCompilers: Display: Shaders left to compile 155
[2019.01.31-02.01.29:214][248]LogShaderCompilers: Display: Shaders left to compile 145
[2019.01.31-02.01.29:250][250]LogShaderCompilers: Display: Shaders left to compile 135
[2019.01.31-02.01.31:082][371]LogShaderCompilers: Display: Shaders left to compile 125
[2019.01.31-02.01.31:856][422]LogShaderCompilers: Display: Shaders left to compile 115
[2019.01.31-02.01.32:846][487]LogShaderCompilers: Display: Shaders left to compile 105
[2019.01.31-02.01.33:030][499]LogShaderCompilers: Display: Shaders left to compile 95
[2019.01.31-02.01.33:666][541]LogShaderCompilers: Display: Shaders left to compile 85
[2019.01.31-02.01.35:156][639]LogShaderCompilers: Display: Shaders left to compile 75
[2019.01.31-02.01.35:928][690]LogShaderCompilers: Display: Shaders left to compile 65
[2019.01.31-02.01.37:013][761]LogShaderCompilers: Display: Shaders left to compile 55
[2019.01.31-02.01.37:341][783]LogShaderCompilers: Display: Shaders left to compile 45
[2019.01.31-02.01.38:759][876]LogShaderCompilers: Display: Shaders left to compile 35
[2019.01.31-02.01.39:471][923]LogShaderCompilers: Display: Shaders left to compile 25
[2019.01.31-02.01.40:624][999]LogShaderCompilers: Display: Shaders left to compile 15
[2019.01.31-02.01.41:855][ 80]LogShaderCompilers: Display: Shaders left to compile 5
[2019.01.31-02.01.52:688][761]MapCheck: New page: Map Check
[2019.01.31-02.01.52:712][761]Cmd: MAP REBUILD ALLVISIBLE
[2019.01.31-02.01.52:712][761]LogEditorServer: Rebuildmap Clear paths rebuilt
[2019.01.31-02.01.53:033][761]LogMaterial: Display: Missing cached shader map for material FDebugViewModeMaterialProxy MaterialInstanceDynamic_0, compiling. 
[2019.01.31-02.01.53:054][761]LogShaderCompilers: Display: Shaders left to compile 1
[2019.01.31-02.01.53:054][761]LogMaterial: Display: Missing cached shader map for material FDebugViewModeMaterialProxy M_smoke_subUV, compiling. 
[2019.01.31-02.01.53:065][761]LogShaderCompilers: Display: Shaders left to compile 1
[2019.01.31-02.01.53:065][761]LogMaterial: Display: Missing cached shader map for material FDebugViewModeMaterialProxy BasicShapeMaterial, compiling. 
[2019.01.31-02.01.53:073][761]LogShaderCompilers: Display: Shaders left to compile 1
[2019.01.31-02.01.53:073][761]LogMaterial: Display: Missing cached shader map for material FDebugViewModeMaterialProxy LandscapeGizmo_Mat, compiling. 
[2019.01.31-02.01.53:081][761]LogShaderCompilers: Display: Shaders left to compile 1
[2019.01.31-02.01.53:081][761]LogMaterial: Display: Missing cached shader map for material FDebugViewModeMaterialProxy M_Basic_Floor, compiling. 
[2019.01.31-02.01.53:089][761]LogMaterial: Display: Missing cached shader map for material FDebugViewModeMaterialProxy M_Rock_Sandstone_2Sided, compiling. 
[2019.01.31-02.01.53:100][761]LogMaterial: Display: Missing cached shader map for material FDebugViewModeMaterialProxy M_Rock_Sandstone, compiling. 
[2019.01.31-02.01.53:110][761]LogMaterial: Display: Missing cached shader map for material FDebugViewModeMaterialProxy M_UE4Man_Body, compiling. 
[2019.01.31-02.01.53:125][761]LogMaterial: Display: Missing cached shader map for material FDebugViewModeMaterialProxy M_UE4Man_ChestLogo, compiling. 
[2019.01.31-02.01.53:138][761]LogMaterial: Display: Missing cached shader map for material FDebugViewModeMaterialProxy MatineeCam_mat, compiling. 
[2019.01.31-02.01.53:786][761]LogShaderCompilers: Display: Shaders left to compile 6
[2019.01.31-02.01.53:786][761]LogShaderCompilers: Display: Shaders left to compile 5
[2019.01.31-02.01.53:786][761]LogShaderCompilers: Display: Shaders left to compile 4
[2019.01.31-02.01.53:786][761]LogShaderCompilers: Display: Shaders left to compile 3
[2019.01.31-02.01.53:786][761]LogShaderCompilers: Display: Shaders left to compile 2
[2019.01.31-02.01.53:786][761]LogShaderCompilers: Display: Shaders left to compile 1
[2019.01.31-02.01.53:786][761]TextureStreamingBuild: Display: Compiling optional shaders took 0.759 seconds.
[2019.01.31-02.01.53:833][761]LogLevel: Display: Export Material TexCoord Scales took 0.048 seconds.
[2019.01.31-02.01.53:857][761]TextureStreamingBuild: Display: Build Texture Streaming took 0.023 seconds.
[2019.01.31-02.01.53:905][761]LightingResults: New page: Lighting Build - Jan 30, 2019, 4:01:53 PM
[2019.01.31-02.01.54:169][761]LogSwarmInterface: [OpenConnection] Registering TCP channel ...
[2019.01.31-02.01.54:385][761]LogSwarmInterface: [OpenConnection] Connecting to agent ...
[2019.01.31-02.01.54:425][761]LogSwarmInterface: [TryOpenConnection] Testing the Agent
[2019.01.31-02.01.55:998][761]LogSwarmInterface: [TryOpenConnection] Opening Connection to Agent
[2019.01.31-02.01.55:998][761]LogSwarmInterface: [TryOpenConnection] Local Process ID is 7084
[2019.01.31-02.01.59:946][761]LogStaticLightingSystem: Running Lightmass w/ ImmediateImport mode ENABLED
[2019.01.31-02.01.59:946][761]LogStaticLightingSystem: Running Lightmass w/ ImmediateProcess mode ENABLED
[2019.01.31-02.01.59:946][761]LogStaticLightingSystem: Running Lightmass w/ Sorting mode ENABLED
[2019.01.31-02.01.59:946][761]LogStaticLightingSystem: Running Lightmass w/ Mapping paddings ENABLED
[2019.01.31-02.01.59:946][761]LogStaticLightingSystem: Running Lightmass w/ Mapping debug paddings DISABLED
[2019.01.31-02.02.00:833][761]Cmd: MAP CHECK DONTDISPLAYDIALOG
[2019.01.31-02.02.00:833][761]MapCheck: New page: mike - Jan 30, 2019, 4:02:00 PM
[2019.01.31-02.02.00:834][761]MapCheck: Error: WorldInfo_0 Maps need lighting rebuilt 
[2019.01.31-02.02.00:860][761]MapCheck: Map check complete: 1 Error(s), 0 Warning(s), took 26.955ms to complete.
[2019.01.31-02.02.00:883][761]LogEditorBuildUtils: Build time 0:08
[2019.01.31-02.02.00:915][761]LogMaterial: Display: Missing cached shader map for material FLightmassMaterialRenderer MaterialInstanceDynamic_0, compiling. 
[2019.01.31-02.02.00:936][761]LogShaderCompilers: Display: Shaders left to compile 2
[2019.01.31-02.02.00:936][761]LogMaterial: Display: Missing cached shader map for material FLightmassMaterialRenderer MaterialInstanceDynamic_0, compiling. 
[2019.01.31-02.02.00:985][761]LogShaderCompilers: Display: Shaders left to compile 2
[2019.01.31-02.02.00:999][762]LogMaterial: Display: Missing cached shader map for material FLightmassMaterialRenderer M_Basic_Floor, compiling. 
[2019.01.31-02.02.01:007][762]LogShaderCompilers: Display: Shaders left to compile 2
[2019.01.31-02.02.01:007][762]LogMaterial: Display: Missing cached shader map for material FLightmassMaterialRenderer M_Basic_Floor, compiling. 
[2019.01.31-02.02.01:064][762]LogShaderCompilers: Display: Shaders left to compile 2
[2019.01.31-02.02.01:073][763]LogMaterial: Display: Missing cached shader map for material FLightmassMaterialRenderer LandscapeMaterialInstanceConstant_500, compiling. 
[2019.01.31-02.02.01:086][763]LogMaterial: Display: Missing cached shader map for material FLightmassMaterialRenderer LandscapeMaterialInstanceConstant_500, compiling. 
[2019.01.31-02.02.01:467][777]LogShaderCompilers: Display: Shaders left to compile 4
[2019.01.31-02.02.02:258][809]LogMaterial: Display: Missing cached shader map for material FLightmassMaterialRenderer LandscapeMaterialInstanceConstant_329, compiling. 
[2019.01.31-02.02.02:267][809]LogShaderCompilers: Display: Shaders left to compile 2
[2019.01.31-02.02.02:267][809]LogMaterial: Display: Missing cached shader map for material FLightmassMaterialRenderer LandscapeMaterialInstanceConstant_329, compiling. 
[2019.01.31-02.02.02:545][810]LogShaderCompilers: Display: Shaders left to compile 2
[2019.01.31-02.02.04:133][873]LogMaterial: Display: Missing cached shader map for material FLightmassMaterialRenderer BasicShapeMaterial, compiling. 
[2019.01.31-02.02.04:141][873]LogMaterial: Display: Missing cached shader map for material FLightmassMaterialRenderer BasicShapeMaterial, compiling. 
[2019.01.31-02.02.04:151][874]LogShaderCompilers: Display: Shaders left to compile 2
[2019.01.31-02.02.04:151][874]LogShaderCompilers: Display: Shaders left to compile 2
[2019.01.31-02.02.04:157][874]LogMaterial: Display: Missing cached shader map for material FLightmassMaterialRenderer M_Rock_Sandstone, compiling. 
[2019.01.31-02.02.04:167][874]LogShaderCompilers: Display: Shaders left to compile 2
[2019.01.31-02.02.04:167][874]LogMaterial: Display: Missing cached shader map for material FLightmassMaterialRenderer M_Rock_Sandstone, compiling. 
[2019.01.31-02.02.04:178][875]LogShaderCompilers: Display: Shaders left to compile 2
[2019.01.31-02.02.04:185][875]LogMaterial: Display: Missing cached shader map for material FLightmassMaterialRenderer M_Rock_Sandstone_2Sided, compiling. 
[2019.01.31-02.02.04:198][875]LogMaterial: Display: Missing cached shader map for material FLightmassMaterialRenderer M_Rock_Sandstone_2Sided, compiling. 
[2019.01.31-02.02.04:220][876]LogMaterial: Display: Missing cached shader map for material FLightmassMaterialRenderer WorldGridMaterial, compiling. Is special engine material.
[2019.01.31-02.02.04:234][876]LogMaterial: Display: Missing cached shader map for material FLightmassMaterialRenderer WorldGridMaterial, compiling. Is special engine material.
[2019.01.31-02.02.05:978][878]LogShaderCompilers: Display: Shaders left to compile 8
[2019.01.31-02.03.26:304][281]Job is a success!
[2019.01.31-02.03.26:401][282]LogVolumetricLightmapImport: Imported Volumetric Lightmap in 0.025s
[2019.01.31-02.03.26:401][282]LogVolumetricLightmapImport:      Indirection Texture 16x16x16 = 0.0Mb
[2019.01.31-02.03.26:401][282]LogVolumetricLightmapImport:      BrickData 210x5x5 = 0.2Mb
[2019.01.31-02.03.26:401][282]LogVolumetricLightmapImport:      Bricks at Level
[2019.01.31-02.03.26:401][282]LogVolumetricLightmapImport:          0: 2.4% covering 100.0% of volume
[2019.01.31-02.03.26:401][282]LogVolumetricLightmapImport:          1: 9.5% covering 6.3% of volume
[2019.01.31-02.03.26:401][282]LogVolumetricLightmapImport:          2: 88.1% covering 0.9% of volume
[2019.01.31-02.03.31:572][282]LogTexture: Display: Building textures: SkyOcclusion0_1 (AutoDXT, 1024X512)
[2019.01.31-02.03.31:572][282]LogTexture: Display: Building textures: HQ_Lightmap0_1 (AutoDXT, 1024X1024)
[2019.01.31-02.03.31:572][282]LogTexture: Display: Building textures: LQ_Lightmap_0_1 (DXT1, 1024X1024)
[2019.01.31-02.03.31:572][282]LogTexture: Display: Building textures: SkyOcclusion0_2 (AutoDXT, 1024X512)
[2019.01.31-02.03.31:573][282]LogTexture: Display: Building textures: HQ_Lightmap0_2 (AutoDXT, 1024X1024)
[2019.01.31-02.03.31:573][282]LogTexture: Display: Building textures: LQ_Lightmap_0_2 (DXT1, 1024X1024)
[2019.01.31-02.03.31:573][282]LogTexture: Display: Building textures: SkyOcclusion0_3 (AutoDXT, 1024X512)
[2019.01.31-02.03.31:573][282]LogTexture: Display: Building textures: HQ_Lightmap0_3 (AutoDXT, 1024X1024)
[2019.01.31-02.03.31:573][282]LogTexture: Display: Building textures: LQ_Lightmap_0_3 (DXT1, 1024X1024)
[2019.01.31-02.03.31:573][282]LogTexture: Display: Building textures: SkyOcclusion0_4 (AutoDXT, 256X128)
[2019.01.31-02.03.31:573][282]LogTexture: Display: Building textures: HQ_Lightmap0_4 (AutoDXT, 256X256)
[2019.01.31-02.03.31:573][282]LogTexture: Display: Building textures: LQ_Lightmap_0_4 (DXT1, 256X256)
[2019.01.31-02.03.31:573][282]LogTexture: Display: Building textures: SkyOcclusion0_5 (AutoDXT, 512X256)
[2019.01.31-02.03.31:573][282]LogTexture: Display: Building textures: HQ_Lightmap0_5 (AutoDXT, 512X512)
[2019.01.31-02.03.31:573][282]LogTexture: Display: Building textures: LQ_Lightmap_0_5 (DXT1, 512X512)
[2019.01.31-02.03.31:573][282]LogTexture: Display: Building textures: SkyOcclusion0_6 (AutoDXT, 256X128)
[2019.01.31-02.03.31:573][282]LogTexture: Display: Building textures: HQ_Lightmap0_6 (AutoDXT, 256X256)
[2019.01.31-02.03.31:573][282]LogTexture: Display: Building textures: LQ_Lightmap_0_6 (DXT1, 256X256)
[2019.01.31-02.03.31:573][282]LogTexture: Display: Building textures: SkyOcclusion0_7 (AutoDXT, 256X128)
[2019.01.31-02.03.31:573][282]LogTexture: Display: Building textures: HQ_Lightmap0_7 (AutoDXT, 256X256)
[2019.01.31-02.03.31:573][282]LogTexture: Display: Building textures: LQ_Lightmap_0_7 (DXT1, 256X256)
[2019.01.31-02.03.31:573][282]LogTexture: Display: Building textures: SkyOcclusion0_8 (AutoDXT, 256X128)
[2019.01.31-02.03.31:573][282]LogTexture: Display: Building textures: HQ_Lightmap0_8 (AutoDXT, 256X256)
[2019.01.31-02.03.31:573][282]LogTexture: Display: Building textures: LQ_Lightmap_0_8 (DXT1, 256X256)
[2019.01.31-02.03.31:573][282]LogTexture: Display: Building textures: SkyOcclusion0_9 (AutoDXT, 256X128)
[2019.01.31-02.03.31:573][282]LogTexture: Display: Building textures: HQ_Lightmap0_9 (AutoDXT, 256X256)
[2019.01.31-02.03.31:573][282]LogTexture: Display: Building textures: LQ_Lightmap_0_9 (DXT1, 256X256)
[2019.01.31-02.03.31:573][282]LogTexture: Display: Building textures: SkyOcclusion0_10 (AutoDXT, 256X128)
[2019.01.31-02.03.31:573][282]LogTexture: Display: Building textures: HQ_Lightmap0_10 (AutoDXT, 256X256)
[2019.01.31-02.03.31:573][282]LogTexture: Display: Building textures: LQ_Lightmap_0_10 (DXT1, 256X256)
[2019.01.31-02.03.31:573][282]LogTexture: Display: Building textures: SkyOcclusion0_11 (AutoDXT, 256X128)
[2019.01.31-02.03.31:573][282]LogTexture: Display: Building textures: HQ_Lightmap0_11 (AutoDXT, 256X256)
[2019.01.31-02.03.31:573][282]LogTexture: Display: Building textures: LQ_Lightmap_0_11 (DXT1, 256X256)
[2019.01.31-02.03.31:573][282]LogTexture: Display: Building textures: SkyOcclusion0_12 (AutoDXT, 256X128)
[2019.01.31-02.03.31:573][282]LogTexture: Display: Building textures: HQ_Lightmap0_12 (AutoDXT, 256X256)
[2019.01.31-02.03.31:573][282]LogTexture: Display: Building textures: LQ_Lightmap_0_12 (DXT1, 256X256)
[2019.01.31-02.03.31:573][282]LogTexture: Display: Building textures: SkyOcclusion0_13 (AutoDXT, 256X128)
[2019.01.31-02.03.31:573][282]LogTexture: Display: Building textures: HQ_Lightmap0_13 (AutoDXT, 256X256)
[2019.01.31-02.03.31:573][282]LogTexture: Display: Building textures: LQ_Lightmap_0_13 (DXT1, 256X256)
[2019.01.31-02.03.31:573][282]LogTexture: Display: Building textures: SkyOcclusion0_14 (AutoDXT, 256X128)
[2019.01.31-02.03.31:573][282]LogTexture: Display: Building textures: HQ_Lightmap0_14 (AutoDXT, 256X256)
[2019.01.31-02.03.31:573][282]LogTexture: Display: Building textures: LQ_Lightmap_0_14 (DXT1, 256X256)
[2019.01.31-02.03.31:573][282]LogTexture: Display: Building textures: SkyOcclusion0_15 (AutoDXT, 256X128)
[2019.01.31-02.03.31:573][282]LogTexture: Display: Building textures: HQ_Lightmap0_15 (AutoDXT, 256X256)
[2019.01.31-02.03.31:573][282]LogTexture: Display: Building textures: LQ_Lightmap_0_15 (DXT1, 256X256)
[2019.01.31-02.03.31:573][282]LogTexture: Display: Building textures: SkyOcclusion0_16 (AutoDXT, 256X128)
[2019.01.31-02.03.31:574][282]LogTexture: Display: Building textures: HQ_Lightmap0_16 (AutoDXT, 256X256)
[2019.01.31-02.03.31:574][282]LogTexture: Display: Building textures: LQ_Lightmap_0_16 (DXT1, 256X256)
[2019.01.31-02.03.31:574][282]LogTexture: Display: Building textures: SkyOcclusion0_17 (AutoDXT, 256X128)
[2019.01.31-02.03.31:574][282]LogTexture: Display: Building textures: HQ_Lightmap0_17 (AutoDXT, 256X256)
[2019.01.31-02.03.31:574][282]LogTexture: Display: Building textures: LQ_Lightmap_0_17 (DXT1, 256X256)
[2019.01.31-02.03.31:574][282]LogTexture: Display: Building textures: SkyOcclusion0_18 (AutoDXT, 256X128)
[2019.01.31-02.03.31:574][282]LogTexture: Display: Building textures: HQ_Lightmap0_18 (AutoDXT, 256X256)
[2019.01.31-02.03.31:574][282]LogTexture: Display: Building textures: LQ_Lightmap_0_18 (DXT1, 256X256)
[2019.01.31-02.03.31:574][282]LogTexture: Display: Building textures: SkyOcclusion0_19 (AutoDXT, 256X128)
[2019.01.31-02.03.31:574][282]LogTexture: Display: Building textures: HQ_Lightmap0_19 (AutoDXT, 256X256)
[2019.01.31-02.03.31:574][282]LogTexture: Display: Building textures: LQ_Lightmap_0_19 (DXT1, 256X256)
[2019.01.31-02.03.31:574][282]LogTexture: Display: Building textures: SkyOcclusion0_20 (AutoDXT, 256X128)
[2019.01.31-02.03.31:574][282]LogTexture: Display: Building textures: HQ_Lightmap0_20 (AutoDXT, 256X256)
[2019.01.31-02.03.31:574][282]LogTexture: Display: Building textures: LQ_Lightmap_0_20 (DXT1, 256X256)
[2019.01.31-02.03.31:574][282]LogTexture: Display: Building textures: SkyOcclusion0_21 (AutoDXT, 256X128)
[2019.01.31-02.03.31:574][282]LogTexture: Display: Building textures: HQ_Lightmap0_21 (AutoDXT, 256X256)
[2019.01.31-02.03.31:574][282]LogTexture: Display: Building textures: LQ_Lightmap_0_21 (DXT1, 256X256)
[2019.01.31-02.03.31:574][282]LogTexture: Display: Building textures: SkyOcclusion0_22 (AutoDXT, 256X128)
[2019.01.31-02.03.31:574][282]LogTexture: Display: Building textures: HQ_Lightmap0_22 (AutoDXT, 256X256)
[2019.01.31-02.03.31:574][282]LogTexture: Display: Building textures: LQ_Lightmap_0_22 (DXT1, 256X256)
[2019.01.31-02.03.31:574][282]LogTexture: Display: Building textures: SkyOcclusion0_23 (AutoDXT, 128X64)
[2019.01.31-02.03.31:574][282]LogTexture: Display: Building textures: HQ_Lightmap0_23 (AutoDXT, 128X128)
[2019.01.31-02.03.31:574][282]LogTexture: Display: Building textures: LQ_Lightmap_0_23 (DXT1, 128X128)
[2019.01.31-02.03.31:574][282]LogTexture: Display: Building textures: SkyOcclusion0_24 (AutoDXT, 128X64)
[2019.01.31-02.03.31:574][282]LogTexture: Display: Building textures: HQ_Lightmap0_24 (AutoDXT, 128X128)
[2019.01.31-02.03.31:574][282]LogTexture: Display: Building textures: LQ_Lightmap_0_24 (DXT1, 128X128)
[2019.01.31-02.03.31:574][282]LogTexture: Display: Building textures: SkyOcclusion0_25 (AutoDXT, 64X32)
[2019.01.31-02.03.31:574][282]LogTexture: Display: Building textures: HQ_Lightmap0_25 (AutoDXT, 64X64)
[2019.01.31-02.03.31:574][282]LogTexture: Display: Building textures: LQ_Lightmap_0_25 (DXT1, 64X64)
[2019.01.31-02.03.33:648][282]LogTexture: Display: Building textures: ShadowMapTexture2D_2 (BGRA8, 256X128)
[2019.01.31-02.03.33:649][282]LogTexture: Display: Building textures: ShadowMapTexture2D_5 (BGRA8, 512X64)
[2019.01.31-02.03.33:649][282]LogTexture: Display: Building textures: ShadowMapTexture2D_6 (BGRA8, 256X64)
[2019.01.31-02.03.33:649][282]LogTexture: Display: Building textures: ShadowMapTexture2D_3 (BGRA8, 512X64)
[2019.01.31-02.03.33:649][282]LogTexture: Display: Building textures: ShadowMapTexture2D_4 (BGRA8, 512X64)
[2019.01.31-02.03.33:649][282]LogTexture: Display: Building textures: ShadowMapTexture2D_10 (BGRA8, 128X64)
[2019.01.31-02.03.33:649][282]LogTexture: Display: Building textures: ShadowMapTexture2D_8 (BGRA8, 256X64)
[2019.01.31-02.03.33:649][282]LogTexture: Display: Building textures: ShadowMapTexture2D_11 (BGRA8, 256X64)
[2019.01.31-02.03.33:649][282]LogTexture: Display: Building textures: ShadowMapTexture2D_7 (BGRA8, 512X64)
[2019.01.31-02.03.33:649][282]LogTexture: Display: Building textures: ShadowMapTexture2D_9 (BGRA8, 512X64)
[2019.01.31-02.03.33:649][282]LogTexture: Display: Building textures: ShadowMapTexture2D_15 (BGRA8, 64X64)
[2019.01.31-02.03.33:649][282]LogTexture: Display: Building textures: ShadowMapTexture2D_12 (BGRA8, 512X64)
[2019.01.31-02.03.33:649][282]LogTexture: Display: Building textures: ShadowMapTexture2D_16 (BGRA8, 256X64)
[2019.01.31-02.03.33:649][282]LogTexture: Display: Building textures: ShadowMapTexture2D_13 (BGRA8, 512X64)
[2019.01.31-02.03.33:649][282]LogTexture: Display: Building textures: ShadowMapTexture2D_17 (BGRA8, 256X64)
[2019.01.31-02.03.33:649][282]LogTexture: Display: Building textures: ShadowMapTexture2D_14 (BGRA8, 512X64)
[2019.01.31-02.03.33:649][282]LogTexture: Display: Building textures: ShadowMapTexture2D_19 (BGRA8, 256X64)
[2019.01.31-02.03.33:649][282]LogTexture: Display: Building textures: ShadowMapTexture2D_18 (BGRA8, 256X64)
[2019.01.31-02.03.33:649][282]LogTexture: Display: Building textures: ShadowMapTexture2D_20 (BGRA8, 256X64)
[2019.01.31-02.03.33:649][282]LogTexture: Display: Building textures: ShadowMapTexture2D_21 (BGRA8, 256X64)
[2019.01.31-02.03.33:649][282]LogTexture: Display: Building textures: ShadowMapTexture2D_24 (BGRA8, 32X32)
[2019.01.31-02.03.33:649][282]LogTexture: Display: Building textures: ShadowMapTexture2D_23 (BGRA8, 128X64)
[2019.01.31-02.03.33:649][282]LogTexture: Display: Building textures: ShadowMapTexture2D_22 (BGRA8, 256X64)
[2019.01.31-02.03.33:649][282]LogTexture: Display: Building textures: ShadowMapTexture2D_1 (BGRA8, 1024X128)
[2019.01.31-02.03.34:058][282]LogTexture: Display: Building textures: ShadowMapTexture2D_0 (BGRA8, 1024X512)
[2019.01.31-02.03.34:324][282]Lightmass on DESKTOP-M0PTO0F: 1:15 min total, 946 ms importing, 3.67 sec setup, 15.9 sec photons, 55.3 sec processing, 0 ms extra exporting [15770/15770 mappings]. Threads: 6:27 min total, 2:42 min processing.
[2019.01.31-02.03.34:413][282]LogStaticLightingSystem: Illumination: 1:40 min (2.48 sec encoding lightmaps, 2.48 sec encoding shadowmaps)
[2019.01.31-02.03.34:413][282]LogStaticLightingSystem: Lightmap texture memory:  11.8 MB (11.6 MB streaming, 0.2 MB non-streaming), 50 textures
[2019.01.31-02.03.34:413][282]LogStaticLightingSystem: Shadowmap texture memory: 5.8 MB (5.6 MB streaming, 0.2 MB non-streaming), 25 textures
[2019.01.31-02.03.34:885][282]DumpUnbuiltLightIteractions
[2019.01.31-02.03.34:885][282]Lights with unbuilt interactions: 0
[2019.01.31-02.03.34:885][282]
[2019.01.31-02.03.34:885][282]Primitives with unbuilt interactions: 0
[2019.01.31-02.03.35:192][283]Cmd: MAP CHECK NOTIFYRESULTS
[2019.01.31-02.03.35:192][283]MapCheck: New page: mike - Jan 30, 2019, 4:03:35 PM
[2019.01.31-02.03.35:193][283]MapCheck: Map check complete: 0 Error(s), 0 Warning(s), took 1.432ms to complete.
[2019.01.31-02.03.38:624][493]LogSlate: Window 'Message Log' being destroyed
[2019.01.31-02.03.38:628][493]LogSlate: Window 'Message Log' being destroyed
[2019.01.31-02.03.42:014][712]LogTemp: Repeating last play command: Selected Viewport
[2019.01.31-02.03.42:033][712]LogBlueprintUserMessages: Early PlayInEditor Detection: Level '/Game/Maps/mike.mike:PersistentLevel' has LevelScriptBlueprint '/Game/Maps/mike.mike:PersistentLevel.mike' with GeneratedClass '/Game/Maps/mike.mike_C' with ClassGeneratedBy '/Game/Maps/mike.mike:PersistentLevel.mike'
[2019.01.31-02.03.42:033][712]LogPlayLevel: PlayLevel: No blueprints needed recompiling
[2019.01.31-02.03.42:033][712]PIE: New page: PIE session: mike (Jan 30, 2019, 4:03:42 PM)
[2019.01.31-02.03.42:045][712]LogPlayLevel: Creating play world package: /Game/Maps/UEDPIE_0_mike
[2019.01.31-02.03.42:181][712]LogPlayLevel: PIE: StaticDuplicateObject took: (0.135424s)
[2019.01.31-02.03.42:181][712]LogAIModule: Creating AISystem for world mike
[2019.01.31-02.03.42:181][712]LogPlayLevel: PIE: World Init took: (0.000789s)
[2019.01.31-02.03.42:182][712]LogPlayLevel: PIE: Created PIE world by copying editor world from /Game/Maps/mike.mike to /Game/Maps/UEDPIE_0_mike.mike (0.136611s)
[2019.01.31-02.03.42:219][712]LogInit: XAudio2 using 'Speakers (Cirrus Logic CS4206B (AB 06))' : 2 channels at 48 kHz using 32 bits per sample (channel mask 0x3)
[2019.01.31-02.03.42:228][712]LogInit: FAudioDevice initialized.
[2019.01.31-02.03.42:272][712]LogLoad: Game class is 'ThirdPersonGameMode_C'
[2019.01.31-02.03.42:280][712]LogWorld: Bringing World /Game/Maps/UEDPIE_0_mike.mike up for play (max tick rate 0) at 2019.01.30-21.03.42
[2019.01.31-02.03.42:281][712]LogWorld: Bringing up level for play took: 0.007145
[2019.01.31-02.03.42:300][712]LogContentBrowser: Native class hierarchy updated for 'MovieSceneCapture' in 0.0005 seconds. Added 20 classes and 0 folders.
[2019.01.31-02.03.42:302][712]PIE: Play in editor start time for /Game/Maps/UEDPIE_0_mike -0.719
[2019.01.31-02.03.42:302][712]LogBlueprintUserMessages: Late PlayInEditor Detection: Level '/Game/Maps/mike.mike:PersistentLevel' has LevelScriptBlueprint '/Game/Maps/mike.mike:PersistentLevel.mike' with GeneratedClass '/Game/Maps/mike.mike_C' with ClassGeneratedBy '/Game/Maps/mike.mike:PersistentLevel.mike'
[2019.01.31-02.04.44:641][606]LogBlueprintUserMessages: Early EndPlayMap Detection: Level '/Game/Maps/mike.mike:PersistentLevel' has LevelScriptBlueprint '/Game/Maps/mike.mike:PersistentLevel.mike' with GeneratedClass '/Game/Maps/mike.mike_C' with ClassGeneratedBy '/Game/Maps/mike.mike:PersistentLevel.mike'
[2019.01.31-02.04.44:648][606]LogSlate: Updating window title bar state: overlay mode, drag disabled, window buttons hidden, title bar hidden
[2019.01.31-02.04.44:701][606]LogPlayLevel: Display: Shutting down PIE online subsystems
[2019.01.31-02.04.44:702][606]LogBlueprintUserMessages: Late EndPlayMap Detection: Level '/Game/Maps/mike.mike:PersistentLevel' has LevelScriptBlueprint '/Game/Maps/mike.mike:PersistentLevel.mike' with GeneratedClass '/Game/Maps/mike.mike_C' with ClassGeneratedBy '/Game/Maps/mike.mike:PersistentLevel.mike'
[2019.01.31-02.04.44:758][606]LogSlate: Updating window title bar state: overlay mode, drag disabled, window buttons hidden, title bar hidden
[2019.01.31-02.04.44:800][607]LogPlayLevel: Display: Destroying online subsystem :Context_1
[2019.01.31-02.04.53:757][677]LogSlate: FSceneViewport::OnFocusLost() reason 0
[2019.01.31-02.05.54:322][265]LogSlate: FSceneViewport::OnFocusLost() reason 0
