Log file open, 02/15/19 14:14:23
LogWindows: Failed to load 'aqProf.dll' (GetLastError=126)
LogWindows: File 'aqProf.dll' does not exist
LogWindows: Failed to load 'VtuneApi.dll' (GetLastError=126)
LogWindows: File 'VtuneApi.dll' does not exist
LogWindows: Failed to load 'VtuneApi32e.dll' (GetLastError=126)
LogWindows: File 'VtuneApi32e.dll' does not exist
LogConsoleResponse: Display: Failed to find resolution value strings in scalability ini. Falling back to default.
LogInit: Display: Running engine for game: HunterMage
LogPakFile: Registered encryption key '00000000000000000000000000000000': 0 pak files mounted, 0 remain pending
LogPlatformFile: Not using cached read wrapper
LogTaskGraph: Started task graph with 5 named threads and 71 total threads with 3 sets of task threads.
LogStats: Stats thread started at 1.032992
LogD3D11RHI: Loaded GFSDK_Aftermath_Lib.x64.dll
LogICUInternationalization: ICU TimeZone Detection - Raw Offset: -5:00, Platform Override: ''
LogPluginManager: Mounting plugin Paper2D
LogPluginManager: Mounting plugin AISupport
LogPluginManager: Mounting plugin LightPropagationVolume
LogPluginManager: Mounting plugin ActorLayerUtilities
LogPluginManager: Mounting plugin CLionSourceCodeAccess
LogPluginManager: Mounting plugin CodeLiteSourceCodeAccess
LogPluginManager: Mounting plugin GitSourceControl
LogPluginManager: Mounting plugin KDevelopSourceCodeAccess
LogPluginManager: Mounting plugin NullSourceCodeAccess
LogPluginManager: Mounting plugin PerforceSourceControl
LogPluginManager: Mounting plugin SubversionSourceControl
LogPluginManager: Mounting plugin UObjectPlugin
LogPluginManager: Mounting plugin VisualStudioCodeSourceCodeAccess
LogPluginManager: Mounting plugin VisualStudioSourceCodeAccess
LogPluginManager: Mounting plugin XCodeSourceCodeAccess
LogPluginManager: Mounting plugin AssetManagerEditor
LogPluginManager: Mounting plugin CryptoKeys
LogPluginManager: Mounting plugin DataValidation
LogPluginManager: Mounting plugin FacialAnimation
LogPluginManager: Mounting plugin GameplayTagsEditor
LogPluginManager: Mounting plugin MacGraphicsSwitching
LogPluginManager: Mounting plugin MeshEditor
LogPluginManager: Mounting plugin MobileLauncherProfileWizard
LogPluginManager: Mounting plugin PluginBrowser
LogPluginManager: Mounting plugin SpeedTreeImporter
LogPluginManager: Mounting plugin DatasmithContent
LogPluginManager: Mounting plugin VariantManagerContent
LogPluginManager: Mounting plugin AlembicImporter
LogPluginManager: Mounting plugin AppleImageUtils
LogPluginManager: Mounting plugin AppleVision
LogPluginManager: Mounting plugin BackChannel
LogPluginManager: Mounting plugin CharacterAI
LogPluginManager: Mounting plugin GeometryCache
LogPluginManager: Mounting plugin HTML5Networking
LogPluginManager: Mounting plugin ProxyLODPlugin
LogPluginManager: Mounting plugin MagicLeap
LogPluginManager: Mounting plugin MagicLeapMedia
LogPluginManager: Mounting plugin AndroidMedia
LogPluginManager: Mounting plugin AvfMedia
LogPluginManager: Mounting plugin ImgMedia
LogPluginManager: Mounting plugin LinearTimecode
LogPluginManager: Mounting plugin MediaCompositing
LogPluginManager: Mounting plugin MediaPlayerEditor
LogPluginManager: Mounting plugin WebMMedia
LogPluginManager: Mounting plugin WmfMedia
LogPluginManager: Mounting plugin TcpMessaging
LogPluginManager: Mounting plugin UdpMessaging
LogPluginManager: Mounting plugin ActorSequence
LogPluginManager: Mounting plugin LevelSequenceEditor
LogPluginManager: Mounting plugin MatineeToLevelSequence
LogPluginManager: Mounting plugin NetcodeUnitTest
LogPluginManager: Mounting plugin NUTUnrealEngine4
LogPluginManager: Mounting plugin OnlineSubsystemGooglePlay
LogPluginManager: Mounting plugin OnlineSubsystemIOS
LogPluginManager: Mounting plugin OnlineSubsystem
LogPluginManager: Mounting plugin OnlineSubsystemNull
LogPluginManager: Mounting plugin OnlineSubsystemUtils
LogPluginManager: Mounting plugin LauncherChunkInstaller
LogPluginManager: Mounting plugin AndroidDeviceProfileSelector
LogPluginManager: Mounting plugin AndroidMoviePlayer
LogPluginManager: Mounting plugin AndroidPermission
LogPluginManager: Mounting plugin AppleMoviePlayer
LogPluginManager: Mounting plugin ArchVisCharacter
LogPluginManager: Mounting plugin AudioCapture
LogPluginManager: Mounting plugin CableComponent
LogPluginManager: Mounting plugin CustomMeshComponent
LogPluginManager: Mounting plugin EditableMesh
LogPluginManager: Mounting plugin ExampleDeviceProfileSelector
LogPluginManager: Mounting plugin Firebase
LogPluginManager: Mounting plugin GoogleCloudMessaging
LogPluginManager: Mounting plugin IOSDeviceProfileSelector
LogPluginManager: Mounting plugin LinuxDeviceProfileSelector
LogPluginManager: Mounting plugin LocationServicesBPLibrary
LogPluginManager: Mounting plugin MobilePatchingUtils
LogPluginManager: Mounting plugin OculusVR
LogPluginManager: Mounting plugin PhysXVehicles
LogPluginManager: Mounting plugin ProceduralMeshComponent
LogPluginManager: Mounting plugin RuntimePhysXCooking
LogPluginManager: Mounting plugin SteamVR
LogPluginManager: Mounting plugin WebMMoviePlayer
LogPluginManager: Mounting plugin WindowsMoviePlayer
LogPluginManager: Mounting plugin DlgSystem
LogStreaming: Display: Took  0.116s to configure plugins.
LogInit: Using libcurl 7.55.1-DEV
LogInit:  - built for x86_64-pc-win32
LogInit:  - supports SSL with OpenSSL/1.0.2h
LogInit:  - supports HTTP deflate (compression) using libz 1.2.8
LogInit:  - other features:
LogInit:      CURL_VERSION_SSL
LogInit:      CURL_VERSION_LIBZ
LogInit:      CURL_VERSION_IPV6
LogInit:      CURL_VERSION_ASYNCHDNS
LogInit:      CURL_VERSION_LARGEFILE
LogInit:      CURL_VERSION_IDN
LogInit:  CurlRequestOptions (configurable via config and command line):
LogInit:  - bVerifyPeer = true  - Libcurl will verify peer certificate
LogInit:  - bUseHttpProxy = false  - Libcurl will NOT use HTTP proxy
LogInit:  - bDontReuseConnections = false  - Libcurl will reuse connections
LogInit:  - MaxHostConnections = 16  - Libcurl will limit the number of connections to a host
LogInit:  - LocalHostAddr = Default
LogInit:  - BufferSize = 65536
LogInit: WinSock: version 1.1 (2.2), MaxSocks=32767, MaxUdp=65467
LogInit: Build: ++UE4+Release-4.21-CL-4753647
LogInit: Engine Version: 4.21.2-4753647+++UE4+Release-4.21
LogInit: Compatible Engine Version: 4.21.0-4541578+++UE4+Release-4.21
LogInit: Net CL: 4541578
LogInit: OS: Windows 10 (), CPU:       Intel(R) Xeon(R) CPU E5-2697 v2 @ 2.70GHz, GPU: AMD FirePro D700 (FireGL V)
LogInit: Compiled (64-bit): Jan 19 2019 02:07:31
LogInit: Compiled with Visual C++: 19.13.26129.00
LogInit: Build Configuration: Development
LogInit: Branch Name: ++UE4+Release-4.21
LogInit: Command Line:  -skipcompile
LogInit: Base Directory: C:/Program Files/Epic Games/UE_4.21/Engine/Binaries/Win64/
LogInit: Installed Engine Build: 1
LogDevObjectVersion: Number of dev versions registered: 22
LogDevObjectVersion:   Dev-Blueprints (B0D832E4-1F89-4F0D-ACCF-7EB736FD4AA2): 10
LogDevObjectVersion:   Dev-Build (E1C64328-A22C-4D53-A36C-8E866417BD8C): 0
LogDevObjectVersion:   Dev-Core (375EC13C-06E4-48FB-B500-84F0262A717E): 2
LogDevObjectVersion:   Dev-Editor (E4B068ED-F494-42E9-A231-DA0B2E46BB41): 26
LogDevObjectVersion:   Dev-Framework (CFFC743F-43B0-4480-9391-14DF171D2073): 34
LogDevObjectVersion:   Dev-Mobile (B02B49B5-BB20-44E9-A304-32B752E40360): 2
LogDevObjectVersion:   Dev-Networking (A4E4105C-59A1-49B5-A7C5-40C4547EDFEE): 0
LogDevObjectVersion:   Dev-Online (39C831C9-5AE6-47DC-9A44-9C173E1C8E7C): 0
LogDevObjectVersion:   Dev-Physics (78F01B33-EBEA-4F98-B9B4-84EACCB95AA2): 0
LogDevObjectVersion:   Dev-Platform (6631380F-2D4D-43E0-8009-CF276956A95A): 0
LogDevObjectVersion:   Dev-Rendering (12F88B9F-8875-4AFC-A67C-D90C383ABD29): 27
LogDevObjectVersion:   Dev-Sequencer (7B5AE74C-D270-4C10-A958-57980B212A5A): 9
LogDevObjectVersion:   Dev-VR (D7296918-1DD6-4BDD-9DE2-64A83CC13884): 2
LogDevObjectVersion:   Dev-LoadTimes (C2A15278-BFE7-4AFE-6C17-90FF531DF755): 1
LogDevObjectVersion:   Private-Geometry (6EACA3D4-40EC-4CC1-B786-8BED09428FC5): 3
LogDevObjectVersion:   Dev-AnimPhys (29E575DD-E0A3-4627-9D10-D276232CDCEA): 17
LogDevObjectVersion:   Dev-Anim (AF43A65D-7FD3-4947-9873-3E8ED9C1BB05): 2
LogDevObjectVersion:   Dev-ReflectionCapture (6B266CEC-1EC7-4B8F-A30B-E4D90942FC07): 1
LogDevObjectVersion:   Dev-Automation (0DF73D61-A23F-47EA-B727-89E90C41499A): 1
LogDevObjectVersion:   FortniteMain (601D1886-AC64-4F84-AA16-D3DE0DEAC7D6): 17
LogDevObjectVersion:   Dev-Enterprise (9DFFBCD6-494F-0158-E221-12823C92A888): 4
LogDevObjectVersion:   Dev-Niagara (F2AED0AC-9AFE-416F-8664-AA7FFA26D6FC): 1
LogStreaming: Display: Took  0.000s to delete old logs.
LogInit: Presizing for max 8388607 objects, including 0 objects not considered by GC, pre-allocating 0 bytes for permanent pool.
LogInit: Object subsystem initialized
LogConfig: Setting CVar [[con.DebugEarlyDefault:1]]
LogConfig: Setting CVar [[r.setres:1280x720]]
[2019.02.15-19.14.23:722][  0]LogConfig: Setting CVar [[r.VSync:0]]
[2019.02.15-19.14.23:722][  0]LogConfig: Setting CVar [[r.RHICmdBypass:0]]
[2019.02.15-19.14.23:722][  0]LogConfig: Applying CVar settings from Section [/Script/Engine.RendererSettings] File [C:/Users/Graphic/Documents/Hunter-Mage/source/HunterMage/Saved/Config/Windows/Engine.ini]
[2019.02.15-19.14.23:722][  0]LogConfig: Setting CVar [[r.GPUCrashDebugging:0]]
[2019.02.15-19.14.23:722][  0]LogConfig: Applying CVar settings from Section [/Script/Engine.RendererOverrideSettings] File [C:/Users/Graphic/Documents/Hunter-Mage/source/HunterMage/Saved/Config/Windows/Engine.ini]
[2019.02.15-19.14.23:723][  0]LogConfig: Applying CVar settings from Section [/Script/Engine.StreamingSettings] File [C:/Users/Graphic/Documents/Hunter-Mage/source/HunterMage/Saved/Config/Windows/Engine.ini]
[2019.02.15-19.14.23:723][  0]LogConfig: Setting CVar [[s.MinBulkDataSizeForAsyncLoading:131072]]
[2019.02.15-19.14.23:723][  0]LogConfig: Setting CVar [[s.AsyncLoadingThreadEnabled:0]]
[2019.02.15-19.14.23:723][  0]LogConfig: Setting CVar [[s.EventDrivenLoaderEnabled:1]]
[2019.02.15-19.14.23:723][  0]LogConfig: Setting CVar [[s.WarnIfTimeLimitExceeded:0]]
[2019.02.15-19.14.23:723][  0]LogConfig: Setting CVar [[s.TimeLimitExceededMultiplier:1.5]]
[2019.02.15-19.14.23:723][  0]LogConfig: Setting CVar [[s.TimeLimitExceededMinTime:0.005]]
[2019.02.15-19.14.23:723][  0]LogConfig: Setting CVar [[s.UseBackgroundLevelStreaming:1]]
[2019.02.15-19.14.23:723][  0]LogConfig: Setting CVar [[s.PriorityAsyncLoadingExtraTime:15.0]]
[2019.02.15-19.14.23:723][  0]LogConfig: Setting CVar [[s.LevelStreamingActorsUpdateTimeLimit:5.0]]
[2019.02.15-19.14.23:723][  0]LogConfig: Setting CVar [[s.PriorityLevelStreamingActorsUpdateExtraTime:5.0]]
[2019.02.15-19.14.23:723][  0]LogConfig: Setting CVar [[s.LevelStreamingComponentsRegistrationGranularity:10]]
[2019.02.15-19.14.23:723][  0]LogConfig: Setting CVar [[s.UnregisterComponentsTimeLimit:1.0]]
[2019.02.15-19.14.23:723][  0]LogConfig: Setting CVar [[s.LevelStreamingComponentsUnregistrationGranularity:5]]
[2019.02.15-19.14.23:724][  0]LogConfig: Applying CVar settings from Section [/Script/Engine.GarbageCollectionSettings] File [C:/Users/Graphic/Documents/Hunter-Mage/source/HunterMage/Saved/Config/Windows/Engine.ini]
[2019.02.15-19.14.23:724][  0]LogConfig: Setting CVar [[gc.MaxObjectsNotConsideredByGC:1]]
[2019.02.15-19.14.23:724][  0]LogConfig: Setting CVar [[gc.SizeOfPermanentObjectPool:0]]
[2019.02.15-19.14.23:724][  0]LogConfig: Setting CVar [[gc.FlushStreamingOnGC:0]]
[2019.02.15-19.14.23:724][  0]LogConfig: Setting CVar [[gc.NumRetriesBeforeForcingGC:10]]
[2019.02.15-19.14.23:724][  0]LogConfig: Setting CVar [[gc.AllowParallelGC:1]]
[2019.02.15-19.14.23:724][  0]LogConfig: Setting CVar [[gc.TimeBetweenPurgingPendingKillObjects:61.1]]
[2019.02.15-19.14.23:724][  0]LogConfig: Setting CVar [[gc.MaxObjectsInEditor:8388607]]
[2019.02.15-19.14.23:724][  0]LogConfig: Setting CVar [[gc.IncrementalBeginDestroyEnabled:1]]
[2019.02.15-19.14.23:724][  0]LogConfig: Setting CVar [[gc.CreateGCClusters:1]]
[2019.02.15-19.14.23:724][  0]LogConfig: Setting CVar [[gc.MergeGCClusters:0]]
[2019.02.15-19.14.23:724][  0]LogConfig: Setting CVar [[gc.MinGCClusterSize:5]]
[2019.02.15-19.14.23:724][  0]LogConfig: Setting CVar [[gc.ActorClusteringEnabled:0]]
[2019.02.15-19.14.23:725][  0]LogConfig: Setting CVar [[gc.BlueprintClusteringEnabled:0]]
[2019.02.15-19.14.23:725][  0]LogConfig: Setting CVar [[gc.UseDisregardForGCOnDedicatedServers:0]]
[2019.02.15-19.14.23:725][  0]LogConfig: Applying CVar settings from Section [/Script/Engine.NetworkSettings] File [C:/Users/Graphic/Documents/Hunter-Mage/source/HunterMage/Saved/Config/Windows/Engine.ini]
[2019.02.15-19.14.23:725][  0]LogConfig: Applying CVar settings from Section [/Script/UnrealEd.CookerSettings] File [C:/Users/Graphic/Documents/Hunter-Mage/source/HunterMage/Saved/Config/Windows/Engine.ini]
[2019.02.15-19.14.23:738][  0]LogConfig: Applying CVar settings from Section [ViewDistanceQuality@3] File [C:/Users/Graphic/Documents/Hunter-Mage/source/HunterMage/Saved/Config/Windows/Scalability.ini]
[2019.02.15-19.14.23:738][  0]LogConfig: Setting CVar [[r.SkeletalMeshLODBias:0]]
[2019.02.15-19.14.23:739][  0]LogConfig: Setting CVar [[r.ViewDistanceScale:1.0]]
[2019.02.15-19.14.23:739][  0]LogConfig: Applying CVar settings from Section [AntiAliasingQuality@3] File [C:/Users/Graphic/Documents/Hunter-Mage/source/HunterMage/Saved/Config/Windows/Scalability.ini]
[2019.02.15-19.14.23:739][  0]LogConfig: Setting CVar [[r.PostProcessAAQuality:4]]
[2019.02.15-19.14.23:739][  0]LogConfig: Applying CVar settings from Section [ShadowQuality@3] File [C:/Users/Graphic/Documents/Hunter-Mage/source/HunterMage/Saved/Config/Windows/Scalability.ini]
[2019.02.15-19.14.23:739][  0]LogConfig: Setting CVar [[r.LightFunctionQuality:1]]
[2019.02.15-19.14.23:739][  0]LogConfig: Setting CVar [[r.ShadowQuality:5]]
[2019.02.15-19.14.23:739][  0]LogConfig: Setting CVar [[r.Shadow.CSM.MaxCascades:10]]
[2019.02.15-19.14.23:739][  0]LogConfig: Setting CVar [[r.Shadow.MaxResolution:2048]]
[2019.02.15-19.14.23:739][  0]LogConfig: Setting CVar [[r.Shadow.MaxCSMResolution:2048]]
[2019.02.15-19.14.23:739][  0]LogConfig: Setting CVar [[r.Shadow.RadiusThreshold:0.01]]
[2019.02.15-19.14.23:739][  0]LogConfig: Setting CVar [[r.Shadow.DistanceScale:1.0]]
[2019.02.15-19.14.23:739][  0]LogConfig: Setting CVar [[r.Shadow.CSM.TransitionScale:1.0]]
[2019.02.15-19.14.23:739][  0]LogConfig: Setting CVar [[r.Shadow.PreShadowResolutionFactor:1.0]]
[2019.02.15-19.14.23:739][  0]LogConfig: Setting CVar [[r.DistanceFieldShadowing:1]]
[2019.02.15-19.14.23:740][  0]LogConfig: Setting CVar [[r.DistanceFieldAO:1]]
[2019.02.15-19.14.23:740][  0]LogConfig: Setting CVar [[r.AOQuality:2]]
[2019.02.15-19.14.23:740][  0]LogConfig: Setting CVar [[r.VolumetricFog:1]]
[2019.02.15-19.14.23:740][  0]LogConfig: Setting CVar [[r.VolumetricFog.GridPixelSize:8]]
[2019.02.15-19.14.23:740][  0]LogConfig: Setting CVar [[r.VolumetricFog.GridSizeZ:128]]
[2019.02.15-19.14.23:740][  0]LogConfig: Setting CVar [[r.VolumetricFog.HistoryMissSupersampleCount:4]]
[2019.02.15-19.14.23:740][  0]LogConfig: Setting CVar [[r.LightMaxDrawDistanceScale:1]]
[2019.02.15-19.14.23:740][  0]LogConfig: Setting CVar [[r.CapsuleShadows:1]]
[2019.02.15-19.14.23:740][  0]LogConfig: Applying CVar settings from Section [PostProcessQuality@3] File [C:/Users/Graphic/Documents/Hunter-Mage/source/HunterMage/Saved/Config/Windows/Scalability.ini]
[2019.02.15-19.14.23:740][  0]LogConfig: Setting CVar [[r.MotionBlurQuality:4]]
[2019.02.15-19.14.23:740][  0]LogConfig: Setting CVar [[r.AmbientOcclusionMipLevelFactor:0.4]]
[2019.02.15-19.14.23:741][  0]LogConfig: Setting CVar [[r.AmbientOcclusionMaxQuality:100]]
[2019.02.15-19.14.23:741][  0]LogConfig: Setting CVar [[r.AmbientOcclusionLevels:-1]]
[2019.02.15-19.14.23:741][  0]LogConfig: Setting CVar [[r.AmbientOcclusionRadiusScale:1.0]]
[2019.02.15-19.14.23:741][  0]LogConfig: Setting CVar [[r.DepthOfFieldQuality:2]]
[2019.02.15-19.14.23:741][  0]LogConfig: Setting CVar [[r.RenderTargetPoolMin:400]]
[2019.02.15-19.14.23:741][  0]LogConfig: Setting CVar [[r.LensFlareQuality:2]]
[2019.02.15-19.14.23:741][  0]LogConfig: Setting CVar [[r.SceneColorFringeQuality:1]]
[2019.02.15-19.14.23:741][  0]LogConfig: Setting CVar [[r.EyeAdaptationQuality:2]]
[2019.02.15-19.14.23:741][  0]LogConfig: Setting CVar [[r.BloomQuality:5]]
[2019.02.15-19.14.23:741][  0]LogConfig: Setting CVar [[r.FastBlurThreshold:100]]
[2019.02.15-19.14.23:741][  0]LogConfig: Setting CVar [[r.Upscale.Quality:3]]
[2019.02.15-19.14.23:741][  0]LogConfig: Setting CVar [[r.Tonemapper.GrainQuantization:1]]
[2019.02.15-19.14.23:742][  0]LogConfig: Setting CVar [[r.LightShaftQuality:1]]
[2019.02.15-19.14.23:742][  0]LogConfig: Setting CVar [[r.Filter.SizeScale:1]]
[2019.02.15-19.14.23:742][  0]LogConfig: Setting CVar [[r.Tonemapper.Quality:5]]
[2019.02.15-19.14.23:742][  0]LogConfig: Setting CVar [[r.DOF.Gather.AccumulatorQuality:1        ; higher gathering accumulator quality]]
[2019.02.15-19.14.23:742][  0]LogConfig: Setting CVar [[r.DOF.Gather.PostfilterMethod:1          ; Median3x3 postfilering method]]
[2019.02.15-19.14.23:742][  0]LogConfig: Setting CVar [[r.DOF.Gather.EnableBokehSettings:0       ; no bokeh simulation when gathering]]
[2019.02.15-19.14.23:742][  0]LogConfig: Setting CVar [[r.DOF.Gather.RingCount:4                 ; medium number of samples when gathering]]
[2019.02.15-19.14.23:742][  0]LogConfig: Setting CVar [[r.DOF.Scatter.ForegroundCompositing:1    ; additive foreground scattering]]
[2019.02.15-19.14.23:742][  0]LogConfig: Setting CVar [[r.DOF.Scatter.BackgroundCompositing:2    ; additive background scattering]]
[2019.02.15-19.14.23:742][  0]LogConfig: Setting CVar [[r.DOF.Scatter.EnableBokehSettings:1      ; bokeh simulation when scattering]]
[2019.02.15-19.14.23:742][  0]LogConfig: Setting CVar [[r.DOF.Scatter.MaxSpriteRatio:0.1         ; only a maximum of 10% of scattered bokeh]]
[2019.02.15-19.14.23:742][  0]LogConfig: Setting CVar [[r.DOF.Recombine.Quality:1                ; cheap slight out of focus]]
[2019.02.15-19.14.23:742][  0]LogConfig: Setting CVar [[r.DOF.Recombine.EnableBokehSettings:0    ; no bokeh simulation on slight out of focus]]
[2019.02.15-19.14.23:743][  0]LogConfig: Setting CVar [[r.DOF.TemporalAAQuality:1                ; more stable temporal accumulation]]
[2019.02.15-19.14.23:743][  0]LogConfig: Setting CVar [[r.DOF.Kernel.MaxForegroundRadius:0.025]]
[2019.02.15-19.14.23:743][  0]LogConfig: Setting CVar [[r.DOF.Kernel.MaxBackgroundRadius:0.025]]
[2019.02.15-19.14.23:743][  0]LogConfig: Applying CVar settings from Section [TextureQuality@3] File [C:/Users/Graphic/Documents/Hunter-Mage/source/HunterMage/Saved/Config/Windows/Scalability.ini]
[2019.02.15-19.14.23:743][  0]LogConfig: Setting CVar [[r.Streaming.MipBias:0]]
[2019.02.15-19.14.23:743][  0]LogConfig: Setting CVar [[r.Streaming.AmortizeCPUToGPUCopy:0]]
[2019.02.15-19.14.23:743][  0]LogConfig: Setting CVar [[r.Streaming.MaxNumTexturesToStreamPerFrame:0]]
[2019.02.15-19.14.23:743][  0]LogConfig: Setting CVar [[r.Streaming.Boost:1]]
[2019.02.15-19.14.23:743][  0]LogConfig: Setting CVar [[r.MaxAnisotropy:8]]
[2019.02.15-19.14.23:743][  0]LogConfig: Setting CVar [[r.Streaming.LimitPoolSizeToVRAM:0]]
[2019.02.15-19.14.23:743][  0]LogConfig: Setting CVar [[r.Streaming.PoolSize:1000]]
[2019.02.15-19.14.23:743][  0]LogConfig: Setting CVar [[r.Streaming.MaxEffectiveScreenSize:0]]
[2019.02.15-19.14.23:743][  0]LogConfig: Applying CVar settings from Section [EffectsQuality@3] File [C:/Users/Graphic/Documents/Hunter-Mage/source/HunterMage/Saved/Config/Windows/Scalability.ini]
[2019.02.15-19.14.23:744][  0]LogConfig: Setting CVar [[r.TranslucencyLightingVolumeDim:64]]
[2019.02.15-19.14.23:744][  0]LogConfig: Setting CVar [[r.RefractionQuality:2]]
[2019.02.15-19.14.23:744][  0]LogConfig: Setting CVar [[r.SSR.Quality:3]]
[2019.02.15-19.14.23:744][  0]LogConfig: Setting CVar [[r.SceneColorFormat:4]]
[2019.02.15-19.14.23:744][  0]LogConfig: Setting CVar [[r.DetailMode:2]]
[2019.02.15-19.14.23:744][  0]LogConfig: Setting CVar [[r.TranslucencyVolumeBlur:1]]
[2019.02.15-19.14.23:744][  0]LogConfig: Setting CVar [[r.MaterialQualityLevel:1 ; High quality]]
[2019.02.15-19.14.23:744][  0]LogConfig: Setting CVar [[r.SSS.Scale:1]]
[2019.02.15-19.14.23:744][  0]LogConfig: Setting CVar [[r.SSS.SampleSet:2]]
[2019.02.15-19.14.23:744][  0]LogConfig: Setting CVar [[r.SSS.Quality:1]]
[2019.02.15-19.14.23:744][  0]LogConfig: Setting CVar [[r.SSS.HalfRes:1]]
[2019.02.15-19.14.23:744][  0]LogConfig: Setting CVar [[r.EmitterSpawnRateScale:1.0]]
[2019.02.15-19.14.23:744][  0]LogConfig: Setting CVar [[r.ParticleLightQuality:2]]
[2019.02.15-19.14.23:745][  0]LogConfig: Applying CVar settings from Section [FoliageQuality@3] File [C:/Users/Graphic/Documents/Hunter-Mage/source/HunterMage/Saved/Config/Windows/Scalability.ini]
[2019.02.15-19.14.23:745][  0]LogConfig: Setting CVar [[foliage.DensityScale:1.0]]
[2019.02.15-19.14.23:745][  0]LogConfig: Setting CVar [[grass.DensityScale:1.0]]
[2019.02.15-19.14.23:745][  0]LogInit: Selected Device Profile: [Windows]
[2019.02.15-19.14.23:745][  0]LogInit: Applying CVar settings loaded from the selected device profile: [Windows]
[2019.02.15-19.14.23:766][  0]LogHAL: Display: Platform has ~ 32 GB [34329387008 / 34359738368 / 32], which maps to Largest [LargestMinGB=32, LargerMinGB=12, DefaultMinGB=8, SmallerMinGB=6, SmallestMinGB=0)
[2019.02.15-19.14.23:766][  0]LogConfig: Setting CVar [[r.Vulkan.UseRealUBs:1]]
[2019.02.15-19.14.23:766][  0]LogInit: Going up to parent DeviceProfile []
[2019.02.15-19.14.23:766][  0]LogConfig: Applying CVar settings from Section [ViewDistanceQuality@3] File [C:/Users/Graphic/Documents/Hunter-Mage/source/HunterMage/Saved/Config/Windows/Scalability.ini]
[2019.02.15-19.14.23:766][  0]LogConfig: Setting CVar [[r.SkeletalMeshLODBias:0]]
[2019.02.15-19.14.23:766][  0]LogConfig: Setting CVar [[r.ViewDistanceScale:1.0]]
[2019.02.15-19.14.23:767][  0]LogConfig: Applying CVar settings from Section [AntiAliasingQuality@3] File [C:/Users/Graphic/Documents/Hunter-Mage/source/HunterMage/Saved/Config/Windows/Scalability.ini]
[2019.02.15-19.14.23:767][  0]LogConfig: Setting CVar [[r.PostProcessAAQuality:4]]
[2019.02.15-19.14.23:767][  0]LogConfig: Applying CVar settings from Section [ShadowQuality@3] File [C:/Users/Graphic/Documents/Hunter-Mage/source/HunterMage/Saved/Config/Windows/Scalability.ini]
[2019.02.15-19.14.23:767][  0]LogConfig: Setting CVar [[r.LightFunctionQuality:1]]
[2019.02.15-19.14.23:767][  0]LogConfig: Setting CVar [[r.ShadowQuality:5]]
[2019.02.15-19.14.23:767][  0]LogConfig: Setting CVar [[r.Shadow.CSM.MaxCascades:10]]
[2019.02.15-19.14.23:767][  0]LogConfig: Setting CVar [[r.Shadow.MaxResolution:2048]]
[2019.02.15-19.14.23:767][  0]LogConfig: Setting CVar [[r.Shadow.MaxCSMResolution:2048]]
[2019.02.15-19.14.23:767][  0]LogConfig: Setting CVar [[r.Shadow.RadiusThreshold:0.01]]
[2019.02.15-19.14.23:767][  0]LogConfig: Setting CVar [[r.Shadow.DistanceScale:1.0]]
[2019.02.15-19.14.23:767][  0]LogConfig: Setting CVar [[r.Shadow.CSM.TransitionScale:1.0]]
[2019.02.15-19.14.23:767][  0]LogConfig: Setting CVar [[r.Shadow.PreShadowResolutionFactor:1.0]]
[2019.02.15-19.14.23:767][  0]LogConfig: Setting CVar [[r.DistanceFieldShadowing:1]]
[2019.02.15-19.14.23:767][  0]LogConfig: Setting CVar [[r.DistanceFieldAO:1]]
[2019.02.15-19.14.23:768][  0]LogConfig: Setting CVar [[r.AOQuality:2]]
[2019.02.15-19.14.23:768][  0]LogConfig: Setting CVar [[r.VolumetricFog:1]]
[2019.02.15-19.14.23:768][  0]LogConfig: Setting CVar [[r.VolumetricFog.GridPixelSize:8]]
[2019.02.15-19.14.23:768][  0]LogConfig: Setting CVar [[r.VolumetricFog.GridSizeZ:128]]
[2019.02.15-19.14.23:768][  0]LogConfig: Setting CVar [[r.VolumetricFog.HistoryMissSupersampleCount:4]]
[2019.02.15-19.14.23:768][  0]LogConfig: Setting CVar [[r.LightMaxDrawDistanceScale:1]]
[2019.02.15-19.14.23:768][  0]LogConfig: Setting CVar [[r.CapsuleShadows:1]]
[2019.02.15-19.14.23:768][  0]LogConfig: Applying CVar settings from Section [PostProcessQuality@3] File [C:/Users/Graphic/Documents/Hunter-Mage/source/HunterMage/Saved/Config/Windows/Scalability.ini]
[2019.02.15-19.14.23:768][  0]LogConfig: Setting CVar [[r.MotionBlurQuality:4]]
[2019.02.15-19.14.23:768][  0]LogConfig: Setting CVar [[r.AmbientOcclusionMipLevelFactor:0.4]]
[2019.02.15-19.14.23:768][  0]LogConfig: Setting CVar [[r.AmbientOcclusionMaxQuality:100]]
[2019.02.15-19.14.23:768][  0]LogConfig: Setting CVar [[r.AmbientOcclusionLevels:-1]]
[2019.02.15-19.14.23:768][  0]LogConfig: Setting CVar [[r.AmbientOcclusionRadiusScale:1.0]]
[2019.02.15-19.14.23:768][  0]LogConfig: Setting CVar [[r.DepthOfFieldQuality:2]]
[2019.02.15-19.14.23:769][  0]LogConfig: Setting CVar [[r.RenderTargetPoolMin:400]]
[2019.02.15-19.14.23:769][  0]LogConfig: Setting CVar [[r.LensFlareQuality:2]]
[2019.02.15-19.14.23:769][  0]LogConfig: Setting CVar [[r.SceneColorFringeQuality:1]]
[2019.02.15-19.14.23:769][  0]LogConfig: Setting CVar [[r.EyeAdaptationQuality:2]]
[2019.02.15-19.14.23:769][  0]LogConfig: Setting CVar [[r.BloomQuality:5]]
[2019.02.15-19.14.23:769][  0]LogConfig: Setting CVar [[r.FastBlurThreshold:100]]
[2019.02.15-19.14.23:769][  0]LogConfig: Setting CVar [[r.Upscale.Quality:3]]
[2019.02.15-19.14.23:769][  0]LogConfig: Setting CVar [[r.Tonemapper.GrainQuantization:1]]
[2019.02.15-19.14.23:769][  0]LogConfig: Setting CVar [[r.LightShaftQuality:1]]
[2019.02.15-19.14.23:769][  0]LogConfig: Setting CVar [[r.Filter.SizeScale:1]]
[2019.02.15-19.14.23:769][  0]LogConfig: Setting CVar [[r.Tonemapper.Quality:5]]
[2019.02.15-19.14.23:769][  0]LogConfig: Setting CVar [[r.DOF.Gather.AccumulatorQuality:1        ; higher gathering accumulator quality]]
[2019.02.15-19.14.23:769][  0]LogConfig: Setting CVar [[r.DOF.Gather.PostfilterMethod:1          ; Median3x3 postfilering method]]
[2019.02.15-19.14.23:769][  0]LogConfig: Setting CVar [[r.DOF.Gather.EnableBokehSettings:0       ; no bokeh simulation when gathering]]
[2019.02.15-19.14.23:770][  0]LogConfig: Setting CVar [[r.DOF.Gather.RingCount:4                 ; medium number of samples when gathering]]
[2019.02.15-19.14.23:770][  0]LogConfig: Setting CVar [[r.DOF.Scatter.ForegroundCompositing:1    ; additive foreground scattering]]
[2019.02.15-19.14.23:770][  0]LogConfig: Setting CVar [[r.DOF.Scatter.BackgroundCompositing:2    ; additive background scattering]]
[2019.02.15-19.14.23:770][  0]LogConfig: Setting CVar [[r.DOF.Scatter.EnableBokehSettings:1      ; bokeh simulation when scattering]]
[2019.02.15-19.14.23:770][  0]LogConfig: Setting CVar [[r.DOF.Scatter.MaxSpriteRatio:0.1         ; only a maximum of 10% of scattered bokeh]]
[2019.02.15-19.14.23:770][  0]LogConfig: Setting CVar [[r.DOF.Recombine.Quality:1                ; cheap slight out of focus]]
[2019.02.15-19.14.23:770][  0]LogConfig: Setting CVar [[r.DOF.Recombine.EnableBokehSettings:0    ; no bokeh simulation on slight out of focus]]
[2019.02.15-19.14.23:770][  0]LogConfig: Setting CVar [[r.DOF.TemporalAAQuality:1                ; more stable temporal accumulation]]
[2019.02.15-19.14.23:770][  0]LogConfig: Setting CVar [[r.DOF.Kernel.MaxForegroundRadius:0.025]]
[2019.02.15-19.14.23:770][  0]LogConfig: Setting CVar [[r.DOF.Kernel.MaxBackgroundRadius:0.025]]
[2019.02.15-19.14.23:770][  0]LogConfig: Applying CVar settings from Section [TextureQuality@3] File [C:/Users/Graphic/Documents/Hunter-Mage/source/HunterMage/Saved/Config/Windows/Scalability.ini]
[2019.02.15-19.14.23:770][  0]LogConfig: Setting CVar [[r.Streaming.MipBias:0]]
[2019.02.15-19.14.23:771][  0]LogConfig: Setting CVar [[r.Streaming.AmortizeCPUToGPUCopy:0]]
[2019.02.15-19.14.23:771][  0]LogConfig: Setting CVar [[r.Streaming.MaxNumTexturesToStreamPerFrame:0]]
[2019.02.15-19.14.23:771][  0]LogConfig: Setting CVar [[r.Streaming.Boost:1]]
[2019.02.15-19.14.23:771][  0]LogConfig: Setting CVar [[r.MaxAnisotropy:8]]
[2019.02.15-19.14.23:771][  0]LogConfig: Setting CVar [[r.Streaming.LimitPoolSizeToVRAM:0]]
[2019.02.15-19.14.23:771][  0]LogConfig: Setting CVar [[r.Streaming.PoolSize:1000]]
[2019.02.15-19.14.23:771][  0]LogConfig: Setting CVar [[r.Streaming.MaxEffectiveScreenSize:0]]
[2019.02.15-19.14.23:771][  0]LogConfig: Applying CVar settings from Section [EffectsQuality@3] File [C:/Users/Graphic/Documents/Hunter-Mage/source/HunterMage/Saved/Config/Windows/Scalability.ini]
[2019.02.15-19.14.23:771][  0]LogConfig: Setting CVar [[r.TranslucencyLightingVolumeDim:64]]
[2019.02.15-19.14.23:771][  0]LogConfig: Setting CVar [[r.RefractionQuality:2]]
[2019.02.15-19.14.23:771][  0]LogConfig: Setting CVar [[r.SSR.Quality:3]]
[2019.02.15-19.14.23:771][  0]LogConfig: Setting CVar [[r.SceneColorFormat:4]]
[2019.02.15-19.14.23:771][  0]LogConfig: Setting CVar [[r.DetailMode:2]]
[2019.02.15-19.14.23:772][  0]LogConfig: Setting CVar [[r.TranslucencyVolumeBlur:1]]
[2019.02.15-19.14.23:772][  0]LogConfig: Setting CVar [[r.MaterialQualityLevel:1 ; High quality]]
[2019.02.15-19.14.23:772][  0]LogConfig: Setting CVar [[r.SSS.Scale:1]]
[2019.02.15-19.14.23:772][  0]LogConfig: Setting CVar [[r.SSS.SampleSet:2]]
[2019.02.15-19.14.23:772][  0]LogConfig: Setting CVar [[r.SSS.Quality:1]]
[2019.02.15-19.14.23:772][  0]LogConfig: Setting CVar [[r.SSS.HalfRes:1]]
[2019.02.15-19.14.23:772][  0]LogConfig: Setting CVar [[r.EmitterSpawnRateScale:1.0]]
[2019.02.15-19.14.23:772][  0]LogConfig: Setting CVar [[r.ParticleLightQuality:2]]
[2019.02.15-19.14.23:772][  0]LogConfig: Applying CVar settings from Section [FoliageQuality@3] File [C:/Users/Graphic/Documents/Hunter-Mage/source/HunterMage/Saved/Config/Windows/Scalability.ini]
[2019.02.15-19.14.23:772][  0]LogConfig: Setting CVar [[foliage.DensityScale:1.0]]
[2019.02.15-19.14.23:772][  0]LogConfig: Setting CVar [[grass.DensityScale:1.0]]
[2019.02.15-19.14.23:772][  0]LogConfig: Applying CVar settings from Section [Startup] File [../../../Engine/Config/ConsoleVariables.ini]
[2019.02.15-19.14.23:773][  0]LogConfig: Setting CVar [[net.UseAdaptiveNetUpdateFrequency:0]]
[2019.02.15-19.14.23:773][  0]LogConfig: Applying CVar settings from Section [ConsoleVariables] File [C:/Users/Graphic/Documents/Hunter-Mage/source/HunterMage/Saved/Config/Windows/Engine.ini]
[2019.02.15-19.14.23:773][  0]LogInit: Computer: SJH607-13W
[2019.02.15-19.14.23:773][  0]LogInit: User: Graphic
[2019.02.15-19.14.23:773][  0]LogInit: CPU Page size=4096, Cores=12
[2019.02.15-19.14.23:773][  0]LogInit: High frequency timer resolution =2.636722 MHz
[2019.02.15-19.14.23:774][  0]LogMemory: Memory total: Physical=32.0GB (32GB approx)
[2019.02.15-19.14.23:774][  0]LogMemory: Platform Memory Stats for Windows
[2019.02.15-19.14.23:774][  0]LogMemory: Process Physical Memory: 108.23 MB used, 108.23 MB peak
[2019.02.15-19.14.23:774][  0]LogMemory: Process Virtual Memory: 93.46 MB used, 93.46 MB peak
[2019.02.15-19.14.23:774][  0]LogMemory: Physical Memory: 10372.73 MB used,  22366.32 MB free, 32739.05 MB total
[2019.02.15-19.14.23:774][  0]LogMemory: Virtual Memory: 4717.84 MB used,  134213008.00 MB free, 134217728.00 MB total
[2019.02.15-19.14.23:895][  0]LogInit: Using OS detected language (en-US).
[2019.02.15-19.14.23:896][  0]LogInit: Using OS detected locale (en-US).
[2019.02.15-19.14.23:896][  0]LogTextLocalizationManager: No specific localization for 'en-US' exists, so the 'en' localization will be used.
[2019.02.15-19.14.24:383][  0]LogStreaming: Display: Took  0.489s to InitEngineTextLocalization.
[2019.02.15-19.14.24:384][  0]LogInit: Setting process to per monitor DPI aware
[2019.02.15-19.14.24:485][  0]LogSlate: New Slate User Created.  User Index 0, Is Virtual User: 0
[2019.02.15-19.14.24:486][  0]LogSlate: Slate User Registered.  User Index 0, Is Virtual User: 0
[2019.02.15-19.14.27:058][  0]LogHMD: Failed to initialize OpenVR with code 110
[2019.02.15-19.14.27:058][  0]LogD3D11RHI: D3D11 adapters:
[2019.02.15-19.14.27:092][  0]LogD3D11RHI:    0. 'AMD FirePro D700 (FireGL V)' (Feature Level 11_0)
[2019.02.15-19.14.27:092][  0]LogD3D11RHI:       6124/0/16369 MB DedicatedVideo/DedicatedSystem/SharedSystem, Outputs:2, VendorId:0x1002
[2019.02.15-19.14.27:110][  0]LogD3D11RHI:    1. 'Microsoft Basic Render Driver' (Feature Level 11_0)
[2019.02.15-19.14.27:110][  0]LogD3D11RHI:       0/0/16369 MB DedicatedVideo/DedicatedSystem/SharedSystem, Outputs:0, VendorId:0x1414
[2019.02.15-19.14.27:110][  0]LogD3D11RHI: Chosen D3D11 Adapter: 0
[2019.02.15-19.14.27:116][  0]LogD3D11RHI: Creating new Direct3DDevice
[2019.02.15-19.14.27:117][  0]LogD3D11RHI:     GPU DeviceId: 0x6798 (for the marketing name, search the web for "GPU Device Id")
[2019.02.15-19.14.27:117][  0]LogWindows: EnumDisplayDevices:
[2019.02.15-19.14.27:117][  0]LogWindows:    0. 'AMD FirePro D700 (FireGL V)' (P:1 D:1)
[2019.02.15-19.14.27:117][  0]LogWindows:    1. 'AMD FirePro D700 (FireGL V)' (P:0 D:1)
[2019.02.15-19.14.27:118][  0]LogWindows:    2. 'AMD FirePro D700 (FireGL V)' (P:0 D:0)
[2019.02.15-19.14.27:118][  0]LogWindows:    3. 'AMD FirePro D700 (FireGL V)' (P:0 D:0)
[2019.02.15-19.14.27:119][  0]LogWindows:    4. 'AMD FirePro D700 (FireGL V)' (P:0 D:0)
[2019.02.15-19.14.27:119][  0]LogWindows:    5. 'AMD FirePro D700 (FireGL V)' (P:0 D:0)
[2019.02.15-19.14.27:120][  0]LogWindows: DebugString: FoundDriverCount:6 
[2019.02.15-19.14.27:120][  0]LogD3D11RHI:     Adapter Name: AMD FirePro D700 (FireGL V)
[2019.02.15-19.14.27:120][  0]LogD3D11RHI:   Driver Version: Crimson ReLive 17.6 (internal:22.19.170.1536, unified:22.19.170.1536)
[2019.02.15-19.14.27:120][  0]LogD3D11RHI:      Driver Date: 7-20-2017
[2019.02.15-19.14.27:120][  0]LogRHI: Texture pool is 4287 MB (70% of 6124 MB)
[2019.02.15-19.14.27:282][  0]LogD3D11RHI: Async texture creation enabled
[2019.02.15-19.14.27:297][  0]LogD3D11RHI: GPU Timing Frequency: 27.000000 (Debug: 2 1)
[2019.02.15-19.14.27:689][  0]LogTemp: Display: Loaded TP AllDesktopTargetPlatform
[2019.02.15-19.14.27:710][  0]LogTemp: Display: Loaded TP MacClientTargetPlatform
[2019.02.15-19.14.27:731][  0]LogTemp: Display: Loaded TP MacNoEditorTargetPlatform
[2019.02.15-19.14.27:749][  0]LogTemp: Display: Loaded TP MacServerTargetPlatform
[2019.02.15-19.14.27:773][  0]LogTemp: Display: Loaded TP MacTargetPlatform
[2019.02.15-19.14.27:791][  0]LogTemp: Display: Loaded TP WindowsClientTargetPlatform
[2019.02.15-19.14.27:809][  0]LogTemp: Display: Loaded TP WindowsNoEditorTargetPlatform
[2019.02.15-19.14.27:827][  0]LogTemp: Display: Loaded TP WindowsServerTargetPlatform
[2019.02.15-19.14.27:836][  0]LogTemp: Display: Loaded TP WindowsTargetPlatform
[2019.02.15-19.14.27:940][  0]LogTemp: Display: Loaded TP AndroidTargetPlatform
[2019.02.15-19.14.27:940][  0]LogTemp: Display: Loaded TP AndroidTargetPlatform
[2019.02.15-19.14.27:940][  0]LogTemp: Display: Loaded TP AndroidTargetPlatform
[2019.02.15-19.14.27:940][  0]LogTemp: Display: Loaded TP AndroidTargetPlatform
[2019.02.15-19.14.27:941][  0]LogTemp: Display: Loaded TP AndroidTargetPlatform
[2019.02.15-19.14.27:941][  0]LogTemp: Display: Loaded TP AndroidTargetPlatform
[2019.02.15-19.14.27:941][  0]LogTemp: Display: Loaded TP AndroidTargetPlatform
[2019.02.15-19.14.27:941][  0]LogTemp: Display: Loaded TP AndroidTargetPlatform
[2019.02.15-19.14.27:941][  0]LogTemp: Display: Loaded TP AndroidTargetPlatform
[2019.02.15-19.14.27:941][  0]LogTemp: Display: Loaded TP AndroidTargetPlatform
[2019.02.15-19.14.27:941][  0]LogTemp: Display: Loaded TP AndroidTargetPlatform
[2019.02.15-19.14.27:941][  0]LogTemp: Display: Loaded TP AndroidTargetPlatform
[2019.02.15-19.14.27:941][  0]LogTemp: Display: Loaded TP AndroidTargetPlatform
[2019.02.15-19.14.27:941][  0]LogTemp: Display: Loaded TP AndroidTargetPlatform
[2019.02.15-19.14.27:941][  0]LogTemp: Display: Loaded TP AndroidTargetPlatform
[2019.02.15-19.14.27:941][  0]LogTemp: Display: Loaded TP AndroidTargetPlatform
[2019.02.15-19.14.27:941][  0]LogTemp: Display: Loaded TP AndroidTargetPlatform
[2019.02.15-19.14.27:941][  0]LogTemp: Display: Loaded TP AndroidTargetPlatform
[2019.02.15-19.14.27:945][  0]LogTemp: Display: Loaded TP HTML5TargetPlatform
[2019.02.15-19.14.28:028][  0]LogTemp: Display: Loaded TP IOSTargetPlatform
[2019.02.15-19.14.28:028][  0]LogTemp: Display: Loaded TP IOSTargetPlatform
[2019.02.15-19.14.28:060][  0]LogTemp: Display: Loaded TP TVOSTargetPlatform
[2019.02.15-19.14.28:060][  0]LogTemp: Display: Loaded TP TVOSTargetPlatform
[2019.02.15-19.14.28:076][  0]LogTemp: Display: Loaded TP LinuxClientTargetPlatform
[2019.02.15-19.14.28:094][  0]LogTemp: Display: Loaded TP LinuxNoEditorTargetPlatform
[2019.02.15-19.14.28:111][  0]LogTemp: Display: Loaded TP LinuxServerTargetPlatform
[2019.02.15-19.14.28:136][  0]LogTemp: Display: Loaded TP LinuxTargetPlatform
[2019.02.15-19.14.28:199][  0]LogTemp: Display: Loaded TP LuminTargetPlatform
[2019.02.15-19.14.28:199][  0]LogTemp: Display: Loaded TP LuminTargetPlatform
[2019.02.15-19.14.28:200][  0]LogTargetPlatformManager: Display: Building Assets For Windows
[2019.02.15-19.14.28:299][  0]LogShaderCompilers: Guid format shader working directory is -24 characters bigger than the processId version (../../../../../../Users/Graphic/Documents/Hunter-Mage/source/HunterMage/Intermediate/Shaders/WorkingDirectory/19816/).
[2019.02.15-19.14.28:300][  0]LogShaderCompilers: Cleaned the shader compiler working directory 'C:/Users/Graphic/AppData/Local/Temp/UnrealShaderWorkingDir/788CBA3748FB3F5D82C0ACBF3FCB17E0/'.
[2019.02.15-19.14.28:302][  0]LogXGEController: Cleaning working directory: C:/Users/Graphic/AppData/Local/Temp/UnrealXGEWorkingDir/
[2019.02.15-19.14.28:302][  0]LogXGEController: Cannot use XGE Controller as Incredibuild is not installed on this machine.
[2019.02.15-19.14.28:302][  0]LogShaderCompilers: Cannot use XGE Shader Compiler as Incredibuild is not installed on this machine.
[2019.02.15-19.14.28:303][  0]LogShaderCompilers: Display: Using Local Shader Compiler.
[2019.02.15-19.14.29:993][  0]LogDerivedDataCache: Display: Max Cache Size: 512 MB
[2019.02.15-19.14.30:056][  0]LogDerivedDataCache: Loaded boot cache 0.06s 73MB C:/Users/Graphic/AppData/Local/UnrealEngine/4.21/DerivedDataCache/Boot.ddc.
[2019.02.15-19.14.30:057][  0]LogDerivedDataCache: Display: Loaded Boot cache: C:/Users/Graphic/AppData/Local/UnrealEngine/4.21/DerivedDataCache/Boot.ddc
[2019.02.15-19.14.30:057][  0]LogDerivedDataCache: FDerivedDataBackendGraph:  Pak pak cache file ../../../../../../Users/Graphic/Documents/Hunter-Mage/source/HunterMage/DerivedDataCache/DDC.ddp not found, will not use a pak cache.
[2019.02.15-19.14.30:057][  0]LogDerivedDataCache: Unable to find inner node Pak for hierarchical cache Hierarchy.
[2019.02.15-19.14.30:057][  0]LogDerivedDataCache: FDerivedDataBackendGraph:  CompressedPak pak cache file ../../../../../../Users/Graphic/Documents/Hunter-Mage/source/HunterMage/DerivedDataCache/Compressed.ddp not found, will not use a pak cache.
[2019.02.15-19.14.30:057][  0]LogDerivedDataCache: Unable to find inner node CompressedPak for hierarchical cache Hierarchy.
[2019.02.15-19.14.30:079][  0]LogDerivedDataCache: Display: Pak cache opened for reading ../../../Engine/DerivedDataCache/Compressed.ddp.
[2019.02.15-19.14.30:079][  0]LogDerivedDataCache: FDerivedDataBackendGraph:  EnterprisePak pak cache file ../../../Enterprise/DerivedDataCache/Compressed.ddp not found, will not use a pak cache.
[2019.02.15-19.14.30:079][  0]LogDerivedDataCache: Unable to find inner node EnterprisePak for hierarchical cache Hierarchy.
[2019.02.15-19.14.30:093][  0]LogDerivedDataCache: Using Local data cache path C:/Users/Graphic/AppData/Local/UnrealEngine/Common/DerivedDataCache: Writable
[2019.02.15-19.14.30:093][  0]LogDerivedDataCache: Shared data cache path not found in *engine.ini, will not use an Shared cache.
[2019.02.15-19.14.30:093][  0]LogDerivedDataCache: Unable to find inner node Shared for hierarchical cache Hierarchy.
[2019.02.15-19.14.30:124][  0]LogMaterial: Verifying Global Shaders for PCD3D_SM5
[2019.02.15-19.14.30:126][  0]LogSlate: Using FreeType 2.6.0
[2019.02.15-19.14.30:147][  0]LogSlate: SlateFontServices - WITH_FREETYPE: 1, WITH_HARFBUZZ: 1
[2019.02.15-19.14.30:523][  0]LogAssetRegistry: FAssetRegistry took 0.0406 seconds to start up
[2019.02.15-19.14.31:019][  0]LogInit: Selected Device Profile: [Windows]
[2019.02.15-19.14.31:299][  0]LogSimplygon: Simplygon DLL not present - disabling.
[2019.02.15-19.14.31:305][  0]LogMeshReduction: Using SimplygonSwarm for distributed automatic mesh merging
[2019.02.15-19.14.31:305][  0]LogMeshReduction: Using ProxyLODMeshReduction for automatic mesh merging
[2019.02.15-19.14.31:306][  0]LogMeshReduction: Using QuadricMeshReduction for automatic static mesh reduction
[2019.02.15-19.14.31:306][  0]LogMeshReduction: No automatic skeletal mesh reduction module available
[2019.02.15-19.14.31:342][  0]LogNetVersion: HunterMage 1.0.0, NetCL: 4541578, EngineNetVer: 5, GameNetVer: 0 (Checksum: 16553758)
[2019.02.15-19.14.32:565][  0]LogPackageLocalizationCache: Processed 12 localized package path(s) for 2 prioritized culture(s) in 0.097100 seconds
[2019.02.15-19.14.32:571][  0]LogUObjectArray: 39775 objects as part of root set at end of initial load.
[2019.02.15-19.14.32:571][  0]LogUObjectAllocator: 6914656 out of 0 bytes used by permanent object pool.
[2019.02.15-19.14.32:571][  0]LogUObjectArray: CloseDisregardForGC: 0/0 objects in disregard for GC pool
[2019.02.15-19.14.35:874][  0]LogTcpMessaging: Initializing TcpMessaging bridge
[2019.02.15-19.14.35:890][  0]LogUdpMessaging: Initializing bridge on interface 0.0.0.0:0 to multicast group 230.0.0.1:6666.
[2019.02.15-19.14.36:860][  0]LogDlgSystem: Verbose: Creating new DlgGuid = `DFFB43484CB70A7CC20BADAE1A5157A7` for Dialogue = `/Script/DlgSystem.Default__DlgDialogue` because of new created Dialogue.
[2019.02.15-19.14.36:861][  0]LogDlgSystem: Verbose: Started DlgSystemModule
[2019.02.15-19.14.36:877][  0]LogDlgSystemEditor: Verbose: Started DlgSystemEditorModule
[2019.02.15-19.14.36:985][  0]SourceControl: Source control is disabled
[2019.02.15-19.14.36:985][  0]SourceControl: Source control is disabled
[2019.02.15-19.14.36:988][  0]SourceControl: Source control is disabled
[2019.02.15-19.14.36:991][  0]SourceControl: Source control is disabled
[2019.02.15-19.14.37:235][  0]LogAndroidPermission: UAndroidPermissionCallbackProxy::GetInstance
[2019.02.15-19.14.37:466][  0]LogOcInput: OculusInput pre-init called
[2019.02.15-19.14.37:653][  0]LogEngine: Initializing Engine...
[2019.02.15-19.14.37:654][  0]LogHMD: Failed to initialize OpenVR with code 110
[2019.02.15-19.14.37:656][  0]LogStats: UGameplayTagsManager::ConstructGameplayTagTree: ImportINI prefixes -  0.000 s
[2019.02.15-19.14.37:656][  0]LogStats: UGameplayTagsManager::ConstructGameplayTagTree: Construct from data asset -  0.000 s
[2019.02.15-19.14.37:656][  0]LogStats: UGameplayTagsManager::ConstructGameplayTagTree: ImportINI -  0.000 s
[2019.02.15-19.14.37:656][  0]LogStats: UGameplayTagsManager::ConstructGameplayTagTree: GameplayTagTreeChangedEvent.Broadcast -  0.000 s
[2019.02.15-19.14.38:129][  0]LogInit: Initializing FReadOnlyCVARCache
[2019.02.15-19.14.38:141][  0]LogAIModule: Creating AISystem for world Untitled
[2019.02.15-19.14.38:246][  0]LogInit: XAudio2 using 'Speakers (2- Display Audio)' : 2 channels at 48 kHz using 16 bits per sample (channel mask 0x3)
[2019.02.15-19.14.38:274][  0]LogInit: FAudioDevice initialized.
[2019.02.15-19.14.38:274][  0]LogNetVersion: Set ProjectVersion to 1.0.0.0. Version Checksum will be recalculated on next use.
[2019.02.15-19.14.38:345][  0]LogDerivedDataCache: Saved boot cache 0.07s 73MB C:/Users/Graphic/AppData/Local/UnrealEngine/4.21/DerivedDataCache/Boot.ddc.
[2019.02.15-19.14.38:357][  0]LogInit: Texture streaming: Enabled
[2019.02.15-19.14.38:384][  0]LogEngineSessionManager: EngineSessionManager initialized
[2019.02.15-19.14.38:405][  0]LogInit: Transaction tracking system initialized
[2019.02.15-19.14.38:440][  0]BlueprintLog: New page: Editor Load
[2019.02.15-19.14.38:559][  0]LocalizationService: Localization service is disabled
[2019.02.15-19.14.39:361][  0]LogFileCache: Scanning file cache for directory 'C:/Users/Graphic/Documents/Hunter-Mage/source/HunterMage/Content/' took 0.02s
[2019.02.15-19.14.39:362][  0]LogCook: Display: Max memory allowance for cook 16384mb min free memory 0mb
[2019.02.15-19.14.39:362][  0]LogCook: Display: Mobile HDR setting 1
[2019.02.15-19.14.39:362][  0]LogGameplayTags: Display: UGameplayTagsManager::DoneAddingNativeTags. DelegateIsBound: 0
[2019.02.15-19.14.39:362][  0]LogStats: UGameplayTagsManager::ConstructGameplayTagTree: ImportINI prefixes -  0.000 s
[2019.02.15-19.14.39:362][  0]LogStats: UGameplayTagsManager::ConstructGameplayTagTree: Construct from data asset -  0.000 s
[2019.02.15-19.14.39:362][  0]LogStats: UGameplayTagsManager::ConstructGameplayTagTree: ImportINI -  0.000 s
[2019.02.15-19.14.39:363][  0]LogStats: UGameplayTagsManager::ConstructGameplayTagTree: GameplayTagTreeChangedEvent.Broadcast -  0.000 s
[2019.02.15-19.14.39:363][  0]LogDlgSystemEditor: Verbose: DlgSystemEditorModule::HandleOnPostEngineInit
[2019.02.15-19.14.39:961][  0]LogDlgSystem: Verbose: Creating graph for Dialogue = `/Game/TopDownCPP/Blueprints/DlgMrCube.DlgMrCube`
[2019.02.15-19.14.39:961][  0]LogDlgSystem: Verbose: Creating new DlgGuid = `636678AA4BFC8F4E621389AA06453E8B` for Dialogue = `/Game/TopDownCPP/Blueprints/DlgMrCube.DlgMrCube` because of new created Dialogue.
[2019.02.15-19.14.39:994][  0]LogLinker: Warning: Can't find file '/Script/DlgExample'
[2019.02.15-19.14.39:995][  0]LogLinker: Warning: Can't find file for asset '/Script/DlgExample' while loading ../../../../../../Users/Graphic/Documents/Hunter-Mage/source/HunterMage/Content/TopDownCPP/Blueprints/DlgMrCube.uasset.
[2019.02.15-19.14.39:995][  0]LoadErrors: Error: /Game/TopDownCPP/Blueprints/DlgMrCube : Can't find file for asset. /Script/DlgExample
[2019.02.15-19.14.39:995][  0]LogLinker: Warning: Can't find file '/Script/DlgExample'
[2019.02.15-19.14.39:996][  0]LogLinker: Warning: Can't find file for asset '/Script/DlgExample' while loading ../../../../../../Users/Graphic/Documents/Hunter-Mage/source/HunterMage/Content/TopDownCPP/Blueprints/DlgMrCube.uasset.
[2019.02.15-19.14.39:996][  0]LoadErrors: Error: /Game/TopDownCPP/Blueprints/DlgMrCube : Can't find file for asset. /Script/DlgExample
[2019.02.15-19.14.40:064][  0]LogLinker: Warning: Can't find file '/Script/DlgExample'
[2019.02.15-19.14.40:064][  0]LoadErrors: Failed to load /Script/DlgExample.DlgExampleCharacter Referenced by DlgMrCube
[2019.02.15-19.14.40:064][  0]LogLinker: Warning: Can't find file for asset '/Script/DlgExample' while loading NULL.
[2019.02.15-19.14.40:064][  0]LoadErrors: Failed to load /Script/DlgExample.DlgExampleCharacter Referenced by DlgMrCube
[2019.02.15-19.14.40:301][  0]LogDlgSystem: Refreshing data for Dialogue = `/Game/TopDownCPP/Blueprints/DlgMrCube.DlgMrCube`
[2019.02.15-19.14.40:318][  0]LogDlgSystem: Verbose: Creating graph for Dialogue = `/DlgSystem/TestDialogue.TestDialogue`
[2019.02.15-19.14.40:318][  0]LogDlgSystem: Verbose: Creating new DlgGuid = `83F5476C4E2C4DD54C7CEFBBAA11AEEF` for Dialogue = `/DlgSystem/TestDialogue.TestDialogue` because of new created Dialogue.
[2019.02.15-19.14.40:320][  0]LogDlgSystem: Refreshing data for Dialogue = `/DlgSystem/TestDialogue.TestDialogue`
[2019.02.15-19.14.40:322][  0]LogDlgSystemEditor: Verbose: UDlgManager::LoadAllDialoguesIntoMemory loaded 0 Dialogues into Memory
[2019.02.15-19.14.40:639][  0]SourceControl: Source control is disabled
[2019.02.15-19.14.40:639][  0]Cmd: MAP LOAD FILE="../../../../../../Users/Graphic/Documents/Hunter-Mage/source/HunterMage/Content/ThirdPersonBP/Maps/ThirdPersonExampleMap.umap" TEMPLATE=0 SHOWPROGRESS=1 FEATURELEVEL=3
[2019.02.15-19.14.40:648][  0]LightingResults: New page: Lighting Build
[2019.02.15-19.14.40:653][  0]MapCheck: New page: Map Check
[2019.02.15-19.14.40:654][  0]LightingResults: New page: Lighting Build
[2019.02.15-19.14.41:032][  0]LogAIModule: Creating AISystem for world ThirdPersonExampleMap
[2019.02.15-19.14.41:062][  0]LogEditorServer: Finished looking for orphan Actors (0.000 secs)
[2019.02.15-19.14.41:107][  0]Cmd: MAP CHECKDEP NOCLEARLOG
[2019.02.15-19.14.41:107][  0]MapCheck: Map check complete: 0 Error(s), 0 Warning(s), took 0.14ms to complete.
[2019.02.15-19.14.41:107][  0]LogFileHelpers: Loading map 'ThirdPersonExampleMap' took 0.469
[2019.02.15-19.14.41:287][  0]LogSlate: Updating window title bar state: overlay mode, drag disabled, window buttons hidden, title bar hidden
[2019.02.15-19.14.41:298][  0]LogSlate: Updating window title bar state: overlay mode, drag disabled, window buttons hidden, title bar hidden
[2019.02.15-19.14.41:310][  0]LogSlate: Updating window title bar state: overlay mode, drag disabled, window buttons hidden, title bar hidden
[2019.02.15-19.14.41:324][  0]LogSlate: Updating window title bar state: overlay mode, drag disabled, window buttons hidden, title bar hidden
[2019.02.15-19.14.41:341][  0]LogCollectionManager: Loaded 0 collections in 0.002395 seconds
[2019.02.15-19.14.41:382][  0]LogFileCache: Scanning file cache for directory 'C:/Users/Graphic/Documents/Hunter-Mage/source/HunterMage/Saved/Collections/' took 0.01s
[2019.02.15-19.14.41:382][  0]LogFileCache: Scanning file cache for directory 'C:/Users/Graphic/Documents/Hunter-Mage/source/HunterMage/Content/Developers/Graphic/Collections/' took 0.01s
[2019.02.15-19.14.41:383][  0]LogFileCache: Scanning file cache for directory 'C:/Users/Graphic/Documents/Hunter-Mage/source/HunterMage/Content/Collections/' took 0.00s
[2019.02.15-19.14.41:383][  0]LogCollectionManager: Rebuilt the GUID cache for 0 collections in 0.000001 seconds
[2019.02.15-19.14.41:415][  0]LogContentBrowser: Native class hierarchy populated in 0.0309 seconds. Added 2698 classes and 637 folders.
[2019.02.15-19.14.41:425][  0]LogContentBrowser: Native class hierarchy updated for 'WidgetCarousel' in 0.0004 seconds. Added 0 classes and 0 folders.
[2019.02.15-19.14.41:434][  0]LogPakFile: Registered encryption key '00000000000000000000000000000000': 0 pak files mounted, 0 remain pending
[2019.02.15-19.14.41:444][  0]LogPakFile: Registered encryption key '00000000000000000000000000000000': 0 pak files mounted, 0 remain pending
[2019.02.15-19.14.41:477][  0]LogPakFile: Registered encryption key '00000000000000000000000000000000': 0 pak files mounted, 0 remain pending
[2019.02.15-19.14.41:483][  0]LogPakFile: Registered encryption key '00000000000000000000000000000000': 0 pak files mounted, 0 remain pending
[2019.02.15-19.14.41:488][  0]LogPakFile: Registered encryption key '00000000000000000000000000000000': 0 pak files mounted, 0 remain pending
[2019.02.15-19.14.41:494][  0]LogPakFile: Registered encryption key '00000000000000000000000000000000': 0 pak files mounted, 0 remain pending
[2019.02.15-19.14.41:503][  0]LogPakFile: Registered encryption key '00000000000000000000000000000000': 0 pak files mounted, 0 remain pending
[2019.02.15-19.14.41:509][  0]LogPakFile: Registered encryption key '00000000000000000000000000000000': 0 pak files mounted, 0 remain pending
[2019.02.15-19.14.41:516][  0]LogPakFile: Registered encryption key '00000000000000000000000000000000': 0 pak files mounted, 0 remain pending
[2019.02.15-19.14.41:523][  0]LogPakFile: Registered encryption key '00000000000000000000000000000000': 0 pak files mounted, 0 remain pending
[2019.02.15-19.14.41:529][  0]LogPakFile: Registered encryption key '00000000000000000000000000000000': 0 pak files mounted, 0 remain pending
[2019.02.15-19.14.41:535][  0]LogPakFile: Registered encryption key '00000000000000000000000000000000': 0 pak files mounted, 0 remain pending
[2019.02.15-19.14.41:542][  0]LogPakFile: Registered encryption key '00000000000000000000000000000000': 0 pak files mounted, 0 remain pending
[2019.02.15-19.14.41:548][  0]LogPakFile: Registered encryption key '00000000000000000000000000000000': 0 pak files mounted, 0 remain pending
[2019.02.15-19.14.41:553][  0]LogPakFile: Registered encryption key '00000000000000000000000000000000': 0 pak files mounted, 0 remain pending
[2019.02.15-19.14.41:559][  0]LogPakFile: Registered encryption key '00000000000000000000000000000000': 0 pak files mounted, 0 remain pending
[2019.02.15-19.14.41:608][  0]LogPakFile: Registered encryption key '00000000000000000000000000000000': 0 pak files mounted, 0 remain pending
[2019.02.15-19.14.41:613][  0]LogPakFile: Registered encryption key '00000000000000000000000000000000': 0 pak files mounted, 0 remain pending
[2019.02.15-19.14.41:619][  0]LogPakFile: Registered encryption key '00000000000000000000000000000000': 0 pak files mounted, 0 remain pending
[2019.02.15-19.14.41:625][  0]LogPakFile: Registered encryption key '00000000000000000000000000000000': 0 pak files mounted, 0 remain pending
[2019.02.15-19.14.41:687][  0]LogPakFile: Registered encryption key '00000000000000000000000000000000': 0 pak files mounted, 0 remain pending
[2019.02.15-19.14.41:692][  0]LogPakFile: Registered encryption key '00000000000000000000000000000000': 0 pak files mounted, 0 remain pending
[2019.02.15-19.14.41:698][  0]LogPakFile: Registered encryption key '00000000000000000000000000000000': 0 pak files mounted, 0 remain pending
[2019.02.15-19.14.41:704][  0]LogPakFile: Registered encryption key '00000000000000000000000000000000': 0 pak files mounted, 0 remain pending
[2019.02.15-19.14.41:709][  0]LogPakFile: Registered encryption key '00000000000000000000000000000000': 0 pak files mounted, 0 remain pending
[2019.02.15-19.14.41:715][  0]LogPakFile: Registered encryption key '00000000000000000000000000000000': 0 pak files mounted, 0 remain pending
[2019.02.15-19.14.41:867][  0]LogContentBrowser: Native class hierarchy updated for 'AddContentDialog' in 0.0005 seconds. Added 0 classes and 0 folders.
[2019.02.15-19.14.41:875][  0]LogContentBrowser: Native class hierarchy updated for 'SceneOutliner' in 0.0005 seconds. Added 1 classes and 2 folders.
[2019.02.15-19.14.41:905][  0]LogSlate: Took 0.004719 seconds to synchronously load lazily loaded font '../../../Engine/Content/Slate/Fonts/Roboto-Regular.ttf' (155K)
[2019.02.15-19.14.41:912][  0]LogSlate: Took 0.004583 seconds to synchronously load lazily loaded font '../../../Engine/Content/Slate/Fonts/Roboto-Bold.ttf' (160K)
[2019.02.15-19.14.41:925][  0]LogSlate: Took 0.005264 seconds to synchronously load lazily loaded font '../../../Engine/Content/Editor/Slate/Fonts/FontAwesome.ttf' (139K)
[2019.02.15-19.14.42:097][  0]LogRenderer: Reallocating scene render targets to support 1616x808 Format 10 NumSamples 1 (Frame:1).
[2019.02.15-19.14.42:323][  0]LogContentBrowser: Native class hierarchy updated for 'HierarchicalLODOutliner' in 0.0004 seconds. Added 0 classes and 0 folders.
[2019.02.15-19.14.42:323][  0]LogLoad: (Engine Initialization) Total time: 21.67 seconds
[2019.02.15-19.14.42:323][  0]LogLoad: (Engine Initialization) Total Blueprint compile time: 0.00 seconds
[2019.02.15-19.14.42:382][  0]LogContentStreaming: Texture pool size now 1000 MB
[2019.02.15-19.14.42:386][  0]LogSlate: FSceneViewport::OnFocusLost() reason 2
[2019.02.15-19.14.42:569][  2]LogAssetRegistry: Asset discovery search completed in 12.0718 seconds
[2019.02.15-19.14.42:571][  2]LogCollectionManager: Rebuilt the object cache for 0 collections in 0.000001 seconds (found 0 objects)
[2019.02.15-19.14.42:572][  2]LogCollectionManager: Fixed up redirectors for 0 collections in 0.000230 seconds (updated 0 objects)
[2019.02.15-19.14.43:372][ 82]LogSlate: Took 0.008076 seconds to synchronously load lazily loaded font '../../../Engine/Content/Slate/Fonts/Roboto-Light.ttf' (167K)
[2019.02.15-19.14.57:725][684]LogSlate: FSceneViewport::OnFocusLost() reason 2
[2019.02.15-19.14.59:161][827]LogAssetEditorManager: Opening Asset editor for DlgDialogue /Game/TopDownCPP/Blueprints/DlgMrCube.DlgMrCube
[2019.02.15-19.14.59:162][827]LogDlgSystemEditor: Clicked a Dialogue = `/Game/TopDownCPP/Blueprints/DlgMrCube.DlgMrCube`
[2019.02.15-19.14.59:162][827]LogDlgSystem: Compiling Dialogue = `/Game/TopDownCPP/Blueprints/DlgMrCube.DlgMrCube` (Graph data -> Dialogue data)`
[2019.02.15-19.14.59:287][827]LogSlate: Took 0.004357 seconds to synchronously load lazily loaded font '../../../Engine/Content/Slate/Fonts/Roboto-BoldCondensed.ttf' (158K)
[2019.02.15-19.15.15:173][301]LogAssetEditorManager: Opening Asset editor for Blueprint /Game/PIer/ThirdPersonCharacter_Child.ThirdPersonCharacter_Child
[2019.02.15-19.15.15:909][301]LogContentBrowser: Native class hierarchy updated for 'BlueprintGraph' in 0.0009 seconds. Added 117 classes and 0 folders.
[2019.02.15-19.15.20:570][499]LogSlate: Took 0.004789 seconds to synchronously load lazily loaded font '../../../Engine/Content/Slate/Fonts/Roboto-Italic.ttf' (157K)
[2019.02.15-19.15.38:364][799]LogAssetEditorManager: Opening Asset editor for Blueprint /Game/TopDownCPP/Blueprints/MrCube.MrCube
[2019.02.15-19.15.51:550][780]LogRenderer: Reallocating scene render targets to support 1616x904 Format 10 NumSamples 1 (Frame:1).
[2019.02.15-19.16.05:164][781]LogBlueprint: Warning: [Compiler DlgWidget] Node  On Set Destination Released . The node won't be pruned as isolated one. The node is not pure, but it has no exec pin(s). Verify IsNodePure implementation in K2Node Call Function.
[2019.02.15-19.16.05:165][781]LogBlueprint: Error: [Compiler DlgWidget] In use pin  <Unnamed>  no longer exists on node  Select Dialogue Option . Please refresh node or break links to remove pin.
[2019.02.15-19.16.05:165][781]LogBlueprint: Error: [Compiler DlgWidget] In use pin  Target  no longer exists on node  Select Dialogue Option . Please refresh node or break links to remove pin.
[2019.02.15-19.16.05:165][781]LogBlueprint: Warning: [Compiler DlgWidget] Input pin  Index  specifying non-default value no longer exists on node  Select Dialogue Option . Please refresh node or reset pin to default value to remove pin.
[2019.02.15-19.16.05:166][781]LogBlueprint: Error: [Compiler DlgWidget] Could not find a function named "SelectDialogueOption" in 'DlgWidget'.
Make sure 'DlgWidget' has been compiled for  Select Dialogue Option
[2019.02.15-19.16.05:166][781]LogBlueprint: Error: [Compiler DlgWidget] Can't connect pins  Object  and  Return Value : This cast has an invalid target type (was the class deleted without a redirect?).
[2019.02.15-19.16.05:166][781]LogBlueprint: Error: [Compiler DlgWidget] In use pin  As Dlg Example Player Controller  no longer exists on node  Bad cast node . Please refresh node or break links to remove pin.
[2019.02.15-19.16.05:166][781]LogBlueprint: Error: [Compiler DlgWidget] Can't connect pins  Return Value  and  Object : This cast has an invalid target type (was the class deleted without a redirect?).
[2019.02.15-19.16.05:167][781]LogBlueprint: Warning: [Compiler DlgWidget] Could not find a variable named "ActiveContext" in 'DlgWidget'.
Make sure 'DlgWidget' has been compiled for  Get ActiveContext
[2019.02.15-19.16.05:167][781]LogBlueprint: Error: [Compiler DlgWidget] In use pin  <Unnamed>  no longer exists on node  Select Dialogue Option . Please refresh node or break links to remove pin.
[2019.02.15-19.16.05:167][781]LogBlueprint: Error: [Compiler DlgWidget] In use pin  Target  no longer exists on node  Select Dialogue Option . Please refresh node or break links to remove pin.
[2019.02.15-19.16.05:167][781]LogBlueprint: Warning: [Compiler DlgWidget] Input pin  Index  specifying non-default value no longer exists on node  Select Dialogue Option . Please refresh node or reset pin to default value to remove pin.
[2019.02.15-19.16.05:168][781]LogBlueprint: Error: [Compiler DlgWidget] Could not find a function named "SelectDialogueOption" in 'DlgWidget'.
Make sure 'DlgWidget' has been compiled for  Select Dialogue Option
[2019.02.15-19.16.05:168][781]LogBlueprint: Error: [Compiler DlgWidget] Can't connect pins  Object  and  Return Value : This cast has an invalid target type (was the class deleted without a redirect?).
[2019.02.15-19.16.05:168][781]LogBlueprint: Error: [Compiler DlgWidget] In use pin  As Dlg Example Player Controller  no longer exists on node  Bad cast node . Please refresh node or break links to remove pin.
[2019.02.15-19.16.05:168][781]LogBlueprint: Error: [Compiler DlgWidget] Can't connect pins  Return Value  and  Object : This cast has an invalid target type (was the class deleted without a redirect?).
[2019.02.15-19.16.05:168][781]LogBlueprint: Error: [Compiler DlgWidget] In use pin  <Unnamed>  no longer exists on node  Select Dialogue Option . Please refresh node or break links to remove pin.
[2019.02.15-19.16.05:169][781]LogBlueprint: Error: [Compiler DlgWidget] In use pin  Target  no longer exists on node  Select Dialogue Option . Please refresh node or break links to remove pin.
[2019.02.15-19.16.05:169][781]LogBlueprint: Error: [Compiler DlgWidget] Could not find a function named "SelectDialogueOption" in 'DlgWidget'.
Make sure 'DlgWidget' has been compiled for  Select Dialogue Option
[2019.02.15-19.16.05:169][781]LogBlueprint: Error: [Compiler DlgWidget] Can't connect pins  Object  and  Return Value : This cast has an invalid target type (was the class deleted without a redirect?).
[2019.02.15-19.16.05:169][781]LogBlueprint: Error: [Compiler DlgWidget] In use pin  As Dlg Example Player Controller  no longer exists on node  Bad cast node . Please refresh node or break links to remove pin.
[2019.02.15-19.16.05:169][781]LogBlueprint: Error: [Compiler DlgWidget] Can't connect pins  Return Value  and  Object : This cast has an invalid target type (was the class deleted without a redirect?).
[2019.02.15-19.16.05:171][781]LogBlueprint: Error: [Compiler DlgWidget] This blueprint (self) is not compatible with ' Target ', therefore that pin must have a connection.
[2019.02.15-19.16.05:172][781]LogBlueprint: Error: [Compiler DlgWidget] The property associated with  Active Context  could not be found in '/Game/TopDownCPP/Blueprints/DlgWidget.DlgWidget_C'
[2019.02.15-19.16.05:175][781]LogBlueprint: Warning: [Compiler DlgWidget] [0104.53] Compile of DlgWidget failed. 20 Fatal Issue(s) 4 Warning(s) [in 18 ms] (/Game/TopDownCPP/Blueprints/DlgWidget.DlgWidget)
[2019.02.15-19.16.05:203][781]LogAssetEditorManager: Opening Asset editor for WidgetBlueprint /Game/TopDownCPP/Blueprints/DlgWidget.DlgWidget
[2019.02.15-19.17.21:552][116]LogSlate: Window 'Plugins' being destroyed
[2019.02.15-19.17.21:561][116]LogDirectoryWatcher: A directory notification for '../../../Engine/Plugins/' was aborted.
[2019.02.15-19.17.21:561][116]LogDirectoryWatcher: A directory notification for '../../../../../../Users/Graphic/Documents/Hunter-Mage/source/HunterMage/Plugins/' was aborted.
[2019.02.15-19.18.53:039][480]LogSlate: Took 0.007041 seconds to synchronously load lazily loaded font '../../../Engine/Content/Slate/Fonts/DroidSansMono.ttf' (77K)
[2019.02.15-19.19.52:512][597]BlueprintLog: New page: Compile MrCube
[2019.02.15-19.20.44:331][481]LogSlate: FSceneViewport::OnFocusLost() reason 0
[2019.02.15-19.23.20:379][473]LogSlate: Window 'Message Log' being destroyed
[2019.02.15-19.23.20:388][473]LogSlate: Window 'Message Log' being destroyed
[2019.02.15-19.25.33:103][ 91]LogAIModule: Creating AISystem for world mike
[2019.02.15-19.25.33:122][ 91]LogMaterial: Warning: Material /Game/StarterContent/Materials/M_Wood_Oak.M_Wood_Oak needed to have new flag set bUsedWithInstancedStaticMeshes !
[2019.02.15-19.25.33:127][ 91]LogMaterial: Display: Missing cached shader map for material M_Wood_Oak, compiling. 
[2019.02.15-19.25.33:216][ 91]MapCheck: Warning: M_Wood_Oak Material /Game/StarterContent/Materials/M_Wood_Oak.M_Wood_Oak was missing the usage flag bUsedWithInstancedStaticMeshes. If the material asset is not re-saved, it may not render correctly when run outside the editor. Fix
[2019.02.15-19.25.33:221][ 91]LogShaderCompilers: Display: Shaders left to compile 61
[2019.02.15-19.25.33:221][ 91]LogShaderCompilers: Display: Shaders left to compile 51
[2019.02.15-19.25.33:221][ 91]LogShaderCompilers: Display: Shaders left to compile 41
[2019.02.15-19.25.33:222][ 91]LogShaderCompilers: Display: Shaders left to compile 31
[2019.02.15-19.25.33:222][ 91]LogShaderCompilers: Display: Shaders left to compile 21
[2019.02.15-19.25.33:222][ 91]LogShaderCompilers: Display: Shaders left to compile 11
[2019.02.15-19.25.33:222][ 91]LogShaderCompilers: Display: Shaders left to compile 1
[2019.02.15-19.25.33:227][ 91]LogMaterial: Warning: Material /Game/StarterContent/Materials/M_Wood_Pine.M_Wood_Pine needed to have new flag set bUsedWithInstancedStaticMeshes !
[2019.02.15-19.25.33:230][ 91]LogMaterial: Display: Missing cached shader map for material M_Wood_Pine, compiling. 
[2019.02.15-19.25.33:268][ 91]MapCheck: Warning: M_Wood_Pine Material /Game/StarterContent/Materials/M_Wood_Pine.M_Wood_Pine was missing the usage flag bUsedWithInstancedStaticMeshes. If the material asset is not re-saved, it may not render correctly when run outside the editor. Fix
[2019.02.15-19.25.33:269][ 91]LogMaterial: Warning: Material /Game/StarterContent/Materials/M_Rock_Sandstone.M_Rock_Sandstone needed to have new flag set bUsedWithInstancedStaticMeshes !
[2019.02.15-19.25.33:272][ 91]LogMaterial: Display: Missing cached shader map for material M_Rock_Sandstone, compiling. 
[2019.02.15-19.25.33:312][ 91]MapCheck: Warning: M_Rock_Sandstone Material /Game/StarterContent/Materials/M_Rock_Sandstone.M_Rock_Sandstone was missing the usage flag bUsedWithInstancedStaticMeshes. If the material asset is not re-saved, it may not render correctly when run outside the editor. Fix
[2019.02.15-19.25.33:316][ 91]LogMaterial: Display: Missing cached shader map for material M_Rock_Sandstone, compiling. 
[2019.02.15-19.25.33:379][ 91]LogShaderCompilers: Display: Shaders left to compile 122
[2019.02.15-19.25.33:379][ 91]LogShaderCompilers: Display: Shaders left to compile 112
[2019.02.15-19.25.33:379][ 91]LogShaderCompilers: Display: Shaders left to compile 102
[2019.02.15-19.25.33:379][ 91]LogShaderCompilers: Display: Shaders left to compile 92
[2019.02.15-19.25.33:379][ 91]LogShaderCompilers: Display: Shaders left to compile 82
[2019.02.15-19.25.33:380][ 91]LogShaderCompilers: Display: Shaders left to compile 72
[2019.02.15-19.25.33:380][ 91]LogShaderCompilers: Display: Shaders left to compile 62
[2019.02.15-19.25.33:380][ 91]LogShaderCompilers: Display: Shaders left to compile 52
[2019.02.15-19.25.33:380][ 91]LogShaderCompilers: Display: Shaders left to compile 42
[2019.02.15-19.25.33:380][ 91]LogShaderCompilers: Display: Shaders left to compile 32
[2019.02.15-19.25.33:380][ 91]LogShaderCompilers: Display: Shaders left to compile 22
[2019.02.15-19.25.33:380][ 91]LogShaderCompilers: Display: Shaders left to compile 12
[2019.02.15-19.25.33:380][ 91]LogShaderCompilers: Display: Shaders left to compile 2
[2019.02.15-19.25.33:385][ 91]LogAssetEditorManager: Opening Asset editor for World /Game/Maps/mike.mike
[2019.02.15-19.25.33:656][ 91]LogShaderCompilers: Display: Shaders left to compile 60
[2019.02.15-19.25.34:336][ 91]LogShaderCompilers: Display: Shaders left to compile 50
[2019.02.15-19.25.36:103][ 91]LogShaderCompilers: Display: Shaders left to compile 40
[2019.02.15-19.25.36:120][ 91]LogShaderCompilers: Display: Shaders left to compile 30
[2019.02.15-19.25.36:355][ 91]LogShaderCompilers: Display: Shaders left to compile 20
[2019.02.15-19.25.36:406][ 91]LogSlate: Window 'Save Content' being destroyed
[2019.02.15-19.25.36:460][ 91]Cmd: OBJ SAVEPACKAGE PACKAGE="/Game/TopDownCPP/Blueprints/MrCube" FILE="../../../../../../Users/Graphic/Documents/Hunter-Mage/source/HunterMage/Content/TopDownCPP/Blueprints/MrCube.uasset" SILENT=true
[2019.02.15-19.25.36:604][ 91]LogShaderCompilers: Display: Shaders left to compile 10
[2019.02.15-19.25.36:604][ 91]LogSavePackage: Moving '../../../../../../Users/Graphic/Documents/Hunter-Mage/source/HunterMage/Saved/MrCube653E1A8D46E0C928317A39BFA0F02C05.tmp' to '../../../../../../Users/Graphic/Documents/Hunter-Mage/source/HunterMage/Content/TopDownCPP/Blueprints/MrCube.uasset'
[2019.02.15-19.25.36:612][ 91]Cmd: MAP LOAD FILE="../../../../../../Users/Graphic/Documents/Hunter-Mage/source/HunterMage/Content/Maps/mike.umap" TEMPLATE=0 SHOWPROGRESS=1 FEATURELEVEL=3
[2019.02.15-19.25.36:613][ 91]LightingResults: New page: Lighting Build
[2019.02.15-19.25.36:614][ 91]LoadErrors: New page: Loading map: mike.umap
[2019.02.15-19.25.36:616][ 91]MapCheck: New page: Map Check
[2019.02.15-19.25.36:617][ 91]LightingResults: New page: Lighting Build
[2019.02.15-19.25.39:287][ 91]LogEditorServer: Finished looking for orphan Actors (0.000 secs)
[2019.02.15-19.25.39:383][ 91]Cmd: MAP CHECKDEP NOCLEARLOG
[2019.02.15-19.25.39:383][ 91]MapCheck: Map check complete: 0 Error(s), 0 Warning(s), took 0.149ms to complete.
[2019.02.15-19.25.39:383][ 91]LogFileHelpers: Loading map 'mike' took 2.774
[2019.02.15-19.25.44:109][308]LogSlate: FSceneViewport::OnFocusLost() reason 0
[2019.02.15-19.26.11:580][620]LogSlate: FSceneViewport::OnFocusLost() reason 0
[2019.02.15-19.26.11:669][625]LogTemp: Repeating last play command: Selected Viewport
[2019.02.15-19.26.11:731][625]LogBlueprintUserMessages: Early PlayInEditor Detection: Level '/Game/Maps/mike.mike:PersistentLevel' has LevelScriptBlueprint '/Game/Maps/mike.mike:PersistentLevel.mike' with GeneratedClass '/Game/Maps/mike.mike_C' with ClassGeneratedBy '/Game/Maps/mike.mike:PersistentLevel.mike'
[2019.02.15-19.26.11:731][625]LogDlgSystemEditor: Verbose: BeginPIE: Clearing Dialogue History
[2019.02.15-19.26.11:732][625]LogPlayLevel: PlayLevel: No blueprints needed recompiling
[2019.02.15-19.26.16:088][625]LogSlate: Window 'Message' being destroyed
[2019.02.15-19.26.45:051][520]BlueprintLog: New page: Compile DlgWidget
[2019.02.15-19.26.45:089][520]LogBlueprint: Error: [Compiler DlgWidget] In use pin  <Unnamed>  no longer exists on node  Select Dialogue Option . Please refresh node or break links to remove pin.
[2019.02.15-19.26.45:089][520]LogBlueprint: Error: [Compiler DlgWidget] In use pin  Target  no longer exists on node  Select Dialogue Option . Please refresh node or break links to remove pin.
[2019.02.15-19.26.45:090][520]LogBlueprint: Warning: [Compiler DlgWidget] Input pin  Index  specifying non-default value no longer exists on node  Select Dialogue Option . Please refresh node or reset pin to default value to remove pin.
[2019.02.15-19.26.45:090][520]LogBlueprint: Error: [Compiler DlgWidget] Could not find a function named "SelectDialogueOption" in 'DlgWidget'.
Make sure 'DlgWidget' has been compiled for  Select Dialogue Option
[2019.02.15-19.26.45:090][520]LogBlueprint: Error: [Compiler DlgWidget] Can't connect pins  Object  and  Return Value : This cast has an invalid target type (was the class deleted without a redirect?).
[2019.02.15-19.26.45:090][520]LogBlueprint: Error: [Compiler DlgWidget] In use pin  As Dlg Example Player Controller  no longer exists on node  Bad cast node . Please refresh node or break links to remove pin.
[2019.02.15-19.26.45:090][520]LogBlueprint: Error: [Compiler DlgWidget] Can't connect pins  Return Value  and  Object : This cast has an invalid target type (was the class deleted without a redirect?).
[2019.02.15-19.26.45:091][520]LogBlueprint: Warning: [Compiler DlgWidget] Could not find a variable named "ActiveContext" in 'DlgWidget'.
Make sure 'DlgWidget' has been compiled for  Get ActiveContext
[2019.02.15-19.26.45:091][520]LogBlueprint: Error: [Compiler DlgWidget] In use pin  <Unnamed>  no longer exists on node  Select Dialogue Option . Please refresh node or break links to remove pin.
[2019.02.15-19.26.45:091][520]LogBlueprint: Error: [Compiler DlgWidget] In use pin  Target  no longer exists on node  Select Dialogue Option . Please refresh node or break links to remove pin.
[2019.02.15-19.26.45:092][520]LogBlueprint: Warning: [Compiler DlgWidget] Input pin  Index  specifying non-default value no longer exists on node  Select Dialogue Option . Please refresh node or reset pin to default value to remove pin.
[2019.02.15-19.26.45:092][520]LogBlueprint: Error: [Compiler DlgWidget] Could not find a function named "SelectDialogueOption" in 'DlgWidget'.
Make sure 'DlgWidget' has been compiled for  Select Dialogue Option
[2019.02.15-19.26.45:092][520]LogBlueprint: Error: [Compiler DlgWidget] Can't connect pins  Object  and  Return Value : This cast has an invalid target type (was the class deleted without a redirect?).
[2019.02.15-19.26.45:092][520]LogBlueprint: Error: [Compiler DlgWidget] In use pin  As Dlg Example Player Controller  no longer exists on node  Bad cast node . Please refresh node or break links to remove pin.
[2019.02.15-19.26.45:092][520]LogBlueprint: Error: [Compiler DlgWidget] Can't connect pins  Return Value  and  Object : This cast has an invalid target type (was the class deleted without a redirect?).
[2019.02.15-19.26.45:092][520]LogBlueprint: Error: [Compiler DlgWidget] In use pin  <Unnamed>  no longer exists on node  Select Dialogue Option . Please refresh node or break links to remove pin.
[2019.02.15-19.26.45:093][520]LogBlueprint: Error: [Compiler DlgWidget] In use pin  Target  no longer exists on node  Select Dialogue Option . Please refresh node or break links to remove pin.
[2019.02.15-19.26.45:093][520]LogBlueprint: Error: [Compiler DlgWidget] Could not find a function named "SelectDialogueOption" in 'DlgWidget'.
Make sure 'DlgWidget' has been compiled for  Select Dialogue Option
[2019.02.15-19.26.45:093][520]LogBlueprint: Error: [Compiler DlgWidget] Can't connect pins  Object  and  Return Value : This cast has an invalid target type (was the class deleted without a redirect?).
[2019.02.15-19.26.45:093][520]LogBlueprint: Error: [Compiler DlgWidget] In use pin  As Dlg Example Player Controller  no longer exists on node  Bad cast node . Please refresh node or break links to remove pin.
[2019.02.15-19.26.45:093][520]LogBlueprint: Error: [Compiler DlgWidget] Can't connect pins  Return Value  and  Object : This cast has an invalid target type (was the class deleted without a redirect?).
[2019.02.15-19.26.45:095][520]LogBlueprint: Error: [Compiler DlgWidget] This blueprint (self) is not compatible with ' Target ', therefore that pin must have a connection.
[2019.02.15-19.26.45:096][520]LogBlueprint: Error: [Compiler DlgWidget] The property associated with  Active Context  could not be found in '/Game/TopDownCPP/Blueprints/DlgWidget.DlgWidget_C'
[2019.02.15-19.26.45:158][520]LogBlueprint: Warning: [Compiler DlgWidget] [0744.51] Compile of DlgWidget failed. 20 Fatal Issue(s) 3 Warning(s) [in 107 ms] (/Game/TopDownCPP/Blueprints/DlgWidget.DlgWidget)
[2019.02.15-19.35.33:917][474]LogSavePackage: Moving '../../../../../../Users/Graphic/Documents/Hunter-Mage/source/HunterMage/Saved/mike_Auto19FBB400E4E5D38453BAD189575496CFF.tmp' to '../../../../../../Users/Graphic/Documents/Hunter-Mage/source/HunterMage/Saved/Autosaves/Game/Maps/mike_Auto1.umap'
[2019.02.15-19.35.33:936][474]LogFileHelpers: Editor autosave (incl. sublevels) for '/Game/Maps/mike' took 1.376
[2019.02.15-19.35.33:936][474]LogFileHelpers: Editor autosave (incl. sublevels) for all levels took 1.376
[2019.02.15-19.35.33:942][474]OBJ SavePackage: Generating thumbnails for [0] asset(s) in package [/Game/TopDownCPP/Blueprints/DlgWidget] ([1] browsable assets)...
[2019.02.15-19.35.33:943][474]OBJ SavePackage: Finished generating thumbnails for package [/Game/TopDownCPP/Blueprints/DlgWidget]
[2019.02.15-19.35.34:046][474]LogSavePackage: Moving '../../../../../../Users/Graphic/Documents/Hunter-Mage/source/HunterMage/Saved/DlgWidget_Auto14F9DB8954B42D3237893A69BB356403F.tmp' to '../../../../../../Users/Graphic/Documents/Hunter-Mage/source/HunterMage/Saved/Autosaves/Game/TopDownCPP/Blueprints/DlgWidget_Auto1.uasset'
[2019.02.15-19.35.34:048][474]LogFileHelpers: Auto-saving content packages took 0.106
[2019.02.15-19.42.13:522][ 22]LogLinker: Warning: Can't find file '/Script/DlgExample'
[2019.02.15-19.42.13:522][ 22]LogLinker: Warning: Can't find file for asset '/Script/DlgExample' while loading ../../../../../../Users/Graphic/Documents/Hunter-Mage/source/HunterMage/Content/TopDownCPP/Blueprints/TopDownCharacter.uasset.
[2019.02.15-19.42.13:523][ 22]LoadErrors: Error: /Game/TopDownCPP/Blueprints/TopDownCharacter : Can't find file for asset. /Script/DlgExample
[2019.02.15-19.42.13:523][ 22]LogLinker: Warning: Can't find file '/Script/DlgExample'
[2019.02.15-19.42.13:523][ 22]LogLinker: Warning: Can't find file for asset '/Script/DlgExample' while loading ../../../../../../Users/Graphic/Documents/Hunter-Mage/source/HunterMage/Content/TopDownCPP/Blueprints/TopDownCharacter.uasset.
[2019.02.15-19.42.13:523][ 22]LogLinker: Warning: Can't find file '/Script/DlgExample'
[2019.02.15-19.42.13:523][ 22]LogLinker: Warning: Can't find file for asset '/Script/DlgExample' while loading ../../../../../../Users/Graphic/Documents/Hunter-Mage/source/HunterMage/Content/TopDownCPP/Blueprints/TopDownCharacter.uasset.
[2019.02.15-19.42.13:523][ 22]LogLinker: Warning: Can't find file '/Script/DlgExample'
[2019.02.15-19.42.13:524][ 22]LogLinker: Warning: Can't find file for asset '/Script/DlgExample' while loading ../../../../../../Users/Graphic/Documents/Hunter-Mage/source/HunterMage/Content/TopDownCPP/Blueprints/TopDownCharacter.uasset.
[2019.02.15-19.42.13:524][ 22]LogLinker: Warning: Can't find file '/Script/DlgExample'
[2019.02.15-19.42.13:524][ 22]LogLinker: Warning: Can't find file for asset '/Script/DlgExample' while loading ../../../../../../Users/Graphic/Documents/Hunter-Mage/source/HunterMage/Content/TopDownCPP/Blueprints/TopDownCharacter.uasset.
[2019.02.15-19.42.13:525][ 22]LogLinker: Warning: Can't find file '/Script/DlgExample'
[2019.02.15-19.42.13:526][ 22]LogLinker: Warning: Can't find file for asset '/Script/DlgExample' while loading ../../../../../../Users/Graphic/Documents/Hunter-Mage/source/HunterMage/Content/TopDownCPP/Blueprints/TopDownCharacter.uasset.
[2019.02.15-19.42.13:526][ 22]LogLinker: Warning: Can't find file '/Script/DlgExample'
[2019.02.15-19.42.13:526][ 22]LogLinker: Warning: Can't find file for asset '/Script/DlgExample' while loading ../../../../../../Users/Graphic/Documents/Hunter-Mage/source/HunterMage/Content/TopDownCPP/Blueprints/TopDownCharacter.uasset.
[2019.02.15-19.42.13:533][ 22]LogLinker: Warning: Can't find file '/Script/DlgExample'
[2019.02.15-19.42.13:533][ 22]LogLinker: Warning: Can't find file for asset '/Script/DlgExample' while loading ../../../../../../Users/Graphic/Documents/Hunter-Mage/source/HunterMage/Content/TopDownCPP/Blueprints/TopDownCharacter.uasset.
[2019.02.15-19.42.13:534][ 22]LogLinker: Warning: Can't find file '/Script/DlgExample'
[2019.02.15-19.42.13:534][ 22]LogLinker: Warning: Can't find file for asset '/Script/DlgExample' while loading ../../../../../../Users/Graphic/Documents/Hunter-Mage/source/HunterMage/Content/TopDownCPP/Blueprints/TopDownCharacter.uasset.
[2019.02.15-19.42.13:534][ 22]LogLinker: Warning: Can't find file '/Script/DlgExample'
[2019.02.15-19.42.13:534][ 22]LogLinker: Warning: Can't find file for asset '/Script/DlgExample' while loading ../../../../../../Users/Graphic/Documents/Hunter-Mage/source/HunterMage/Content/TopDownCPP/Blueprints/TopDownCharacter.uasset.
[2019.02.15-19.42.13:535][ 22]LogLinker: Warning: Can't find file '/Script/DlgExample'
[2019.02.15-19.42.13:535][ 22]LogLinker: Warning: Can't find file for asset '/Script/DlgExample' while loading NULL.
[2019.02.15-19.42.13:536][ 22]LogLinker: Warning: CreateExport: Failed to load Parent for BlueprintGeneratedClass /Game/TopDownCPP/Blueprints/TopDownCharacter.TopDownCharacter_C
[2019.02.15-19.42.13:536][ 22]LogLinker: Warning: Can't find file '/Script/DlgExample'
[2019.02.15-19.42.13:536][ 22]LogLinker: Warning: Can't find file for asset '/Script/DlgExample' while loading NULL.
[2019.02.15-19.42.13:536][ 22]LogLinker: Warning: CreateExport: Failed to load Parent for BlueprintGeneratedClass /Game/TopDownCPP/Blueprints/TopDownCharacter.TopDownCharacter_C
[2019.02.15-19.42.13:536][ 22]LogLinker: Warning: Can't find file '/Script/DlgExample'
[2019.02.15-19.42.13:537][ 22]LogLinker: Warning: Can't find file for asset '/Script/DlgExample' while loading NULL.
[2019.02.15-19.42.13:537][ 22]LogLinker: Warning: CreateExport: Failed to load Parent for BlueprintGeneratedClass /Game/TopDownCPP/Blueprints/TopDownCharacter.TopDownCharacter_C
[2019.02.15-19.42.13:537][ 22]LogLinker: Warning: Unable to load Default__TopDownCharacter_C with outer Package /Game/TopDownCPP/Blueprints/TopDownCharacter because its class does not exist
[2019.02.15-19.42.13:538][ 22]LogLinker: Warning: Can't find file '/Script/DlgExample'
[2019.02.15-19.42.13:538][ 22]LogLinker: Warning: Can't find file for asset '/Script/DlgExample' while loading NULL.
[2019.02.15-19.42.13:538][ 22]LogLinker: Warning: CreateExport: Failed to load Parent for BlueprintGeneratedClass /Game/TopDownCPP/Blueprints/TopDownCharacter.TopDownCharacter_C
[2019.02.15-19.42.13:538][ 22]LogLinker: Warning: Can't find file '/Script/DlgExample'
[2019.02.15-19.42.13:539][ 22]LogLinker: Warning: Can't find file for asset '/Script/DlgExample' while loading NULL.
[2019.02.15-19.42.13:539][ 22]LogLinker: Warning: CreateExport: Failed to load Parent for BlueprintGeneratedClass /Game/TopDownCPP/Blueprints/TopDownCharacter.TopDownCharacter_C
[2019.02.15-19.42.13:539][ 22]LogLinker: Warning: Can't find file '/Script/DlgExample'
[2019.02.15-19.42.13:539][ 22]LogLinker: Warning: Can't find file for asset '/Script/DlgExample' while loading NULL.
[2019.02.15-19.42.13:539][ 22]LogLinker: Warning: CreateExport: Failed to load Parent for BlueprintGeneratedClass /Game/TopDownCPP/Blueprints/TopDownCharacter.TopDownCharacter_C
[2019.02.15-19.42.13:540][ 22]LogLinker: Warning: Can't find file '/Script/DlgExample'
[2019.02.15-19.42.13:540][ 22]LogLinker: Warning: Can't find file for asset '/Script/DlgExample' while loading NULL.
[2019.02.15-19.42.13:540][ 22]LogLinker: Warning: CreateExport: Failed to load Parent for BlueprintGeneratedClass /Game/TopDownCPP/Blueprints/TopDownCharacter.TopDownCharacter_C
[2019.02.15-19.42.13:540][ 22]LogLinker: Warning: Can't find file '/Script/DlgExample'
[2019.02.15-19.42.13:540][ 22]LogLinker: Warning: Can't find file for asset '/Script/DlgExample' while loading NULL.
[2019.02.15-19.42.13:541][ 22]LogLinker: Warning: CreateExport: Failed to load Parent for BlueprintGeneratedClass /Game/TopDownCPP/Blueprints/TopDownCharacter.TopDownCharacter_C
[2019.02.15-19.42.13:541][ 22]LogLinker: Warning: Can't find file '/Script/DlgExample'
[2019.02.15-19.42.13:541][ 22]LoadErrors: Failed to load /Script/DlgExample.DlgExampleCharacter Referenced by TopDownCharacter
[2019.02.15-19.42.13:542][ 22]LogLinker: Warning: Can't find file for asset '/Script/DlgExample' while loading NULL.
[2019.02.15-19.42.13:542][ 22]LogLinker: Warning: Can't find file '/Script/DlgExample'
[2019.02.15-19.42.13:542][ 22]LogLinker: Warning: Can't find file for asset '/Script/DlgExample' while loading NULL.
[2019.02.15-19.42.13:542][ 22]LogLinker: Warning: CreateExport: Failed to load Parent for BlueprintGeneratedClass /Game/TopDownCPP/Blueprints/TopDownCharacter.TopDownCharacter_C
[2019.02.15-19.42.13:543][ 22]LogLinker: Warning: Can't find file '/Script/DlgExample'
[2019.02.15-19.42.13:543][ 22]LoadErrors: Failed to load /Script/DlgExample.DlgExampleCharacter Referenced by PackageMetaData
[2019.02.15-19.42.13:543][ 22]LogLinker: Warning: Can't find file for asset '/Script/DlgExample' while loading NULL.
[2019.02.15-19.42.13:543][ 22]LogLinker: Warning: CreateExport: Failed to load Parent for BlueprintGeneratedClass /Game/TopDownCPP/Blueprints/TopDownCharacter.TopDownCharacter_C
[2019.02.15-19.42.13:559][ 22]LogAssetEditorManager: Opening Asset editor for Blueprint /Game/TopDownCPP/Blueprints/TopDownCharacter.TopDownCharacter
[2019.02.15-19.42.20:589][ 22]LogSlate: Window 'Message' being destroyed
[2019.02.15-19.42.20:645][ 22]LoadErrors: Warning: CreateExport: Failed to load Outer for resource 'UberGraphFrame': BlueprintGeneratedClass /Game/TopDownCPP/Blueprints/TopDownCharacter.TopDownCharacter_C
[2019.02.15-19.42.20:645][ 22]LoadErrors: Warning: CreateExport: Failed to load Outer for resource 'Arrow': TopDownCharacter_C /Game/TopDownCPP/Blueprints/TopDownCharacter.Default__TopDownCharacter_C
[2019.02.15-19.42.20:645][ 22]LoadErrors: Warning: CreateExport: Failed to load Outer for resource 'TopDownCamera': TopDownCharacter_C /Game/TopDownCPP/Blueprints/TopDownCharacter.Default__TopDownCharacter_C
[2019.02.15-19.42.20:645][ 22]LoadErrors: Warning: CreateExport: Failed to load Outer for resource 'CollisionCylinder': TopDownCharacter_C /Game/TopDownCPP/Blueprints/TopDownCharacter.Default__TopDownCharacter_C
[2019.02.15-19.42.20:646][ 22]LoadErrors: Warning: CreateExport: Failed to load Outer for resource 'CharMoveComp': TopDownCharacter_C /Game/TopDownCPP/Blueprints/TopDownCharacter.Default__TopDownCharacter_C
[2019.02.15-19.42.20:646][ 22]LoadErrors: Warning: CreateExport: Failed to load Outer for resource 'CursorToWorld': TopDownCharacter_C /Game/TopDownCPP/Blueprints/TopDownCharacter.Default__TopDownCharacter_C
[2019.02.15-19.42.20:646][ 22]LoadErrors: Warning: CreateExport: Failed to load Outer for resource 'ExecuteUbergraph_TopDownCharacter': BlueprintGeneratedClass /Game/TopDownCPP/Blueprints/TopDownCharacter.TopDownCharacter_C
[2019.02.15-19.42.20:646][ 22]LoadErrors: Warning: CreateExport: Failed to load Outer for resource 'CallFunc_Create_ReturnValue': Function /Game/TopDownCPP/Blueprints/TopDownCharacter.TopDownCharacter_C:ExecuteUbergraph_TopDownCharacter
[2019.02.15-19.42.20:646][ 22]LoadErrors: Warning: CreateExport: Failed to load Outer for resource 'CallFunc_GetPlayerController_ReturnValue': Function /Game/TopDownCPP/Blueprints/TopDownCharacter.TopDownCharacter_C:ExecuteUbergraph_TopDownCharacter
[2019.02.15-19.42.20:646][ 22]LoadErrors: Warning: CreateExport: Failed to load Outer for resource 'EntryPoint': Function /Game/TopDownCPP/Blueprints/TopDownCharacter.TopDownCharacter_C:ExecuteUbergraph_TopDownCharacter
[2019.02.15-19.42.20:647][ 22]LoadErrors: Warning: CreateExport: Failed to load Outer for resource 'ReceiveBeginPlay': BlueprintGeneratedClass /Game/TopDownCPP/Blueprints/TopDownCharacter.TopDownCharacter_C
[2019.02.15-19.42.20:647][ 22]LoadErrors: Warning: CreateExport: Failed to load Outer for resource 'UserConstructionScript': BlueprintGeneratedClass /Game/TopDownCPP/Blueprints/TopDownCharacter.TopDownCharacter_C
[2019.02.15-19.42.20:647][ 22]LoadErrors: Warning: CreateExport: Failed to load Outer for resource 'SceneComponent_0': BlueprintGeneratedClass /Game/TopDownCPP/Blueprints/TopDownCharacter.TopDownCharacter_C
[2019.02.15-19.42.20:647][ 22]LoadErrors: Warning: CreateExport: Failed to load Outer for resource 'SimpleConstructionScript_0': BlueprintGeneratedClass /Game/TopDownCPP/Blueprints/TopDownCharacter.TopDownCharacter_C
[2019.02.15-19.42.20:647][ 22]LoadErrors: Warning: CreateExport: Failed to load Outer for resource 'SCS_Node_0': SimpleConstructionScript /Game/TopDownCPP/Blueprints/TopDownCharacter.TopDownCharacter_C:SimpleConstructionScript_0
[2019.02.15-19.42.20:647][ 22]LoadErrors: Warning: CreateExport: Failed to load Outer for resource 'CharacterMesh0': TopDownCharacter_C /Game/TopDownCPP/Blueprints/TopDownCharacter.Default__TopDownCharacter_C
[2019.02.15-19.42.20:647][ 22]LoadErrors: Warning: CreateExport: Failed to load Outer for resource 'CameraBoom': TopDownCharacter_C /Game/TopDownCPP/Blueprints/TopDownCharacter.Default__TopDownCharacter_C
[2019.02.15-19.42.33:331][676]LogAssetEditorManager: Opening Asset editor for Blueprint /Game/TopDownBP/Blueprints/TopDownController.TopDownController
[2019.02.15-19.54.57:172][422]LogEditorTransaction: Undo Delete current selection
[2019.02.15-19.56.56:520][803]LogFileHelpers: Editor autosave (incl. sublevels) for '/Game/Maps/mike' took 0.050
[2019.02.15-19.56.56:522][803]OBJ SavePackage: Generating thumbnails for [0] asset(s) in package [/Game/TopDownCPP/Blueprints/DlgWidget] ([1] browsable assets)...
[2019.02.15-19.56.56:522][803]OBJ SavePackage: Finished generating thumbnails for package [/Game/TopDownCPP/Blueprints/DlgWidget]
[2019.02.15-19.56.56:593][803]LogSavePackage: Moving '../../../../../../Users/Graphic/Documents/Hunter-Mage/source/HunterMage/Saved/DlgWidget_Auto2DA6060074D65FBDFA5B785976C6E7C07.tmp' to '../../../../../../Users/Graphic/Documents/Hunter-Mage/source/HunterMage/Saved/Autosaves/Game/TopDownCPP/Blueprints/DlgWidget_Auto2.uasset'
[2019.02.15-19.56.56:594][803]LogFileHelpers: Auto-saving content packages took 0.073
[2019.02.15-20.06.56:887][414]LogFileHelpers: Editor autosave (incl. sublevels) for '/Game/Maps/mike' took 0.046
[2019.02.15-20.06.56:889][414]OBJ SavePackage: Generating thumbnails for [0] asset(s) in package [/Game/TopDownCPP/Blueprints/DlgWidget] ([1] browsable assets)...
[2019.02.15-20.06.56:889][414]OBJ SavePackage: Finished generating thumbnails for package [/Game/TopDownCPP/Blueprints/DlgWidget]
[2019.02.15-20.06.56:960][414]LogSavePackage: Moving '../../../../../../Users/Graphic/Documents/Hunter-Mage/source/HunterMage/Saved/DlgWidget_Auto3B02FA56543F3F94725E86A911E7341FB.tmp' to '../../../../../../Users/Graphic/Documents/Hunter-Mage/source/HunterMage/Saved/Autosaves/Game/TopDownCPP/Blueprints/DlgWidget_Auto3.uasset'
[2019.02.15-20.06.56:962][414]LogFileHelpers: Auto-saving content packages took 0.074
[2019.02.15-20.15.00:969][793]LogSlate: Window 'Pick Parent Class' being destroyed
[2019.02.15-20.15.26:158][937]LogSlate: Window 'Delete Assets' being destroyed
[2019.02.15-20.15.45:967][849]LogAssetEditorManager: Opening Asset editor for Blueprint /Game/ThirdPersonBP/Blueprints/ThirdPersonCharacter.ThirdPersonCharacter
[2019.02.15-20.16.03:137][176]LogBlueprint: Warning: Blueprint ThirdPersonCharacter_Child (child of/implements ThirdPersonCharacter) has a member variable with a conflicting name (NewVar_0). Changing to NewVar_0_0.
[2019.02.15-20.16.25:794][273]LogSlate: Took 0.004882 seconds to synchronously load lazily loaded font '../../../Engine/Content/Slate/Fonts/Roboto-BoldCondensedItalic.ttf' (160K)
[2019.02.15-20.17.08:727][911]BlueprintLog: New page: Compile ThirdPersonCharacter
[2019.02.15-20.17.09:814][933]LogSavePackage: Moving '../../../../../../Users/Graphic/Documents/Hunter-Mage/source/HunterMage/Saved/ThirdPersonCharacter7269F7D44BC04438D84C29AB101C127C.tmp' to '../../../../../../Users/Graphic/Documents/Hunter-Mage/source/HunterMage/Content/ThirdPersonBP/Blueprints/ThirdPersonCharacter.uasset'
[2019.02.15-20.17.55:759][522]LogSavePackage: Moving '../../../../../../Users/Graphic/Documents/Hunter-Mage/source/HunterMage/Saved/mike_Auto47D57F3E1427D5996F762AFB49ED2FE72.tmp' to '../../../../../../Users/Graphic/Documents/Hunter-Mage/source/HunterMage/Saved/Autosaves/Game/Maps/mike_Auto4.umap'
[2019.02.15-20.17.55:777][522]LogFileHelpers: Editor autosave (incl. sublevels) for '/Game/Maps/mike' took 0.991
[2019.02.15-20.17.55:777][522]LogFileHelpers: Editor autosave (incl. sublevels) for all levels took 0.991
[2019.02.15-20.17.55:785][522]OBJ SavePackage: Generating thumbnails for [1] asset(s) in package [/Game/PIer/ThirdPersonCharacter_Child] ([1] browsable assets)...
[2019.02.15-20.17.55:833][522]OBJ SavePackage:     Rendered thumbnail for [Blueprint /Game/PIer/ThirdPersonCharacter_Child.ThirdPersonCharacter_Child]
[2019.02.15-20.17.55:833][522]OBJ SavePackage: Finished generating thumbnails for package [/Game/PIer/ThirdPersonCharacter_Child]
[2019.02.15-20.17.56:073][522]LogSavePackage: Moving '../../../../../../Users/Graphic/Documents/Hunter-Mage/source/HunterMage/Saved/ThirdPersonCharacter_Child_Auto45EA8C346432D4D44D0B549B852EE767A.tmp' to '../../../../../../Users/Graphic/Documents/Hunter-Mage/source/HunterMage/Saved/Autosaves/Game/PIer/ThirdPersonCharacter_Child_Auto4.uasset'
[2019.02.15-20.17.56:075][522]OBJ SavePackage: Generating thumbnails for [1] asset(s) in package [/Game/ThirdPersonBP/Blueprints/ThirdPersonCharacter] ([1] browsable assets)...
[2019.02.15-20.17.56:116][522]OBJ SavePackage:     Rendered thumbnail for [Blueprint /Game/ThirdPersonBP/Blueprints/ThirdPersonCharacter.ThirdPersonCharacter]
[2019.02.15-20.17.56:117][522]OBJ SavePackage: Finished generating thumbnails for package [/Game/ThirdPersonBP/Blueprints/ThirdPersonCharacter]
[2019.02.15-20.17.56:198][522]LogSavePackage: Moving '../../../../../../Users/Graphic/Documents/Hunter-Mage/source/HunterMage/Saved/ThirdPersonCharacter_Auto41B24B93249768FCDAA3C6385E6F8E27C.tmp' to '../../../../../../Users/Graphic/Documents/Hunter-Mage/source/HunterMage/Saved/Autosaves/Game/ThirdPersonBP/Blueprints/ThirdPersonCharacter_Auto4.uasset'
[2019.02.15-20.17.56:200][522]LogFileHelpers: Auto-saving content packages took 0.416
[2019.02.15-20.23.20:467][383]BlueprintLog: New page: Compile ThirdPersonCharacter
[2019.02.15-20.30.13:032][335]BlueprintLog: New page: Compile ThirdPersonCharacter
[2019.02.15-20.30.14:318][370]LogSavePackage: Moving '../../../../../../Users/Graphic/Documents/Hunter-Mage/source/HunterMage/Saved/ThirdPersonCharacterF2754BB04B3B517432E42CBABF914B18.tmp' to '../../../../../../Users/Graphic/Documents/Hunter-Mage/source/HunterMage/Content/ThirdPersonBP/Blueprints/ThirdPersonCharacter.uasset'
[2019.02.15-20.30.48:488][ 97]LogSavePackage: Moving '../../../../../../Users/Graphic/Documents/Hunter-Mage/source/HunterMage/Saved/mike_Auto5D4494C674887A88A2ABE27995BDCFC66.tmp' to '../../../../../../Users/Graphic/Documents/Hunter-Mage/source/HunterMage/Saved/Autosaves/Game/Maps/mike_Auto5.umap'
[2019.02.15-20.30.48:494][ 97]LogFileHelpers: Editor autosave (incl. sublevels) for '/Game/Maps/mike' took 1.553
[2019.02.15-20.30.48:494][ 97]LogFileHelpers: Editor autosave (incl. sublevels) for all levels took 1.553
[2019.02.15-20.30.48:498][ 97]OBJ SavePackage: Generating thumbnails for [1] asset(s) in package [/Game/PIer/ThirdPersonCharacter_Child] ([1] browsable assets)...
[2019.02.15-20.30.48:540][ 97]OBJ SavePackage:     Rendered thumbnail for [Blueprint /Game/PIer/ThirdPersonCharacter_Child.ThirdPersonCharacter_Child]
[2019.02.15-20.30.48:541][ 97]OBJ SavePackage: Finished generating thumbnails for package [/Game/PIer/ThirdPersonCharacter_Child]
[2019.02.15-20.30.48:744][ 97]LogSavePackage: Moving '../../../../../../Users/Graphic/Documents/Hunter-Mage/source/HunterMage/Saved/ThirdPersonCharacter_Child_Auto5CEFC818145C1D616A5B2929C22CF39E9.tmp' to '../../../../../../Users/Graphic/Documents/Hunter-Mage/source/HunterMage/Saved/Autosaves/Game/PIer/ThirdPersonCharacter_Child_Auto5.uasset'
[2019.02.15-20.30.48:746][ 97]LogFileHelpers: Auto-saving content packages took 0.248
